2024-01-25 13:15:15,045:INFO:Inc_Learning:339: ('\nVersion Information: \n\tPyTorch: %s\n\tTorchVision: %s', '2.0.1+cu117', '0.15.2+cu117')
2024-01-25 13:15:15,063:INFO:Inc_Learning:372: class_permutation is loaded from the permutation file "data/index_list/mini_imagenet/num_base_classes=60,num_tasks=9,num_shots=5,seed=1/class_permutation.txt".
2024-01-25 13:15:16,011:WARNING:Inc_Learning:239: tqdm_enabled is set to False as the program is not running in the debug mode!
2024-01-25 13:15:16,121:INFO:Inc_Learning:569: The network was trained for 101 epochs, 0 iterations in phase supervised_learning
2024-01-25 13:15:16,144:INFO:Inc_Learning:646: We have loaded the head parameters from the saved file.
2024-01-25 13:15:16,144:INFO:Inc_Learning:654: We start from epoch 0, iteration 0
2024-01-25 13:15:16,144:INFO:Inc_Learning:666: File "/scratch/gx83/np9254/ROBUSTA-Saves/Mini-ImageNet/Phase_2,60_classes/P1P2,start_time=Date_2024-01-21,Time_10-03-18,seed=1-Best_Model.pt" is loaded
2024-01-25 13:15:16,192:INFO:Inc_Learning:288: --------------------------------------------------------------------- The given arguments ---------------------------------------------------------------------
2024-01-25 13:15:16,192:INFO:Inc_Learning:312: experiment_description = "Phase 3,Inc. learning"
2024-01-25 13:15:16,192:INFO:Inc_Learning:312: phase = "incremental_learning"
2024-01-25 13:15:16,192:INFO:Inc_Learning:306: Device = "cuda:0"
2024-01-25 13:15:16,192:INFO:Inc_Learning:310: seed = 1
2024-01-25 13:15:16,192:INFO:Inc_Learning:310: is_incremental = True
2024-01-25 13:15:16,192:INFO:Inc_Learning:310: debugging = False
2024-01-25 13:15:16,192:INFO:Inc_Learning:310: tqdm_enabled = False
2024-01-25 13:15:16,192:INFO:Inc_Learning:310: resume = False
2024-01-25 13:15:16,192:INFO:Inc_Learning:312: time_str = "Date_2024-01-25,Time_13-15-15"
2024-01-25 13:15:16,192:INFO:Inc_Learning:310: image_size = 224
2024-01-25 13:15:16,192:INFO:Inc_Learning:310: in_channels = 3
2024-01-25 13:15:16,192:INFO:Inc_Learning:310: batch_size_base = 200
2024-01-25 13:15:16,192:INFO:Inc_Learning:310: batch_size_test = 200
2024-01-25 13:15:16,192:INFO:Inc_Learning:310: batch_size_new = 0
2024-01-25 13:15:16,192:INFO:Inc_Learning:310: batch_size_fine_tuning = 0
2024-01-25 13:15:16,192:INFO:Inc_Learning:312: settings_file = "Experiments/ablation studies/without_prefixes/phase=3,seed=1.toml"
2024-01-25 13:15:16,192:INFO:Inc_Learning:312: directory_permutation_files = "data/index_list/mini_imagenet/num_base_classes=60,num_tasks=9,num_shots=5,seed=1"
2024-01-25 13:15:16,192:INFO:Inc_Learning:302: The network was previously trained for 0 epochs.
2024-01-25 13:15:16,192:INFO:Inc_Learning:304: The network was previously trained for 0 iterations.
2024-01-25 13:15:16,192:INFO:Inc_Learning:310: dino = False
2024-01-25 13:15:16,192:INFO:Inc_Learning:310: debugging_env = False
2024-01-25 13:15:16,192:INFO:Inc_Learning:312: model_type = "CCT-14/7x2"
2024-01-25 13:15:16,192:INFO:Inc_Learning:310: prediction_net_list = []
2024-01-25 13:15:16,192:INFO:Inc_Learning:317: 
configs_arch:  {
  model_type = "CCT-14/7x2"
  use_BatchNorm = True
  use_BatchNorm_for_patch_embeddings = True
  temperature_stochastic_classifier = 16.0
  temperature_cosine_classifier = 10.0
  PositionalEmbeddingType = "Learnable"
  dropout_rate_classifier_head = 0.0
  number_of_the_first_layers_to_be_frozen = 0
  classifer_head_type = "Stochastic"
}
2024-01-25 13:15:16,193:INFO:Inc_Learning:317: 
configs_dataset:  {
  dataroot = "/scratch/gx83/np9254/Datasets/FSCIL/CEC/"
  dataset_name = "mini_imagenet"
  num_workers = 10
  total_classes = 100
  num_base_classes = 60
  num_tasks = 9
  num_shots = 5
  drop_last_base = True
  num_ways = 5
}
2024-01-25 13:15:16,193:INFO:Inc_Learning:317: 
configs_logger:  {
  display_interval = 0.5
  display_freq = 50
  moving_average_capacity = 50
  log_file = "/scratch/gx83/np9254/ROBUSTA-Saves/Mini-ImageNet/Ablation_studies/without_prefixes/Time=Date_2024-01-25,Time_13-15-15,Desc=Phase 3,Inc. learning,seed=1.log"
}
2024-01-25 13:15:16,193:INFO:Inc_Learning:317: 
configs_save:  {
  save_freq_epoch = 10
  save_freq_iter = 2000
  time_interval_to_save = 60
  root = "/scratch/gx83/np9254/ROBUSTA-Saves/Mini-ImageNet/Ablation_studies/without_prefixes"
  input_file = "/scratch/gx83/np9254/ROBUSTA-Saves/Mini-ImageNet/Phase_2,60_classes/P1P2,start_time=Date_2024-01-21,Time_10-03-18,seed=1-Best_Model.pt"
  output_file = "P1P2P3,start_time=Date_2024-01-25,Time_13-15-15"
}
2024-01-25 13:15:16,193:INFO:Inc_Learning:317: 
configs_FSCIL:  {
  num_epochs = [0, 1, 1, 1, 1, 1, 1, 1, 1]
  update_mu = True
  freeze_backbone = False
  prefixes_are_enabled = False
  start_from_task = 0
  randomize_selected_classes = False
  configs_PEFT = {
    prefix_or_prompt = None
  }  
  optimizer = {
    optimizer_name = "AdamW"
    lr_head = [0.01, 0.01, 0.01, 0.01, 0.01, 0.01, 0.01, 0.01, 0.01]
    lr_prefixes_or_prompts = [0.01, 0.01, 0.01, 0.01, 0.01, 0.01, 0.01, 0.01, 0.01]
    lr = [1e-05, 1e-05, 1e-05, 1e-05, 1e-05, 1e-05, 1e-05, 1e-05, 1e-05]
    lr_backbone = [1e-05, 1e-05, 1e-05, 1e-05, 1e-05, 1e-05, 1e-05, 1e-05, 1e-05]
    momentum = 0.9
    momentum2 = 0.999
    dampening = 0
    nesterov = True
    weight_decay = [0.0, 0.0, 0.0, 0.0, 0.0, 0.0, 0.0, 0.0, 0.0]
  }  
  scheduler = {
    name = "ReduceLROnPlateau"
    mode = "min"
    factor = 0.25
    patience = 5
    cooldown = 0
    min_lr = 0
    verbose = True
    moving_average_capacity = 10
  }  
  evaluation = {
    ignore_logits_for_other_tasks = True
    stochastic = True
  }  
}
2024-01-25 13:15:16,193:INFO:Inc_Learning:319: --------------------------------------------------------------------------------
2024-01-25 13:15:16,389:INFO:Inc_Learning:150: The session file "data/index_list/mini_imagenet/num_base_classes=60,num_tasks=9,num_shots=5,seed=1/train_samples_for_task=1.txt" is loaded!
2024-01-25 13:15:16,412:INFO:Inc_Learning:150: The session file "data/index_list/mini_imagenet/num_base_classes=60,num_tasks=9,num_shots=5,seed=1/test_samples_for_task=1.txt" is loaded!
2024-01-25 13:15:16,458:INFO:Inc_Learning:682: The incremental learning phase for task 0 is started ...
2024-01-25 13:15:16,575:INFO:Inc_Learning:150: The session file "data/index_list/mini_imagenet/num_base_classes=60,num_tasks=9,num_shots=5,seed=1/train_samples_for_task=1.txt" is loaded!
2024-01-25 13:15:16,597:INFO:Inc_Learning:150: The session file "data/index_list/mini_imagenet/num_base_classes=60,num_tasks=9,num_shots=5,seed=1/test_samples_for_task=1.txt" is loaded!
2024-01-25 13:15:16,628:INFO:Inc_Learning:465: Evaluating the test set after task 0 ...
2024-01-25 13:15:30,879:INFO:Inc_Learning:518: Evaluation Accuracy (oracle) after task 0:  80.93%
2024-01-25 13:15:30,881:INFO:Inc_Learning:536: Accuracy (Oracle) for task 0 =  80.93%
2024-01-25 13:15:30,903:INFO:Inc_Learning:693: The incremental learning phase for task 0 is finished!
2024-01-25 13:15:30,903:INFO:Inc_Learning:557: Estimated remaining time: 57 seconds
2024-01-25 13:15:30,903:INFO:Inc_Learning:682: The incremental learning phase for task 1 is started ...
2024-01-25 13:15:30,996:INFO:Inc_Learning:150: The session file "data/index_list/mini_imagenet/num_base_classes=60,num_tasks=9,num_shots=5,seed=1/train_samples_for_task=2.txt" is loaded!
2024-01-25 13:15:31,042:INFO:Inc_Learning:150: The session file "data/index_list/mini_imagenet/num_base_classes=60,num_tasks=9,num_shots=5,seed=1/test_samples_for_task=2.txt" is loaded!
2024-01-25 13:15:32,184:INFO:Inc_Learning:187: Epoch: 1/1
2024-01-25 13:15:33,329:INFO:Inc_Learning:230: Epoch 1/1 Train Accuracy:  72.00%
2024-01-25 13:15:33,330:INFO:Inc_Learning:231: Epoch 1/1 Average Loss: 0.5582126379013062 / MA Loss: 0.5582126379013062
2024-01-25 13:15:33,366:INFO:Inc_Learning:465: Evaluating the test set after task 1 ...
2024-01-25 13:15:52,561:INFO:Inc_Learning:518: Evaluation Accuracy (oracle) after task 1:  78.95%
2024-01-25 13:15:52,561:INFO:Inc_Learning:529: Evaluation Accuracy after task 1:  75.45%
2024-01-25 13:15:52,561:INFO:Inc_Learning:530: Accuracy of task-id detection after task 1:  92.49%
2024-01-25 13:15:52,562:INFO:Inc_Learning:536: Accuracy (Oracle) for task 0 =  80.67%
2024-01-25 13:15:52,562:INFO:Inc_Learning:540: Accuracy of task 0 =  79.18%
2024-01-25 13:15:52,562:INFO:Inc_Learning:536: Accuracy (Oracle) for task 1 =  58.40%
2024-01-25 13:15:52,562:INFO:Inc_Learning:540: Accuracy of task 1 =  30.60%
2024-01-25 13:15:52,574:INFO:Inc_Learning:693: The incremental learning phase for task 1 is finished!
2024-01-25 13:15:52,574:INFO:Inc_Learning:557: Estimated remaining time: 1 minute and 24 seconds
2024-01-25 13:15:52,574:INFO:Inc_Learning:682: The incremental learning phase for task 2 is started ...
2024-01-25 13:15:52,659:INFO:Inc_Learning:150: The session file "data/index_list/mini_imagenet/num_base_classes=60,num_tasks=9,num_shots=5,seed=1/train_samples_for_task=3.txt" is loaded!
2024-01-25 13:15:52,702:INFO:Inc_Learning:150: The session file "data/index_list/mini_imagenet/num_base_classes=60,num_tasks=9,num_shots=5,seed=1/test_samples_for_task=3.txt" is loaded!
2024-01-25 13:15:53,996:INFO:Inc_Learning:187: Epoch: 1/1
2024-01-25 13:15:55,046:INFO:Inc_Learning:230: Epoch 1/1 Train Accuracy:  92.00%
2024-01-25 13:15:55,046:INFO:Inc_Learning:231: Epoch 1/1 Average Loss: 0.2077677845954895 / MA Loss: 0.2077677845954895
2024-01-25 13:15:55,084:INFO:Inc_Learning:465: Evaluating the test set after task 2 ...
2024-01-25 13:16:15,851:INFO:Inc_Learning:518: Evaluation Accuracy (oracle) after task 2:  78.51%
2024-01-25 13:16:15,852:INFO:Inc_Learning:529: Evaluation Accuracy after task 2:  70.46%
2024-01-25 13:16:15,852:INFO:Inc_Learning:530: Accuracy of task-id detection after task 2:  85.71%
2024-01-25 13:16:15,852:INFO:Inc_Learning:536: Accuracy (Oracle) for task 0 =  80.53%
2024-01-25 13:16:15,853:INFO:Inc_Learning:540: Accuracy of task 0 =  77.40%
2024-01-25 13:16:15,853:INFO:Inc_Learning:536: Accuracy (Oracle) for task 1 =  57.80%
2024-01-25 13:16:15,853:INFO:Inc_Learning:540: Accuracy of task 1 =  28.60%
2024-01-25 13:16:15,853:INFO:Inc_Learning:536: Accuracy (Oracle) for task 2 =  75.00%
2024-01-25 13:16:15,853:INFO:Inc_Learning:540: Accuracy of task 2 =  29.00%
2024-01-25 13:16:15,873:INFO:Inc_Learning:693: The incremental learning phase for task 2 is finished!
2024-01-25 13:16:15,873:INFO:Inc_Learning:557: Estimated remaining time: 1 minute and 29 seconds
2024-01-25 13:16:15,873:INFO:Inc_Learning:682: The incremental learning phase for task 3 is started ...
2024-01-25 13:16:15,956:INFO:Inc_Learning:150: The session file "data/index_list/mini_imagenet/num_base_classes=60,num_tasks=9,num_shots=5,seed=1/train_samples_for_task=4.txt" is loaded!
2024-01-25 13:16:16,020:INFO:Inc_Learning:150: The session file "data/index_list/mini_imagenet/num_base_classes=60,num_tasks=9,num_shots=5,seed=1/test_samples_for_task=4.txt" is loaded!
2024-01-25 13:16:17,275:INFO:Inc_Learning:187: Epoch: 1/1
2024-01-25 13:16:18,304:INFO:Inc_Learning:230: Epoch 1/1 Train Accuracy:  92.00%
2024-01-25 13:16:18,304:INFO:Inc_Learning:231: Epoch 1/1 Average Loss: 0.22012227773666382 / MA Loss: 0.22012227773666382
2024-01-25 13:16:18,343:INFO:Inc_Learning:465: Evaluating the test set after task 3 ...
2024-01-25 13:16:40,544:INFO:Inc_Learning:518: Evaluation Accuracy (oracle) after task 3:  77.88%
2024-01-25 13:16:40,545:INFO:Inc_Learning:529: Evaluation Accuracy after task 3:  67.05%
2024-01-25 13:16:40,545:INFO:Inc_Learning:530: Accuracy of task-id detection after task 3:  81.01%
2024-01-25 13:16:40,545:INFO:Inc_Learning:536: Accuracy (Oracle) for task 0 =  79.85%
2024-01-25 13:16:40,545:INFO:Inc_Learning:540: Accuracy of task 0 =  75.77%
2024-01-25 13:16:40,546:INFO:Inc_Learning:536: Accuracy (Oracle) for task 1 =  57.60%
2024-01-25 13:16:40,546:INFO:Inc_Learning:540: Accuracy of task 1 =  27.20%
2024-01-25 13:16:40,546:INFO:Inc_Learning:536: Accuracy (Oracle) for task 2 =  73.80%
2024-01-25 13:16:40,546:INFO:Inc_Learning:540: Accuracy of task 2 =  28.60%
2024-01-25 13:16:40,546:INFO:Inc_Learning:536: Accuracy (Oracle) for task 3 =  78.60%
2024-01-25 13:16:40,546:INFO:Inc_Learning:540: Accuracy of task 3 =  40.80%
2024-01-25 13:16:40,558:INFO:Inc_Learning:693: The incremental learning phase for task 3 is finished!
2024-01-25 13:16:40,558:INFO:Inc_Learning:557: Estimated remaining time: 1 minute and 24 seconds
2024-01-25 13:16:40,559:INFO:Inc_Learning:682: The incremental learning phase for task 4 is started ...
2024-01-25 13:16:40,640:INFO:Inc_Learning:150: The session file "data/index_list/mini_imagenet/num_base_classes=60,num_tasks=9,num_shots=5,seed=1/train_samples_for_task=5.txt" is loaded!
2024-01-25 13:16:40,684:INFO:Inc_Learning:150: The session file "data/index_list/mini_imagenet/num_base_classes=60,num_tasks=9,num_shots=5,seed=1/test_samples_for_task=5.txt" is loaded!
2024-01-25 13:16:42,037:INFO:Inc_Learning:187: Epoch: 1/1
2024-01-25 13:16:43,007:INFO:Inc_Learning:230: Epoch 1/1 Train Accuracy:  80.00%
2024-01-25 13:16:43,008:INFO:Inc_Learning:231: Epoch 1/1 Average Loss: 0.41520455479621887 / MA Loss: 0.41520455479621887
2024-01-25 13:16:43,048:INFO:Inc_Learning:465: Evaluating the test set after task 4 ...
2024-01-25 13:17:06,379:INFO:Inc_Learning:518: Evaluation Accuracy (oracle) after task 4:  77.86%
2024-01-25 13:17:06,379:INFO:Inc_Learning:529: Evaluation Accuracy after task 4:  64.45%
2024-01-25 13:17:06,380:INFO:Inc_Learning:530: Accuracy of task-id detection after task 4:  77.56%
2024-01-25 13:17:06,380:INFO:Inc_Learning:536: Accuracy (Oracle) for task 0 =  79.75%
2024-01-25 13:17:06,380:INFO:Inc_Learning:540: Accuracy of task 0 =  75.00%
2024-01-25 13:17:06,380:INFO:Inc_Learning:536: Accuracy (Oracle) for task 1 =  57.40%
2024-01-25 13:17:06,380:INFO:Inc_Learning:540: Accuracy of task 1 =  26.60%
2024-01-25 13:17:06,380:INFO:Inc_Learning:536: Accuracy (Oracle) for task 2 =  75.00%
2024-01-25 13:17:06,381:INFO:Inc_Learning:540: Accuracy of task 2 =  28.20%
2024-01-25 13:17:06,381:INFO:Inc_Learning:536: Accuracy (Oracle) for task 3 =  78.80%
2024-01-25 13:17:06,381:INFO:Inc_Learning:540: Accuracy of task 3 =  39.40%
2024-01-25 13:17:06,381:INFO:Inc_Learning:536: Accuracy (Oracle) for task 4 =  77.60%
2024-01-25 13:17:06,381:INFO:Inc_Learning:540: Accuracy of task 4 =  37.00%
2024-01-25 13:17:06,401:INFO:Inc_Learning:693: The incremental learning phase for task 4 is finished!
2024-01-25 13:17:06,401:INFO:Inc_Learning:557: Estimated remaining time: 1 minute and 13 seconds
2024-01-25 13:17:06,401:INFO:Inc_Learning:682: The incremental learning phase for task 5 is started ...
2024-01-25 13:17:06,482:INFO:Inc_Learning:150: The session file "data/index_list/mini_imagenet/num_base_classes=60,num_tasks=9,num_shots=5,seed=1/train_samples_for_task=6.txt" is loaded!
2024-01-25 13:17:06,527:INFO:Inc_Learning:150: The session file "data/index_list/mini_imagenet/num_base_classes=60,num_tasks=9,num_shots=5,seed=1/test_samples_for_task=6.txt" is loaded!
2024-01-25 13:17:07,871:INFO:Inc_Learning:187: Epoch: 1/1
2024-01-25 13:17:08,876:INFO:Inc_Learning:230: Epoch 1/1 Train Accuracy:  96.00%
2024-01-25 13:17:08,876:INFO:Inc_Learning:231: Epoch 1/1 Average Loss: 0.26464104652404785 / MA Loss: 0.26464104652404785
2024-01-25 13:17:08,903:INFO:Inc_Learning:465: Evaluating the test set after task 5 ...
2024-01-25 13:17:33,684:INFO:Inc_Learning:518: Evaluation Accuracy (oracle) after task 5:  77.25%
2024-01-25 13:17:33,685:INFO:Inc_Learning:529: Evaluation Accuracy after task 5:  60.44%
2024-01-25 13:17:33,685:INFO:Inc_Learning:530: Accuracy of task-id detection after task 5:  72.86%
2024-01-25 13:17:33,685:INFO:Inc_Learning:536: Accuracy (Oracle) for task 0 =  78.90%
2024-01-25 13:17:33,685:INFO:Inc_Learning:540: Accuracy of task 0 =  72.83%
2024-01-25 13:17:33,685:INFO:Inc_Learning:536: Accuracy (Oracle) for task 1 =  57.60%
2024-01-25 13:17:33,685:INFO:Inc_Learning:540: Accuracy of task 1 =  25.80%
2024-01-25 13:17:33,686:INFO:Inc_Learning:536: Accuracy (Oracle) for task 2 =  74.20%
2024-01-25 13:17:33,686:INFO:Inc_Learning:540: Accuracy of task 2 =  25.40%
2024-01-25 13:17:33,686:INFO:Inc_Learning:536: Accuracy (Oracle) for task 3 =  78.40%
2024-01-25 13:17:33,686:INFO:Inc_Learning:540: Accuracy of task 3 =  38.40%
2024-01-25 13:17:33,686:INFO:Inc_Learning:536: Accuracy (Oracle) for task 4 =  77.80%
2024-01-25 13:17:33,686:INFO:Inc_Learning:540: Accuracy of task 4 =  33.80%
2024-01-25 13:17:33,686:INFO:Inc_Learning:536: Accuracy (Oracle) for task 5 =  78.40%
2024-01-25 13:17:33,687:INFO:Inc_Learning:540: Accuracy of task 5 =  30.00%
2024-01-25 13:17:33,698:INFO:Inc_Learning:693: The incremental learning phase for task 5 is finished!
2024-01-25 13:17:33,698:INFO:Inc_Learning:557: Estimated remaining time: 58 seconds
2024-01-25 13:17:33,699:INFO:Inc_Learning:682: The incremental learning phase for task 6 is started ...
2024-01-25 13:17:33,783:INFO:Inc_Learning:150: The session file "data/index_list/mini_imagenet/num_base_classes=60,num_tasks=9,num_shots=5,seed=1/train_samples_for_task=7.txt" is loaded!
2024-01-25 13:17:33,850:INFO:Inc_Learning:150: The session file "data/index_list/mini_imagenet/num_base_classes=60,num_tasks=9,num_shots=5,seed=1/test_samples_for_task=7.txt" is loaded!
2024-01-25 13:17:35,347:INFO:Inc_Learning:187: Epoch: 1/1
2024-01-25 13:17:36,456:INFO:Inc_Learning:230: Epoch 1/1 Train Accuracy:  80.00%
2024-01-25 13:17:36,457:INFO:Inc_Learning:231: Epoch 1/1 Average Loss: 0.377654105424881 / MA Loss: 0.377654105424881
2024-01-25 13:17:36,496:INFO:Inc_Learning:465: Evaluating the test set after task 6 ...
2024-01-25 13:18:02,805:INFO:Inc_Learning:518: Evaluation Accuracy (oracle) after task 6:  76.54%
2024-01-25 13:18:02,807:INFO:Inc_Learning:529: Evaluation Accuracy after task 6:  56.97%
2024-01-25 13:18:02,807:INFO:Inc_Learning:530: Accuracy of task-id detection after task 6:  68.26%
2024-01-25 13:18:02,807:INFO:Inc_Learning:536: Accuracy (Oracle) for task 0 =  78.17%
2024-01-25 13:18:02,807:INFO:Inc_Learning:540: Accuracy of task 0 =  71.17%
2024-01-25 13:18:02,808:INFO:Inc_Learning:536: Accuracy (Oracle) for task 1 =  58.40%
2024-01-25 13:18:02,808:INFO:Inc_Learning:540: Accuracy of task 1 =  22.60%
2024-01-25 13:18:02,808:INFO:Inc_Learning:536: Accuracy (Oracle) for task 2 =  73.80%
2024-01-25 13:18:02,808:INFO:Inc_Learning:540: Accuracy of task 2 =  23.00%
2024-01-25 13:18:02,808:INFO:Inc_Learning:536: Accuracy (Oracle) for task 3 =  79.40%
2024-01-25 13:18:02,808:INFO:Inc_Learning:540: Accuracy of task 3 =  37.80%
2024-01-25 13:18:02,809:INFO:Inc_Learning:536: Accuracy (Oracle) for task 4 =  77.60%
2024-01-25 13:18:02,809:INFO:Inc_Learning:540: Accuracy of task 4 =  35.20%
2024-01-25 13:18:02,809:INFO:Inc_Learning:536: Accuracy (Oracle) for task 5 =  79.00%
2024-01-25 13:18:02,809:INFO:Inc_Learning:540: Accuracy of task 5 =  29.80%
2024-01-25 13:18:02,809:INFO:Inc_Learning:536: Accuracy (Oracle) for task 6 =  71.60%
2024-01-25 13:18:02,809:INFO:Inc_Learning:540: Accuracy of task 6 =  23.00%
2024-01-25 13:18:02,829:INFO:Inc_Learning:693: The incremental learning phase for task 6 is finished!
2024-01-25 13:18:02,829:INFO:Inc_Learning:557: Estimated remaining time: 41 seconds
2024-01-25 13:18:02,829:INFO:Inc_Learning:682: The incremental learning phase for task 7 is started ...
2024-01-25 13:18:02,913:INFO:Inc_Learning:150: The session file "data/index_list/mini_imagenet/num_base_classes=60,num_tasks=9,num_shots=5,seed=1/train_samples_for_task=8.txt" is loaded!
2024-01-25 13:18:02,954:INFO:Inc_Learning:150: The session file "data/index_list/mini_imagenet/num_base_classes=60,num_tasks=9,num_shots=5,seed=1/test_samples_for_task=8.txt" is loaded!
2024-01-25 13:18:04,287:INFO:Inc_Learning:187: Epoch: 1/1
2024-01-25 13:18:05,250:INFO:Inc_Learning:230: Epoch 1/1 Train Accuracy:  92.00%
2024-01-25 13:18:05,251:INFO:Inc_Learning:231: Epoch 1/1 Average Loss: 0.293695330619812 / MA Loss: 0.293695330619812
2024-01-25 13:18:05,292:INFO:Inc_Learning:465: Evaluating the test set after task 7 ...
2024-01-25 13:18:32,801:INFO:Inc_Learning:518: Evaluation Accuracy (oracle) after task 7:  75.95%
2024-01-25 13:18:32,802:INFO:Inc_Learning:529: Evaluation Accuracy after task 7:  54.48%
2024-01-25 13:18:32,802:INFO:Inc_Learning:530: Accuracy of task-id detection after task 7:  65.20%
2024-01-25 13:18:32,803:INFO:Inc_Learning:536: Accuracy (Oracle) for task 0 =  77.62%
2024-01-25 13:18:32,803:INFO:Inc_Learning:540: Accuracy of task 0 =  68.83%
2024-01-25 13:18:32,803:INFO:Inc_Learning:536: Accuracy (Oracle) for task 1 =  59.00%
2024-01-25 13:18:32,803:INFO:Inc_Learning:540: Accuracy of task 1 =  18.40%
2024-01-25 13:18:32,803:INFO:Inc_Learning:536: Accuracy (Oracle) for task 2 =  72.60%
2024-01-25 13:18:32,804:INFO:Inc_Learning:540: Accuracy of task 2 =  22.20%
2024-01-25 13:18:32,804:INFO:Inc_Learning:536: Accuracy (Oracle) for task 3 =  79.60%
2024-01-25 13:18:32,804:INFO:Inc_Learning:540: Accuracy of task 3 =  36.80%
2024-01-25 13:18:32,804:INFO:Inc_Learning:536: Accuracy (Oracle) for task 4 =  76.80%
2024-01-25 13:18:32,804:INFO:Inc_Learning:540: Accuracy of task 4 =  35.60%
2024-01-25 13:18:32,804:INFO:Inc_Learning:536: Accuracy (Oracle) for task 5 =  79.00%
2024-01-25 13:18:32,805:INFO:Inc_Learning:540: Accuracy of task 5 =  29.40%
2024-01-25 13:18:32,805:INFO:Inc_Learning:536: Accuracy (Oracle) for task 6 =  72.00%
2024-01-25 13:18:32,805:INFO:Inc_Learning:540: Accuracy of task 6 =  24.20%
2024-01-25 13:18:32,805:INFO:Inc_Learning:536: Accuracy (Oracle) for task 7 =  72.60%
2024-01-25 13:18:32,805:INFO:Inc_Learning:540: Accuracy of task 7 =  42.60%
2024-01-25 13:18:32,817:INFO:Inc_Learning:693: The incremental learning phase for task 7 is finished!
2024-01-25 13:18:32,817:INFO:Inc_Learning:557: Estimated remaining time: 21 seconds
2024-01-25 13:18:32,817:INFO:Inc_Learning:682: The incremental learning phase for task 8 is started ...
2024-01-25 13:18:32,899:INFO:Inc_Learning:150: The session file "data/index_list/mini_imagenet/num_base_classes=60,num_tasks=9,num_shots=5,seed=1/train_samples_for_task=9.txt" is loaded!
2024-01-25 13:18:32,966:INFO:Inc_Learning:150: The session file "data/index_list/mini_imagenet/num_base_classes=60,num_tasks=9,num_shots=5,seed=1/test_samples_for_task=9.txt" is loaded!
2024-01-25 13:18:34,294:INFO:Inc_Learning:187: Epoch: 1/1
2024-01-25 13:18:35,382:INFO:Inc_Learning:230: Epoch 1/1 Train Accuracy:  80.00%
2024-01-25 13:18:35,382:INFO:Inc_Learning:231: Epoch 1/1 Average Loss: 0.4766155481338501 / MA Loss: 0.4766155481338501
2024-01-25 13:18:35,408:INFO:Inc_Learning:465: Evaluating the test set after task 8 ...
2024-01-25 13:19:04,405:INFO:Inc_Learning:518: Evaluation Accuracy (oracle) after task 8:  74.87%
2024-01-25 13:19:04,407:INFO:Inc_Learning:529: Evaluation Accuracy after task 8:  52.22%
2024-01-25 13:19:04,407:INFO:Inc_Learning:530: Accuracy of task-id detection after task 8:  62.43%
2024-01-25 13:19:04,407:INFO:Inc_Learning:536: Accuracy (Oracle) for task 0 =  76.67%
2024-01-25 13:19:04,407:INFO:Inc_Learning:540: Accuracy of task 0 =  66.80%
2024-01-25 13:19:04,407:INFO:Inc_Learning:536: Accuracy (Oracle) for task 1 =  57.20%
2024-01-25 13:19:04,407:INFO:Inc_Learning:540: Accuracy of task 1 =  17.20%
2024-01-25 13:19:04,408:INFO:Inc_Learning:536: Accuracy (Oracle) for task 2 =  71.60%
2024-01-25 13:19:04,408:INFO:Inc_Learning:540: Accuracy of task 2 =  21.20%
2024-01-25 13:19:04,408:INFO:Inc_Learning:536: Accuracy (Oracle) for task 3 =  78.20%
2024-01-25 13:19:04,408:INFO:Inc_Learning:540: Accuracy of task 3 =  36.80%
2024-01-25 13:19:04,408:INFO:Inc_Learning:536: Accuracy (Oracle) for task 4 =  77.00%
2024-01-25 13:19:04,408:INFO:Inc_Learning:540: Accuracy of task 4 =  36.20%
2024-01-25 13:19:04,409:INFO:Inc_Learning:536: Accuracy (Oracle) for task 5 =  77.80%
2024-01-25 13:19:04,409:INFO:Inc_Learning:540: Accuracy of task 5 =  28.80%
2024-01-25 13:19:04,409:INFO:Inc_Learning:536: Accuracy (Oracle) for task 6 =  71.00%
2024-01-25 13:19:04,409:INFO:Inc_Learning:540: Accuracy of task 6 =  23.40%
2024-01-25 13:19:04,409:INFO:Inc_Learning:536: Accuracy (Oracle) for task 7 =  73.60%
2024-01-25 13:19:04,409:INFO:Inc_Learning:540: Accuracy of task 7 =  40.60%
2024-01-25 13:19:04,410:INFO:Inc_Learning:536: Accuracy (Oracle) for task 8 =  71.00%
2024-01-25 13:19:04,410:INFO:Inc_Learning:540: Accuracy of task 8 =  38.60%
2024-01-25 13:19:04,429:INFO:Inc_Learning:693: The incremental learning phase for task 8 is finished!
2024-01-25 13:19:04,429:INFO:Inc_Learning:557: Estimated remaining time: 0 seconds
2024-01-25 13:19:04,429:INFO:Inc_Learning:704: Final accuracies after each incremental task:
2024-01-25 13:19:04,430:INFO:Inc_Learning:716: Task 0: 80.93
2024-01-25 13:19:04,430:INFO:Inc_Learning:716: Task 1: 75.45
2024-01-25 13:19:04,430:INFO:Inc_Learning:716: Task 2: 70.46
2024-01-25 13:19:04,430:INFO:Inc_Learning:716: Task 3: 67.05
2024-01-25 13:19:04,430:INFO:Inc_Learning:716: Task 4: 64.45
2024-01-25 13:19:04,430:INFO:Inc_Learning:716: Task 5: 60.44
2024-01-25 13:19:04,430:INFO:Inc_Learning:716: Task 6: 56.97
2024-01-25 13:19:04,430:INFO:Inc_Learning:716: Task 7: 54.48
2024-01-25 13:19:04,430:INFO:Inc_Learning:716: Task 8: 52.22
2024-01-25 13:19:04,430:INFO:Inc_Learning:721: The incremental learning phase is finished!
2024-01-25 13:19:04,430:INFO:Inc_Learning:722: The whole process took 3 minutes and 47 seconds
