2024-01-20 21:54:02,034:INFO:Inc_Learning:336: ('\nVersion Information: \n\tPyTorch: %s\n\tTorchVision: %s', '2.0.1+cu117', '0.15.2+cu117')
2024-01-20 21:54:02,051:INFO:Inc_Learning:369: class_permutation is loaded from the permutation file "data/index_list/cub200/num_base_classes=100,num_tasks=11,num_shots=5,seed=41/class_permutation.txt".
2024-01-20 21:54:03,362:WARNING:Inc_Learning:240: tqdm_enabled is set to False as the program is not running in the debug mode!
2024-01-20 21:54:04,788:INFO:Inc_Learning:566: The network was trained for 237 epochs, 0 iterations in phase supervised_learning
2024-01-20 21:54:04,855:INFO:Inc_Learning:643: We have loaded the head parameters from the saved file.
2024-01-20 21:54:04,855:INFO:Inc_Learning:651: We start from epoch 0, iteration 0
2024-01-20 21:54:04,855:INFO:Inc_Learning:663: File "/scratch/gx83/np9254/ROBUSTA-Saves/CUB-200/Phase_2,100_classes/P0P1P2,start_time=Date_2024-01-02,Time_09-50-53,seed=41-Best_Model.pt" is loaded
2024-01-20 21:54:04,912:INFO:Inc_Learning:285: --------------------------------------------------------------------- The given arguments ---------------------------------------------------------------------
2024-01-20 21:54:04,912:INFO:Inc_Learning:309: experiment_description = "Incremental learning,100 base classes"
2024-01-20 21:54:04,912:INFO:Inc_Learning:309: phase = "incremental_learning"
2024-01-20 21:54:04,912:INFO:Inc_Learning:303: Device = "cuda:0"
2024-01-20 21:54:04,912:INFO:Inc_Learning:307: seed = 41
2024-01-20 21:54:04,912:INFO:Inc_Learning:307: is_incremental = True
2024-01-20 21:54:04,912:INFO:Inc_Learning:307: debugging = False
2024-01-20 21:54:04,912:INFO:Inc_Learning:307: tqdm_enabled = False
2024-01-20 21:54:04,912:INFO:Inc_Learning:307: resume = False
2024-01-20 21:54:04,912:INFO:Inc_Learning:309: time_str = "Date_2024-01-20,Time_21-54-02"
2024-01-20 21:54:04,912:INFO:Inc_Learning:307: image_size = 224
2024-01-20 21:54:04,912:INFO:Inc_Learning:307: in_channels = 3
2024-01-20 21:54:04,912:INFO:Inc_Learning:307: batch_size_base = 160
2024-01-20 21:54:04,912:INFO:Inc_Learning:307: batch_size_test = 160
2024-01-20 21:54:04,912:INFO:Inc_Learning:307: batch_size_new = 0
2024-01-20 21:54:04,912:INFO:Inc_Learning:307: batch_size_fine_tuning = 0
2024-01-20 21:54:04,912:INFO:Inc_Learning:309: settings_file = "Experiments/CUB-200-2011/100_base_classes/5-shot/phase=3,seed=41.toml"
2024-01-20 21:54:04,912:INFO:Inc_Learning:309: directory_permutation_files = "data/index_list/cub200/num_base_classes=100,num_tasks=11,num_shots=5,seed=41"
2024-01-20 21:54:04,912:INFO:Inc_Learning:299: The network was previously trained for 0 epochs.
2024-01-20 21:54:04,912:INFO:Inc_Learning:301: The network was previously trained for 0 iterations.
2024-01-20 21:54:04,912:INFO:Inc_Learning:307: dino = False
2024-01-20 21:54:04,912:INFO:Inc_Learning:307: debugging_env = False
2024-01-20 21:54:04,912:INFO:Inc_Learning:309: model_type = "CCT-21/7x2"
2024-01-20 21:54:04,912:INFO:Inc_Learning:307: prediction_net_list = []
2024-01-20 21:54:04,912:INFO:Inc_Learning:314: 
configs_arch:  {
  model_type = "CCT-21/7x2"
  use_BatchNorm = True
  use_BatchNorm_for_patch_embeddings = True
  temperature_stochastic_classifier = 16.0
  temperature_cosine_classifier = 10.0
  PositionalEmbeddingType = "Learnable"
  dropout_rate_classifier_head = 0.0
  number_of_the_first_layers_to_be_frozen = 0
  classifer_head_type = "Stochastic"
}
2024-01-20 21:54:04,912:INFO:Inc_Learning:314: 
configs_dataset:  {
  dataroot = "/scratch/gx83/np9254/Datasets/FSCIL/CEC/"
  dataset_name = "cub200"
  num_workers = 16
  total_classes = 200
  num_base_classes = 100
  num_tasks = 11
  num_shots = 5
  drop_last_base = True
  num_ways = 10
}
2024-01-20 21:54:04,912:INFO:Inc_Learning:314: 
configs_logger:  {
  display_interval = 0.5
  display_freq = 50
  moving_average_capacity = 50
  log_file = "/scratch/gx83/np9254/ROBUSTA-Saves/CUB-200/Phase_3,100_classes/5-shot/Time=Date_2024-01-20,Time_21-54-02,Desc=Incremental learning,100 base classes,seed=41.log"
}
2024-01-20 21:54:04,913:INFO:Inc_Learning:314: 
configs_save:  {
  save_freq_epoch = 10
  save_freq_iter = 2000
  time_interval_to_save = 60
  root = "/scratch/gx83/np9254/ROBUSTA-Saves/CUB-200/Phase_3,100_classes/5-shot"
  input_file = "/scratch/gx83/np9254/ROBUSTA-Saves/CUB-200/Phase_2,100_classes/P0P1P2,start_time=Date_2024-01-02,Time_09-50-53,seed=41-Best_Model.pt"
  output_file = "P0P1P2P3,start_time=Date_2024-01-20,Time_21-54-02"
}
2024-01-20 21:54:04,913:INFO:Inc_Learning:314: 
configs_FSCIL:  {
  num_epochs = [5, 10, 10, 10, 10, 10, 10, 10, 10, 10, 10]
  update_mu = True
  fine_tune = True
  freeze_backbone = True
  freeze_batch_norm_layers = True
  freeze_non_batch_norm_layers = True
  use_delta_parameters_for_base_task = False
  use_prefixes_for_distance_calculations = True
  use_shared_covariance = True
  start_from_task = 0
  randomize_selected_classes = False
  use_cache_for_the_base_task = False
  tasks_or_classes_for_Mahalanobis_distance_calculations = "classes"
  enable_Mahalanobis_distance = True
  use_pseudo_labeled_samples_for_task_identification = [True, True, True, True, True, True, True, True, True, True, True]
  configs_PEFT = {
    prefix_seq_length = [10, 10, 10, 10, 10, 10, 10, 10, 10, 10, 10]
    number_of_layers_for_prefixes = [-1, -1, -1, -1, -1, -1, -1, -1, -1, -1, -1]
    fusion_mode = "last"
    prefix_or_prompt = "prefix"
  }  
  optimizer = {
    optimizer_name = "AdamW"
    lr_head = [0.01, 0.01, 0.01, 0.01, 0.01, 0.01, 0.01, 0.01, 0.01, 0.01, 0.01]
    lr_prefixes_or_prompts = [0.01, 0.01, 0.01, 0.01, 0.01, 0.01, 0.01, 0.01, 0.01, 0.01, 0.01]
    lr = [0.01, 0.01, 0.01, 0.01, 0.01, 0.01, 0.01, 0.01, 0.01, 0.01, 0.01]
    lr_backbone = [0.01, 0.01, 0.01, 0.01, 0.01, 0.01, 0.01, 0.01, 0.01, 0.01, 0.01]
    momentum = 0.9
    momentum2 = 0.999
    dampening = 0
    nesterov = True
    weight_decay = [1e-05, 1e-05, 1e-05, 1e-05, 1e-05, 1e-05, 1e-05, 1e-05, 1e-05, 1e-05, 1e-05]
  }  
  scheduler = {
    name = "ReduceLROnPlateau"
    mode = "min"
    factor = 0.25
    patience = 5
    cooldown = 0
    min_lr = 0
    verbose = True
    moving_average_capacity = 10
  }  
  evaluation = {
    ignore_logits_for_other_tasks = True
    stochastic = True
  }  
  PredictionNet = {
    enabled = True
    num_epochs = [500, 500, 500, 500, 500, 500, 500, 500, 500, 500, 500]
    separate_PredictionNet_for_each_task = True
    use_PredictionNet_for_this_task = [True, True, True, True, True, True, True, True, True, True, True]
    use_pseudo_labeled_test_samples = [False, True, True, True, True, True, True, True, True, True, True]
    batch_size_for_Pseudo_labelling = 100
    batch_size_for_PredictionNet = 100
    n_layers = 1
    size_hidden_layer = 384
    use_real_residual_connections = False
    dropout_rate = 0.0
    bias = True
    num_outliers = [8, 1, 1, 1, 1, 1, 1, 1, 1, 1, 1]
    display_freq = 50
    remember_from_previous_task = True
    use_the_best_model = False
    loss = "MSE"
    optimizer = {
      optimizer_name = "AdamW"
      lr = [0.001, 0.001, 0.001, 0.001, 0.001, 0.001, 0.001, 0.001, 0.001, 0.001, 0.001]
      momentum = 0.9
      momentum2 = 0.999
      dampening = 0.0
      nesterov = True
      weight_decay = [0.0, 0.0, 0.0, 0.0, 0.0, 0.0, 0.0, 0.0, 0.0, 0.0, 0.0]
    }    
    scheduler = {
      name = "ReduceLROnPlateau"
      mode = "min"
      factor = 0.25
      patience = 1000
      cooldown = 0
      min_lr = 0
      verbose = True
      moving_average_capacity = 10
    }    
  }  
}
2024-01-20 21:54:04,913:INFO:Inc_Learning:316: --------------------------------------------------------------------------------
2024-01-20 21:54:05,047:INFO:Inc_Learning:142: The session file "data/index_list/cub200/num_base_classes=100,num_tasks=11,num_shots=5,seed=41/train_samples_for_task=1.txt" is loaded!
2024-01-20 21:54:05,082:INFO:Inc_Learning:142: The session file "data/index_list/cub200/num_base_classes=100,num_tasks=11,num_shots=5,seed=41/test_samples_for_task=1.txt" is loaded!
2024-01-20 21:54:05,163:INFO:Inc_Learning:681: The incremental learning phase for task 0 is started ...
2024-01-20 21:54:05,191:INFO:Inc_Learning:142: The session file "data/index_list/cub200/num_base_classes=100,num_tasks=11,num_shots=5,seed=41/train_samples_for_task=1.txt" is loaded!
2024-01-20 21:54:05,215:INFO:Inc_Learning:142: The session file "data/index_list/cub200/num_base_classes=100,num_tasks=11,num_shots=5,seed=41/test_samples_for_task=1.txt" is loaded!
2024-01-20 21:54:05,256:INFO:Inc_Learning:576: Statistics for task identification ...
2024-01-20 21:54:17,167:INFO:Inc_Learning:270: The pseudo-labeling phase is started ...
2024-01-20 21:54:32,600:INFO:Inc_Learning:351: The training of the PredictionNet is started.
2024-01-20 21:54:41,014:INFO:Inc_Learning:463: Epoch: 000/500, MA loss: 0.07446248643100262
2024-01-20 21:54:41,703:INFO:Inc_Learning:463: Epoch: 050/500, MA loss: 0.015166060905903578
2024-01-20 21:54:42,395:INFO:Inc_Learning:463: Epoch: 100/500, MA loss: 0.01385138537734747
2024-01-20 21:54:43,083:INFO:Inc_Learning:463: Epoch: 150/500, MA loss: 0.013376130908727645
2024-01-20 21:54:43,772:INFO:Inc_Learning:463: Epoch: 200/500, MA loss: 0.01296804416924715
2024-01-20 21:54:44,465:INFO:Inc_Learning:463: Epoch: 250/500, MA loss: 0.012992225773632526
2024-01-20 21:54:45,157:INFO:Inc_Learning:463: Epoch: 300/500, MA loss: 0.01296150591224432
2024-01-20 21:54:45,849:INFO:Inc_Learning:463: Epoch: 350/500, MA loss: 0.013245547655969858
2024-01-20 21:54:46,541:INFO:Inc_Learning:463: Epoch: 400/500, MA loss: 0.012984175607562065
2024-01-20 21:54:47,237:INFO:Inc_Learning:463: Epoch: 450/500, MA loss: 0.012973143998533488
2024-01-20 21:54:47,914:INFO:Inc_Learning:463: Epoch: 499/500, MA loss: 0.013128518033772707
2024-01-20 21:54:47,915:INFO:Inc_Learning:576: Statistics for task identification ...
2024-01-20 21:55:01,419:INFO:Inc_Learning:496: Evaluating the test set after task 0 ...
2024-01-20 21:55:09,676:INFO:Inc_Learning:544: Evaluation Accuracy (oracle) after task 0:  79.40%
2024-01-20 21:55:09,676:INFO:Inc_Learning:562: Accuracy (Oracle) for task 0 =  79.40%
2024-01-20 21:55:09,691:INFO:Inc_Learning:692: The incremental learning phase for task 0 is finished!
2024-01-20 21:55:09,691:INFO:Inc_Learning:557: Estimated remaining time: 5 minutes and 22 seconds
2024-01-20 21:55:09,691:INFO:Inc_Learning:681: The incremental learning phase for task 1 is started ...
2024-01-20 21:55:09,691:INFO:Inc_Learning:318: Prefixes are randomly initialized for task 1.
2024-01-20 21:55:09,692:INFO:Inc_Learning:269: The PredictionNet is copied from the previous task.
2024-01-20 21:55:09,720:INFO:Inc_Learning:142: The session file "data/index_list/cub200/num_base_classes=100,num_tasks=11,num_shots=5,seed=41/train_samples_for_task=2.txt" is loaded!
2024-01-20 21:55:09,747:INFO:Inc_Learning:142: The session file "data/index_list/cub200/num_base_classes=100,num_tasks=11,num_shots=5,seed=41/test_samples_for_task=2.txt" is loaded!
2024-01-20 21:55:12,427:INFO:Inc_Learning:213: Epoch: 1/10
2024-01-20 21:55:14,191:INFO:Inc_Learning:256: Epoch 1/10 Train Accuracy:  96.00%
2024-01-20 21:55:14,191:INFO:Inc_Learning:257: Epoch 1/10 Average Loss: 0.16908086836338043 / MA Loss: 0.16908086836338043
2024-01-20 21:55:14,191:INFO:Inc_Learning:213: Epoch: 2/10
2024-01-20 21:55:15,869:INFO:Inc_Learning:256: Epoch 2/10 Train Accuracy:  94.00%
2024-01-20 21:55:15,870:INFO:Inc_Learning:257: Epoch 2/10 Average Loss: 0.17531852424144745 / MA Loss: 0.17219969630241394
2024-01-20 21:55:15,870:INFO:Inc_Learning:213: Epoch: 3/10
2024-01-20 21:55:17,562:INFO:Inc_Learning:256: Epoch 3/10 Train Accuracy:  92.00%
2024-01-20 21:55:17,562:INFO:Inc_Learning:257: Epoch 3/10 Average Loss: 0.15333402156829834 / MA Loss: 0.16591113805770874
2024-01-20 21:55:17,563:INFO:Inc_Learning:213: Epoch: 4/10
2024-01-20 21:55:19,250:INFO:Inc_Learning:256: Epoch 4/10 Train Accuracy:  94.00%
2024-01-20 21:55:19,252:INFO:Inc_Learning:257: Epoch 4/10 Average Loss: 0.21938185393810272 / MA Loss: 0.17927881702780724
2024-01-20 21:55:19,252:INFO:Inc_Learning:213: Epoch: 5/10
2024-01-20 21:55:20,937:INFO:Inc_Learning:256: Epoch 5/10 Train Accuracy:  98.00%
2024-01-20 21:55:20,937:INFO:Inc_Learning:257: Epoch 5/10 Average Loss: 0.1287594437599182 / MA Loss: 0.16917494237422942
2024-01-20 21:55:20,938:INFO:Inc_Learning:213: Epoch: 6/10
2024-01-20 21:55:22,639:INFO:Inc_Learning:256: Epoch 6/10 Train Accuracy:  96.00%
2024-01-20 21:55:22,639:INFO:Inc_Learning:257: Epoch 6/10 Average Loss: 0.15299393236637115 / MA Loss: 0.1664781073729197
2024-01-20 21:55:22,639:INFO:Inc_Learning:213: Epoch: 7/10
2024-01-20 21:55:24,282:INFO:Inc_Learning:256: Epoch 7/10 Train Accuracy:  96.00%
2024-01-20 21:55:24,282:INFO:Inc_Learning:257: Epoch 7/10 Average Loss: 0.09154635667800903 / MA Loss: 0.15577357155936106
2024-01-20 21:55:24,283:INFO:Inc_Learning:213: Epoch: 8/10
2024-01-20 21:55:25,980:INFO:Inc_Learning:256: Epoch 8/10 Train Accuracy:  94.00%
2024-01-20 21:55:25,981:INFO:Inc_Learning:257: Epoch 8/10 Average Loss: 0.2116047739982605 / MA Loss: 0.16275247186422348
2024-01-20 21:55:25,981:INFO:Inc_Learning:213: Epoch: 9/10
2024-01-20 21:55:27,651:INFO:Inc_Learning:256: Epoch 9/10 Train Accuracy:  98.00%
2024-01-20 21:55:27,652:INFO:Inc_Learning:257: Epoch 9/10 Average Loss: 0.06902635842561722 / MA Loss: 0.1523384592599339
2024-01-20 21:55:27,652:INFO:Inc_Learning:213: Epoch: 10/10
2024-01-20 21:55:29,298:INFO:Inc_Learning:256: Epoch 10/10 Train Accuracy:  96.00%
2024-01-20 21:55:29,298:INFO:Inc_Learning:257: Epoch 10/10 Average Loss: 0.12033983319997787 / MA Loss: 0.1491385966539383
2024-01-20 21:55:29,346:INFO:Inc_Learning:576: Statistics for task identification ...
2024-01-20 21:55:30,986:INFO:Inc_Learning:270: The pseudo-labeling phase is started ...
2024-01-20 21:55:52,962:INFO:Inc_Learning:351: The training of the PredictionNet is started.
2024-01-20 21:55:53,239:INFO:Inc_Learning:463: Epoch: 000/500, MA loss: 0.04918800666928291
2024-01-20 21:55:53,282:INFO:Inc_Learning:463: Epoch: 050/500, MA loss: 0.00014241089374991133
2024-01-20 21:55:53,327:INFO:Inc_Learning:463: Epoch: 100/500, MA loss: 8.911975726277888e-07
2024-01-20 21:55:53,371:INFO:Inc_Learning:463: Epoch: 150/500, MA loss: 5.280304682386827e-09
2024-01-20 21:55:53,416:INFO:Inc_Learning:463: Epoch: 200/500, MA loss: 2.8893270762053724e-11
2024-01-20 21:55:53,460:INFO:Inc_Learning:463: Epoch: 250/500, MA loss: 1.6404867373386033e-13
2024-01-20 21:55:53,504:INFO:Inc_Learning:463: Epoch: 300/500, MA loss: 1.335105041692724e-15
2024-01-20 21:55:53,548:INFO:Inc_Learning:463: Epoch: 350/500, MA loss: 4.559468558424111e-16
2024-01-20 21:55:53,592:INFO:Inc_Learning:463: Epoch: 400/500, MA loss: 4.524784835635093e-16
2024-01-20 21:55:53,635:INFO:Inc_Learning:463: Epoch: 450/500, MA loss: 5.125860273193071e-16
2024-01-20 21:55:53,678:INFO:Inc_Learning:463: Epoch: 499/500, MA loss: 5.391553915258215e-16
2024-01-20 21:55:53,678:INFO:Inc_Learning:576: Statistics for task identification ...
2024-01-20 21:55:54,011:INFO:Inc_Learning:496: Evaluating the test set after task 1 ...
2024-01-20 21:56:20,652:INFO:Inc_Learning:544: Evaluation Accuracy (oracle) after task 1:  79.38%
2024-01-20 21:56:20,653:INFO:Inc_Learning:555: Evaluation Accuracy after task 1:  75.82%
2024-01-20 21:56:20,653:INFO:Inc_Learning:556: Accuracy of task-id detection after task 1:  94.50%
2024-01-20 21:56:20,653:INFO:Inc_Learning:562: Accuracy (Oracle) for task 0 =  79.40%
2024-01-20 21:56:20,653:INFO:Inc_Learning:566: Accuracy of task 0 =  78.98%
2024-01-20 21:56:20,654:INFO:Inc_Learning:562: Accuracy (Oracle) for task 1 =  79.21%
2024-01-20 21:56:20,654:INFO:Inc_Learning:566: Accuracy of task 1 =  43.37%
2024-01-20 21:56:20,664:INFO:Inc_Learning:692: The incremental learning phase for task 1 is finished!
2024-01-20 21:56:20,664:INFO:Inc_Learning:557: Estimated remaining time: 6 minutes and 46 seconds
2024-01-20 21:56:20,664:INFO:Inc_Learning:681: The incremental learning phase for task 2 is started ...
2024-01-20 21:56:20,664:INFO:Inc_Learning:322: Prefixes are copied from task 1.
2024-01-20 21:56:20,665:INFO:Inc_Learning:269: The PredictionNet is copied from the previous task.
2024-01-20 21:56:20,692:INFO:Inc_Learning:142: The session file "data/index_list/cub200/num_base_classes=100,num_tasks=11,num_shots=5,seed=41/train_samples_for_task=3.txt" is loaded!
2024-01-20 21:56:20,719:INFO:Inc_Learning:142: The session file "data/index_list/cub200/num_base_classes=100,num_tasks=11,num_shots=5,seed=41/test_samples_for_task=3.txt" is loaded!
2024-01-20 21:56:23,216:INFO:Inc_Learning:213: Epoch: 1/10
2024-01-20 21:56:24,909:INFO:Inc_Learning:256: Epoch 1/10 Train Accuracy:  84.00%
2024-01-20 21:56:24,910:INFO:Inc_Learning:257: Epoch 1/10 Average Loss: 0.5821143984794617 / MA Loss: 0.5821143984794617
2024-01-20 21:56:24,910:INFO:Inc_Learning:213: Epoch: 2/10
2024-01-20 21:56:26,567:INFO:Inc_Learning:256: Epoch 2/10 Train Accuracy:  82.00%
2024-01-20 21:56:26,568:INFO:Inc_Learning:257: Epoch 2/10 Average Loss: 0.6150001883506775 / MA Loss: 0.5985572934150696
2024-01-20 21:56:26,568:INFO:Inc_Learning:213: Epoch: 3/10
2024-01-20 21:56:28,258:INFO:Inc_Learning:256: Epoch 3/10 Train Accuracy:  88.00%
2024-01-20 21:56:28,258:INFO:Inc_Learning:257: Epoch 3/10 Average Loss: 0.38982102274894714 / MA Loss: 0.5289785365263621
2024-01-20 21:56:28,258:INFO:Inc_Learning:213: Epoch: 4/10
2024-01-20 21:56:29,891:INFO:Inc_Learning:256: Epoch 4/10 Train Accuracy:  94.00%
2024-01-20 21:56:29,891:INFO:Inc_Learning:257: Epoch 4/10 Average Loss: 0.34167224168777466 / MA Loss: 0.48215196281671524
2024-01-20 21:56:29,891:INFO:Inc_Learning:213: Epoch: 5/10
2024-01-20 21:56:31,557:INFO:Inc_Learning:256: Epoch 5/10 Train Accuracy:  88.00%
2024-01-20 21:56:31,557:INFO:Inc_Learning:257: Epoch 5/10 Average Loss: 0.4374738335609436 / MA Loss: 0.4732163369655609
2024-01-20 21:56:31,558:INFO:Inc_Learning:213: Epoch: 6/10
2024-01-20 21:56:33,286:INFO:Inc_Learning:256: Epoch 6/10 Train Accuracy:  88.00%
2024-01-20 21:56:33,287:INFO:Inc_Learning:257: Epoch 6/10 Average Loss: 0.3962135314941406 / MA Loss: 0.46038253605365753
2024-01-20 21:56:33,287:INFO:Inc_Learning:213: Epoch: 7/10
2024-01-20 21:56:34,949:INFO:Inc_Learning:256: Epoch 7/10 Train Accuracy:  98.00%
2024-01-20 21:56:34,949:INFO:Inc_Learning:257: Epoch 7/10 Average Loss: 0.26281681656837463 / MA Loss: 0.4321588618414743
2024-01-20 21:56:34,949:INFO:Inc_Learning:213: Epoch: 8/10
2024-01-20 21:56:36,618:INFO:Inc_Learning:256: Epoch 8/10 Train Accuracy:  96.00%
2024-01-20 21:56:36,619:INFO:Inc_Learning:257: Epoch 8/10 Average Loss: 0.2569059431552887 / MA Loss: 0.41025224700570107
2024-01-20 21:56:36,619:INFO:Inc_Learning:213: Epoch: 9/10
2024-01-20 21:56:38,266:INFO:Inc_Learning:256: Epoch 9/10 Train Accuracy:  96.00%
2024-01-20 21:56:38,266:INFO:Inc_Learning:257: Epoch 9/10 Average Loss: 0.21771247684955597 / MA Loss: 0.38885893921057385
2024-01-20 21:56:38,266:INFO:Inc_Learning:213: Epoch: 10/10
2024-01-20 21:56:39,979:INFO:Inc_Learning:256: Epoch 10/10 Train Accuracy:  92.00%
2024-01-20 21:56:39,979:INFO:Inc_Learning:257: Epoch 10/10 Average Loss: 0.3720540702342987 / MA Loss: 0.38717845231294634
2024-01-20 21:56:40,027:INFO:Inc_Learning:576: Statistics for task identification ...
2024-01-20 21:56:41,601:INFO:Inc_Learning:270: The pseudo-labeling phase is started ...
2024-01-20 21:57:11,771:INFO:Inc_Learning:351: The training of the PredictionNet is started.
2024-01-20 21:57:12,104:INFO:Inc_Learning:463: Epoch: 000/500, MA loss: 0.050810735672712326
2024-01-20 21:57:12,148:INFO:Inc_Learning:463: Epoch: 050/500, MA loss: 0.0001500813123129774
2024-01-20 21:57:12,191:INFO:Inc_Learning:463: Epoch: 100/500, MA loss: 9.400290991834482e-07
2024-01-20 21:57:12,235:INFO:Inc_Learning:463: Epoch: 150/500, MA loss: 5.243322243053683e-09
2024-01-20 21:57:12,278:INFO:Inc_Learning:463: Epoch: 200/500, MA loss: 3.025452978422383e-11
2024-01-20 21:57:12,321:INFO:Inc_Learning:463: Epoch: 250/500, MA loss: 1.679177786130092e-13
2024-01-20 21:57:12,365:INFO:Inc_Learning:463: Epoch: 300/500, MA loss: 1.2176543362017436e-15
2024-01-20 21:57:12,408:INFO:Inc_Learning:463: Epoch: 350/500, MA loss: 3.4600504184230283e-16
2024-01-20 21:57:12,452:INFO:Inc_Learning:463: Epoch: 400/500, MA loss: 2.8806810499493186e-09
2024-01-20 21:57:12,496:INFO:Inc_Learning:463: Epoch: 450/500, MA loss: 1.6413876033631764e-11
2024-01-20 21:57:12,539:INFO:Inc_Learning:463: Epoch: 499/500, MA loss: 1.267004881785275e-13
2024-01-20 21:57:12,539:INFO:Inc_Learning:576: Statistics for task identification ...
2024-01-20 21:57:12,920:INFO:Inc_Learning:496: Evaluating the test set after task 2 ...
2024-01-20 21:57:47,931:INFO:Inc_Learning:544: Evaluation Accuracy (oracle) after task 2:  77.03%
2024-01-20 21:57:47,931:INFO:Inc_Learning:555: Evaluation Accuracy after task 2:  72.57%
2024-01-20 21:57:47,931:INFO:Inc_Learning:556: Accuracy of task-id detection after task 2:  92.13%
2024-01-20 21:57:47,932:INFO:Inc_Learning:562: Accuracy (Oracle) for task 0 =  79.40%
2024-01-20 21:57:47,932:INFO:Inc_Learning:566: Accuracy of task 0 =  78.21%
2024-01-20 21:57:47,932:INFO:Inc_Learning:562: Accuracy (Oracle) for task 1 =  78.49%
2024-01-20 21:57:47,932:INFO:Inc_Learning:566: Accuracy of task 1 =  41.22%
2024-01-20 21:57:47,932:INFO:Inc_Learning:562: Accuracy (Oracle) for task 2 =  51.92%
2024-01-20 21:57:47,932:INFO:Inc_Learning:566: Accuracy of task 2 =  46.69%
2024-01-20 21:57:47,940:INFO:Inc_Learning:692: The incremental learning phase for task 2 is finished!
2024-01-20 21:57:47,940:INFO:Inc_Learning:557: Estimated remaining time: 7 minutes and 25 seconds
2024-01-20 21:57:47,940:INFO:Inc_Learning:681: The incremental learning phase for task 3 is started ...
2024-01-20 21:57:47,940:INFO:Inc_Learning:322: Prefixes are copied from task 2.
2024-01-20 21:57:47,941:INFO:Inc_Learning:269: The PredictionNet is copied from the previous task.
2024-01-20 21:57:47,970:INFO:Inc_Learning:142: The session file "data/index_list/cub200/num_base_classes=100,num_tasks=11,num_shots=5,seed=41/train_samples_for_task=4.txt" is loaded!
2024-01-20 21:57:48,001:INFO:Inc_Learning:142: The session file "data/index_list/cub200/num_base_classes=100,num_tasks=11,num_shots=5,seed=41/test_samples_for_task=4.txt" is loaded!
2024-01-20 21:57:50,403:INFO:Inc_Learning:213: Epoch: 1/10
2024-01-20 21:57:52,053:INFO:Inc_Learning:256: Epoch 1/10 Train Accuracy:  86.00%
2024-01-20 21:57:52,054:INFO:Inc_Learning:257: Epoch 1/10 Average Loss: 0.7077650427818298 / MA Loss: 0.7077650427818298
2024-01-20 21:57:52,054:INFO:Inc_Learning:213: Epoch: 2/10
2024-01-20 21:57:53,772:INFO:Inc_Learning:256: Epoch 2/10 Train Accuracy:  86.00%
2024-01-20 21:57:53,772:INFO:Inc_Learning:257: Epoch 2/10 Average Loss: 0.7120734453201294 / MA Loss: 0.7099192440509796
2024-01-20 21:57:53,772:INFO:Inc_Learning:213: Epoch: 3/10
2024-01-20 21:57:55,459:INFO:Inc_Learning:256: Epoch 3/10 Train Accuracy:  88.00%
2024-01-20 21:57:55,459:INFO:Inc_Learning:257: Epoch 3/10 Average Loss: 0.7126244306564331 / MA Loss: 0.7108209729194641
2024-01-20 21:57:55,459:INFO:Inc_Learning:213: Epoch: 4/10
2024-01-20 21:57:57,153:INFO:Inc_Learning:256: Epoch 4/10 Train Accuracy:  84.00%
2024-01-20 21:57:57,153:INFO:Inc_Learning:257: Epoch 4/10 Average Loss: 0.6381859183311462 / MA Loss: 0.6926622092723846
2024-01-20 21:57:57,153:INFO:Inc_Learning:213: Epoch: 5/10
2024-01-20 21:57:58,819:INFO:Inc_Learning:256: Epoch 5/10 Train Accuracy:  84.00%
2024-01-20 21:57:58,819:INFO:Inc_Learning:257: Epoch 5/10 Average Loss: 0.7255327105522156 / MA Loss: 0.6992363095283508
2024-01-20 21:57:58,819:INFO:Inc_Learning:213: Epoch: 6/10
2024-01-20 21:58:00,522:INFO:Inc_Learning:256: Epoch 6/10 Train Accuracy:  90.00%
2024-01-20 21:58:00,522:INFO:Inc_Learning:257: Epoch 6/10 Average Loss: 0.5285370945930481 / MA Loss: 0.670786440372467
2024-01-20 21:58:00,523:INFO:Inc_Learning:213: Epoch: 7/10
2024-01-20 21:58:02,234:INFO:Inc_Learning:256: Epoch 7/10 Train Accuracy:  96.00%
2024-01-20 21:58:02,234:INFO:Inc_Learning:257: Epoch 7/10 Average Loss: 0.49396517872810364 / MA Loss: 0.645526260137558
2024-01-20 21:58:02,234:INFO:Inc_Learning:213: Epoch: 8/10
2024-01-20 21:58:03,992:INFO:Inc_Learning:256: Epoch 8/10 Train Accuracy:  96.00%
2024-01-20 21:58:03,993:INFO:Inc_Learning:257: Epoch 8/10 Average Loss: 0.5264413952827454 / MA Loss: 0.6306406520307064
2024-01-20 21:58:03,993:INFO:Inc_Learning:213: Epoch: 9/10
2024-01-20 21:58:05,680:INFO:Inc_Learning:256: Epoch 9/10 Train Accuracy:  92.00%
2024-01-20 21:58:05,680:INFO:Inc_Learning:257: Epoch 9/10 Average Loss: 0.4848247468471527 / MA Loss: 0.6144388847880893
2024-01-20 21:58:05,680:INFO:Inc_Learning:213: Epoch: 10/10
2024-01-20 21:58:07,434:INFO:Inc_Learning:256: Epoch 10/10 Train Accuracy:  88.00%
2024-01-20 21:58:07,434:INFO:Inc_Learning:257: Epoch 10/10 Average Loss: 0.5333849191665649 / MA Loss: 0.6063334882259369
2024-01-20 21:58:07,481:INFO:Inc_Learning:576: Statistics for task identification ...
2024-01-20 21:58:09,092:INFO:Inc_Learning:270: The pseudo-labeling phase is started ...
2024-01-20 21:58:48,267:INFO:Inc_Learning:351: The training of the PredictionNet is started.
2024-01-20 21:58:48,580:INFO:Inc_Learning:463: Epoch: 000/500, MA loss: 0.043086934834718704
2024-01-20 21:58:48,623:INFO:Inc_Learning:463: Epoch: 050/500, MA loss: 0.0001220990947331302
2024-01-20 21:58:48,666:INFO:Inc_Learning:463: Epoch: 100/500, MA loss: 7.529473691647581e-07
2024-01-20 21:58:48,710:INFO:Inc_Learning:463: Epoch: 150/500, MA loss: 4.379168205836948e-09
2024-01-20 21:58:48,753:INFO:Inc_Learning:463: Epoch: 200/500, MA loss: 2.462958257481995e-11
2024-01-20 21:58:48,797:INFO:Inc_Learning:463: Epoch: 250/500, MA loss: 1.3712564544683496e-13
2024-01-20 21:58:48,840:INFO:Inc_Learning:463: Epoch: 300/500, MA loss: 3.775688309226588e-09
2024-01-20 21:58:48,883:INFO:Inc_Learning:463: Epoch: 350/500, MA loss: 2.8547851647735267e-11
2024-01-20 21:58:48,927:INFO:Inc_Learning:463: Epoch: 400/500, MA loss: 2.4921935175281627e-13
2024-01-20 21:58:48,970:INFO:Inc_Learning:463: Epoch: 450/500, MA loss: 6.50752471909044e-09
2024-01-20 21:58:49,012:INFO:Inc_Learning:463: Epoch: 499/500, MA loss: 2.6736512448444216e-09
2024-01-20 21:58:49,012:INFO:Inc_Learning:576: Statistics for task identification ...
2024-01-20 21:58:49,374:INFO:Inc_Learning:496: Evaluating the test set after task 3 ...
2024-01-20 21:59:34,367:INFO:Inc_Learning:544: Evaluation Accuracy (oracle) after task 3:  74.92%
2024-01-20 21:59:34,367:INFO:Inc_Learning:555: Evaluation Accuracy after task 3:  68.62%
2024-01-20 21:59:34,367:INFO:Inc_Learning:556: Accuracy of task-id detection after task 3:  88.76%
2024-01-20 21:59:34,367:INFO:Inc_Learning:562: Accuracy (Oracle) for task 0 =  79.43%
2024-01-20 21:59:34,368:INFO:Inc_Learning:566: Accuracy of task 0 =  76.89%
2024-01-20 21:59:34,368:INFO:Inc_Learning:562: Accuracy (Oracle) for task 1 =  78.49%
2024-01-20 21:59:34,368:INFO:Inc_Learning:566: Accuracy of task 1 =  40.50%
2024-01-20 21:59:34,368:INFO:Inc_Learning:562: Accuracy (Oracle) for task 2 =  52.96%
2024-01-20 21:59:34,368:INFO:Inc_Learning:566: Accuracy of task 2 =  41.81%
2024-01-20 21:59:34,368:INFO:Inc_Learning:562: Accuracy (Oracle) for task 3 =  49.33%
2024-01-20 21:59:34,369:INFO:Inc_Learning:566: Accuracy of task 3 =  41.28%
2024-01-20 21:59:34,374:INFO:Inc_Learning:692: The incremental learning phase for task 3 is finished!
2024-01-20 21:59:34,375:INFO:Inc_Learning:557: Estimated remaining time: 7 minutes and 40 seconds
2024-01-20 21:59:34,375:INFO:Inc_Learning:681: The incremental learning phase for task 4 is started ...
2024-01-20 21:59:34,375:INFO:Inc_Learning:322: Prefixes are copied from task 3.
2024-01-20 21:59:34,375:INFO:Inc_Learning:269: The PredictionNet is copied from the previous task.
2024-01-20 21:59:34,402:INFO:Inc_Learning:142: The session file "data/index_list/cub200/num_base_classes=100,num_tasks=11,num_shots=5,seed=41/train_samples_for_task=5.txt" is loaded!
2024-01-20 21:59:34,437:INFO:Inc_Learning:142: The session file "data/index_list/cub200/num_base_classes=100,num_tasks=11,num_shots=5,seed=41/test_samples_for_task=5.txt" is loaded!
2024-01-20 21:59:37,020:INFO:Inc_Learning:213: Epoch: 1/10
2024-01-20 21:59:38,725:INFO:Inc_Learning:256: Epoch 1/10 Train Accuracy:  96.00%
2024-01-20 21:59:38,726:INFO:Inc_Learning:257: Epoch 1/10 Average Loss: 0.25847819447517395 / MA Loss: 0.25847819447517395
2024-01-20 21:59:38,726:INFO:Inc_Learning:213: Epoch: 2/10
2024-01-20 21:59:40,411:INFO:Inc_Learning:256: Epoch 2/10 Train Accuracy:  96.00%
2024-01-20 21:59:40,412:INFO:Inc_Learning:257: Epoch 2/10 Average Loss: 0.22767576575279236 / MA Loss: 0.24307698011398315
2024-01-20 21:59:40,412:INFO:Inc_Learning:213: Epoch: 3/10
2024-01-20 21:59:42,127:INFO:Inc_Learning:256: Epoch 3/10 Train Accuracy:  94.00%
2024-01-20 21:59:42,127:INFO:Inc_Learning:257: Epoch 3/10 Average Loss: 0.17541518807411194 / MA Loss: 0.2205230494340261
2024-01-20 21:59:42,127:INFO:Inc_Learning:213: Epoch: 4/10
2024-01-20 21:59:43,901:INFO:Inc_Learning:256: Epoch 4/10 Train Accuracy:  94.00%
2024-01-20 21:59:43,902:INFO:Inc_Learning:257: Epoch 4/10 Average Loss: 0.23505336046218872 / MA Loss: 0.22415562719106674
2024-01-20 21:59:43,902:INFO:Inc_Learning:213: Epoch: 5/10
2024-01-20 21:59:45,658:INFO:Inc_Learning:256: Epoch 5/10 Train Accuracy:  100.00%
2024-01-20 21:59:45,659:INFO:Inc_Learning:257: Epoch 5/10 Average Loss: 0.07856858521699905 / MA Loss: 0.19503821879625322
2024-01-20 21:59:45,659:INFO:Inc_Learning:213: Epoch: 6/10
2024-01-20 21:59:47,442:INFO:Inc_Learning:256: Epoch 6/10 Train Accuracy:  100.00%
2024-01-20 21:59:47,442:INFO:Inc_Learning:257: Epoch 6/10 Average Loss: 0.07031414657831192 / MA Loss: 0.17425087342659631
2024-01-20 21:59:47,442:INFO:Inc_Learning:213: Epoch: 7/10
2024-01-20 21:59:49,163:INFO:Inc_Learning:256: Epoch 7/10 Train Accuracy:  96.00%
2024-01-20 21:59:49,164:INFO:Inc_Learning:257: Epoch 7/10 Average Loss: 0.16284310817718506 / MA Loss: 0.17262119267668044
2024-01-20 21:59:49,164:INFO:Inc_Learning:213: Epoch: 8/10
2024-01-20 21:59:50,838:INFO:Inc_Learning:256: Epoch 8/10 Train Accuracy:  98.00%
2024-01-20 21:59:50,839:INFO:Inc_Learning:257: Epoch 8/10 Average Loss: 0.09714607149362564 / MA Loss: 0.16318680252879858
2024-01-20 21:59:50,839:INFO:Inc_Learning:213: Epoch: 9/10
2024-01-20 21:59:52,548:INFO:Inc_Learning:256: Epoch 9/10 Train Accuracy:  94.00%
2024-01-20 21:59:52,548:INFO:Inc_Learning:257: Epoch 9/10 Average Loss: 0.22347286343574524 / MA Loss: 0.16988525374068153
2024-01-20 21:59:52,548:INFO:Inc_Learning:213: Epoch: 10/10
2024-01-20 21:59:54,260:INFO:Inc_Learning:256: Epoch 10/10 Train Accuracy:  98.00%
2024-01-20 21:59:54,261:INFO:Inc_Learning:257: Epoch 10/10 Average Loss: 0.151426300406456 / MA Loss: 0.16803935840725898
2024-01-20 21:59:54,299:INFO:Inc_Learning:576: Statistics for task identification ...
2024-01-20 21:59:55,968:INFO:Inc_Learning:270: The pseudo-labeling phase is started ...
2024-01-20 22:00:45,584:INFO:Inc_Learning:351: The training of the PredictionNet is started.
2024-01-20 22:00:45,887:INFO:Inc_Learning:463: Epoch: 000/500, MA loss: 0.05884663388133049
2024-01-20 22:00:45,931:INFO:Inc_Learning:463: Epoch: 050/500, MA loss: 0.0001774065545760095
2024-01-20 22:00:45,974:INFO:Inc_Learning:463: Epoch: 100/500, MA loss: 1.1040989420507685e-06
2024-01-20 22:00:46,018:INFO:Inc_Learning:463: Epoch: 150/500, MA loss: 6.2591139826650984e-09
2024-01-20 22:00:46,062:INFO:Inc_Learning:463: Epoch: 200/500, MA loss: 3.513837415480836e-11
2024-01-20 22:00:46,106:INFO:Inc_Learning:463: Epoch: 250/500, MA loss: 1.9180453395255953e-13
2024-01-20 22:00:46,150:INFO:Inc_Learning:463: Epoch: 300/500, MA loss: 1.4431397424832435e-15
2024-01-20 22:00:46,194:INFO:Inc_Learning:463: Epoch: 350/500, MA loss: 3.8243454188725915e-16
2024-01-20 22:00:46,238:INFO:Inc_Learning:463: Epoch: 400/500, MA loss: 3.886313211093193e-16
2024-01-20 22:00:46,282:INFO:Inc_Learning:463: Epoch: 450/500, MA loss: 4.0062052190628824e-16
2024-01-20 22:00:46,325:INFO:Inc_Learning:463: Epoch: 499/500, MA loss: 4.512237366010501e-16
2024-01-20 22:00:46,325:INFO:Inc_Learning:576: Statistics for task identification ...
2024-01-20 22:00:46,671:INFO:Inc_Learning:496: Evaluating the test set after task 4 ...
2024-01-20 22:01:42,884:INFO:Inc_Learning:544: Evaluation Accuracy (oracle) after task 4:  74.98%
2024-01-20 22:01:42,884:INFO:Inc_Learning:555: Evaluation Accuracy after task 4:  66.34%
2024-01-20 22:01:42,884:INFO:Inc_Learning:556: Accuracy of task-id detection after task 4:  85.05%
2024-01-20 22:01:42,885:INFO:Inc_Learning:562: Accuracy (Oracle) for task 0 =  79.40%
2024-01-20 22:01:42,885:INFO:Inc_Learning:566: Accuracy of task 0 =  75.87%
2024-01-20 22:01:42,885:INFO:Inc_Learning:562: Accuracy (Oracle) for task 1 =  78.49%
2024-01-20 22:01:42,885:INFO:Inc_Learning:566: Accuracy of task 1 =  41.22%
2024-01-20 22:01:42,885:INFO:Inc_Learning:562: Accuracy (Oracle) for task 2 =  52.96%
2024-01-20 22:01:42,885:INFO:Inc_Learning:566: Accuracy of task 2 =  43.55%
2024-01-20 22:01:42,886:INFO:Inc_Learning:562: Accuracy (Oracle) for task 3 =  50.00%
2024-01-20 22:01:42,886:INFO:Inc_Learning:566: Accuracy of task 3 =  40.60%
2024-01-20 22:01:42,886:INFO:Inc_Learning:562: Accuracy (Oracle) for task 4 =  75.33%
2024-01-20 22:01:42,886:INFO:Inc_Learning:566: Accuracy of task 4 =  46.00%
2024-01-20 22:01:42,891:INFO:Inc_Learning:692: The incremental learning phase for task 4 is finished!
2024-01-20 22:01:42,891:INFO:Inc_Learning:557: Estimated remaining time: 7 minutes and 37 seconds
2024-01-20 22:01:42,892:INFO:Inc_Learning:681: The incremental learning phase for task 5 is started ...
2024-01-20 22:01:42,892:INFO:Inc_Learning:322: Prefixes are copied from task 4.
2024-01-20 22:01:42,892:INFO:Inc_Learning:269: The PredictionNet is copied from the previous task.
2024-01-20 22:01:42,929:INFO:Inc_Learning:142: The session file "data/index_list/cub200/num_base_classes=100,num_tasks=11,num_shots=5,seed=41/train_samples_for_task=6.txt" is loaded!
2024-01-20 22:01:42,963:INFO:Inc_Learning:142: The session file "data/index_list/cub200/num_base_classes=100,num_tasks=11,num_shots=5,seed=41/test_samples_for_task=6.txt" is loaded!
2024-01-20 22:01:45,532:INFO:Inc_Learning:213: Epoch: 1/10
2024-01-20 22:01:47,270:INFO:Inc_Learning:256: Epoch 1/10 Train Accuracy:  90.00%
2024-01-20 22:01:47,270:INFO:Inc_Learning:257: Epoch 1/10 Average Loss: 0.4282546937465668 / MA Loss: 0.4282546937465668
2024-01-20 22:01:47,271:INFO:Inc_Learning:213: Epoch: 2/10
2024-01-20 22:01:48,989:INFO:Inc_Learning:256: Epoch 2/10 Train Accuracy:  84.00%
2024-01-20 22:01:48,990:INFO:Inc_Learning:257: Epoch 2/10 Average Loss: 0.48884642124176025 / MA Loss: 0.4585505574941635
2024-01-20 22:01:48,990:INFO:Inc_Learning:213: Epoch: 3/10
2024-01-20 22:01:50,729:INFO:Inc_Learning:256: Epoch 3/10 Train Accuracy:  86.00%
2024-01-20 22:01:50,729:INFO:Inc_Learning:257: Epoch 3/10 Average Loss: 0.41973617672920227 / MA Loss: 0.44561243057250977
2024-01-20 22:01:50,729:INFO:Inc_Learning:213: Epoch: 4/10
2024-01-20 22:01:52,411:INFO:Inc_Learning:256: Epoch 4/10 Train Accuracy:  94.00%
2024-01-20 22:01:52,411:INFO:Inc_Learning:257: Epoch 4/10 Average Loss: 0.3806995749473572 / MA Loss: 0.4293842166662216
2024-01-20 22:01:52,411:INFO:Inc_Learning:213: Epoch: 5/10
2024-01-20 22:01:54,089:INFO:Inc_Learning:256: Epoch 5/10 Train Accuracy:  90.00%
2024-01-20 22:01:54,089:INFO:Inc_Learning:257: Epoch 5/10 Average Loss: 0.35363662242889404 / MA Loss: 0.4142346978187561
2024-01-20 22:01:54,089:INFO:Inc_Learning:213: Epoch: 6/10
2024-01-20 22:01:55,848:INFO:Inc_Learning:256: Epoch 6/10 Train Accuracy:  90.00%
2024-01-20 22:01:55,848:INFO:Inc_Learning:257: Epoch 6/10 Average Loss: 0.32909953594207764 / MA Loss: 0.400045504172643
2024-01-20 22:01:55,848:INFO:Inc_Learning:213: Epoch: 7/10
2024-01-20 22:01:57,452:INFO:Inc_Learning:256: Epoch 7/10 Train Accuracy:  92.00%
2024-01-20 22:01:57,453:INFO:Inc_Learning:257: Epoch 7/10 Average Loss: 0.33092495799064636 / MA Loss: 0.3901711404323578
2024-01-20 22:01:57,453:INFO:Inc_Learning:213: Epoch: 8/10
2024-01-20 22:01:59,134:INFO:Inc_Learning:256: Epoch 8/10 Train Accuracy:  100.00%
2024-01-20 22:01:59,135:INFO:Inc_Learning:257: Epoch 8/10 Average Loss: 0.19029727578163147 / MA Loss: 0.365186907351017
2024-01-20 22:01:59,135:INFO:Inc_Learning:213: Epoch: 9/10
2024-01-20 22:02:00,803:INFO:Inc_Learning:256: Epoch 9/10 Train Accuracy:  84.00%
2024-01-20 22:02:00,804:INFO:Inc_Learning:257: Epoch 9/10 Average Loss: 0.3991060256958008 / MA Loss: 0.36895569827821517
2024-01-20 22:02:00,804:INFO:Inc_Learning:213: Epoch: 10/10
2024-01-20 22:02:02,563:INFO:Inc_Learning:256: Epoch 10/10 Train Accuracy:  98.00%
2024-01-20 22:02:02,563:INFO:Inc_Learning:257: Epoch 10/10 Average Loss: 0.22187934815883636 / MA Loss: 0.35424806326627734
2024-01-20 22:02:02,600:INFO:Inc_Learning:576: Statistics for task identification ...
2024-01-20 22:02:04,254:INFO:Inc_Learning:270: The pseudo-labeling phase is started ...
2024-01-20 22:03:05,099:INFO:Inc_Learning:351: The training of the PredictionNet is started.
2024-01-20 22:03:05,541:INFO:Inc_Learning:463: Epoch: 000/500, MA loss: 0.05779403820633888
2024-01-20 22:03:05,585:INFO:Inc_Learning:463: Epoch: 050/500, MA loss: 0.00016940240020630882
2024-01-20 22:03:05,629:INFO:Inc_Learning:463: Epoch: 100/500, MA loss: 1.045320254888793e-06
2024-01-20 22:03:05,672:INFO:Inc_Learning:463: Epoch: 150/500, MA loss: 5.941875746984237e-09
2024-01-20 22:03:05,716:INFO:Inc_Learning:463: Epoch: 200/500, MA loss: 3.3232817713002574e-11
2024-01-20 22:03:05,760:INFO:Inc_Learning:463: Epoch: 250/500, MA loss: 1.8013825972334682e-13
2024-01-20 22:03:05,803:INFO:Inc_Learning:463: Epoch: 300/500, MA loss: 1.521366570354408e-15
2024-01-20 22:03:05,847:INFO:Inc_Learning:463: Epoch: 350/500, MA loss: 5.4835929917629e-16
2024-01-20 22:03:05,890:INFO:Inc_Learning:463: Epoch: 400/500, MA loss: 5.792980457835242e-16
2024-01-20 22:03:05,934:INFO:Inc_Learning:463: Epoch: 450/500, MA loss: 1.3544108695695555e-09
2024-01-20 22:03:05,977:INFO:Inc_Learning:463: Epoch: 499/500, MA loss: 8.328125877810067e-09
2024-01-20 22:03:05,977:INFO:Inc_Learning:576: Statistics for task identification ...
2024-01-20 22:03:06,491:INFO:Inc_Learning:496: Evaluating the test set after task 5 ...
2024-01-20 22:04:14,735:INFO:Inc_Learning:544: Evaluation Accuracy (oracle) after task 5:  73.97%
2024-01-20 22:04:14,735:INFO:Inc_Learning:555: Evaluation Accuracy after task 5:  64.26%
2024-01-20 22:04:14,735:INFO:Inc_Learning:556: Accuracy of task-id detection after task 5:  83.29%
2024-01-20 22:04:14,735:INFO:Inc_Learning:562: Accuracy (Oracle) for task 0 =  79.22%
2024-01-20 22:04:14,736:INFO:Inc_Learning:566: Accuracy of task 0 =  75.14%
2024-01-20 22:04:14,736:INFO:Inc_Learning:562: Accuracy (Oracle) for task 1 =  78.14%
2024-01-20 22:04:14,736:INFO:Inc_Learning:566: Accuracy of task 1 =  39.78%
2024-01-20 22:04:14,736:INFO:Inc_Learning:562: Accuracy (Oracle) for task 2 =  53.66%
2024-01-20 22:04:14,736:INFO:Inc_Learning:566: Accuracy of task 2 =  41.46%
2024-01-20 22:04:14,736:INFO:Inc_Learning:562: Accuracy (Oracle) for task 3 =  51.68%
2024-01-20 22:04:14,737:INFO:Inc_Learning:566: Accuracy of task 3 =  41.95%
2024-01-20 22:04:14,737:INFO:Inc_Learning:562: Accuracy (Oracle) for task 4 =  77.33%
2024-01-20 22:04:14,737:INFO:Inc_Learning:566: Accuracy of task 4 =  47.33%
2024-01-20 22:04:14,737:INFO:Inc_Learning:562: Accuracy (Oracle) for task 5 =  58.05%
2024-01-20 22:04:14,737:INFO:Inc_Learning:566: Accuracy of task 5 =  43.96%
2024-01-20 22:04:14,741:INFO:Inc_Learning:692: The incremental learning phase for task 5 is finished!
2024-01-20 22:04:14,741:INFO:Inc_Learning:557: Estimated remaining time: 7 minutes and 15 seconds
2024-01-20 22:04:14,741:INFO:Inc_Learning:681: The incremental learning phase for task 6 is started ...
2024-01-20 22:04:14,741:INFO:Inc_Learning:322: Prefixes are copied from task 5.
2024-01-20 22:04:14,742:INFO:Inc_Learning:269: The PredictionNet is copied from the previous task.
2024-01-20 22:04:14,769:INFO:Inc_Learning:142: The session file "data/index_list/cub200/num_base_classes=100,num_tasks=11,num_shots=5,seed=41/train_samples_for_task=7.txt" is loaded!
2024-01-20 22:04:14,801:INFO:Inc_Learning:142: The session file "data/index_list/cub200/num_base_classes=100,num_tasks=11,num_shots=5,seed=41/test_samples_for_task=7.txt" is loaded!
2024-01-20 22:04:17,337:INFO:Inc_Learning:213: Epoch: 1/10
2024-01-20 22:04:19,043:INFO:Inc_Learning:256: Epoch 1/10 Train Accuracy:  82.00%
2024-01-20 22:04:19,044:INFO:Inc_Learning:257: Epoch 1/10 Average Loss: 0.5940412878990173 / MA Loss: 0.5940412878990173
2024-01-20 22:04:19,044:INFO:Inc_Learning:213: Epoch: 2/10
2024-01-20 22:04:20,756:INFO:Inc_Learning:256: Epoch 2/10 Train Accuracy:  78.00%
2024-01-20 22:04:20,756:INFO:Inc_Learning:257: Epoch 2/10 Average Loss: 0.7771798968315125 / MA Loss: 0.6856105923652649
2024-01-20 22:04:20,756:INFO:Inc_Learning:213: Epoch: 3/10
2024-01-20 22:04:22,483:INFO:Inc_Learning:256: Epoch 3/10 Train Accuracy:  88.00%
2024-01-20 22:04:22,483:INFO:Inc_Learning:257: Epoch 3/10 Average Loss: 0.41310667991638184 / MA Loss: 0.5947759548823038
2024-01-20 22:04:22,484:INFO:Inc_Learning:213: Epoch: 4/10
2024-01-20 22:04:24,151:INFO:Inc_Learning:256: Epoch 4/10 Train Accuracy:  78.00%
2024-01-20 22:04:24,151:INFO:Inc_Learning:257: Epoch 4/10 Average Loss: 0.5732669234275818 / MA Loss: 0.5893986970186234
2024-01-20 22:04:24,151:INFO:Inc_Learning:213: Epoch: 5/10
2024-01-20 22:04:25,855:INFO:Inc_Learning:256: Epoch 5/10 Train Accuracy:  88.00%
2024-01-20 22:04:25,855:INFO:Inc_Learning:257: Epoch 5/10 Average Loss: 0.4680701196193695 / MA Loss: 0.5651329815387726
2024-01-20 22:04:25,855:INFO:Inc_Learning:213: Epoch: 6/10
2024-01-20 22:04:27,571:INFO:Inc_Learning:256: Epoch 6/10 Train Accuracy:  94.00%
2024-01-20 22:04:27,572:INFO:Inc_Learning:257: Epoch 6/10 Average Loss: 0.39102694392204285 / MA Loss: 0.536115308602651
2024-01-20 22:04:27,572:INFO:Inc_Learning:213: Epoch: 7/10
2024-01-20 22:04:29,276:INFO:Inc_Learning:256: Epoch 7/10 Train Accuracy:  92.00%
2024-01-20 22:04:29,276:INFO:Inc_Learning:257: Epoch 7/10 Average Loss: 0.30598950386047363 / MA Loss: 0.5032401936394828
2024-01-20 22:04:29,277:INFO:Inc_Learning:213: Epoch: 8/10
2024-01-20 22:04:31,002:INFO:Inc_Learning:256: Epoch 8/10 Train Accuracy:  84.00%
2024-01-20 22:04:31,002:INFO:Inc_Learning:257: Epoch 8/10 Average Loss: 0.39089447259902954 / MA Loss: 0.4891969785094261
2024-01-20 22:04:31,003:INFO:Inc_Learning:213: Epoch: 9/10
2024-01-20 22:04:32,661:INFO:Inc_Learning:256: Epoch 9/10 Train Accuracy:  88.00%
2024-01-20 22:04:32,662:INFO:Inc_Learning:257: Epoch 9/10 Average Loss: 0.3918394446372986 / MA Loss: 0.4783794747458564
2024-01-20 22:04:32,662:INFO:Inc_Learning:213: Epoch: 10/10
2024-01-20 22:04:34,380:INFO:Inc_Learning:256: Epoch 10/10 Train Accuracy:  94.00%
2024-01-20 22:04:34,380:INFO:Inc_Learning:257: Epoch 10/10 Average Loss: 0.3247072696685791 / MA Loss: 0.46301225423812864
2024-01-20 22:04:34,426:INFO:Inc_Learning:576: Statistics for task identification ...
2024-01-20 22:04:36,000:INFO:Inc_Learning:270: The pseudo-labeling phase is started ...
2024-01-20 22:05:48,929:INFO:Inc_Learning:351: The training of the PredictionNet is started.
2024-01-20 22:05:49,337:INFO:Inc_Learning:463: Epoch: 000/500, MA loss: 0.04738175496459007
2024-01-20 22:05:49,381:INFO:Inc_Learning:463: Epoch: 050/500, MA loss: 0.00014420664811041207
2024-01-20 22:05:49,424:INFO:Inc_Learning:463: Epoch: 100/500, MA loss: 9.004663411360525e-07
2024-01-20 22:05:49,468:INFO:Inc_Learning:463: Epoch: 150/500, MA loss: 5.096933719528352e-09
2024-01-20 22:05:49,511:INFO:Inc_Learning:463: Epoch: 200/500, MA loss: 2.8195688318854993e-11
2024-01-20 22:05:49,554:INFO:Inc_Learning:463: Epoch: 250/500, MA loss: 1.5563556370859662e-13
2024-01-20 22:05:49,598:INFO:Inc_Learning:463: Epoch: 300/500, MA loss: 1.1333319627806056e-15
2024-01-20 22:05:49,642:INFO:Inc_Learning:463: Epoch: 350/500, MA loss: 3.3636034618701704e-16
2024-01-20 22:05:49,685:INFO:Inc_Learning:463: Epoch: 400/500, MA loss: 3.341452676796744e-16
2024-01-20 22:05:49,730:INFO:Inc_Learning:463: Epoch: 450/500, MA loss: 3.4661092186249587e-16
2024-01-20 22:05:49,773:INFO:Inc_Learning:463: Epoch: 499/500, MA loss: 3.670468966751402e-16
2024-01-20 22:05:49,773:INFO:Inc_Learning:576: Statistics for task identification ...
2024-01-20 22:05:50,235:INFO:Inc_Learning:496: Evaluating the test set after task 6 ...
2024-01-20 22:07:11,298:INFO:Inc_Learning:544: Evaluation Accuracy (oracle) after task 6:  73.21%
2024-01-20 22:07:11,299:INFO:Inc_Learning:555: Evaluation Accuracy after task 6:  63.05%
2024-01-20 22:07:11,299:INFO:Inc_Learning:556: Accuracy of task-id detection after task 6:  82.10%
2024-01-20 22:07:11,299:INFO:Inc_Learning:562: Accuracy (Oracle) for task 0 =  79.19%
2024-01-20 22:07:11,299:INFO:Inc_Learning:566: Accuracy of task 0 =  73.88%
2024-01-20 22:07:11,300:INFO:Inc_Learning:562: Accuracy (Oracle) for task 1 =  78.49%
2024-01-20 22:07:11,300:INFO:Inc_Learning:566: Accuracy of task 1 =  40.50%
2024-01-20 22:07:11,300:INFO:Inc_Learning:562: Accuracy (Oracle) for task 2 =  52.96%
2024-01-20 22:07:11,300:INFO:Inc_Learning:566: Accuracy of task 2 =  40.77%
2024-01-20 22:07:11,300:INFO:Inc_Learning:562: Accuracy (Oracle) for task 3 =  50.00%
2024-01-20 22:07:11,300:INFO:Inc_Learning:566: Accuracy of task 3 =  41.28%
2024-01-20 22:07:11,301:INFO:Inc_Learning:562: Accuracy (Oracle) for task 4 =  75.67%
2024-01-20 22:07:11,301:INFO:Inc_Learning:566: Accuracy of task 4 =  49.67%
2024-01-20 22:07:11,301:INFO:Inc_Learning:562: Accuracy (Oracle) for task 5 =  58.72%
2024-01-20 22:07:11,301:INFO:Inc_Learning:566: Accuracy of task 5 =  44.30%
2024-01-20 22:07:11,301:INFO:Inc_Learning:562: Accuracy (Oracle) for task 6 =  65.28%
2024-01-20 22:07:11,301:INFO:Inc_Learning:566: Accuracy of task 6 =  55.21%
2024-01-20 22:07:11,314:INFO:Inc_Learning:692: The incremental learning phase for task 6 is finished!
2024-01-20 22:07:11,315:INFO:Inc_Learning:557: Estimated remaining time: 6 minutes and 33 seconds
2024-01-20 22:07:11,315:INFO:Inc_Learning:681: The incremental learning phase for task 7 is started ...
2024-01-20 22:07:11,315:INFO:Inc_Learning:322: Prefixes are copied from task 6.
2024-01-20 22:07:11,316:INFO:Inc_Learning:269: The PredictionNet is copied from the previous task.
2024-01-20 22:07:11,343:INFO:Inc_Learning:142: The session file "data/index_list/cub200/num_base_classes=100,num_tasks=11,num_shots=5,seed=41/train_samples_for_task=8.txt" is loaded!
2024-01-20 22:07:11,374:INFO:Inc_Learning:142: The session file "data/index_list/cub200/num_base_classes=100,num_tasks=11,num_shots=5,seed=41/test_samples_for_task=8.txt" is loaded!
2024-01-20 22:07:13,976:INFO:Inc_Learning:213: Epoch: 1/10
2024-01-20 22:07:15,678:INFO:Inc_Learning:256: Epoch 1/10 Train Accuracy:  74.00%
2024-01-20 22:07:15,678:INFO:Inc_Learning:257: Epoch 1/10 Average Loss: 0.7521948218345642 / MA Loss: 0.7521948218345642
2024-01-20 22:07:15,679:INFO:Inc_Learning:213: Epoch: 2/10
2024-01-20 22:07:17,326:INFO:Inc_Learning:256: Epoch 2/10 Train Accuracy:  70.00%
2024-01-20 22:07:17,327:INFO:Inc_Learning:257: Epoch 2/10 Average Loss: 0.8813893795013428 / MA Loss: 0.8167921006679535
2024-01-20 22:07:17,327:INFO:Inc_Learning:213: Epoch: 3/10
2024-01-20 22:07:19,032:INFO:Inc_Learning:256: Epoch 3/10 Train Accuracy:  84.00%
2024-01-20 22:07:19,032:INFO:Inc_Learning:257: Epoch 3/10 Average Loss: 0.6937223672866821 / MA Loss: 0.7757688562075297
2024-01-20 22:07:19,033:INFO:Inc_Learning:213: Epoch: 4/10
2024-01-20 22:07:20,737:INFO:Inc_Learning:256: Epoch 4/10 Train Accuracy:  88.00%
2024-01-20 22:07:20,738:INFO:Inc_Learning:257: Epoch 4/10 Average Loss: 0.45207637548446655 / MA Loss: 0.6948457360267639
2024-01-20 22:07:20,738:INFO:Inc_Learning:213: Epoch: 5/10
2024-01-20 22:07:22,442:INFO:Inc_Learning:256: Epoch 5/10 Train Accuracy:  86.00%
2024-01-20 22:07:22,442:INFO:Inc_Learning:257: Epoch 5/10 Average Loss: 0.5181896686553955 / MA Loss: 0.6595145225524902
2024-01-20 22:07:22,442:INFO:Inc_Learning:213: Epoch: 6/10
2024-01-20 22:07:24,123:INFO:Inc_Learning:256: Epoch 6/10 Train Accuracy:  88.00%
2024-01-20 22:07:24,123:INFO:Inc_Learning:257: Epoch 6/10 Average Loss: 0.5054988265037537 / MA Loss: 0.6338452398777008
2024-01-20 22:07:24,124:INFO:Inc_Learning:213: Epoch: 7/10
2024-01-20 22:07:25,795:INFO:Inc_Learning:256: Epoch 7/10 Train Accuracy:  92.00%
2024-01-20 22:07:25,796:INFO:Inc_Learning:257: Epoch 7/10 Average Loss: 0.47649070620536804 / MA Loss: 0.6113660207816533
2024-01-20 22:07:25,796:INFO:Inc_Learning:213: Epoch: 8/10
2024-01-20 22:07:27,459:INFO:Inc_Learning:256: Epoch 8/10 Train Accuracy:  90.00%
2024-01-20 22:07:27,459:INFO:Inc_Learning:257: Epoch 8/10 Average Loss: 0.4737570583820343 / MA Loss: 0.5941649004817009
2024-01-20 22:07:27,460:INFO:Inc_Learning:213: Epoch: 9/10
2024-01-20 22:07:29,185:INFO:Inc_Learning:256: Epoch 9/10 Train Accuracy:  90.00%
2024-01-20 22:07:29,185:INFO:Inc_Learning:257: Epoch 9/10 Average Loss: 0.3411312401294708 / MA Loss: 0.5660500493314531
2024-01-20 22:07:29,185:INFO:Inc_Learning:213: Epoch: 10/10
2024-01-20 22:07:31,027:INFO:Inc_Learning:256: Epoch 10/10 Train Accuracy:  92.00%
2024-01-20 22:07:31,028:INFO:Inc_Learning:257: Epoch 10/10 Average Loss: 0.42715564370155334 / MA Loss: 0.5521606087684632
2024-01-20 22:07:31,074:INFO:Inc_Learning:576: Statistics for task identification ...
2024-01-20 22:07:32,685:INFO:Inc_Learning:270: The pseudo-labeling phase is started ...
2024-01-20 22:08:59,235:INFO:Inc_Learning:351: The training of the PredictionNet is started.
2024-01-20 22:08:59,653:INFO:Inc_Learning:463: Epoch: 000/500, MA loss: 0.05095706880092621
2024-01-20 22:08:59,697:INFO:Inc_Learning:463: Epoch: 050/500, MA loss: 0.0001468641101382673
2024-01-20 22:08:59,741:INFO:Inc_Learning:463: Epoch: 100/500, MA loss: 9.392381514317095e-07
2024-01-20 22:08:59,785:INFO:Inc_Learning:463: Epoch: 150/500, MA loss: 5.367545519163741e-09
2024-01-20 22:08:59,829:INFO:Inc_Learning:463: Epoch: 200/500, MA loss: 2.973477332413044e-11
2024-01-20 22:08:59,873:INFO:Inc_Learning:463: Epoch: 250/500, MA loss: 1.6630066735582455e-13
2024-01-20 22:08:59,917:INFO:Inc_Learning:463: Epoch: 300/500, MA loss: 1.198618070099547e-15
2024-01-20 22:08:59,961:INFO:Inc_Learning:463: Epoch: 350/500, MA loss: 3.522187246656166e-16
2024-01-20 22:09:00,006:INFO:Inc_Learning:463: Epoch: 400/500, MA loss: 3.364770937969283e-16
2024-01-20 22:09:00,049:INFO:Inc_Learning:463: Epoch: 450/500, MA loss: 6.531583163910115e-09
2024-01-20 22:09:00,092:INFO:Inc_Learning:463: Epoch: 499/500, MA loss: 5.883884861002109e-08
2024-01-20 22:09:00,093:INFO:Inc_Learning:576: Statistics for task identification ...
2024-01-20 22:09:00,563:INFO:Inc_Learning:496: Evaluating the test set after task 7 ...
2024-01-20 22:10:36,091:INFO:Inc_Learning:544: Evaluation Accuracy (oracle) after task 7:  73.26%
2024-01-20 22:10:36,092:INFO:Inc_Learning:555: Evaluation Accuracy after task 7:  62.43%
2024-01-20 22:10:36,092:INFO:Inc_Learning:556: Accuracy of task-id detection after task 7:  81.16%
2024-01-20 22:10:36,092:INFO:Inc_Learning:562: Accuracy (Oracle) for task 0 =  79.47%
2024-01-20 22:10:36,092:INFO:Inc_Learning:566: Accuracy of task 0 =  73.08%
2024-01-20 22:10:36,092:INFO:Inc_Learning:562: Accuracy (Oracle) for task 1 =  78.49%
2024-01-20 22:10:36,092:INFO:Inc_Learning:566: Accuracy of task 1 =  39.07%
2024-01-20 22:10:36,093:INFO:Inc_Learning:562: Accuracy (Oracle) for task 2 =  52.61%
2024-01-20 22:10:36,093:INFO:Inc_Learning:566: Accuracy of task 2 =  39.72%
2024-01-20 22:10:36,093:INFO:Inc_Learning:562: Accuracy (Oracle) for task 3 =  50.34%
2024-01-20 22:10:36,093:INFO:Inc_Learning:566: Accuracy of task 3 =  42.28%
2024-01-20 22:10:36,093:INFO:Inc_Learning:562: Accuracy (Oracle) for task 4 =  76.33%
2024-01-20 22:10:36,093:INFO:Inc_Learning:566: Accuracy of task 4 =  50.00%
2024-01-20 22:10:36,094:INFO:Inc_Learning:562: Accuracy (Oracle) for task 5 =  58.72%
2024-01-20 22:10:36,094:INFO:Inc_Learning:566: Accuracy of task 5 =  46.31%
2024-01-20 22:10:36,094:INFO:Inc_Learning:562: Accuracy (Oracle) for task 6 =  65.28%
2024-01-20 22:10:36,094:INFO:Inc_Learning:566: Accuracy of task 6 =  54.17%
2024-01-20 22:10:36,094:INFO:Inc_Learning:562: Accuracy (Oracle) for task 7 =  70.71%
2024-01-20 22:10:36,094:INFO:Inc_Learning:566: Accuracy of task 7 =  60.61%
2024-01-20 22:10:36,106:INFO:Inc_Learning:692: The incremental learning phase for task 7 is finished!
2024-01-20 22:10:36,106:INFO:Inc_Learning:557: Estimated remaining time: 5 minutes and 30 seconds
2024-01-20 22:10:36,107:INFO:Inc_Learning:681: The incremental learning phase for task 8 is started ...
2024-01-20 22:10:36,107:INFO:Inc_Learning:322: Prefixes are copied from task 7.
2024-01-20 22:10:36,107:INFO:Inc_Learning:269: The PredictionNet is copied from the previous task.
2024-01-20 22:10:36,136:INFO:Inc_Learning:142: The session file "data/index_list/cub200/num_base_classes=100,num_tasks=11,num_shots=5,seed=41/train_samples_for_task=9.txt" is loaded!
2024-01-20 22:10:36,167:INFO:Inc_Learning:142: The session file "data/index_list/cub200/num_base_classes=100,num_tasks=11,num_shots=5,seed=41/test_samples_for_task=9.txt" is loaded!
2024-01-20 22:10:38,754:INFO:Inc_Learning:213: Epoch: 1/10
2024-01-20 22:10:40,436:INFO:Inc_Learning:256: Epoch 1/10 Train Accuracy:  88.00%
2024-01-20 22:10:40,436:INFO:Inc_Learning:257: Epoch 1/10 Average Loss: 0.4954089820384979 / MA Loss: 0.4954089820384979
2024-01-20 22:10:40,436:INFO:Inc_Learning:213: Epoch: 2/10
2024-01-20 22:10:42,147:INFO:Inc_Learning:256: Epoch 2/10 Train Accuracy:  94.00%
2024-01-20 22:10:42,147:INFO:Inc_Learning:257: Epoch 2/10 Average Loss: 0.404579758644104 / MA Loss: 0.44999437034130096
2024-01-20 22:10:42,147:INFO:Inc_Learning:213: Epoch: 3/10
2024-01-20 22:10:43,842:INFO:Inc_Learning:256: Epoch 3/10 Train Accuracy:  86.00%
2024-01-20 22:10:43,842:INFO:Inc_Learning:257: Epoch 3/10 Average Loss: 0.42917031049728394 / MA Loss: 0.443053017059962
2024-01-20 22:10:43,842:INFO:Inc_Learning:213: Epoch: 4/10
2024-01-20 22:10:45,583:INFO:Inc_Learning:256: Epoch 4/10 Train Accuracy:  88.00%
2024-01-20 22:10:45,584:INFO:Inc_Learning:257: Epoch 4/10 Average Loss: 0.5211536288261414 / MA Loss: 0.4625781700015068
2024-01-20 22:10:45,584:INFO:Inc_Learning:213: Epoch: 5/10
2024-01-20 22:10:47,313:INFO:Inc_Learning:256: Epoch 5/10 Train Accuracy:  82.00%
2024-01-20 22:10:47,313:INFO:Inc_Learning:257: Epoch 5/10 Average Loss: 0.5495496392250061 / MA Loss: 0.4799724638462067
2024-01-20 22:10:47,313:INFO:Inc_Learning:213: Epoch: 6/10
2024-01-20 22:10:48,928:INFO:Inc_Learning:256: Epoch 6/10 Train Accuracy:  90.00%
2024-01-20 22:10:48,928:INFO:Inc_Learning:257: Epoch 6/10 Average Loss: 0.4682111442089081 / MA Loss: 0.4780122439066569
2024-01-20 22:10:48,929:INFO:Inc_Learning:213: Epoch: 7/10
2024-01-20 22:10:50,770:INFO:Inc_Learning:256: Epoch 7/10 Train Accuracy:  90.00%
2024-01-20 22:10:50,770:INFO:Inc_Learning:257: Epoch 7/10 Average Loss: 0.39303046464920044 / MA Loss: 0.46587198972702026
2024-01-20 22:10:50,770:INFO:Inc_Learning:213: Epoch: 8/10
2024-01-20 22:10:52,494:INFO:Inc_Learning:256: Epoch 8/10 Train Accuracy:  92.00%
2024-01-20 22:10:52,494:INFO:Inc_Learning:257: Epoch 8/10 Average Loss: 0.28637611865997314 / MA Loss: 0.4434350058436394
2024-01-20 22:10:52,494:INFO:Inc_Learning:213: Epoch: 9/10
2024-01-20 22:10:54,216:INFO:Inc_Learning:256: Epoch 9/10 Train Accuracy:  90.00%
2024-01-20 22:10:54,216:INFO:Inc_Learning:257: Epoch 9/10 Average Loss: 0.42365580797195435 / MA Loss: 0.44123731719122994
2024-01-20 22:10:54,217:INFO:Inc_Learning:213: Epoch: 10/10
2024-01-20 22:10:55,909:INFO:Inc_Learning:256: Epoch 10/10 Train Accuracy:  90.00%
2024-01-20 22:10:55,909:INFO:Inc_Learning:257: Epoch 10/10 Average Loss: 0.3788700997829437 / MA Loss: 0.4350005954504013
2024-01-20 22:10:55,960:INFO:Inc_Learning:576: Statistics for task identification ...
2024-01-20 22:10:57,647:INFO:Inc_Learning:270: The pseudo-labeling phase is started ...
2024-01-20 22:12:38,841:INFO:Inc_Learning:351: The training of the PredictionNet is started.
2024-01-20 22:12:39,213:INFO:Inc_Learning:463: Epoch: 000/500, MA loss: 0.04696783423423767
2024-01-20 22:12:39,257:INFO:Inc_Learning:463: Epoch: 050/500, MA loss: 0.000139935189508833
2024-01-20 22:12:39,301:INFO:Inc_Learning:463: Epoch: 100/500, MA loss: 8.747037270495639e-07
2024-01-20 22:12:39,345:INFO:Inc_Learning:463: Epoch: 150/500, MA loss: 4.960540711529404e-09
2024-01-20 22:12:39,389:INFO:Inc_Learning:463: Epoch: 200/500, MA loss: 2.7028708611542827e-11
2024-01-20 22:12:39,433:INFO:Inc_Learning:463: Epoch: 250/500, MA loss: 1.5196012173200255e-13
2024-01-20 22:12:39,477:INFO:Inc_Learning:463: Epoch: 300/500, MA loss: 1.2105648345458585e-15
2024-01-20 22:12:39,522:INFO:Inc_Learning:463: Epoch: 350/500, MA loss: 4.525709190739136e-09
2024-01-20 22:12:39,567:INFO:Inc_Learning:463: Epoch: 400/500, MA loss: 2.974533900440557e-11
2024-01-20 22:12:39,611:INFO:Inc_Learning:463: Epoch: 450/500, MA loss: 2.006574281427189e-13
2024-01-20 22:12:39,655:INFO:Inc_Learning:463: Epoch: 499/500, MA loss: 7.290988940586722e-15
2024-01-20 22:12:39,655:INFO:Inc_Learning:576: Statistics for task identification ...
2024-01-20 22:12:40,081:INFO:Inc_Learning:496: Evaluating the test set after task 8 ...
2024-01-20 22:14:31,104:INFO:Inc_Learning:544: Evaluation Accuracy (oracle) after task 8:  73.01%
2024-01-20 22:14:31,106:INFO:Inc_Learning:555: Evaluation Accuracy after task 8:  60.89%
2024-01-20 22:14:31,107:INFO:Inc_Learning:556: Accuracy of task-id detection after task 8:  78.91%
2024-01-20 22:14:31,107:INFO:Inc_Learning:562: Accuracy (Oracle) for task 0 =  79.26%
2024-01-20 22:14:31,107:INFO:Inc_Learning:566: Accuracy of task 0 =  72.28%
2024-01-20 22:14:31,107:INFO:Inc_Learning:562: Accuracy (Oracle) for task 1 =  78.49%
2024-01-20 22:14:31,107:INFO:Inc_Learning:566: Accuracy of task 1 =  40.14%
2024-01-20 22:14:31,108:INFO:Inc_Learning:562: Accuracy (Oracle) for task 2 =  52.61%
2024-01-20 22:14:31,108:INFO:Inc_Learning:566: Accuracy of task 2 =  37.63%
2024-01-20 22:14:31,108:INFO:Inc_Learning:562: Accuracy (Oracle) for task 3 =  50.00%
2024-01-20 22:14:31,108:INFO:Inc_Learning:566: Accuracy of task 3 =  40.94%
2024-01-20 22:14:31,108:INFO:Inc_Learning:562: Accuracy (Oracle) for task 4 =  76.00%
2024-01-20 22:14:31,108:INFO:Inc_Learning:566: Accuracy of task 4 =  49.67%
2024-01-20 22:14:31,109:INFO:Inc_Learning:562: Accuracy (Oracle) for task 5 =  59.06%
2024-01-20 22:14:31,109:INFO:Inc_Learning:566: Accuracy of task 5 =  43.62%
2024-01-20 22:14:31,109:INFO:Inc_Learning:562: Accuracy (Oracle) for task 6 =  65.97%
2024-01-20 22:14:31,109:INFO:Inc_Learning:566: Accuracy of task 6 =  53.12%
2024-01-20 22:14:31,109:INFO:Inc_Learning:562: Accuracy (Oracle) for task 7 =  72.39%
2024-01-20 22:14:31,109:INFO:Inc_Learning:566: Accuracy of task 7 =  55.56%
2024-01-20 22:14:31,109:INFO:Inc_Learning:562: Accuracy (Oracle) for task 8 =  68.81%
2024-01-20 22:14:31,110:INFO:Inc_Learning:566: Accuracy of task 8 =  54.58%
2024-01-20 22:14:31,120:INFO:Inc_Learning:692: The incremental learning phase for task 8 is finished!
2024-01-20 22:14:31,120:INFO:Inc_Learning:557: Estimated remaining time: 4 minutes and 5 seconds
2024-01-20 22:14:31,120:INFO:Inc_Learning:681: The incremental learning phase for task 9 is started ...
2024-01-20 22:14:31,121:INFO:Inc_Learning:322: Prefixes are copied from task 8.
2024-01-20 22:14:31,121:INFO:Inc_Learning:269: The PredictionNet is copied from the previous task.
2024-01-20 22:14:31,148:INFO:Inc_Learning:142: The session file "data/index_list/cub200/num_base_classes=100,num_tasks=11,num_shots=5,seed=41/train_samples_for_task=10.txt" is loaded!
2024-01-20 22:14:31,182:INFO:Inc_Learning:142: The session file "data/index_list/cub200/num_base_classes=100,num_tasks=11,num_shots=5,seed=41/test_samples_for_task=10.txt" is loaded!
2024-01-20 22:14:33,827:INFO:Inc_Learning:213: Epoch: 1/10
2024-01-20 22:14:35,536:INFO:Inc_Learning:256: Epoch 1/10 Train Accuracy:  92.00%
2024-01-20 22:14:35,536:INFO:Inc_Learning:257: Epoch 1/10 Average Loss: 0.32986849546432495 / MA Loss: 0.32986849546432495
2024-01-20 22:14:35,536:INFO:Inc_Learning:213: Epoch: 2/10
2024-01-20 22:14:37,208:INFO:Inc_Learning:256: Epoch 2/10 Train Accuracy:  94.00%
2024-01-20 22:14:37,208:INFO:Inc_Learning:257: Epoch 2/10 Average Loss: 0.19755883514881134 / MA Loss: 0.26371366530656815
2024-01-20 22:14:37,208:INFO:Inc_Learning:213: Epoch: 3/10
2024-01-20 22:14:38,913:INFO:Inc_Learning:256: Epoch 3/10 Train Accuracy:  94.00%
2024-01-20 22:14:38,913:INFO:Inc_Learning:257: Epoch 3/10 Average Loss: 0.23721717298030853 / MA Loss: 0.25488150119781494
2024-01-20 22:14:38,913:INFO:Inc_Learning:213: Epoch: 4/10
2024-01-20 22:14:40,600:INFO:Inc_Learning:256: Epoch 4/10 Train Accuracy:  98.00%
2024-01-20 22:14:40,600:INFO:Inc_Learning:257: Epoch 4/10 Average Loss: 0.17146001756191254 / MA Loss: 0.23402613028883934
2024-01-20 22:14:40,600:INFO:Inc_Learning:213: Epoch: 5/10
2024-01-20 22:14:42,291:INFO:Inc_Learning:256: Epoch 5/10 Train Accuracy:  92.00%
2024-01-20 22:14:42,291:INFO:Inc_Learning:257: Epoch 5/10 Average Loss: 0.2031514197587967 / MA Loss: 0.22785118818283082
2024-01-20 22:14:42,292:INFO:Inc_Learning:213: Epoch: 6/10
2024-01-20 22:14:43,927:INFO:Inc_Learning:256: Epoch 6/10 Train Accuracy:  98.00%
2024-01-20 22:14:43,927:INFO:Inc_Learning:257: Epoch 6/10 Average Loss: 0.12456448376178741 / MA Loss: 0.21063673744599024
2024-01-20 22:14:43,928:INFO:Inc_Learning:213: Epoch: 7/10
2024-01-20 22:14:45,639:INFO:Inc_Learning:256: Epoch 7/10 Train Accuracy:  92.00%
2024-01-20 22:14:45,639:INFO:Inc_Learning:257: Epoch 7/10 Average Loss: 0.27511170506477356 / MA Loss: 0.21984744710581644
2024-01-20 22:14:45,640:INFO:Inc_Learning:213: Epoch: 8/10
2024-01-20 22:14:47,369:INFO:Inc_Learning:256: Epoch 8/10 Train Accuracy:  100.00%
2024-01-20 22:14:47,370:INFO:Inc_Learning:257: Epoch 8/10 Average Loss: 0.06101910024881363 / MA Loss: 0.19999390374869108
2024-01-20 22:14:47,370:INFO:Inc_Learning:213: Epoch: 9/10
2024-01-20 22:14:49,017:INFO:Inc_Learning:256: Epoch 9/10 Train Accuracy:  100.00%
2024-01-20 22:14:49,017:INFO:Inc_Learning:257: Epoch 9/10 Average Loss: 0.06437182426452637 / MA Loss: 0.1849247838060061
2024-01-20 22:14:49,017:INFO:Inc_Learning:213: Epoch: 10/10
2024-01-20 22:14:50,687:INFO:Inc_Learning:256: Epoch 10/10 Train Accuracy:  100.00%
2024-01-20 22:14:50,688:INFO:Inc_Learning:257: Epoch 10/10 Average Loss: 0.07147476822137833 / MA Loss: 0.17357978224754333
2024-01-20 22:14:50,738:INFO:Inc_Learning:576: Statistics for task identification ...
2024-01-20 22:14:52,373:INFO:Inc_Learning:270: The pseudo-labeling phase is started ...
2024-01-20 22:16:49,078:INFO:Inc_Learning:351: The training of the PredictionNet is started.
2024-01-20 22:16:49,431:INFO:Inc_Learning:463: Epoch: 000/500, MA loss: 0.05119150131940842
2024-01-20 22:16:49,474:INFO:Inc_Learning:463: Epoch: 050/500, MA loss: 0.0001461072977690492
2024-01-20 22:16:49,518:INFO:Inc_Learning:463: Epoch: 100/500, MA loss: 9.492578158187825e-07
2024-01-20 22:16:49,562:INFO:Inc_Learning:463: Epoch: 150/500, MA loss: 5.554077575631311e-09
2024-01-20 22:16:49,606:INFO:Inc_Learning:463: Epoch: 200/500, MA loss: 3.003763435899254e-11
2024-01-20 22:16:49,650:INFO:Inc_Learning:463: Epoch: 250/500, MA loss: 1.7113163303431565e-13
2024-01-20 22:16:49,694:INFO:Inc_Learning:463: Epoch: 300/500, MA loss: 1.189325149874234e-15
2024-01-20 22:16:49,738:INFO:Inc_Learning:463: Epoch: 350/500, MA loss: 3.497387630737998e-16
2024-01-20 22:16:49,782:INFO:Inc_Learning:463: Epoch: 400/500, MA loss: 3.533923338126628e-16
2024-01-20 22:16:49,826:INFO:Inc_Learning:463: Epoch: 450/500, MA loss: 3.61415731644543e-16
2024-01-20 22:16:49,869:INFO:Inc_Learning:463: Epoch: 499/500, MA loss: 4.075182129512675e-16
2024-01-20 22:16:49,870:INFO:Inc_Learning:576: Statistics for task identification ...
2024-01-20 22:16:50,282:INFO:Inc_Learning:496: Evaluating the test set after task 9 ...
2024-01-20 22:18:57,822:INFO:Inc_Learning:544: Evaluation Accuracy (oracle) after task 9:  73.50%
2024-01-20 22:18:57,825:INFO:Inc_Learning:555: Evaluation Accuracy after task 9:  60.36%
2024-01-20 22:18:57,825:INFO:Inc_Learning:556: Accuracy of task-id detection after task 9:  78.01%
2024-01-20 22:18:57,825:INFO:Inc_Learning:562: Accuracy (Oracle) for task 0 =  79.33%
2024-01-20 22:18:57,825:INFO:Inc_Learning:566: Accuracy of task 0 =  71.79%
2024-01-20 22:18:57,826:INFO:Inc_Learning:562: Accuracy (Oracle) for task 1 =  78.85%
2024-01-20 22:18:57,826:INFO:Inc_Learning:566: Accuracy of task 1 =  37.99%
2024-01-20 22:18:57,826:INFO:Inc_Learning:562: Accuracy (Oracle) for task 2 =  52.61%
2024-01-20 22:18:57,826:INFO:Inc_Learning:566: Accuracy of task 2 =  36.24%
2024-01-20 22:18:57,826:INFO:Inc_Learning:562: Accuracy (Oracle) for task 3 =  50.00%
2024-01-20 22:18:57,826:INFO:Inc_Learning:566: Accuracy of task 3 =  40.60%
2024-01-20 22:18:57,827:INFO:Inc_Learning:562: Accuracy (Oracle) for task 4 =  76.00%
2024-01-20 22:18:57,827:INFO:Inc_Learning:566: Accuracy of task 4 =  51.00%
2024-01-20 22:18:57,827:INFO:Inc_Learning:562: Accuracy (Oracle) for task 5 =  57.72%
2024-01-20 22:18:57,827:INFO:Inc_Learning:566: Accuracy of task 5 =  43.62%
2024-01-20 22:18:57,827:INFO:Inc_Learning:562: Accuracy (Oracle) for task 6 =  65.28%
2024-01-20 22:18:57,827:INFO:Inc_Learning:566: Accuracy of task 6 =  51.39%
2024-01-20 22:18:57,828:INFO:Inc_Learning:562: Accuracy (Oracle) for task 7 =  71.38%
2024-01-20 22:18:57,828:INFO:Inc_Learning:566: Accuracy of task 7 =  56.90%
2024-01-20 22:18:57,828:INFO:Inc_Learning:562: Accuracy (Oracle) for task 8 =  69.49%
2024-01-20 22:18:57,828:INFO:Inc_Learning:566: Accuracy of task 8 =  53.56%
2024-01-20 22:18:57,828:INFO:Inc_Learning:562: Accuracy (Oracle) for task 9 =  83.68%
2024-01-20 22:18:57,828:INFO:Inc_Learning:566: Accuracy of task 9 =  59.38%
2024-01-20 22:18:57,836:INFO:Inc_Learning:692: The incremental learning phase for task 9 is finished!
2024-01-20 22:18:57,837:INFO:Inc_Learning:557: Estimated remaining time: 2 minutes and 15 seconds
2024-01-20 22:18:57,837:INFO:Inc_Learning:681: The incremental learning phase for task 10 is started ...
2024-01-20 22:18:57,837:INFO:Inc_Learning:322: Prefixes are copied from task 9.
2024-01-20 22:18:57,838:INFO:Inc_Learning:269: The PredictionNet is copied from the previous task.
2024-01-20 22:18:57,866:INFO:Inc_Learning:142: The session file "data/index_list/cub200/num_base_classes=100,num_tasks=11,num_shots=5,seed=41/train_samples_for_task=11.txt" is loaded!
2024-01-20 22:18:57,912:INFO:Inc_Learning:142: The session file "data/index_list/cub200/num_base_classes=100,num_tasks=11,num_shots=5,seed=41/test_samples_for_task=11.txt" is loaded!
2024-01-20 22:19:00,896:INFO:Inc_Learning:213: Epoch: 1/10
2024-01-20 22:19:02,509:INFO:Inc_Learning:256: Epoch 1/10 Train Accuracy:  84.00%
2024-01-20 22:19:02,510:INFO:Inc_Learning:257: Epoch 1/10 Average Loss: 0.36608684062957764 / MA Loss: 0.36608684062957764
2024-01-20 22:19:02,510:INFO:Inc_Learning:213: Epoch: 2/10
2024-01-20 22:19:04,182:INFO:Inc_Learning:256: Epoch 2/10 Train Accuracy:  98.00%
2024-01-20 22:19:04,182:INFO:Inc_Learning:257: Epoch 2/10 Average Loss: 0.1807466447353363 / MA Loss: 0.27341674268245697
2024-01-20 22:19:04,182:INFO:Inc_Learning:213: Epoch: 3/10
2024-01-20 22:19:05,898:INFO:Inc_Learning:256: Epoch 3/10 Train Accuracy:  86.00%
2024-01-20 22:19:05,899:INFO:Inc_Learning:257: Epoch 3/10 Average Loss: 0.4142126142978668 / MA Loss: 0.32034869988759357
2024-01-20 22:19:05,899:INFO:Inc_Learning:213: Epoch: 4/10
2024-01-20 22:19:07,662:INFO:Inc_Learning:256: Epoch 4/10 Train Accuracy:  92.00%
2024-01-20 22:19:07,663:INFO:Inc_Learning:257: Epoch 4/10 Average Loss: 0.32438763976097107 / MA Loss: 0.32135843485593796
2024-01-20 22:19:07,663:INFO:Inc_Learning:213: Epoch: 5/10
2024-01-20 22:19:09,345:INFO:Inc_Learning:256: Epoch 5/10 Train Accuracy:  98.00%
2024-01-20 22:19:09,346:INFO:Inc_Learning:257: Epoch 5/10 Average Loss: 0.16829082369804382 / MA Loss: 0.29074491262435914
2024-01-20 22:19:09,346:INFO:Inc_Learning:213: Epoch: 6/10
2024-01-20 22:19:11,099:INFO:Inc_Learning:256: Epoch 6/10 Train Accuracy:  94.00%
2024-01-20 22:19:11,099:INFO:Inc_Learning:257: Epoch 6/10 Average Loss: 0.2183249443769455 / MA Loss: 0.2786749179164569
2024-01-20 22:19:11,100:INFO:Inc_Learning:213: Epoch: 7/10
2024-01-20 22:19:12,831:INFO:Inc_Learning:256: Epoch 7/10 Train Accuracy:  98.00%
2024-01-20 22:19:12,831:INFO:Inc_Learning:257: Epoch 7/10 Average Loss: 0.12312895059585571 / MA Loss: 0.25645406544208527
2024-01-20 22:19:12,831:INFO:Inc_Learning:213: Epoch: 8/10
2024-01-20 22:19:14,539:INFO:Inc_Learning:256: Epoch 8/10 Train Accuracy:  98.00%
2024-01-20 22:19:14,539:INFO:Inc_Learning:257: Epoch 8/10 Average Loss: 0.14103196561336517 / MA Loss: 0.24202630296349525
2024-01-20 22:19:14,539:INFO:Inc_Learning:213: Epoch: 9/10
2024-01-20 22:19:16,192:INFO:Inc_Learning:256: Epoch 9/10 Train Accuracy:  96.00%
2024-01-20 22:19:16,192:INFO:Inc_Learning:257: Epoch 9/10 Average Loss: 0.20657318830490112 / MA Loss: 0.23808706800142923
2024-01-20 22:19:16,193:INFO:Inc_Learning:213: Epoch: 10/10
2024-01-20 22:19:17,944:INFO:Inc_Learning:256: Epoch 10/10 Train Accuracy:  90.00%
2024-01-20 22:19:17,945:INFO:Inc_Learning:257: Epoch 10/10 Average Loss: 0.27781593799591064 / MA Loss: 0.24205995500087737
2024-01-20 22:19:17,994:INFO:Inc_Learning:576: Statistics for task identification ...
2024-01-20 22:19:19,640:INFO:Inc_Learning:270: The pseudo-labeling phase is started ...
2024-01-20 22:21:33,257:INFO:Inc_Learning:351: The training of the PredictionNet is started.
2024-01-20 22:21:33,660:INFO:Inc_Learning:463: Epoch: 000/500, MA loss: 0.059363361448049545
2024-01-20 22:21:33,704:INFO:Inc_Learning:463: Epoch: 050/500, MA loss: 0.00017518678432679736
2024-01-20 22:21:33,748:INFO:Inc_Learning:463: Epoch: 100/500, MA loss: 1.1179442367392767e-06
2024-01-20 22:21:33,792:INFO:Inc_Learning:463: Epoch: 150/500, MA loss: 6.519331852139487e-09
2024-01-20 22:21:33,835:INFO:Inc_Learning:463: Epoch: 200/500, MA loss: 3.5044401408557135e-11
2024-01-20 22:21:33,879:INFO:Inc_Learning:463: Epoch: 250/500, MA loss: 1.966062553103269e-13
2024-01-20 22:21:33,923:INFO:Inc_Learning:463: Epoch: 300/500, MA loss: 1.3499328404783551e-15
2024-01-20 22:21:33,967:INFO:Inc_Learning:463: Epoch: 350/500, MA loss: 3.3159376092057207e-16
2024-01-20 22:21:34,011:INFO:Inc_Learning:463: Epoch: 400/500, MA loss: 3.235916103807782e-16
2024-01-20 22:21:34,055:INFO:Inc_Learning:463: Epoch: 450/500, MA loss: 3.6902318071278414e-16
2024-01-20 22:21:34,097:INFO:Inc_Learning:463: Epoch: 499/500, MA loss: 3.892405283808083e-16
2024-01-20 22:21:34,098:INFO:Inc_Learning:576: Statistics for task identification ...
2024-01-20 22:21:34,549:INFO:Inc_Learning:496: Evaluating the test set after task 10 ...
2024-01-20 22:23:59,984:INFO:Inc_Learning:544: Evaluation Accuracy (oracle) after task 10:  73.44%
2024-01-20 22:23:59,988:INFO:Inc_Learning:555: Evaluation Accuracy after task 10:  60.08%
2024-01-20 22:23:59,988:INFO:Inc_Learning:556: Accuracy of task-id detection after task 10:  77.44%
2024-01-20 22:23:59,988:INFO:Inc_Learning:562: Accuracy (Oracle) for task 0 =  79.40%
2024-01-20 22:23:59,988:INFO:Inc_Learning:566: Accuracy of task 0 =  71.40%
2024-01-20 22:23:59,988:INFO:Inc_Learning:562: Accuracy (Oracle) for task 1 =  78.49%
2024-01-20 22:23:59,988:INFO:Inc_Learning:566: Accuracy of task 1 =  37.99%
2024-01-20 22:23:59,989:INFO:Inc_Learning:562: Accuracy (Oracle) for task 2 =  52.61%
2024-01-20 22:23:59,989:INFO:Inc_Learning:566: Accuracy of task 2 =  37.98%
2024-01-20 22:23:59,989:INFO:Inc_Learning:562: Accuracy (Oracle) for task 3 =  50.67%
2024-01-20 22:23:59,989:INFO:Inc_Learning:566: Accuracy of task 3 =  37.92%
2024-01-20 22:23:59,989:INFO:Inc_Learning:562: Accuracy (Oracle) for task 4 =  75.33%
2024-01-20 22:23:59,989:INFO:Inc_Learning:566: Accuracy of task 4 =  49.33%
2024-01-20 22:23:59,989:INFO:Inc_Learning:562: Accuracy (Oracle) for task 5 =  58.39%
2024-01-20 22:23:59,990:INFO:Inc_Learning:566: Accuracy of task 5 =  45.64%
2024-01-20 22:23:59,990:INFO:Inc_Learning:562: Accuracy (Oracle) for task 6 =  65.62%
2024-01-20 22:23:59,990:INFO:Inc_Learning:566: Accuracy of task 6 =  52.43%
2024-01-20 22:23:59,990:INFO:Inc_Learning:562: Accuracy (Oracle) for task 7 =  71.38%
2024-01-20 22:23:59,990:INFO:Inc_Learning:566: Accuracy of task 7 =  56.23%
2024-01-20 22:23:59,990:INFO:Inc_Learning:562: Accuracy (Oracle) for task 8 =  68.47%
2024-01-20 22:23:59,991:INFO:Inc_Learning:566: Accuracy of task 8 =  55.59%
2024-01-20 22:23:59,991:INFO:Inc_Learning:562: Accuracy (Oracle) for task 9 =  84.03%
2024-01-20 22:23:59,991:INFO:Inc_Learning:566: Accuracy of task 9 =  60.42%
2024-01-20 22:23:59,991:INFO:Inc_Learning:562: Accuracy (Oracle) for task 10 =  71.67%
2024-01-20 22:23:59,991:INFO:Inc_Learning:566: Accuracy of task 10 =  56.00%
2024-01-20 22:23:59,998:INFO:Inc_Learning:692: The incremental learning phase for task 10 is finished!
2024-01-20 22:23:59,998:INFO:Inc_Learning:557: Estimated remaining time: 0 seconds
2024-01-20 22:23:59,998:INFO:Inc_Learning:703: Final accuracies after each incremental task:
2024-01-20 22:23:59,999:INFO:Inc_Learning:715: Task 0: 79.40
2024-01-20 22:23:59,999:INFO:Inc_Learning:715: Task 1: 75.82
2024-01-20 22:23:59,999:INFO:Inc_Learning:715: Task 2: 72.57
2024-01-20 22:23:59,999:INFO:Inc_Learning:715: Task 3: 68.62
2024-01-20 22:23:59,999:INFO:Inc_Learning:715: Task 4: 66.34
2024-01-20 22:23:59,999:INFO:Inc_Learning:715: Task 5: 64.26
2024-01-20 22:23:59,999:INFO:Inc_Learning:715: Task 6: 63.05
2024-01-20 22:23:59,999:INFO:Inc_Learning:715: Task 7: 62.43
2024-01-20 22:23:59,999:INFO:Inc_Learning:715: Task 8: 60.89
2024-01-20 22:23:59,999:INFO:Inc_Learning:715: Task 9: 60.36
2024-01-20 22:23:59,999:INFO:Inc_Learning:715: Task 10: 60.08
2024-01-20 22:23:59,999:INFO:Inc_Learning:720: The incremental learning phase is finished!
2024-01-20 22:23:59,999:INFO:Inc_Learning:721: The whole process took 29 minutes and 54 seconds
