2024-01-20 21:54:31,580:INFO:Inc_Learning:336: ('\nVersion Information: \n\tPyTorch: %s\n\tTorchVision: %s', '2.0.1+cu117', '0.15.2+cu117')
2024-01-20 21:54:31,588:INFO:Inc_Learning:369: class_permutation is loaded from the permutation file "data/index_list/cub200/num_base_classes=100,num_tasks=11,num_shots=5,seed=45/class_permutation.txt".
2024-01-20 21:54:32,665:WARNING:Inc_Learning:240: tqdm_enabled is set to False as the program is not running in the debug mode!
2024-01-20 21:54:33,085:INFO:Inc_Learning:566: The network was trained for 237 epochs, 0 iterations in phase supervised_learning
2024-01-20 21:54:33,136:INFO:Inc_Learning:643: We have loaded the head parameters from the saved file.
2024-01-20 21:54:33,136:INFO:Inc_Learning:651: We start from epoch 0, iteration 0
2024-01-20 21:54:33,136:INFO:Inc_Learning:663: File "/scratch/gx83/np9254/ROBUSTA-Saves/CUB-200/Phase_2,100_classes/P0P1P2,start_time=Date_2024-01-02,Time_09-50-53,seed=41-Best_Model.pt" is loaded
2024-01-20 21:54:33,193:INFO:Inc_Learning:285: --------------------------------------------------------------------- The given arguments ---------------------------------------------------------------------
2024-01-20 21:54:33,193:INFO:Inc_Learning:309: experiment_description = "Incremental learning,100 base classes"
2024-01-20 21:54:33,193:INFO:Inc_Learning:309: phase = "incremental_learning"
2024-01-20 21:54:33,193:INFO:Inc_Learning:303: Device = "cuda:0"
2024-01-20 21:54:33,193:INFO:Inc_Learning:307: seed = 45
2024-01-20 21:54:33,193:INFO:Inc_Learning:307: is_incremental = True
2024-01-20 21:54:33,193:INFO:Inc_Learning:307: debugging = False
2024-01-20 21:54:33,193:INFO:Inc_Learning:307: tqdm_enabled = False
2024-01-20 21:54:33,193:INFO:Inc_Learning:307: resume = False
2024-01-20 21:54:33,193:INFO:Inc_Learning:309: time_str = "Date_2024-01-20,Time_21-54-31"
2024-01-20 21:54:33,194:INFO:Inc_Learning:307: image_size = 224
2024-01-20 21:54:33,194:INFO:Inc_Learning:307: in_channels = 3
2024-01-20 21:54:33,194:INFO:Inc_Learning:307: batch_size_base = 160
2024-01-20 21:54:33,194:INFO:Inc_Learning:307: batch_size_test = 160
2024-01-20 21:54:33,194:INFO:Inc_Learning:307: batch_size_new = 0
2024-01-20 21:54:33,194:INFO:Inc_Learning:307: batch_size_fine_tuning = 0
2024-01-20 21:54:33,194:INFO:Inc_Learning:309: settings_file = "Experiments/CUB-200-2011/100_base_classes/5-shot/phase=3,seed=45.toml"
2024-01-20 21:54:33,194:INFO:Inc_Learning:309: directory_permutation_files = "data/index_list/cub200/num_base_classes=100,num_tasks=11,num_shots=5,seed=45"
2024-01-20 21:54:33,194:INFO:Inc_Learning:299: The network was previously trained for 0 epochs.
2024-01-20 21:54:33,194:INFO:Inc_Learning:301: The network was previously trained for 0 iterations.
2024-01-20 21:54:33,194:INFO:Inc_Learning:307: dino = False
2024-01-20 21:54:33,194:INFO:Inc_Learning:307: debugging_env = False
2024-01-20 21:54:33,194:INFO:Inc_Learning:309: model_type = "CCT-21/7x2"
2024-01-20 21:54:33,194:INFO:Inc_Learning:307: prediction_net_list = []
2024-01-20 21:54:33,194:INFO:Inc_Learning:314: 
configs_arch:  {
  model_type = "CCT-21/7x2"
  use_BatchNorm = True
  use_BatchNorm_for_patch_embeddings = True
  temperature_stochastic_classifier = 16.0
  temperature_cosine_classifier = 10.0
  PositionalEmbeddingType = "Learnable"
  dropout_rate_classifier_head = 0.0
  number_of_the_first_layers_to_be_frozen = 0
  classifer_head_type = "Stochastic"
}
2024-01-20 21:54:33,194:INFO:Inc_Learning:314: 
configs_dataset:  {
  dataroot = "/scratch/gx83/np9254/Datasets/FSCIL/CEC/"
  dataset_name = "cub200"
  num_workers = 16
  total_classes = 200
  num_base_classes = 100
  num_tasks = 11
  num_shots = 5
  drop_last_base = True
  num_ways = 10
}
2024-01-20 21:54:33,194:INFO:Inc_Learning:314: 
configs_logger:  {
  display_interval = 0.5
  display_freq = 50
  moving_average_capacity = 50
  log_file = "/scratch/gx83/np9254/ROBUSTA-Saves/CUB-200/Phase_3,100_classes/5-shot/Time=Date_2024-01-20,Time_21-54-31,Desc=Incremental learning,100 base classes,seed=45.log"
}
2024-01-20 21:54:33,194:INFO:Inc_Learning:314: 
configs_save:  {
  save_freq_epoch = 10
  save_freq_iter = 2000
  time_interval_to_save = 60
  root = "/scratch/gx83/np9254/ROBUSTA-Saves/CUB-200/Phase_3,100_classes/5-shot"
  input_file = "/scratch/gx83/np9254/ROBUSTA-Saves/CUB-200/Phase_2,100_classes/P0P1P2,start_time=Date_2024-01-02,Time_09-50-53,seed=41-Best_Model.pt"
  output_file = "P0P1P2P3,start_time=Date_2024-01-20,Time_21-54-31"
}
2024-01-20 21:54:33,194:INFO:Inc_Learning:314: 
configs_FSCIL:  {
  num_epochs = [5, 10, 10, 10, 10, 10, 10, 10, 10, 10, 10]
  update_mu = True
  fine_tune = True
  freeze_backbone = True
  freeze_batch_norm_layers = True
  freeze_non_batch_norm_layers = True
  use_delta_parameters_for_base_task = False
  use_prefixes_for_distance_calculations = True
  use_shared_covariance = True
  start_from_task = 0
  randomize_selected_classes = False
  use_cache_for_the_base_task = False
  tasks_or_classes_for_Mahalanobis_distance_calculations = "classes"
  enable_Mahalanobis_distance = True
  use_pseudo_labeled_samples_for_task_identification = [True, True, True, True, True, True, True, True, True, True, True]
  configs_PEFT = {
    prefix_seq_length = [10, 10, 10, 10, 10, 10, 10, 10, 10, 10, 10]
    number_of_layers_for_prefixes = [-1, -1, -1, -1, -1, -1, -1, -1, -1, -1, -1]
    fusion_mode = "last"
    prefix_or_prompt = "prefix"
  }  
  optimizer = {
    optimizer_name = "AdamW"
    lr_head = [0.01, 0.01, 0.01, 0.01, 0.01, 0.01, 0.01, 0.01, 0.01, 0.01, 0.01]
    lr_prefixes_or_prompts = [0.01, 0.01, 0.01, 0.01, 0.01, 0.01, 0.01, 0.01, 0.01, 0.01, 0.01]
    lr = [0.01, 0.01, 0.01, 0.01, 0.01, 0.01, 0.01, 0.01, 0.01, 0.01, 0.01]
    lr_backbone = [0.01, 0.01, 0.01, 0.01, 0.01, 0.01, 0.01, 0.01, 0.01, 0.01, 0.01]
    momentum = 0.9
    momentum2 = 0.999
    dampening = 0
    nesterov = True
    weight_decay = [1e-05, 1e-05, 1e-05, 1e-05, 1e-05, 1e-05, 1e-05, 1e-05, 1e-05, 1e-05, 1e-05]
  }  
  scheduler = {
    name = "ReduceLROnPlateau"
    mode = "min"
    factor = 0.25
    patience = 5
    cooldown = 0
    min_lr = 0
    verbose = True
    moving_average_capacity = 10
  }  
  evaluation = {
    ignore_logits_for_other_tasks = True
    stochastic = True
  }  
  PredictionNet = {
    enabled = True
    num_epochs = [500, 500, 500, 500, 500, 500, 500, 500, 500, 500, 500]
    separate_PredictionNet_for_each_task = True
    use_PredictionNet_for_this_task = [True, True, True, True, True, True, True, True, True, True, True]
    use_pseudo_labeled_test_samples = [False, True, True, True, True, True, True, True, True, True, True]
    batch_size_for_Pseudo_labelling = 100
    batch_size_for_PredictionNet = 100
    n_layers = 1
    size_hidden_layer = 384
    use_real_residual_connections = False
    dropout_rate = 0.0
    bias = True
    num_outliers = [8, 1, 1, 1, 1, 1, 1, 1, 1, 1, 1]
    display_freq = 50
    remember_from_previous_task = True
    use_the_best_model = False
    loss = "MSE"
    optimizer = {
      optimizer_name = "AdamW"
      lr = [0.001, 0.001, 0.001, 0.001, 0.001, 0.001, 0.001, 0.001, 0.001, 0.001, 0.001]
      momentum = 0.9
      momentum2 = 0.999
      dampening = 0.0
      nesterov = True
      weight_decay = [0.0, 0.0, 0.0, 0.0, 0.0, 0.0, 0.0, 0.0, 0.0, 0.0, 0.0]
    }    
    scheduler = {
      name = "ReduceLROnPlateau"
      mode = "min"
      factor = 0.25
      patience = 1000
      cooldown = 0
      min_lr = 0
      verbose = True
      moving_average_capacity = 10
    }    
  }  
}
2024-01-20 21:54:33,194:INFO:Inc_Learning:316: --------------------------------------------------------------------------------
2024-01-20 21:54:33,269:INFO:Inc_Learning:142: The session file "data/index_list/cub200/num_base_classes=100,num_tasks=11,num_shots=5,seed=45/train_samples_for_task=1.txt" is loaded!
2024-01-20 21:54:33,300:INFO:Inc_Learning:142: The session file "data/index_list/cub200/num_base_classes=100,num_tasks=11,num_shots=5,seed=45/test_samples_for_task=1.txt" is loaded!
2024-01-20 21:54:33,374:INFO:Inc_Learning:681: The incremental learning phase for task 0 is started ...
2024-01-20 21:54:33,399:INFO:Inc_Learning:142: The session file "data/index_list/cub200/num_base_classes=100,num_tasks=11,num_shots=5,seed=45/train_samples_for_task=1.txt" is loaded!
2024-01-20 21:54:33,423:INFO:Inc_Learning:142: The session file "data/index_list/cub200/num_base_classes=100,num_tasks=11,num_shots=5,seed=45/test_samples_for_task=1.txt" is loaded!
2024-01-20 21:54:33,460:INFO:Inc_Learning:576: Statistics for task identification ...
2024-01-20 21:54:44,587:INFO:Inc_Learning:270: The pseudo-labeling phase is started ...
2024-01-20 21:55:00,050:INFO:Inc_Learning:351: The training of the PredictionNet is started.
2024-01-20 21:55:08,597:INFO:Inc_Learning:463: Epoch: 000/500, MA loss: 0.07443715212866664
2024-01-20 21:55:09,284:INFO:Inc_Learning:463: Epoch: 050/500, MA loss: 0.015094286762177944
2024-01-20 21:55:09,968:INFO:Inc_Learning:463: Epoch: 100/500, MA loss: 0.013635009247809648
2024-01-20 21:55:10,652:INFO:Inc_Learning:463: Epoch: 150/500, MA loss: 0.013259804435074329
2024-01-20 21:55:11,337:INFO:Inc_Learning:463: Epoch: 200/500, MA loss: 0.012903635203838349
2024-01-20 21:55:12,022:INFO:Inc_Learning:463: Epoch: 250/500, MA loss: 0.012857360765337944
2024-01-20 21:55:12,710:INFO:Inc_Learning:463: Epoch: 300/500, MA loss: 0.0128705820068717
2024-01-20 21:55:13,395:INFO:Inc_Learning:463: Epoch: 350/500, MA loss: 0.01296126889064908
2024-01-20 21:55:14,082:INFO:Inc_Learning:463: Epoch: 400/500, MA loss: 0.012829967308789492
2024-01-20 21:55:14,776:INFO:Inc_Learning:463: Epoch: 450/500, MA loss: 0.012755437660962344
2024-01-20 21:55:15,448:INFO:Inc_Learning:463: Epoch: 499/500, MA loss: 0.012794406712055206
2024-01-20 21:55:15,448:INFO:Inc_Learning:576: Statistics for task identification ...
2024-01-20 21:55:29,080:INFO:Inc_Learning:496: Evaluating the test set after task 0 ...
2024-01-20 21:55:37,410:INFO:Inc_Learning:544: Evaluation Accuracy (oracle) after task 0:  79.43%
2024-01-20 21:55:37,411:INFO:Inc_Learning:562: Accuracy (Oracle) for task 0 =  79.43%
2024-01-20 21:55:37,426:INFO:Inc_Learning:692: The incremental learning phase for task 0 is finished!
2024-01-20 21:55:37,426:INFO:Inc_Learning:557: Estimated remaining time: 5 minutes and 20 seconds
2024-01-20 21:55:37,426:INFO:Inc_Learning:681: The incremental learning phase for task 1 is started ...
2024-01-20 21:55:37,426:INFO:Inc_Learning:318: Prefixes are randomly initialized for task 1.
2024-01-20 21:55:37,427:INFO:Inc_Learning:269: The PredictionNet is copied from the previous task.
2024-01-20 21:55:37,456:INFO:Inc_Learning:142: The session file "data/index_list/cub200/num_base_classes=100,num_tasks=11,num_shots=5,seed=45/train_samples_for_task=2.txt" is loaded!
2024-01-20 21:55:37,483:INFO:Inc_Learning:142: The session file "data/index_list/cub200/num_base_classes=100,num_tasks=11,num_shots=5,seed=45/test_samples_for_task=2.txt" is loaded!
2024-01-20 21:55:39,797:INFO:Inc_Learning:213: Epoch: 1/10
2024-01-20 21:55:41,587:INFO:Inc_Learning:256: Epoch 1/10 Train Accuracy:  94.00%
2024-01-20 21:55:41,587:INFO:Inc_Learning:257: Epoch 1/10 Average Loss: 0.2044009268283844 / MA Loss: 0.2044009268283844
2024-01-20 21:55:41,587:INFO:Inc_Learning:213: Epoch: 2/10
2024-01-20 21:55:43,315:INFO:Inc_Learning:256: Epoch 2/10 Train Accuracy:  92.00%
2024-01-20 21:55:43,316:INFO:Inc_Learning:257: Epoch 2/10 Average Loss: 0.21925142407417297 / MA Loss: 0.2118261754512787
2024-01-20 21:55:43,316:INFO:Inc_Learning:213: Epoch: 3/10
2024-01-20 21:55:45,153:INFO:Inc_Learning:256: Epoch 3/10 Train Accuracy:  98.00%
2024-01-20 21:55:45,153:INFO:Inc_Learning:257: Epoch 3/10 Average Loss: 0.15511439740657806 / MA Loss: 0.19292224943637848
2024-01-20 21:55:45,154:INFO:Inc_Learning:213: Epoch: 4/10
2024-01-20 21:55:46,741:INFO:Inc_Learning:256: Epoch 4/10 Train Accuracy:  98.00%
2024-01-20 21:55:46,741:INFO:Inc_Learning:257: Epoch 4/10 Average Loss: 0.09984895586967468 / MA Loss: 0.16965392604470253
2024-01-20 21:55:46,742:INFO:Inc_Learning:213: Epoch: 5/10
2024-01-20 21:55:48,463:INFO:Inc_Learning:256: Epoch 5/10 Train Accuracy:  96.00%
2024-01-20 21:55:48,464:INFO:Inc_Learning:257: Epoch 5/10 Average Loss: 0.1421394944190979 / MA Loss: 0.16415103971958162
2024-01-20 21:55:48,464:INFO:Inc_Learning:213: Epoch: 6/10
2024-01-20 21:55:50,140:INFO:Inc_Learning:256: Epoch 6/10 Train Accuracy:  94.00%
2024-01-20 21:55:50,141:INFO:Inc_Learning:257: Epoch 6/10 Average Loss: 0.18263237178325653 / MA Loss: 0.1672312617301941
2024-01-20 21:55:50,141:INFO:Inc_Learning:213: Epoch: 7/10
2024-01-20 21:55:51,764:INFO:Inc_Learning:256: Epoch 7/10 Train Accuracy:  100.00%
2024-01-20 21:55:51,765:INFO:Inc_Learning:257: Epoch 7/10 Average Loss: 0.05449109151959419 / MA Loss: 0.15112552312867983
2024-01-20 21:55:51,765:INFO:Inc_Learning:213: Epoch: 8/10
2024-01-20 21:55:53,459:INFO:Inc_Learning:256: Epoch 8/10 Train Accuracy:  96.00%
2024-01-20 21:55:53,460:INFO:Inc_Learning:257: Epoch 8/10 Average Loss: 0.15085314214229584 / MA Loss: 0.15109147550538182
2024-01-20 21:55:53,460:INFO:Inc_Learning:213: Epoch: 9/10
2024-01-20 21:55:55,129:INFO:Inc_Learning:256: Epoch 9/10 Train Accuracy:  100.00%
2024-01-20 21:55:55,129:INFO:Inc_Learning:257: Epoch 9/10 Average Loss: 0.047886013984680176 / MA Loss: 0.13962420200308165
2024-01-20 21:55:55,130:INFO:Inc_Learning:213: Epoch: 10/10
2024-01-20 21:55:56,923:INFO:Inc_Learning:256: Epoch 10/10 Train Accuracy:  96.00%
2024-01-20 21:55:56,924:INFO:Inc_Learning:257: Epoch 10/10 Average Loss: 0.1450796276330948 / MA Loss: 0.14016974456608294
2024-01-20 21:55:56,972:INFO:Inc_Learning:576: Statistics for task identification ...
2024-01-20 21:55:58,694:INFO:Inc_Learning:270: The pseudo-labeling phase is started ...
2024-01-20 21:56:20,930:INFO:Inc_Learning:351: The training of the PredictionNet is started.
2024-01-20 21:56:21,243:INFO:Inc_Learning:463: Epoch: 000/500, MA loss: 0.05118570476770401
2024-01-20 21:56:21,287:INFO:Inc_Learning:463: Epoch: 050/500, MA loss: 0.0001530702065792866
2024-01-20 21:56:21,330:INFO:Inc_Learning:463: Epoch: 100/500, MA loss: 9.764803223788476e-07
2024-01-20 21:56:21,373:INFO:Inc_Learning:463: Epoch: 150/500, MA loss: 5.602546671035214e-09
2024-01-20 21:56:21,416:INFO:Inc_Learning:463: Epoch: 200/500, MA loss: 3.0037228607171504e-11
2024-01-20 21:56:21,459:INFO:Inc_Learning:463: Epoch: 250/500, MA loss: 1.7098134973830837e-13
2024-01-20 21:56:21,502:INFO:Inc_Learning:463: Epoch: 300/500, MA loss: 1.3114809010410635e-15
2024-01-20 21:56:21,545:INFO:Inc_Learning:463: Epoch: 350/500, MA loss: 4.2103163630193068e-16
2024-01-20 21:56:21,588:INFO:Inc_Learning:463: Epoch: 400/500, MA loss: 4.482554155165158e-16
2024-01-20 21:56:21,631:INFO:Inc_Learning:463: Epoch: 450/500, MA loss: 4.731497985396144e-16
2024-01-20 21:56:21,673:INFO:Inc_Learning:463: Epoch: 499/500, MA loss: 5.221546091233481e-16
2024-01-20 21:56:21,673:INFO:Inc_Learning:576: Statistics for task identification ...
2024-01-20 21:56:22,042:INFO:Inc_Learning:496: Evaluating the test set after task 1 ...
2024-01-20 21:56:48,945:INFO:Inc_Learning:544: Evaluation Accuracy (oracle) after task 1:  79.54%
2024-01-20 21:56:48,945:INFO:Inc_Learning:555: Evaluation Accuracy after task 1:  76.14%
2024-01-20 21:56:48,946:INFO:Inc_Learning:556: Accuracy of task-id detection after task 1:  95.00%
2024-01-20 21:56:48,946:INFO:Inc_Learning:562: Accuracy (Oracle) for task 0 =  79.50%
2024-01-20 21:56:48,946:INFO:Inc_Learning:566: Accuracy of task 0 =  78.88%
2024-01-20 21:56:48,946:INFO:Inc_Learning:562: Accuracy (Oracle) for task 1 =  79.93%
2024-01-20 21:56:48,946:INFO:Inc_Learning:566: Accuracy of task 1 =  48.03%
2024-01-20 21:56:48,956:INFO:Inc_Learning:692: The incremental learning phase for task 1 is finished!
2024-01-20 21:56:48,957:INFO:Inc_Learning:557: Estimated remaining time: 6 minutes and 46 seconds
2024-01-20 21:56:48,957:INFO:Inc_Learning:681: The incremental learning phase for task 2 is started ...
2024-01-20 21:56:48,958:INFO:Inc_Learning:322: Prefixes are copied from task 1.
2024-01-20 21:56:48,958:INFO:Inc_Learning:269: The PredictionNet is copied from the previous task.
2024-01-20 21:56:48,984:INFO:Inc_Learning:142: The session file "data/index_list/cub200/num_base_classes=100,num_tasks=11,num_shots=5,seed=45/train_samples_for_task=3.txt" is loaded!
2024-01-20 21:56:49,011:INFO:Inc_Learning:142: The session file "data/index_list/cub200/num_base_classes=100,num_tasks=11,num_shots=5,seed=45/test_samples_for_task=3.txt" is loaded!
2024-01-20 21:56:51,259:INFO:Inc_Learning:213: Epoch: 1/10
2024-01-20 21:56:52,950:INFO:Inc_Learning:256: Epoch 1/10 Train Accuracy:  74.00%
2024-01-20 21:56:52,950:INFO:Inc_Learning:257: Epoch 1/10 Average Loss: 0.7132805585861206 / MA Loss: 0.7132805585861206
2024-01-20 21:56:52,950:INFO:Inc_Learning:213: Epoch: 2/10
2024-01-20 21:56:54,589:INFO:Inc_Learning:256: Epoch 2/10 Train Accuracy:  80.00%
2024-01-20 21:56:54,589:INFO:Inc_Learning:257: Epoch 2/10 Average Loss: 0.665677011013031 / MA Loss: 0.6894787847995758
2024-01-20 21:56:54,590:INFO:Inc_Learning:213: Epoch: 3/10
2024-01-20 21:56:56,378:INFO:Inc_Learning:256: Epoch 3/10 Train Accuracy:  86.00%
2024-01-20 21:56:56,378:INFO:Inc_Learning:257: Epoch 3/10 Average Loss: 0.6566293835639954 / MA Loss: 0.6785289843877157
2024-01-20 21:56:56,378:INFO:Inc_Learning:213: Epoch: 4/10
2024-01-20 21:56:58,064:INFO:Inc_Learning:256: Epoch 4/10 Train Accuracy:  82.00%
2024-01-20 21:56:58,064:INFO:Inc_Learning:257: Epoch 4/10 Average Loss: 0.5352100729942322 / MA Loss: 0.6426992565393448
2024-01-20 21:56:58,064:INFO:Inc_Learning:213: Epoch: 5/10
2024-01-20 21:56:59,771:INFO:Inc_Learning:256: Epoch 5/10 Train Accuracy:  88.00%
2024-01-20 21:56:59,771:INFO:Inc_Learning:257: Epoch 5/10 Average Loss: 0.5515750050544739 / MA Loss: 0.6244744062423706
2024-01-20 21:56:59,772:INFO:Inc_Learning:213: Epoch: 6/10
2024-01-20 21:57:01,587:INFO:Inc_Learning:256: Epoch 6/10 Train Accuracy:  92.00%
2024-01-20 21:57:01,587:INFO:Inc_Learning:257: Epoch 6/10 Average Loss: 0.47380077838897705 / MA Loss: 0.5993621349334717
2024-01-20 21:57:01,587:INFO:Inc_Learning:213: Epoch: 7/10
2024-01-20 21:57:03,328:INFO:Inc_Learning:256: Epoch 7/10 Train Accuracy:  92.00%
2024-01-20 21:57:03,328:INFO:Inc_Learning:257: Epoch 7/10 Average Loss: 0.38570117950439453 / MA Loss: 0.5688391413007464
2024-01-20 21:57:03,328:INFO:Inc_Learning:213: Epoch: 8/10
2024-01-20 21:57:05,018:INFO:Inc_Learning:256: Epoch 8/10 Train Accuracy:  90.00%
2024-01-20 21:57:05,018:INFO:Inc_Learning:257: Epoch 8/10 Average Loss: 0.4461043179035187 / MA Loss: 0.5534972883760929
2024-01-20 21:57:05,019:INFO:Inc_Learning:213: Epoch: 9/10
2024-01-20 21:57:06,679:INFO:Inc_Learning:256: Epoch 9/10 Train Accuracy:  96.00%
2024-01-20 21:57:06,679:INFO:Inc_Learning:257: Epoch 9/10 Average Loss: 0.3801969885826111 / MA Loss: 0.5342416995101504
2024-01-20 21:57:06,680:INFO:Inc_Learning:213: Epoch: 10/10
2024-01-20 21:57:08,290:INFO:Inc_Learning:256: Epoch 10/10 Train Accuracy:  92.00%
2024-01-20 21:57:08,291:INFO:Inc_Learning:257: Epoch 10/10 Average Loss: 0.3725384473800659 / MA Loss: 0.518071374297142
2024-01-20 21:57:08,336:INFO:Inc_Learning:576: Statistics for task identification ...
2024-01-20 21:57:09,958:INFO:Inc_Learning:270: The pseudo-labeling phase is started ...
2024-01-20 21:57:40,039:INFO:Inc_Learning:351: The training of the PredictionNet is started.
2024-01-20 21:57:40,410:INFO:Inc_Learning:463: Epoch: 000/500, MA loss: 0.05329408124089241
2024-01-20 21:57:40,452:INFO:Inc_Learning:463: Epoch: 050/500, MA loss: 0.0001613766566151753
2024-01-20 21:57:40,495:INFO:Inc_Learning:463: Epoch: 100/500, MA loss: 9.87755805681445e-07
2024-01-20 21:57:40,538:INFO:Inc_Learning:463: Epoch: 150/500, MA loss: 5.759982313335854e-09
2024-01-20 21:57:40,581:INFO:Inc_Learning:463: Epoch: 200/500, MA loss: 3.1065148370368335e-11
2024-01-20 21:57:40,624:INFO:Inc_Learning:463: Epoch: 250/500, MA loss: 1.768319384421336e-13
2024-01-20 21:57:40,667:INFO:Inc_Learning:463: Epoch: 300/500, MA loss: 1.3525872405647253e-15
2024-01-20 21:57:40,710:INFO:Inc_Learning:463: Epoch: 350/500, MA loss: 4.1636491092601106e-16
2024-01-20 21:57:40,753:INFO:Inc_Learning:463: Epoch: 400/500, MA loss: 3.9666724179392906e-16
2024-01-20 21:57:40,796:INFO:Inc_Learning:463: Epoch: 450/500, MA loss: 4.590820503584884e-16
2024-01-20 21:57:40,838:INFO:Inc_Learning:463: Epoch: 499/500, MA loss: 4.891453063584185e-16
2024-01-20 21:57:40,838:INFO:Inc_Learning:576: Statistics for task identification ...
2024-01-20 21:57:41,265:INFO:Inc_Learning:496: Evaluating the test set after task 2 ...
2024-01-20 21:58:16,456:INFO:Inc_Learning:544: Evaluation Accuracy (oracle) after task 2:  76.79%
2024-01-20 21:58:16,457:INFO:Inc_Learning:555: Evaluation Accuracy after task 2:  73.00%
2024-01-20 21:58:16,457:INFO:Inc_Learning:556: Accuracy of task-id detection after task 2:  93.32%
2024-01-20 21:58:16,457:INFO:Inc_Learning:562: Accuracy (Oracle) for task 0 =  79.40%
2024-01-20 21:58:16,458:INFO:Inc_Learning:566: Accuracy of task 0 =  78.07%
2024-01-20 21:58:16,458:INFO:Inc_Learning:562: Accuracy (Oracle) for task 1 =  79.57%
2024-01-20 21:58:16,458:INFO:Inc_Learning:566: Accuracy of task 1 =  51.61%
2024-01-20 21:58:16,458:INFO:Inc_Learning:562: Accuracy (Oracle) for task 2 =  48.08%
2024-01-20 21:58:16,458:INFO:Inc_Learning:566: Accuracy of task 2 =  43.21%
2024-01-20 21:58:16,465:INFO:Inc_Learning:692: The incremental learning phase for task 2 is finished!
2024-01-20 21:58:16,466:INFO:Inc_Learning:557: Estimated remaining time: 7 minutes and 26 seconds
2024-01-20 21:58:16,466:INFO:Inc_Learning:681: The incremental learning phase for task 3 is started ...
2024-01-20 21:58:16,466:INFO:Inc_Learning:322: Prefixes are copied from task 2.
2024-01-20 21:58:16,466:INFO:Inc_Learning:269: The PredictionNet is copied from the previous task.
2024-01-20 21:58:16,493:INFO:Inc_Learning:142: The session file "data/index_list/cub200/num_base_classes=100,num_tasks=11,num_shots=5,seed=45/train_samples_for_task=4.txt" is loaded!
2024-01-20 21:58:16,521:INFO:Inc_Learning:142: The session file "data/index_list/cub200/num_base_classes=100,num_tasks=11,num_shots=5,seed=45/test_samples_for_task=4.txt" is loaded!
2024-01-20 21:58:18,503:INFO:Inc_Learning:213: Epoch: 1/10
2024-01-20 21:58:20,267:INFO:Inc_Learning:256: Epoch 1/10 Train Accuracy:  82.00%
2024-01-20 21:58:20,267:INFO:Inc_Learning:257: Epoch 1/10 Average Loss: 0.6825475096702576 / MA Loss: 0.6825475096702576
2024-01-20 21:58:20,267:INFO:Inc_Learning:213: Epoch: 2/10
2024-01-20 21:58:21,961:INFO:Inc_Learning:256: Epoch 2/10 Train Accuracy:  76.00%
2024-01-20 21:58:21,961:INFO:Inc_Learning:257: Epoch 2/10 Average Loss: 0.8373592495918274 / MA Loss: 0.7599533796310425
2024-01-20 21:58:21,961:INFO:Inc_Learning:213: Epoch: 3/10
2024-01-20 21:58:23,606:INFO:Inc_Learning:256: Epoch 3/10 Train Accuracy:  80.00%
2024-01-20 21:58:23,607:INFO:Inc_Learning:257: Epoch 3/10 Average Loss: 0.7725940942764282 / MA Loss: 0.7641669511795044
2024-01-20 21:58:23,607:INFO:Inc_Learning:213: Epoch: 4/10
2024-01-20 21:58:25,293:INFO:Inc_Learning:256: Epoch 4/10 Train Accuracy:  90.00%
2024-01-20 21:58:25,293:INFO:Inc_Learning:257: Epoch 4/10 Average Loss: 0.6143373847007751 / MA Loss: 0.7267095595598221
2024-01-20 21:58:25,293:INFO:Inc_Learning:213: Epoch: 5/10
2024-01-20 21:58:27,015:INFO:Inc_Learning:256: Epoch 5/10 Train Accuracy:  86.00%
2024-01-20 21:58:27,016:INFO:Inc_Learning:257: Epoch 5/10 Average Loss: 0.642855167388916 / MA Loss: 0.7099386811256408
2024-01-20 21:58:27,016:INFO:Inc_Learning:213: Epoch: 6/10
2024-01-20 21:58:28,701:INFO:Inc_Learning:256: Epoch 6/10 Train Accuracy:  96.00%
2024-01-20 21:58:28,701:INFO:Inc_Learning:257: Epoch 6/10 Average Loss: 0.4614950120449066 / MA Loss: 0.6685314029455185
2024-01-20 21:58:28,701:INFO:Inc_Learning:213: Epoch: 7/10
2024-01-20 21:58:30,435:INFO:Inc_Learning:256: Epoch 7/10 Train Accuracy:  88.00%
2024-01-20 21:58:30,436:INFO:Inc_Learning:257: Epoch 7/10 Average Loss: 0.5731579661369324 / MA Loss: 0.6549066262585777
2024-01-20 21:58:30,436:INFO:Inc_Learning:213: Epoch: 8/10
2024-01-20 21:58:32,120:INFO:Inc_Learning:256: Epoch 8/10 Train Accuracy:  88.00%
2024-01-20 21:58:32,121:INFO:Inc_Learning:257: Epoch 8/10 Average Loss: 0.5205280780792236 / MA Loss: 0.6381093077361584
2024-01-20 21:58:32,121:INFO:Inc_Learning:213: Epoch: 9/10
2024-01-20 21:58:33,695:INFO:Inc_Learning:256: Epoch 9/10 Train Accuracy:  94.00%
2024-01-20 21:58:33,696:INFO:Inc_Learning:257: Epoch 9/10 Average Loss: 0.48320022225379944 / MA Loss: 0.6208971871270074
2024-01-20 21:58:33,696:INFO:Inc_Learning:213: Epoch: 10/10
2024-01-20 21:58:35,367:INFO:Inc_Learning:256: Epoch 10/10 Train Accuracy:  94.00%
2024-01-20 21:58:35,367:INFO:Inc_Learning:257: Epoch 10/10 Average Loss: 0.4478825330734253 / MA Loss: 0.6035957217216492
2024-01-20 21:58:35,403:INFO:Inc_Learning:576: Statistics for task identification ...
2024-01-20 21:58:37,002:INFO:Inc_Learning:270: The pseudo-labeling phase is started ...
2024-01-20 21:59:16,652:INFO:Inc_Learning:351: The training of the PredictionNet is started.
2024-01-20 21:59:16,947:INFO:Inc_Learning:463: Epoch: 000/500, MA loss: 0.04985656961798668
2024-01-20 21:59:16,993:INFO:Inc_Learning:463: Epoch: 050/500, MA loss: 0.00014536908056470566
2024-01-20 21:59:17,036:INFO:Inc_Learning:463: Epoch: 100/500, MA loss: 9.094370511775196e-07
2024-01-20 21:59:17,079:INFO:Inc_Learning:463: Epoch: 150/500, MA loss: 5.210408615674567e-09
2024-01-20 21:59:17,122:INFO:Inc_Learning:463: Epoch: 200/500, MA loss: 1.049728851065801e-08
2024-01-20 21:59:17,165:INFO:Inc_Learning:463: Epoch: 250/500, MA loss: 6.389399261411132e-11
2024-01-20 21:59:17,208:INFO:Inc_Learning:463: Epoch: 300/500, MA loss: 8.250504051164615e-13
2024-01-20 21:59:17,250:INFO:Inc_Learning:463: Epoch: 350/500, MA loss: 9.463774119922164e-08
2024-01-20 21:59:17,293:INFO:Inc_Learning:463: Epoch: 400/500, MA loss: 4.747613364941561e-10
2024-01-20 21:59:17,337:INFO:Inc_Learning:463: Epoch: 450/500, MA loss: 3.794485016993254e-12
2024-01-20 21:59:17,379:INFO:Inc_Learning:463: Epoch: 499/500, MA loss: 4.392297550115387e-08
2024-01-20 21:59:17,381:INFO:Inc_Learning:576: Statistics for task identification ...
2024-01-20 21:59:17,730:INFO:Inc_Learning:496: Evaluating the test set after task 3 ...
2024-01-20 22:00:03,026:INFO:Inc_Learning:544: Evaluation Accuracy (oracle) after task 3:  74.79%
2024-01-20 22:00:03,027:INFO:Inc_Learning:555: Evaluation Accuracy after task 3:  69.05%
2024-01-20 22:00:03,027:INFO:Inc_Learning:556: Accuracy of task-id detection after task 3:  89.35%
2024-01-20 22:00:03,027:INFO:Inc_Learning:562: Accuracy (Oracle) for task 0 =  79.61%
2024-01-20 22:00:03,027:INFO:Inc_Learning:566: Accuracy of task 0 =  77.48%
2024-01-20 22:00:03,027:INFO:Inc_Learning:562: Accuracy (Oracle) for task 1 =  79.57%
2024-01-20 22:00:03,028:INFO:Inc_Learning:566: Accuracy of task 1 =  51.97%
2024-01-20 22:00:03,028:INFO:Inc_Learning:562: Accuracy (Oracle) for task 2 =  48.43%
2024-01-20 22:00:03,028:INFO:Inc_Learning:566: Accuracy of task 2 =  40.07%
2024-01-20 22:00:03,028:INFO:Inc_Learning:562: Accuracy (Oracle) for task 3 =  49.33%
2024-01-20 22:00:03,028:INFO:Inc_Learning:566: Accuracy of task 3 =  31.88%
2024-01-20 22:00:03,035:INFO:Inc_Learning:692: The incremental learning phase for task 3 is finished!
2024-01-20 22:00:03,035:INFO:Inc_Learning:557: Estimated remaining time: 7 minutes and 41 seconds
2024-01-20 22:00:03,035:INFO:Inc_Learning:681: The incremental learning phase for task 4 is started ...
2024-01-20 22:00:03,035:INFO:Inc_Learning:322: Prefixes are copied from task 3.
2024-01-20 22:00:03,037:INFO:Inc_Learning:269: The PredictionNet is copied from the previous task.
2024-01-20 22:00:03,063:INFO:Inc_Learning:142: The session file "data/index_list/cub200/num_base_classes=100,num_tasks=11,num_shots=5,seed=45/train_samples_for_task=5.txt" is loaded!
2024-01-20 22:00:03,091:INFO:Inc_Learning:142: The session file "data/index_list/cub200/num_base_classes=100,num_tasks=11,num_shots=5,seed=45/test_samples_for_task=5.txt" is loaded!
2024-01-20 22:00:05,189:INFO:Inc_Learning:213: Epoch: 1/10
2024-01-20 22:00:06,873:INFO:Inc_Learning:256: Epoch 1/10 Train Accuracy:  94.00%
2024-01-20 22:00:06,873:INFO:Inc_Learning:257: Epoch 1/10 Average Loss: 0.20402289927005768 / MA Loss: 0.20402289927005768
2024-01-20 22:00:06,873:INFO:Inc_Learning:213: Epoch: 2/10
2024-01-20 22:00:08,596:INFO:Inc_Learning:256: Epoch 2/10 Train Accuracy:  84.00%
2024-01-20 22:00:08,596:INFO:Inc_Learning:257: Epoch 2/10 Average Loss: 0.33944952487945557 / MA Loss: 0.2717362120747566
2024-01-20 22:00:08,596:INFO:Inc_Learning:213: Epoch: 3/10
2024-01-20 22:00:10,306:INFO:Inc_Learning:256: Epoch 3/10 Train Accuracy:  96.00%
2024-01-20 22:00:10,307:INFO:Inc_Learning:257: Epoch 3/10 Average Loss: 0.20785032212734222 / MA Loss: 0.25044091542561847
2024-01-20 22:00:10,307:INFO:Inc_Learning:213: Epoch: 4/10
2024-01-20 22:00:12,027:INFO:Inc_Learning:256: Epoch 4/10 Train Accuracy:  92.00%
2024-01-20 22:00:12,028:INFO:Inc_Learning:257: Epoch 4/10 Average Loss: 0.2142193466424942 / MA Loss: 0.24138552322983742
2024-01-20 22:00:12,028:INFO:Inc_Learning:213: Epoch: 5/10
2024-01-20 22:00:13,742:INFO:Inc_Learning:256: Epoch 5/10 Train Accuracy:  96.00%
2024-01-20 22:00:13,742:INFO:Inc_Learning:257: Epoch 5/10 Average Loss: 0.09975117444992065 / MA Loss: 0.21305865347385405
2024-01-20 22:00:13,742:INFO:Inc_Learning:213: Epoch: 6/10
2024-01-20 22:00:15,423:INFO:Inc_Learning:256: Epoch 6/10 Train Accuracy:  96.00%
2024-01-20 22:00:15,423:INFO:Inc_Learning:257: Epoch 6/10 Average Loss: 0.1406373232603073 / MA Loss: 0.20098843177159628
2024-01-20 22:00:15,423:INFO:Inc_Learning:213: Epoch: 7/10
2024-01-20 22:00:17,048:INFO:Inc_Learning:256: Epoch 7/10 Train Accuracy:  96.00%
2024-01-20 22:00:17,049:INFO:Inc_Learning:257: Epoch 7/10 Average Loss: 0.1283508539199829 / MA Loss: 0.1906116349356515
2024-01-20 22:00:17,049:INFO:Inc_Learning:213: Epoch: 8/10
2024-01-20 22:00:18,749:INFO:Inc_Learning:256: Epoch 8/10 Train Accuracy:  94.00%
2024-01-20 22:00:18,750:INFO:Inc_Learning:257: Epoch 8/10 Average Loss: 0.18205499649047852 / MA Loss: 0.18954205513000488
2024-01-20 22:00:18,750:INFO:Inc_Learning:213: Epoch: 9/10
2024-01-20 22:00:20,465:INFO:Inc_Learning:256: Epoch 9/10 Train Accuracy:  100.00%
2024-01-20 22:00:20,465:INFO:Inc_Learning:257: Epoch 9/10 Average Loss: 0.08156255632638931 / MA Loss: 0.17754433304071426
2024-01-20 22:00:20,465:INFO:Inc_Learning:213: Epoch: 10/10
2024-01-20 22:00:22,128:INFO:Inc_Learning:256: Epoch 10/10 Train Accuracy:  96.00%
2024-01-20 22:00:22,128:INFO:Inc_Learning:257: Epoch 10/10 Average Loss: 0.13705302774906158 / MA Loss: 0.17349520251154898
2024-01-20 22:00:22,174:INFO:Inc_Learning:576: Statistics for task identification ...
2024-01-20 22:00:23,738:INFO:Inc_Learning:270: The pseudo-labeling phase is started ...
2024-01-20 22:01:13,543:INFO:Inc_Learning:351: The training of the PredictionNet is started.
2024-01-20 22:01:13,814:INFO:Inc_Learning:463: Epoch: 000/500, MA loss: 0.056486330926418304
2024-01-20 22:01:13,856:INFO:Inc_Learning:463: Epoch: 050/500, MA loss: 0.00015997432710719296
2024-01-20 22:01:13,900:INFO:Inc_Learning:463: Epoch: 100/500, MA loss: 1.0707019555411534e-06
2024-01-20 22:01:13,943:INFO:Inc_Learning:463: Epoch: 150/500, MA loss: 6.003741725990608e-09
2024-01-20 22:01:13,986:INFO:Inc_Learning:463: Epoch: 200/500, MA loss: 3.379115771917629e-11
2024-01-20 22:01:14,029:INFO:Inc_Learning:463: Epoch: 250/500, MA loss: 1.8336974530485697e-13
2024-01-20 22:01:14,072:INFO:Inc_Learning:463: Epoch: 300/500, MA loss: 1.3115422791660038e-15
2024-01-20 22:01:14,115:INFO:Inc_Learning:463: Epoch: 350/500, MA loss: 3.6731378352193026e-16
2024-01-20 22:01:14,158:INFO:Inc_Learning:463: Epoch: 400/500, MA loss: 3.5330478236965224e-16
2024-01-20 22:01:14,201:INFO:Inc_Learning:463: Epoch: 450/500, MA loss: 6.297180986077414e-10
2024-01-20 22:01:14,243:INFO:Inc_Learning:463: Epoch: 499/500, MA loss: 2.999693007443155e-10
2024-01-20 22:01:14,243:INFO:Inc_Learning:576: Statistics for task identification ...
2024-01-20 22:01:14,575:INFO:Inc_Learning:496: Evaluating the test set after task 4 ...
2024-01-20 22:02:11,029:INFO:Inc_Learning:544: Evaluation Accuracy (oracle) after task 4:  74.93%
2024-01-20 22:02:11,029:INFO:Inc_Learning:555: Evaluation Accuracy after task 4:  66.83%
2024-01-20 22:02:11,030:INFO:Inc_Learning:556: Accuracy of task-id detection after task 4:  85.90%
2024-01-20 22:02:11,030:INFO:Inc_Learning:562: Accuracy (Oracle) for task 0 =  79.61%
2024-01-20 22:02:11,030:INFO:Inc_Learning:566: Accuracy of task 0 =  76.54%
2024-01-20 22:02:11,030:INFO:Inc_Learning:562: Accuracy (Oracle) for task 1 =  79.57%
2024-01-20 22:02:11,030:INFO:Inc_Learning:566: Accuracy of task 1 =  50.90%
2024-01-20 22:02:11,030:INFO:Inc_Learning:562: Accuracy (Oracle) for task 2 =  49.13%
2024-01-20 22:02:11,031:INFO:Inc_Learning:566: Accuracy of task 2 =  43.55%
2024-01-20 22:02:11,031:INFO:Inc_Learning:562: Accuracy (Oracle) for task 3 =  50.34%
2024-01-20 22:02:11,031:INFO:Inc_Learning:566: Accuracy of task 3 =  29.87%
2024-01-20 22:02:11,031:INFO:Inc_Learning:562: Accuracy (Oracle) for task 4 =  75.00%
2024-01-20 22:02:11,031:INFO:Inc_Learning:566: Accuracy of task 4 =  48.00%
2024-01-20 22:02:11,036:INFO:Inc_Learning:692: The incremental learning phase for task 4 is finished!
2024-01-20 22:02:11,036:INFO:Inc_Learning:557: Estimated remaining time: 7 minutes and 37 seconds
2024-01-20 22:02:11,037:INFO:Inc_Learning:681: The incremental learning phase for task 5 is started ...
2024-01-20 22:02:11,037:INFO:Inc_Learning:322: Prefixes are copied from task 4.
2024-01-20 22:02:11,037:INFO:Inc_Learning:269: The PredictionNet is copied from the previous task.
2024-01-20 22:02:11,064:INFO:Inc_Learning:142: The session file "data/index_list/cub200/num_base_classes=100,num_tasks=11,num_shots=5,seed=45/train_samples_for_task=6.txt" is loaded!
2024-01-20 22:02:11,093:INFO:Inc_Learning:142: The session file "data/index_list/cub200/num_base_classes=100,num_tasks=11,num_shots=5,seed=45/test_samples_for_task=6.txt" is loaded!
2024-01-20 22:02:13,487:INFO:Inc_Learning:213: Epoch: 1/10
2024-01-20 22:02:15,148:INFO:Inc_Learning:256: Epoch 1/10 Train Accuracy:  78.00%
2024-01-20 22:02:15,149:INFO:Inc_Learning:257: Epoch 1/10 Average Loss: 0.6197642087936401 / MA Loss: 0.6197642087936401
2024-01-20 22:02:15,149:INFO:Inc_Learning:213: Epoch: 2/10
2024-01-20 22:02:16,837:INFO:Inc_Learning:256: Epoch 2/10 Train Accuracy:  84.00%
2024-01-20 22:02:16,837:INFO:Inc_Learning:257: Epoch 2/10 Average Loss: 0.5434054136276245 / MA Loss: 0.5815848112106323
2024-01-20 22:02:16,838:INFO:Inc_Learning:213: Epoch: 3/10
2024-01-20 22:02:18,587:INFO:Inc_Learning:256: Epoch 3/10 Train Accuracy:  86.00%
2024-01-20 22:02:18,587:INFO:Inc_Learning:257: Epoch 3/10 Average Loss: 0.5284764766693115 / MA Loss: 0.563882033030192
2024-01-20 22:02:18,587:INFO:Inc_Learning:213: Epoch: 4/10
2024-01-20 22:02:20,298:INFO:Inc_Learning:256: Epoch 4/10 Train Accuracy:  90.00%
2024-01-20 22:02:20,298:INFO:Inc_Learning:257: Epoch 4/10 Average Loss: 0.44603508710861206 / MA Loss: 0.5344202965497971
2024-01-20 22:02:20,299:INFO:Inc_Learning:213: Epoch: 5/10
2024-01-20 22:02:21,940:INFO:Inc_Learning:256: Epoch 5/10 Train Accuracy:  96.00%
2024-01-20 22:02:21,940:INFO:Inc_Learning:257: Epoch 5/10 Average Loss: 0.3912349343299866 / MA Loss: 0.505783224105835
2024-01-20 22:02:21,941:INFO:Inc_Learning:213: Epoch: 6/10
2024-01-20 22:02:23,590:INFO:Inc_Learning:256: Epoch 6/10 Train Accuracy:  88.00%
2024-01-20 22:02:23,591:INFO:Inc_Learning:257: Epoch 6/10 Average Loss: 0.4541383981704712 / MA Loss: 0.49717575311660767
2024-01-20 22:02:23,591:INFO:Inc_Learning:213: Epoch: 7/10
2024-01-20 22:02:25,335:INFO:Inc_Learning:256: Epoch 7/10 Train Accuracy:  92.00%
2024-01-20 22:02:25,335:INFO:Inc_Learning:257: Epoch 7/10 Average Loss: 0.36358797550201416 / MA Loss: 0.47809178488595144
2024-01-20 22:02:25,336:INFO:Inc_Learning:213: Epoch: 8/10
2024-01-20 22:02:27,000:INFO:Inc_Learning:256: Epoch 8/10 Train Accuracy:  90.00%
2024-01-20 22:02:27,000:INFO:Inc_Learning:257: Epoch 8/10 Average Loss: 0.3879817724227905 / MA Loss: 0.46682803332805634
2024-01-20 22:02:27,000:INFO:Inc_Learning:213: Epoch: 9/10
2024-01-20 22:02:28,840:INFO:Inc_Learning:256: Epoch 9/10 Train Accuracy:  92.00%
2024-01-20 22:02:28,840:INFO:Inc_Learning:257: Epoch 9/10 Average Loss: 0.31618425250053406 / MA Loss: 0.45008983545833164
2024-01-20 22:02:28,840:INFO:Inc_Learning:213: Epoch: 10/10
2024-01-20 22:02:30,593:INFO:Inc_Learning:256: Epoch 10/10 Train Accuracy:  88.00%
2024-01-20 22:02:30,593:INFO:Inc_Learning:257: Epoch 10/10 Average Loss: 0.3838084936141968 / MA Loss: 0.44346170127391815
2024-01-20 22:02:30,635:INFO:Inc_Learning:576: Statistics for task identification ...
2024-01-20 22:02:32,427:INFO:Inc_Learning:270: The pseudo-labeling phase is started ...
2024-01-20 22:03:33,716:INFO:Inc_Learning:351: The training of the PredictionNet is started.
2024-01-20 22:03:34,207:INFO:Inc_Learning:463: Epoch: 000/500, MA loss: 0.057077839970588684
2024-01-20 22:03:34,249:INFO:Inc_Learning:463: Epoch: 050/500, MA loss: 0.00017417767594452016
2024-01-20 22:03:34,292:INFO:Inc_Learning:463: Epoch: 100/500, MA loss: 1.007443768230587e-06
2024-01-20 22:03:34,334:INFO:Inc_Learning:463: Epoch: 150/500, MA loss: 5.773490663329994e-09
2024-01-20 22:03:34,377:INFO:Inc_Learning:463: Epoch: 200/500, MA loss: 3.284347117188391e-11
2024-01-20 22:03:34,419:INFO:Inc_Learning:463: Epoch: 250/500, MA loss: 1.86876062584565e-13
2024-01-20 22:03:34,462:INFO:Inc_Learning:463: Epoch: 300/500, MA loss: 1.5758092318743519e-15
2024-01-20 22:03:34,505:INFO:Inc_Learning:463: Epoch: 350/500, MA loss: 5.321225246103723e-16
2024-01-20 22:03:34,547:INFO:Inc_Learning:463: Epoch: 400/500, MA loss: 5.701509952196402e-16
2024-01-20 22:03:34,590:INFO:Inc_Learning:463: Epoch: 450/500, MA loss: 1.870003180827625e-12
2024-01-20 22:03:34,632:INFO:Inc_Learning:463: Epoch: 499/500, MA loss: 2.2054064584969836e-09
2024-01-20 22:03:34,632:INFO:Inc_Learning:576: Statistics for task identification ...
2024-01-20 22:03:35,202:INFO:Inc_Learning:496: Evaluating the test set after task 5 ...
2024-01-20 22:04:43,980:INFO:Inc_Learning:544: Evaluation Accuracy (oracle) after task 5:  73.51%
2024-01-20 22:04:43,980:INFO:Inc_Learning:555: Evaluation Accuracy after task 5:  64.66%
2024-01-20 22:04:43,980:INFO:Inc_Learning:556: Accuracy of task-id detection after task 5:  83.47%
2024-01-20 22:04:43,981:INFO:Inc_Learning:562: Accuracy (Oracle) for task 0 =  79.29%
2024-01-20 22:04:43,981:INFO:Inc_Learning:566: Accuracy of task 0 =  75.73%
2024-01-20 22:04:43,981:INFO:Inc_Learning:562: Accuracy (Oracle) for task 1 =  79.93%
2024-01-20 22:04:43,981:INFO:Inc_Learning:566: Accuracy of task 1 =  51.61%
2024-01-20 22:04:43,981:INFO:Inc_Learning:562: Accuracy (Oracle) for task 2 =  48.78%
2024-01-20 22:04:43,981:INFO:Inc_Learning:566: Accuracy of task 2 =  41.46%
2024-01-20 22:04:43,982:INFO:Inc_Learning:562: Accuracy (Oracle) for task 3 =  49.33%
2024-01-20 22:04:43,982:INFO:Inc_Learning:566: Accuracy of task 3 =  32.89%
2024-01-20 22:04:43,982:INFO:Inc_Learning:562: Accuracy (Oracle) for task 4 =  76.00%
2024-01-20 22:04:43,982:INFO:Inc_Learning:566: Accuracy of task 4 =  49.33%
2024-01-20 22:04:43,982:INFO:Inc_Learning:562: Accuracy (Oracle) for task 5 =  57.38%
2024-01-20 22:04:43,982:INFO:Inc_Learning:566: Accuracy of task 5 =  39.93%
2024-01-20 22:04:43,986:INFO:Inc_Learning:692: The incremental learning phase for task 5 is finished!
2024-01-20 22:04:43,986:INFO:Inc_Learning:557: Estimated remaining time: 7 minutes and 16 seconds
2024-01-20 22:04:43,986:INFO:Inc_Learning:681: The incremental learning phase for task 6 is started ...
2024-01-20 22:04:43,987:INFO:Inc_Learning:322: Prefixes are copied from task 5.
2024-01-20 22:04:43,987:INFO:Inc_Learning:269: The PredictionNet is copied from the previous task.
2024-01-20 22:04:44,014:INFO:Inc_Learning:142: The session file "data/index_list/cub200/num_base_classes=100,num_tasks=11,num_shots=5,seed=45/train_samples_for_task=7.txt" is loaded!
2024-01-20 22:04:44,044:INFO:Inc_Learning:142: The session file "data/index_list/cub200/num_base_classes=100,num_tasks=11,num_shots=5,seed=45/test_samples_for_task=7.txt" is loaded!
2024-01-20 22:04:46,226:INFO:Inc_Learning:213: Epoch: 1/10
2024-01-20 22:04:47,870:INFO:Inc_Learning:256: Epoch 1/10 Train Accuracy:  72.00%
2024-01-20 22:04:47,870:INFO:Inc_Learning:257: Epoch 1/10 Average Loss: 0.6987375617027283 / MA Loss: 0.6987375617027283
2024-01-20 22:04:47,870:INFO:Inc_Learning:213: Epoch: 2/10
2024-01-20 22:04:49,556:INFO:Inc_Learning:256: Epoch 2/10 Train Accuracy:  80.00%
2024-01-20 22:04:49,556:INFO:Inc_Learning:257: Epoch 2/10 Average Loss: 0.628602921962738 / MA Loss: 0.6636702418327332
2024-01-20 22:04:49,556:INFO:Inc_Learning:213: Epoch: 3/10
2024-01-20 22:04:51,272:INFO:Inc_Learning:256: Epoch 3/10 Train Accuracy:  86.00%
2024-01-20 22:04:51,272:INFO:Inc_Learning:257: Epoch 3/10 Average Loss: 0.49000823497772217 / MA Loss: 0.6057829062143961
2024-01-20 22:04:51,272:INFO:Inc_Learning:213: Epoch: 4/10
2024-01-20 22:04:52,979:INFO:Inc_Learning:256: Epoch 4/10 Train Accuracy:  92.00%
2024-01-20 22:04:52,979:INFO:Inc_Learning:257: Epoch 4/10 Average Loss: 0.28437748551368713 / MA Loss: 0.5254315510392189
2024-01-20 22:04:52,980:INFO:Inc_Learning:213: Epoch: 5/10
2024-01-20 22:04:54,601:INFO:Inc_Learning:256: Epoch 5/10 Train Accuracy:  94.00%
2024-01-20 22:04:54,602:INFO:Inc_Learning:257: Epoch 5/10 Average Loss: 0.2577590346336365 / MA Loss: 0.47189704775810243
2024-01-20 22:04:54,602:INFO:Inc_Learning:213: Epoch: 6/10
2024-01-20 22:04:56,252:INFO:Inc_Learning:256: Epoch 6/10 Train Accuracy:  92.00%
2024-01-20 22:04:56,252:INFO:Inc_Learning:257: Epoch 6/10 Average Loss: 0.30868661403656006 / MA Loss: 0.444695308804512
2024-01-20 22:04:56,253:INFO:Inc_Learning:213: Epoch: 7/10
2024-01-20 22:04:57,936:INFO:Inc_Learning:256: Epoch 7/10 Train Accuracy:  96.00%
2024-01-20 22:04:57,936:INFO:Inc_Learning:257: Epoch 7/10 Average Loss: 0.1970558613538742 / MA Loss: 0.40931824488299234
2024-01-20 22:04:57,937:INFO:Inc_Learning:213: Epoch: 8/10
2024-01-20 22:04:59,570:INFO:Inc_Learning:256: Epoch 8/10 Train Accuracy:  98.00%
2024-01-20 22:04:59,571:INFO:Inc_Learning:257: Epoch 8/10 Average Loss: 0.21272414922714233 / MA Loss: 0.3847439829260111
2024-01-20 22:04:59,571:INFO:Inc_Learning:213: Epoch: 9/10
2024-01-20 22:05:01,277:INFO:Inc_Learning:256: Epoch 9/10 Train Accuracy:  90.00%
2024-01-20 22:05:01,278:INFO:Inc_Learning:257: Epoch 9/10 Average Loss: 0.4273013770580292 / MA Loss: 0.3894725822740131
2024-01-20 22:05:01,278:INFO:Inc_Learning:213: Epoch: 10/10
2024-01-20 22:05:02,945:INFO:Inc_Learning:256: Epoch 10/10 Train Accuracy:  96.00%
2024-01-20 22:05:02,945:INFO:Inc_Learning:257: Epoch 10/10 Average Loss: 0.2241075336933136 / MA Loss: 0.37293607741594315
2024-01-20 22:05:02,988:INFO:Inc_Learning:576: Statistics for task identification ...
2024-01-20 22:05:04,533:INFO:Inc_Learning:270: The pseudo-labeling phase is started ...
2024-01-20 22:06:18,092:INFO:Inc_Learning:351: The training of the PredictionNet is started.
2024-01-20 22:06:18,503:INFO:Inc_Learning:463: Epoch: 000/500, MA loss: 0.04480801150202751
2024-01-20 22:06:18,546:INFO:Inc_Learning:463: Epoch: 050/500, MA loss: 0.00013776858322671614
2024-01-20 22:06:18,603:INFO:Inc_Learning:463: Epoch: 100/500, MA loss: 8.469607905681187e-07
2024-01-20 22:06:18,654:INFO:Inc_Learning:463: Epoch: 150/500, MA loss: 4.7661817825783714e-09
2024-01-20 22:06:18,697:INFO:Inc_Learning:463: Epoch: 200/500, MA loss: 2.6355879458039854e-11
2024-01-20 22:06:18,740:INFO:Inc_Learning:463: Epoch: 250/500, MA loss: 1.4855549651743641e-13
2024-01-20 22:06:18,782:INFO:Inc_Learning:463: Epoch: 300/500, MA loss: 1.1503132369555124e-15
2024-01-20 22:06:18,825:INFO:Inc_Learning:463: Epoch: 350/500, MA loss: 3.6856556851605206e-16
2024-01-20 22:06:18,867:INFO:Inc_Learning:463: Epoch: 400/500, MA loss: 3.570256789929322e-16
2024-01-20 22:06:18,910:INFO:Inc_Learning:463: Epoch: 450/500, MA loss: 3.8438041214814074e-16
2024-01-20 22:06:18,951:INFO:Inc_Learning:463: Epoch: 499/500, MA loss: 4.0147846040273844e-16
2024-01-20 22:06:18,952:INFO:Inc_Learning:576: Statistics for task identification ...
2024-01-20 22:06:19,425:INFO:Inc_Learning:496: Evaluating the test set after task 6 ...
2024-01-20 22:07:40,913:INFO:Inc_Learning:544: Evaluation Accuracy (oracle) after task 6:  73.15%
2024-01-20 22:07:40,913:INFO:Inc_Learning:555: Evaluation Accuracy after task 6:  63.20%
2024-01-20 22:07:40,913:INFO:Inc_Learning:556: Accuracy of task-id detection after task 6:  82.29%
2024-01-20 22:07:40,914:INFO:Inc_Learning:562: Accuracy (Oracle) for task 0 =  79.36%
2024-01-20 22:07:40,914:INFO:Inc_Learning:566: Accuracy of task 0 =  74.44%
2024-01-20 22:07:40,914:INFO:Inc_Learning:562: Accuracy (Oracle) for task 1 =  78.85%
2024-01-20 22:07:40,914:INFO:Inc_Learning:566: Accuracy of task 1 =  50.54%
2024-01-20 22:07:40,914:INFO:Inc_Learning:562: Accuracy (Oracle) for task 2 =  49.13%
2024-01-20 22:07:40,914:INFO:Inc_Learning:566: Accuracy of task 2 =  39.72%
2024-01-20 22:07:40,915:INFO:Inc_Learning:562: Accuracy (Oracle) for task 3 =  50.00%
2024-01-20 22:07:40,915:INFO:Inc_Learning:566: Accuracy of task 3 =  30.87%
2024-01-20 22:07:40,915:INFO:Inc_Learning:562: Accuracy (Oracle) for task 4 =  75.33%
2024-01-20 22:07:40,915:INFO:Inc_Learning:566: Accuracy of task 4 =  51.00%
2024-01-20 22:07:40,915:INFO:Inc_Learning:562: Accuracy (Oracle) for task 5 =  57.38%
2024-01-20 22:07:40,915:INFO:Inc_Learning:566: Accuracy of task 5 =  40.60%
2024-01-20 22:07:40,915:INFO:Inc_Learning:562: Accuracy (Oracle) for task 6 =  67.71%
2024-01-20 22:07:40,916:INFO:Inc_Learning:566: Accuracy of task 6 =  56.60%
2024-01-20 22:07:40,929:INFO:Inc_Learning:692: The incremental learning phase for task 6 is finished!
2024-01-20 22:07:40,929:INFO:Inc_Learning:557: Estimated remaining time: 6 minutes and 33 seconds
2024-01-20 22:07:40,929:INFO:Inc_Learning:681: The incremental learning phase for task 7 is started ...
2024-01-20 22:07:40,929:INFO:Inc_Learning:322: Prefixes are copied from task 6.
2024-01-20 22:07:40,930:INFO:Inc_Learning:269: The PredictionNet is copied from the previous task.
2024-01-20 22:07:40,958:INFO:Inc_Learning:142: The session file "data/index_list/cub200/num_base_classes=100,num_tasks=11,num_shots=5,seed=45/train_samples_for_task=8.txt" is loaded!
2024-01-20 22:07:40,987:INFO:Inc_Learning:142: The session file "data/index_list/cub200/num_base_classes=100,num_tasks=11,num_shots=5,seed=45/test_samples_for_task=8.txt" is loaded!
2024-01-20 22:07:43,376:INFO:Inc_Learning:213: Epoch: 1/10
2024-01-20 22:07:45,078:INFO:Inc_Learning:256: Epoch 1/10 Train Accuracy:  84.00%
2024-01-20 22:07:45,078:INFO:Inc_Learning:257: Epoch 1/10 Average Loss: 0.5663686990737915 / MA Loss: 0.5663686990737915
2024-01-20 22:07:45,078:INFO:Inc_Learning:213: Epoch: 2/10
2024-01-20 22:07:46,805:INFO:Inc_Learning:256: Epoch 2/10 Train Accuracy:  86.00%
2024-01-20 22:07:46,805:INFO:Inc_Learning:257: Epoch 2/10 Average Loss: 0.5046138763427734 / MA Loss: 0.5354912877082825
2024-01-20 22:07:46,805:INFO:Inc_Learning:213: Epoch: 3/10
2024-01-20 22:07:48,517:INFO:Inc_Learning:256: Epoch 3/10 Train Accuracy:  88.00%
2024-01-20 22:07:48,518:INFO:Inc_Learning:257: Epoch 3/10 Average Loss: 0.6004251837730408 / MA Loss: 0.5571359197298685
2024-01-20 22:07:48,518:INFO:Inc_Learning:213: Epoch: 4/10
2024-01-20 22:07:50,230:INFO:Inc_Learning:256: Epoch 4/10 Train Accuracy:  90.00%
2024-01-20 22:07:50,231:INFO:Inc_Learning:257: Epoch 4/10 Average Loss: 0.5769699215888977 / MA Loss: 0.5620944201946259
2024-01-20 22:07:50,231:INFO:Inc_Learning:213: Epoch: 5/10
2024-01-20 22:07:51,943:INFO:Inc_Learning:256: Epoch 5/10 Train Accuracy:  94.00%
2024-01-20 22:07:51,943:INFO:Inc_Learning:257: Epoch 5/10 Average Loss: 0.34406527876853943 / MA Loss: 0.5184885919094085
2024-01-20 22:07:51,944:INFO:Inc_Learning:213: Epoch: 6/10
2024-01-20 22:07:53,647:INFO:Inc_Learning:256: Epoch 6/10 Train Accuracy:  92.00%
2024-01-20 22:07:53,648:INFO:Inc_Learning:257: Epoch 6/10 Average Loss: 0.33585307002067566 / MA Loss: 0.48804933826128644
2024-01-20 22:07:53,648:INFO:Inc_Learning:213: Epoch: 7/10
2024-01-20 22:07:55,292:INFO:Inc_Learning:256: Epoch 7/10 Train Accuracy:  92.00%
2024-01-20 22:07:55,292:INFO:Inc_Learning:257: Epoch 7/10 Average Loss: 0.3192882239818573 / MA Loss: 0.4639406076499394
2024-01-20 22:07:55,292:INFO:Inc_Learning:213: Epoch: 8/10
2024-01-20 22:07:56,950:INFO:Inc_Learning:256: Epoch 8/10 Train Accuracy:  92.00%
2024-01-20 22:07:56,950:INFO:Inc_Learning:257: Epoch 8/10 Average Loss: 0.4047197997570038 / MA Loss: 0.45653800666332245
2024-01-20 22:07:56,951:INFO:Inc_Learning:213: Epoch: 9/10
2024-01-20 22:07:58,645:INFO:Inc_Learning:256: Epoch 9/10 Train Accuracy:  94.00%
2024-01-20 22:07:58,645:INFO:Inc_Learning:257: Epoch 9/10 Average Loss: 0.39263877272605896 / MA Loss: 0.44943809178140426
2024-01-20 22:07:58,645:INFO:Inc_Learning:213: Epoch: 10/10
2024-01-20 22:08:00,549:INFO:Inc_Learning:256: Epoch 10/10 Train Accuracy:  94.00%
2024-01-20 22:08:00,549:INFO:Inc_Learning:257: Epoch 10/10 Average Loss: 0.3174592852592468 / MA Loss: 0.43624021112918854
2024-01-20 22:08:00,597:INFO:Inc_Learning:576: Statistics for task identification ...
2024-01-20 22:08:02,179:INFO:Inc_Learning:270: The pseudo-labeling phase is started ...
2024-01-20 22:09:29,352:INFO:Inc_Learning:351: The training of the PredictionNet is started.
2024-01-20 22:09:29,747:INFO:Inc_Learning:463: Epoch: 000/500, MA loss: 0.04798651486635208
2024-01-20 22:09:29,791:INFO:Inc_Learning:463: Epoch: 050/500, MA loss: 0.00013809474985464475
2024-01-20 22:09:29,834:INFO:Inc_Learning:463: Epoch: 100/500, MA loss: 9.130718297001295e-07
2024-01-20 22:09:29,877:INFO:Inc_Learning:463: Epoch: 150/500, MA loss: 5.159672555876682e-09
2024-01-20 22:09:29,920:INFO:Inc_Learning:463: Epoch: 200/500, MA loss: 2.9084148110702924e-11
2024-01-20 22:09:29,963:INFO:Inc_Learning:463: Epoch: 250/500, MA loss: 1.608057193262444e-13
2024-01-20 22:09:30,006:INFO:Inc_Learning:463: Epoch: 300/500, MA loss: 1.146423640485897e-15
2024-01-20 22:09:30,049:INFO:Inc_Learning:463: Epoch: 350/500, MA loss: 3.487791435659876e-16
2024-01-20 22:09:30,092:INFO:Inc_Learning:463: Epoch: 400/500, MA loss: 4.904939867678496e-10
2024-01-20 22:09:30,136:INFO:Inc_Learning:463: Epoch: 450/500, MA loss: 6.581722070131413e-10
2024-01-20 22:09:30,178:INFO:Inc_Learning:463: Epoch: 499/500, MA loss: 2.6577951913950295e-10
2024-01-20 22:09:30,178:INFO:Inc_Learning:576: Statistics for task identification ...
2024-01-20 22:09:30,633:INFO:Inc_Learning:496: Evaluating the test set after task 7 ...
2024-01-20 22:11:06,876:INFO:Inc_Learning:544: Evaluation Accuracy (oracle) after task 7:  72.69%
2024-01-20 22:11:06,877:INFO:Inc_Learning:555: Evaluation Accuracy after task 7:  62.57%
2024-01-20 22:11:06,877:INFO:Inc_Learning:556: Accuracy of task-id detection after task 7:  81.84%
2024-01-20 22:11:06,877:INFO:Inc_Learning:562: Accuracy (Oracle) for task 0 =  79.36%
2024-01-20 22:11:06,877:INFO:Inc_Learning:566: Accuracy of task 0 =  74.02%
2024-01-20 22:11:06,877:INFO:Inc_Learning:562: Accuracy (Oracle) for task 1 =  79.93%
2024-01-20 22:11:06,878:INFO:Inc_Learning:566: Accuracy of task 1 =  49.46%
2024-01-20 22:11:06,878:INFO:Inc_Learning:562: Accuracy (Oracle) for task 2 =  48.43%
2024-01-20 22:11:06,878:INFO:Inc_Learning:566: Accuracy of task 2 =  41.46%
2024-01-20 22:11:06,878:INFO:Inc_Learning:562: Accuracy (Oracle) for task 3 =  47.32%
2024-01-20 22:11:06,878:INFO:Inc_Learning:566: Accuracy of task 3 =  31.88%
2024-01-20 22:11:06,879:INFO:Inc_Learning:562: Accuracy (Oracle) for task 4 =  75.33%
2024-01-20 22:11:06,879:INFO:Inc_Learning:566: Accuracy of task 4 =  50.67%
2024-01-20 22:11:06,879:INFO:Inc_Learning:562: Accuracy (Oracle) for task 5 =  56.38%
2024-01-20 22:11:06,879:INFO:Inc_Learning:566: Accuracy of task 5 =  40.60%
2024-01-20 22:11:06,879:INFO:Inc_Learning:562: Accuracy (Oracle) for task 6 =  67.36%
2024-01-20 22:11:06,879:INFO:Inc_Learning:566: Accuracy of task 6 =  58.33%
2024-01-20 22:11:06,880:INFO:Inc_Learning:562: Accuracy (Oracle) for task 7 =  69.36%
2024-01-20 22:11:06,880:INFO:Inc_Learning:566: Accuracy of task 7 =  53.87%
2024-01-20 22:11:06,891:INFO:Inc_Learning:692: The incremental learning phase for task 7 is finished!
2024-01-20 22:11:06,892:INFO:Inc_Learning:557: Estimated remaining time: 5 minutes and 31 seconds
2024-01-20 22:11:06,892:INFO:Inc_Learning:681: The incremental learning phase for task 8 is started ...
2024-01-20 22:11:06,892:INFO:Inc_Learning:322: Prefixes are copied from task 7.
2024-01-20 22:11:06,892:INFO:Inc_Learning:269: The PredictionNet is copied from the previous task.
2024-01-20 22:11:06,920:INFO:Inc_Learning:142: The session file "data/index_list/cub200/num_base_classes=100,num_tasks=11,num_shots=5,seed=45/train_samples_for_task=9.txt" is loaded!
2024-01-20 22:11:06,950:INFO:Inc_Learning:142: The session file "data/index_list/cub200/num_base_classes=100,num_tasks=11,num_shots=5,seed=45/test_samples_for_task=9.txt" is loaded!
2024-01-20 22:11:09,339:INFO:Inc_Learning:213: Epoch: 1/10
2024-01-20 22:11:11,062:INFO:Inc_Learning:256: Epoch 1/10 Train Accuracy:  86.00%
2024-01-20 22:11:11,063:INFO:Inc_Learning:257: Epoch 1/10 Average Loss: 0.4377075433731079 / MA Loss: 0.4377075433731079
2024-01-20 22:11:11,063:INFO:Inc_Learning:213: Epoch: 2/10
2024-01-20 22:11:12,764:INFO:Inc_Learning:256: Epoch 2/10 Train Accuracy:  86.00%
2024-01-20 22:11:12,765:INFO:Inc_Learning:257: Epoch 2/10 Average Loss: 0.47321444749832153 / MA Loss: 0.4554609954357147
2024-01-20 22:11:12,765:INFO:Inc_Learning:213: Epoch: 3/10
2024-01-20 22:11:14,365:INFO:Inc_Learning:256: Epoch 3/10 Train Accuracy:  88.00%
2024-01-20 22:11:14,365:INFO:Inc_Learning:257: Epoch 3/10 Average Loss: 0.5097800493240356 / MA Loss: 0.4735673467318217
2024-01-20 22:11:14,366:INFO:Inc_Learning:213: Epoch: 4/10
2024-01-20 22:11:16,091:INFO:Inc_Learning:256: Epoch 4/10 Train Accuracy:  92.00%
2024-01-20 22:11:16,091:INFO:Inc_Learning:257: Epoch 4/10 Average Loss: 0.2959696054458618 / MA Loss: 0.4291679114103317
2024-01-20 22:11:16,092:INFO:Inc_Learning:213: Epoch: 5/10
2024-01-20 22:11:17,833:INFO:Inc_Learning:256: Epoch 5/10 Train Accuracy:  94.00%
2024-01-20 22:11:17,833:INFO:Inc_Learning:257: Epoch 5/10 Average Loss: 0.3604881763458252 / MA Loss: 0.4154319643974304
2024-01-20 22:11:17,833:INFO:Inc_Learning:213: Epoch: 6/10
2024-01-20 22:11:19,605:INFO:Inc_Learning:256: Epoch 6/10 Train Accuracy:  84.00%
2024-01-20 22:11:19,605:INFO:Inc_Learning:257: Epoch 6/10 Average Loss: 0.432588666677475 / MA Loss: 0.41829141477743786
2024-01-20 22:11:19,605:INFO:Inc_Learning:213: Epoch: 7/10
2024-01-20 22:11:21,323:INFO:Inc_Learning:256: Epoch 7/10 Train Accuracy:  92.00%
2024-01-20 22:11:21,323:INFO:Inc_Learning:257: Epoch 7/10 Average Loss: 0.267512708902359 / MA Loss: 0.39675159965242657
2024-01-20 22:11:21,324:INFO:Inc_Learning:213: Epoch: 8/10
2024-01-20 22:11:23,001:INFO:Inc_Learning:256: Epoch 8/10 Train Accuracy:  92.00%
2024-01-20 22:11:23,001:INFO:Inc_Learning:257: Epoch 8/10 Average Loss: 0.27651533484458923 / MA Loss: 0.3817220665514469
2024-01-20 22:11:23,001:INFO:Inc_Learning:213: Epoch: 9/10
2024-01-20 22:11:24,720:INFO:Inc_Learning:256: Epoch 9/10 Train Accuracy:  96.00%
2024-01-20 22:11:24,720:INFO:Inc_Learning:257: Epoch 9/10 Average Loss: 0.27886876463890076 / MA Loss: 0.37029392189449734
2024-01-20 22:11:24,721:INFO:Inc_Learning:213: Epoch: 10/10
2024-01-20 22:11:26,342:INFO:Inc_Learning:256: Epoch 10/10 Train Accuracy:  96.00%
2024-01-20 22:11:26,342:INFO:Inc_Learning:257: Epoch 10/10 Average Loss: 0.199711412191391 / MA Loss: 0.35323567092418673
2024-01-20 22:11:26,379:INFO:Inc_Learning:576: Statistics for task identification ...
2024-01-20 22:11:27,953:INFO:Inc_Learning:270: The pseudo-labeling phase is started ...
2024-01-20 22:13:09,997:INFO:Inc_Learning:351: The training of the PredictionNet is started.
2024-01-20 22:13:10,318:INFO:Inc_Learning:463: Epoch: 000/500, MA loss: 0.044050075113773346
2024-01-20 22:13:10,380:INFO:Inc_Learning:463: Epoch: 050/500, MA loss: 0.0001338519527052995
2024-01-20 22:13:10,424:INFO:Inc_Learning:463: Epoch: 100/500, MA loss: 8.335771269685211e-07
2024-01-20 22:13:10,467:INFO:Inc_Learning:463: Epoch: 150/500, MA loss: 4.795378427679964e-09
2024-01-20 22:13:10,510:INFO:Inc_Learning:463: Epoch: 200/500, MA loss: 2.6063043216673076e-11
2024-01-20 22:13:10,554:INFO:Inc_Learning:463: Epoch: 250/500, MA loss: 1.4634544254600936e-13
2024-01-20 22:13:10,597:INFO:Inc_Learning:463: Epoch: 300/500, MA loss: 1.11040541728848e-15
2024-01-20 22:13:10,640:INFO:Inc_Learning:463: Epoch: 350/500, MA loss: 7.610304282898672e-14
2024-01-20 22:13:10,683:INFO:Inc_Learning:463: Epoch: 400/500, MA loss: 9.57412672145802e-10
2024-01-20 22:13:10,726:INFO:Inc_Learning:463: Epoch: 450/500, MA loss: 6.3642213372937845e-12
2024-01-20 22:13:10,769:INFO:Inc_Learning:463: Epoch: 499/500, MA loss: 1.824142604816507e-11
2024-01-20 22:13:10,769:INFO:Inc_Learning:576: Statistics for task identification ...
2024-01-20 22:13:11,132:INFO:Inc_Learning:496: Evaluating the test set after task 8 ...
2024-01-20 22:15:03,187:INFO:Inc_Learning:544: Evaluation Accuracy (oracle) after task 8:  72.30%
2024-01-20 22:15:03,188:INFO:Inc_Learning:555: Evaluation Accuracy after task 8:  60.66%
2024-01-20 22:15:03,188:INFO:Inc_Learning:556: Accuracy of task-id detection after task 8:  79.29%
2024-01-20 22:15:03,189:INFO:Inc_Learning:562: Accuracy (Oracle) for task 0 =  79.19%
2024-01-20 22:15:03,189:INFO:Inc_Learning:566: Accuracy of task 0 =  73.53%
2024-01-20 22:15:03,189:INFO:Inc_Learning:562: Accuracy (Oracle) for task 1 =  79.21%
2024-01-20 22:15:03,189:INFO:Inc_Learning:566: Accuracy of task 1 =  49.82%
2024-01-20 22:15:03,190:INFO:Inc_Learning:562: Accuracy (Oracle) for task 2 =  49.48%
2024-01-20 22:15:03,190:INFO:Inc_Learning:566: Accuracy of task 2 =  40.77%
2024-01-20 22:15:03,190:INFO:Inc_Learning:562: Accuracy (Oracle) for task 3 =  50.00%
2024-01-20 22:15:03,190:INFO:Inc_Learning:566: Accuracy of task 3 =  30.87%
2024-01-20 22:15:03,190:INFO:Inc_Learning:562: Accuracy (Oracle) for task 4 =  75.33%
2024-01-20 22:15:03,190:INFO:Inc_Learning:566: Accuracy of task 4 =  51.33%
2024-01-20 22:15:03,191:INFO:Inc_Learning:562: Accuracy (Oracle) for task 5 =  57.38%
2024-01-20 22:15:03,191:INFO:Inc_Learning:566: Accuracy of task 5 =  40.27%
2024-01-20 22:15:03,191:INFO:Inc_Learning:562: Accuracy (Oracle) for task 6 =  67.01%
2024-01-20 22:15:03,191:INFO:Inc_Learning:566: Accuracy of task 6 =  54.17%
2024-01-20 22:15:03,191:INFO:Inc_Learning:562: Accuracy (Oracle) for task 7 =  68.35%
2024-01-20 22:15:03,191:INFO:Inc_Learning:566: Accuracy of task 7 =  54.55%
2024-01-20 22:15:03,192:INFO:Inc_Learning:562: Accuracy (Oracle) for task 8 =  64.75%
2024-01-20 22:15:03,192:INFO:Inc_Learning:566: Accuracy of task 8 =  37.97%
2024-01-20 22:15:03,201:INFO:Inc_Learning:692: The incremental learning phase for task 8 is finished!
2024-01-20 22:15:03,202:INFO:Inc_Learning:557: Estimated remaining time: 4 minutes and 5 seconds
2024-01-20 22:15:03,202:INFO:Inc_Learning:681: The incremental learning phase for task 9 is started ...
2024-01-20 22:15:03,202:INFO:Inc_Learning:322: Prefixes are copied from task 8.
2024-01-20 22:15:03,203:INFO:Inc_Learning:269: The PredictionNet is copied from the previous task.
2024-01-20 22:15:03,230:INFO:Inc_Learning:142: The session file "data/index_list/cub200/num_base_classes=100,num_tasks=11,num_shots=5,seed=45/train_samples_for_task=10.txt" is loaded!
2024-01-20 22:15:03,261:INFO:Inc_Learning:142: The session file "data/index_list/cub200/num_base_classes=100,num_tasks=11,num_shots=5,seed=45/test_samples_for_task=10.txt" is loaded!
2024-01-20 22:15:05,515:INFO:Inc_Learning:213: Epoch: 1/10
2024-01-20 22:15:07,221:INFO:Inc_Learning:256: Epoch 1/10 Train Accuracy:  90.00%
2024-01-20 22:15:07,221:INFO:Inc_Learning:257: Epoch 1/10 Average Loss: 0.3696827292442322 / MA Loss: 0.3696827292442322
2024-01-20 22:15:07,222:INFO:Inc_Learning:213: Epoch: 2/10
2024-01-20 22:15:08,964:INFO:Inc_Learning:256: Epoch 2/10 Train Accuracy:  92.00%
2024-01-20 22:15:08,964:INFO:Inc_Learning:257: Epoch 2/10 Average Loss: 0.39034736156463623 / MA Loss: 0.3800150454044342
2024-01-20 22:15:08,965:INFO:Inc_Learning:213: Epoch: 3/10
2024-01-20 22:15:10,682:INFO:Inc_Learning:256: Epoch 3/10 Train Accuracy:  96.00%
2024-01-20 22:15:10,683:INFO:Inc_Learning:257: Epoch 3/10 Average Loss: 0.1776503026485443 / MA Loss: 0.3125601311524709
2024-01-20 22:15:10,683:INFO:Inc_Learning:213: Epoch: 4/10
2024-01-20 22:15:12,394:INFO:Inc_Learning:256: Epoch 4/10 Train Accuracy:  100.00%
2024-01-20 22:15:12,394:INFO:Inc_Learning:257: Epoch 4/10 Average Loss: 0.08409836143255234 / MA Loss: 0.25544468872249126
2024-01-20 22:15:12,394:INFO:Inc_Learning:213: Epoch: 5/10
2024-01-20 22:15:14,125:INFO:Inc_Learning:256: Epoch 5/10 Train Accuracy:  94.00%
2024-01-20 22:15:14,126:INFO:Inc_Learning:257: Epoch 5/10 Average Loss: 0.25345632433891296 / MA Loss: 0.2550470158457756
2024-01-20 22:15:14,126:INFO:Inc_Learning:213: Epoch: 6/10
2024-01-20 22:15:15,894:INFO:Inc_Learning:256: Epoch 6/10 Train Accuracy:  92.00%
2024-01-20 22:15:15,895:INFO:Inc_Learning:257: Epoch 6/10 Average Loss: 0.25711163878440857 / MA Loss: 0.2553911196688811
2024-01-20 22:15:15,895:INFO:Inc_Learning:213: Epoch: 7/10
2024-01-20 22:15:17,613:INFO:Inc_Learning:256: Epoch 7/10 Train Accuracy:  98.00%
2024-01-20 22:15:17,613:INFO:Inc_Learning:257: Epoch 7/10 Average Loss: 0.08821496367454529 / MA Loss: 0.23150881166969026
2024-01-20 22:15:17,614:INFO:Inc_Learning:213: Epoch: 8/10
2024-01-20 22:15:19,195:INFO:Inc_Learning:256: Epoch 8/10 Train Accuracy:  94.00%
2024-01-20 22:15:19,195:INFO:Inc_Learning:257: Epoch 8/10 Average Loss: 0.22224611043930054 / MA Loss: 0.23035097401589155
2024-01-20 22:15:19,195:INFO:Inc_Learning:213: Epoch: 9/10
2024-01-20 22:15:20,895:INFO:Inc_Learning:256: Epoch 9/10 Train Accuracy:  96.00%
2024-01-20 22:15:20,896:INFO:Inc_Learning:257: Epoch 9/10 Average Loss: 0.16317498683929443 / MA Loss: 0.2228869754407141
2024-01-20 22:15:20,896:INFO:Inc_Learning:213: Epoch: 10/10
2024-01-20 22:15:22,587:INFO:Inc_Learning:256: Epoch 10/10 Train Accuracy:  90.00%
2024-01-20 22:15:22,587:INFO:Inc_Learning:257: Epoch 10/10 Average Loss: 0.2692180871963501 / MA Loss: 0.2275200866162777
2024-01-20 22:15:22,634:INFO:Inc_Learning:576: Statistics for task identification ...
2024-01-20 22:15:24,348:INFO:Inc_Learning:270: The pseudo-labeling phase is started ...
2024-01-20 22:17:22,254:INFO:Inc_Learning:351: The training of the PredictionNet is started.
2024-01-20 22:17:22,705:INFO:Inc_Learning:463: Epoch: 000/500, MA loss: 0.057517532259225845
2024-01-20 22:17:22,748:INFO:Inc_Learning:463: Epoch: 050/500, MA loss: 0.0001684249160462059
2024-01-20 22:17:22,791:INFO:Inc_Learning:463: Epoch: 100/500, MA loss: 1.0938237153368391e-06
2024-01-20 22:17:22,834:INFO:Inc_Learning:463: Epoch: 150/500, MA loss: 6.074049307969176e-09
2024-01-20 22:17:22,877:INFO:Inc_Learning:463: Epoch: 200/500, MA loss: 3.351467714463041e-11
2024-01-20 22:17:22,920:INFO:Inc_Learning:463: Epoch: 250/500, MA loss: 1.8506664571042024e-13
2024-01-20 22:17:22,963:INFO:Inc_Learning:463: Epoch: 300/500, MA loss: 1.3914994894692904e-15
2024-01-20 22:17:23,006:INFO:Inc_Learning:463: Epoch: 350/500, MA loss: 4.065625056768804e-16
2024-01-20 22:17:23,049:INFO:Inc_Learning:463: Epoch: 400/500, MA loss: 4.017483886272047e-16
2024-01-20 22:17:23,091:INFO:Inc_Learning:463: Epoch: 450/500, MA loss: 4.503407894568322e-16
2024-01-20 22:17:23,133:INFO:Inc_Learning:463: Epoch: 499/500, MA loss: 4.713897011329114e-16
2024-01-20 22:17:23,134:INFO:Inc_Learning:576: Statistics for task identification ...
2024-01-20 22:17:23,650:INFO:Inc_Learning:496: Evaluating the test set after task 9 ...
2024-01-20 22:19:32,261:INFO:Inc_Learning:544: Evaluation Accuracy (oracle) after task 9:  72.93%
2024-01-20 22:19:32,262:INFO:Inc_Learning:555: Evaluation Accuracy after task 9:  60.67%
2024-01-20 22:19:32,262:INFO:Inc_Learning:556: Accuracy of task-id detection after task 9:  78.58%
2024-01-20 22:19:32,263:INFO:Inc_Learning:562: Accuracy (Oracle) for task 0 =  79.16%
2024-01-20 22:19:32,263:INFO:Inc_Learning:566: Accuracy of task 0 =  73.04%
2024-01-20 22:19:32,263:INFO:Inc_Learning:562: Accuracy (Oracle) for task 1 =  79.57%
2024-01-20 22:19:32,263:INFO:Inc_Learning:566: Accuracy of task 1 =  50.54%
2024-01-20 22:19:32,263:INFO:Inc_Learning:562: Accuracy (Oracle) for task 2 =  49.83%
2024-01-20 22:19:32,264:INFO:Inc_Learning:566: Accuracy of task 2 =  39.37%
2024-01-20 22:19:32,264:INFO:Inc_Learning:562: Accuracy (Oracle) for task 3 =  48.99%
2024-01-20 22:19:32,264:INFO:Inc_Learning:566: Accuracy of task 3 =  31.88%
2024-01-20 22:19:32,264:INFO:Inc_Learning:562: Accuracy (Oracle) for task 4 =  75.00%
2024-01-20 22:19:32,264:INFO:Inc_Learning:566: Accuracy of task 4 =  51.00%
2024-01-20 22:19:32,265:INFO:Inc_Learning:562: Accuracy (Oracle) for task 5 =  56.71%
2024-01-20 22:19:32,265:INFO:Inc_Learning:566: Accuracy of task 5 =  39.93%
2024-01-20 22:19:32,265:INFO:Inc_Learning:562: Accuracy (Oracle) for task 6 =  67.71%
2024-01-20 22:19:32,265:INFO:Inc_Learning:566: Accuracy of task 6 =  54.86%
2024-01-20 22:19:32,265:INFO:Inc_Learning:562: Accuracy (Oracle) for task 7 =  70.03%
2024-01-20 22:19:32,265:INFO:Inc_Learning:566: Accuracy of task 7 =  53.87%
2024-01-20 22:19:32,266:INFO:Inc_Learning:562: Accuracy (Oracle) for task 8 =  63.39%
2024-01-20 22:19:32,266:INFO:Inc_Learning:566: Accuracy of task 8 =  38.64%
2024-01-20 22:19:32,266:INFO:Inc_Learning:562: Accuracy (Oracle) for task 9 =  85.07%
2024-01-20 22:19:32,266:INFO:Inc_Learning:566: Accuracy of task 9 =  65.28%
2024-01-20 22:19:32,274:INFO:Inc_Learning:692: The incremental learning phase for task 9 is finished!
2024-01-20 22:19:32,275:INFO:Inc_Learning:557: Estimated remaining time: 2 minutes and 16 seconds
2024-01-20 22:19:32,275:INFO:Inc_Learning:681: The incremental learning phase for task 10 is started ...
2024-01-20 22:19:32,275:INFO:Inc_Learning:322: Prefixes are copied from task 9.
2024-01-20 22:19:32,275:INFO:Inc_Learning:269: The PredictionNet is copied from the previous task.
2024-01-20 22:19:32,304:INFO:Inc_Learning:142: The session file "data/index_list/cub200/num_base_classes=100,num_tasks=11,num_shots=5,seed=45/train_samples_for_task=11.txt" is loaded!
2024-01-20 22:19:32,336:INFO:Inc_Learning:142: The session file "data/index_list/cub200/num_base_classes=100,num_tasks=11,num_shots=5,seed=45/test_samples_for_task=11.txt" is loaded!
2024-01-20 22:19:35,448:INFO:Inc_Learning:213: Epoch: 1/10
2024-01-20 22:19:37,131:INFO:Inc_Learning:256: Epoch 1/10 Train Accuracy:  92.00%
2024-01-20 22:19:37,131:INFO:Inc_Learning:257: Epoch 1/10 Average Loss: 0.23171111941337585 / MA Loss: 0.23171111941337585
2024-01-20 22:19:37,131:INFO:Inc_Learning:213: Epoch: 2/10
2024-01-20 22:19:38,850:INFO:Inc_Learning:256: Epoch 2/10 Train Accuracy:  88.00%
2024-01-20 22:19:38,851:INFO:Inc_Learning:257: Epoch 2/10 Average Loss: 0.45418164134025574 / MA Loss: 0.3429463803768158
2024-01-20 22:19:38,851:INFO:Inc_Learning:213: Epoch: 3/10
2024-01-20 22:19:40,626:INFO:Inc_Learning:256: Epoch 3/10 Train Accuracy:  90.00%
2024-01-20 22:19:40,627:INFO:Inc_Learning:257: Epoch 3/10 Average Loss: 0.32287105917930603 / MA Loss: 0.33625460664431256
2024-01-20 22:19:40,627:INFO:Inc_Learning:213: Epoch: 4/10
2024-01-20 22:19:42,367:INFO:Inc_Learning:256: Epoch 4/10 Train Accuracy:  94.00%
2024-01-20 22:19:42,367:INFO:Inc_Learning:257: Epoch 4/10 Average Loss: 0.2555488348007202 / MA Loss: 0.31607816368341446
2024-01-20 22:19:42,367:INFO:Inc_Learning:213: Epoch: 5/10
2024-01-20 22:19:44,045:INFO:Inc_Learning:256: Epoch 5/10 Train Accuracy:  96.00%
2024-01-20 22:19:44,046:INFO:Inc_Learning:257: Epoch 5/10 Average Loss: 0.22099140286445618 / MA Loss: 0.2970608115196228
2024-01-20 22:19:44,046:INFO:Inc_Learning:213: Epoch: 6/10
2024-01-20 22:19:45,746:INFO:Inc_Learning:256: Epoch 6/10 Train Accuracy:  100.00%
2024-01-20 22:19:45,747:INFO:Inc_Learning:257: Epoch 6/10 Average Loss: 0.11849220097064972 / MA Loss: 0.2672993764281273
2024-01-20 22:19:45,747:INFO:Inc_Learning:213: Epoch: 7/10
2024-01-20 22:19:47,394:INFO:Inc_Learning:256: Epoch 7/10 Train Accuracy:  96.00%
2024-01-20 22:19:47,394:INFO:Inc_Learning:257: Epoch 7/10 Average Loss: 0.19237157702445984 / MA Loss: 0.2565954050847462
2024-01-20 22:19:47,394:INFO:Inc_Learning:213: Epoch: 8/10
2024-01-20 22:19:49,051:INFO:Inc_Learning:256: Epoch 8/10 Train Accuracy:  98.00%
2024-01-20 22:19:49,051:INFO:Inc_Learning:257: Epoch 8/10 Average Loss: 0.17915552854537964 / MA Loss: 0.2469154205173254
2024-01-20 22:19:49,052:INFO:Inc_Learning:213: Epoch: 9/10
2024-01-20 22:19:50,754:INFO:Inc_Learning:256: Epoch 9/10 Train Accuracy:  90.00%
2024-01-20 22:19:50,754:INFO:Inc_Learning:257: Epoch 9/10 Average Loss: 0.31111326813697815 / MA Loss: 0.25404851469728684
2024-01-20 22:19:50,755:INFO:Inc_Learning:213: Epoch: 10/10
2024-01-20 22:19:52,477:INFO:Inc_Learning:256: Epoch 10/10 Train Accuracy:  98.00%
2024-01-20 22:19:52,478:INFO:Inc_Learning:257: Epoch 10/10 Average Loss: 0.13690036535263062 / MA Loss: 0.2423336997628212
2024-01-20 22:19:52,527:INFO:Inc_Learning:576: Statistics for task identification ...
2024-01-20 22:19:54,097:INFO:Inc_Learning:270: The pseudo-labeling phase is started ...
2024-01-20 22:22:08,731:INFO:Inc_Learning:351: The training of the PredictionNet is started.
2024-01-20 22:22:09,089:INFO:Inc_Learning:463: Epoch: 000/500, MA loss: 0.05978893116116524
2024-01-20 22:22:09,132:INFO:Inc_Learning:463: Epoch: 050/500, MA loss: 0.00017983055658987723
2024-01-20 22:22:09,175:INFO:Inc_Learning:463: Epoch: 100/500, MA loss: 1.1020329111488536e-06
2024-01-20 22:22:09,218:INFO:Inc_Learning:463: Epoch: 150/500, MA loss: 6.249804695990236e-09
2024-01-20 22:22:09,261:INFO:Inc_Learning:463: Epoch: 200/500, MA loss: 3.461025216422442e-11
2024-01-20 22:22:09,303:INFO:Inc_Learning:463: Epoch: 250/500, MA loss: 1.9627599106555524e-13
2024-01-20 22:22:09,346:INFO:Inc_Learning:463: Epoch: 300/500, MA loss: 1.4410298787028396e-15
2024-01-20 22:22:09,389:INFO:Inc_Learning:463: Epoch: 350/500, MA loss: 4.3458397022860837e-16
2024-01-20 22:22:09,431:INFO:Inc_Learning:463: Epoch: 400/500, MA loss: 4.744383156468895e-16
2024-01-20 22:22:09,474:INFO:Inc_Learning:463: Epoch: 450/500, MA loss: 4.842313929456885e-16
2024-01-20 22:22:09,515:INFO:Inc_Learning:463: Epoch: 499/500, MA loss: 5.10110134132615e-16
2024-01-20 22:22:09,517:INFO:Inc_Learning:576: Statistics for task identification ...
2024-01-20 22:22:09,929:INFO:Inc_Learning:496: Evaluating the test set after task 10 ...
2024-01-20 22:24:36,405:INFO:Inc_Learning:544: Evaluation Accuracy (oracle) after task 10:  73.32%
2024-01-20 22:24:36,406:INFO:Inc_Learning:555: Evaluation Accuracy after task 10:  59.94%
2024-01-20 22:24:36,406:INFO:Inc_Learning:556: Accuracy of task-id detection after task 10:  77.49%
2024-01-20 22:24:36,406:INFO:Inc_Learning:562: Accuracy (Oracle) for task 0 =  79.57%
2024-01-20 22:24:36,407:INFO:Inc_Learning:566: Accuracy of task 0 =  72.14%
2024-01-20 22:24:36,407:INFO:Inc_Learning:562: Accuracy (Oracle) for task 1 =  80.29%
2024-01-20 22:24:36,407:INFO:Inc_Learning:566: Accuracy of task 1 =  49.10%
2024-01-20 22:24:36,407:INFO:Inc_Learning:562: Accuracy (Oracle) for task 2 =  48.43%
2024-01-20 22:24:36,407:INFO:Inc_Learning:566: Accuracy of task 2 =  40.07%
2024-01-20 22:24:36,407:INFO:Inc_Learning:562: Accuracy (Oracle) for task 3 =  49.33%
2024-01-20 22:24:36,407:INFO:Inc_Learning:566: Accuracy of task 3 =  29.53%
2024-01-20 22:24:36,408:INFO:Inc_Learning:562: Accuracy (Oracle) for task 4 =  76.00%
2024-01-20 22:24:36,408:INFO:Inc_Learning:566: Accuracy of task 4 =  50.00%
2024-01-20 22:24:36,408:INFO:Inc_Learning:562: Accuracy (Oracle) for task 5 =  57.72%
2024-01-20 22:24:36,408:INFO:Inc_Learning:566: Accuracy of task 5 =  40.60%
2024-01-20 22:24:36,408:INFO:Inc_Learning:562: Accuracy (Oracle) for task 6 =  67.71%
2024-01-20 22:24:36,408:INFO:Inc_Learning:566: Accuracy of task 6 =  55.21%
2024-01-20 22:24:36,409:INFO:Inc_Learning:562: Accuracy (Oracle) for task 7 =  69.70%
2024-01-20 22:24:36,409:INFO:Inc_Learning:566: Accuracy of task 7 =  54.88%
2024-01-20 22:24:36,409:INFO:Inc_Learning:562: Accuracy (Oracle) for task 8 =  65.76%
2024-01-20 22:24:36,409:INFO:Inc_Learning:566: Accuracy of task 8 =  37.63%
2024-01-20 22:24:36,409:INFO:Inc_Learning:562: Accuracy (Oracle) for task 9 =  84.72%
2024-01-20 22:24:36,409:INFO:Inc_Learning:566: Accuracy of task 9 =  67.36%
2024-01-20 22:24:36,410:INFO:Inc_Learning:562: Accuracy (Oracle) for task 10 =  73.00%
2024-01-20 22:24:36,410:INFO:Inc_Learning:566: Accuracy of task 10 =  56.33%
2024-01-20 22:24:36,416:INFO:Inc_Learning:692: The incremental learning phase for task 10 is finished!
2024-01-20 22:24:36,417:INFO:Inc_Learning:557: Estimated remaining time: 0 seconds
2024-01-20 22:24:36,417:INFO:Inc_Learning:703: Final accuracies after each incremental task:
2024-01-20 22:24:36,418:INFO:Inc_Learning:715: Task 0: 79.43
2024-01-20 22:24:36,419:INFO:Inc_Learning:715: Task 1: 76.14
2024-01-20 22:24:36,419:INFO:Inc_Learning:715: Task 2: 73.00
2024-01-20 22:24:36,419:INFO:Inc_Learning:715: Task 3: 69.05
2024-01-20 22:24:36,419:INFO:Inc_Learning:715: Task 4: 66.83
2024-01-20 22:24:36,419:INFO:Inc_Learning:715: Task 5: 64.66
2024-01-20 22:24:36,419:INFO:Inc_Learning:715: Task 6: 63.20
2024-01-20 22:24:36,419:INFO:Inc_Learning:715: Task 7: 62.57
2024-01-20 22:24:36,419:INFO:Inc_Learning:715: Task 8: 60.66
2024-01-20 22:24:36,419:INFO:Inc_Learning:715: Task 9: 60.67
2024-01-20 22:24:36,419:INFO:Inc_Learning:715: Task 10: 59.94
2024-01-20 22:24:36,419:INFO:Inc_Learning:720: The incremental learning phase is finished!
2024-01-20 22:24:36,419:INFO:Inc_Learning:721: The whole process took 30 minutes and 3 seconds
