2024-01-20 21:10:51,092:INFO:Inc_Learning:336: ('\nVersion Information: \n\tPyTorch: %s\n\tTorchVision: %s', '2.0.1+cu117', '0.15.2+cu117')
2024-01-20 21:10:51,102:INFO:Inc_Learning:369: class_permutation is loaded from the permutation file "data/index_list/mini_imagenet/num_base_classes=20,num_tasks=9,num_shots=5,seed=14/class_permutation.txt".
2024-01-20 21:10:52,088:WARNING:Inc_Learning:240: tqdm_enabled is set to False as the program is not running in the debug mode!
2024-01-20 21:10:52,399:INFO:Inc_Learning:566: The network was trained for 174 epochs, 0 iterations in phase supervised_learning
2024-01-20 21:10:52,423:INFO:Inc_Learning:643: We have loaded the head parameters from the saved file.
2024-01-20 21:10:52,423:INFO:Inc_Learning:651: We start from epoch 0, iteration 0
2024-01-20 21:10:52,423:INFO:Inc_Learning:663: File "/scratch/gx83/np9254/ROBUSTA-Saves/Mini-ImageNet/Phase_2,20_classes/P1P2,start_time=Date_2024-01-20,Time_09-21-12,seed=11-Best_Model.pt" is loaded
2024-01-20 21:10:52,471:INFO:Inc_Learning:285: --------------------------------------------------------------------- The given arguments ---------------------------------------------------------------------
2024-01-20 21:10:52,471:INFO:Inc_Learning:309: experiment_description = "Incremental learning phase,20 base classes"
2024-01-20 21:10:52,471:INFO:Inc_Learning:309: phase = "incremental_learning"
2024-01-20 21:10:52,471:INFO:Inc_Learning:303: Device = "cuda:0"
2024-01-20 21:10:52,471:INFO:Inc_Learning:307: seed = 14
2024-01-20 21:10:52,471:INFO:Inc_Learning:307: is_incremental = True
2024-01-20 21:10:52,471:INFO:Inc_Learning:307: debugging = False
2024-01-20 21:10:52,471:INFO:Inc_Learning:307: tqdm_enabled = False
2024-01-20 21:10:52,471:INFO:Inc_Learning:307: resume = False
2024-01-20 21:10:52,471:INFO:Inc_Learning:309: time_str = "Date_2024-01-20,Time_21-10-51"
2024-01-20 21:10:52,472:INFO:Inc_Learning:307: image_size = 224
2024-01-20 21:10:52,472:INFO:Inc_Learning:307: in_channels = 3
2024-01-20 21:10:52,472:INFO:Inc_Learning:307: batch_size_base = 160
2024-01-20 21:10:52,472:INFO:Inc_Learning:307: batch_size_test = 160
2024-01-20 21:10:52,472:INFO:Inc_Learning:307: batch_size_new = 0
2024-01-20 21:10:52,472:INFO:Inc_Learning:307: batch_size_fine_tuning = 0
2024-01-20 21:10:52,472:INFO:Inc_Learning:309: settings_file = "Experiments/Mini-ImageNet/20_base_classes/5-shot/phase=3,seed=14.toml"
2024-01-20 21:10:52,472:INFO:Inc_Learning:309: directory_permutation_files = "data/index_list/mini_imagenet/num_base_classes=20,num_tasks=9,num_shots=5,seed=14"
2024-01-20 21:10:52,472:INFO:Inc_Learning:299: The network was previously trained for 0 epochs.
2024-01-20 21:10:52,472:INFO:Inc_Learning:301: The network was previously trained for 0 iterations.
2024-01-20 21:10:52,472:INFO:Inc_Learning:307: dino = False
2024-01-20 21:10:52,472:INFO:Inc_Learning:307: debugging_env = False
2024-01-20 21:10:52,472:INFO:Inc_Learning:309: model_type = "CCT-14/7x2"
2024-01-20 21:10:52,472:INFO:Inc_Learning:307: prediction_net_list = []
2024-01-20 21:10:52,472:INFO:Inc_Learning:314: 
configs_arch:  {
  model_type = "CCT-14/7x2"
  use_BatchNorm = True
  use_BatchNorm_for_patch_embeddings = True
  temperature_stochastic_classifier = 16.0
  temperature_cosine_classifier = 10.0
  PositionalEmbeddingType = "Learnable"
  dropout_rate_classifier_head = 0.0
  number_of_the_first_layers_to_be_frozen = 0
  classifer_head_type = "Stochastic"
}
2024-01-20 21:10:52,472:INFO:Inc_Learning:314: 
configs_dataset:  {
  dataroot = "/scratch/gx83/np9254/Datasets/FSCIL/CEC/"
  dataset_name = "mini_imagenet"
  num_workers = 10
  total_classes = 100
  num_base_classes = 20
  num_tasks = 9
  num_shots = 5
  drop_last_base = True
  num_ways = 10
}
2024-01-20 21:10:52,472:INFO:Inc_Learning:314: 
configs_logger:  {
  display_interval = 0.5
  display_freq = 50
  moving_average_capacity = 50
  log_file = "/scratch/gx83/np9254/ROBUSTA-Saves/Mini-ImageNet/Phase_3,20_classes/5-shot/Time=Date_2024-01-20,Time_21-10-51,Desc=Incremental learning phase,20 base classes,seed=14.log"
}
2024-01-20 21:10:52,472:INFO:Inc_Learning:314: 
configs_save:  {
  save_freq_epoch = 10
  save_freq_iter = 2000
  time_interval_to_save = 60
  root = "/scratch/gx83/np9254/ROBUSTA-Saves/Mini-ImageNet/Phase_3,20_classes/5-shot"
  input_file = "/scratch/gx83/np9254/ROBUSTA-Saves/Mini-ImageNet/Phase_2,20_classes/P1P2,start_time=Date_2024-01-20,Time_09-21-12,seed=11-Best_Model.pt"
  output_file = "P1P2P3,start_time=Date_2024-01-20,Time_21-10-51"
}
2024-01-20 21:10:52,472:INFO:Inc_Learning:314: 
configs_FSCIL:  {
  num_epochs = [3, 15, 15, 15, 15, 15, 15, 15, 15]
  update_mu = True
  fine_tune = True
  freeze_backbone = True
  freeze_batch_norm_layers = True
  freeze_non_batch_norm_layers = True
  use_delta_parameters_for_base_task = True
  use_prefixes_for_distance_calculations = True
  use_shared_covariance = True
  start_from_task = 0
  randomize_selected_classes = False
  use_cache_for_the_base_task = False
  use_pseudo_labeled_samples_for_task_identification = [True, True, True, True, True, True, True, True, True]
  tasks_or_classes_for_Mahalanobis_distance_calculations = "classes"
  enable_Mahalanobis_distance = True
  configs_PEFT = {
    prefix_seq_length = [16, 16, 16, 16, 16, 16, 16, 16, 16]
    number_of_layers_for_prefixes = [-1, -1, -1, -1, -1, -1, -1, -1, -1]
    fusion_mode = "last"
    prefix_or_prompt = "prefix"
  }  
  optimizer = {
    optimizer_name = "AdamW"
    lr_head = [0.01, 0.01, 0.01, 0.01, 0.01, 0.01, 0.01, 0.01, 0.01]
    lr = [0.01, 0.01, 0.01, 0.01, 0.01, 0.01, 0.01, 0.01, 0.01]
    lr_prefixes_or_prompts = [0.01, 0.01, 0.01, 0.01, 0.01, 0.01, 0.01, 0.01, 0.01]
    lr_backbone = [0.01, 0.01, 0.01, 0.01, 0.01, 0.01, 0.01, 0.01, 0.01]
    momentum = 0.9
    momentum2 = 0.999
    nesterov = True
    weight_decay = [0.0, 0.0, 0.0, 0.0, 0.0, 0.0, 0.0, 0.0, 0.0]
  }  
  scheduler = {
    name = "ReduceLROnPlateau"
    mode = "min"
    factor = 0.25
    patience = 5
    cooldown = 0
    min_lr = 0
    verbose = True
    moving_average_capacity = 10
  }  
  evaluation = {
    ignore_logits_for_other_tasks = True
    stochastic = True
  }  
  PredictionNet = {
    enabled = True
    use_pseudo_labeled_test_samples = [False, True, True, True, True, True, True, True, True]
    separate_PredictionNet_for_each_task = True
    use_PredictionNet_for_this_task = [True, True, True, True, True, True, True, True, True]
    num_epochs = [100, 100, 100, 100, 100, 100, 100, 100, 100]
    batch_size_for_Pseudo_labelling = 100
    batch_size_for_PredictionNet = 100
    n_layers = 2
    size_hidden_layer = 384
    use_real_residual_connections = False
    dropout_rate = 0.0
    bias = True
    num_outliers = [5, 1, 1, 1, 1, 1, 1, 1, 1]
    moving_average_capacity = 20
    display_freq = 1000
    remember_from_previous_task = True
    use_the_best_model = False
    loss = "MSE"
    optimizer = {
      optimizer_name = "AdamW"
      lr = [0.001, 0.001, 0.001, 0.001, 0.001, 0.001, 0.001, 0.001, 0.001]
      momentum = 0.9
      momentum2 = 0.999
      dampening = 0.0
      nesterov = True
      weight_decay = [0.0, 0.0, 0.0, 0.0, 0.0, 0.0, 0.0, 0.0, 0.0]
    }    
    scheduler = {
      name = "ReduceLROnPlateau"
      mode = "min"
      factor = 0.25
      patience = 1000
      cooldown = 0
      min_lr = 0
      verbose = True
      moving_average_capacity = 10
    }    
  }  
}
2024-01-20 21:10:52,472:INFO:Inc_Learning:316: --------------------------------------------------------------------------------
2024-01-20 21:10:52,646:INFO:Inc_Learning:150: The session file "data/index_list/mini_imagenet/num_base_classes=20,num_tasks=9,num_shots=5,seed=14/train_samples_for_task=1.txt" is loaded!
2024-01-20 21:10:52,696:INFO:Inc_Learning:150: The session file "data/index_list/mini_imagenet/num_base_classes=20,num_tasks=9,num_shots=5,seed=14/test_samples_for_task=1.txt" is loaded!
2024-01-20 21:10:52,746:INFO:Inc_Learning:681: The incremental learning phase for task 0 is started ...
2024-01-20 21:10:52,746:INFO:Inc_Learning:318: Prefixes are randomly initialized for task 0.
2024-01-20 21:10:52,839:INFO:Inc_Learning:150: The session file "data/index_list/mini_imagenet/num_base_classes=20,num_tasks=9,num_shots=5,seed=14/train_samples_for_task=1.txt" is loaded!
2024-01-20 21:10:52,858:INFO:Inc_Learning:150: The session file "data/index_list/mini_imagenet/num_base_classes=20,num_tasks=9,num_shots=5,seed=14/test_samples_for_task=1.txt" is loaded!
2024-01-20 21:11:13,687:INFO:Inc_Learning:213: Epoch: 1/3
2024-01-20 21:11:44,506:INFO:Inc_Learning:256: Epoch 1/3 Train Accuracy:  92.95%
2024-01-20 21:11:44,508:INFO:Inc_Learning:257: Epoch 1/3 Average Loss: 0.2457593840456778 / MA Loss: 0.24154373556375502
2024-01-20 21:11:44,509:INFO:Inc_Learning:213: Epoch: 2/3
2024-01-20 21:12:15,298:INFO:Inc_Learning:256: Epoch 2/3 Train Accuracy:  94.38%
2024-01-20 21:12:15,299:INFO:Inc_Learning:257: Epoch 2/3 Average Loss: 0.21033105398378066 / MA Loss: 0.18207956850528717
2024-01-20 21:12:15,299:INFO:Inc_Learning:213: Epoch: 3/3
2024-01-20 21:12:46,455:INFO:Inc_Learning:256: Epoch 3/3 Train Accuracy:  93.67%
2024-01-20 21:12:46,456:INFO:Inc_Learning:257: Epoch 3/3 Average Loss: 0.224101408595039 / MA Loss: 0.21823343485593796
2024-01-20 21:12:46,506:INFO:Inc_Learning:576: Statistics for task identification ...
2024-01-20 21:13:04,200:INFO:Inc_Learning:270: The pseudo-labeling phase is started ...
2024-01-20 21:13:19,519:INFO:Inc_Learning:351: The training of the PredictionNet is started.
2024-01-20 21:13:37,105:INFO:Inc_Learning:463: Epoch: 000/100, MA loss: 0.3775577247142792
2024-01-20 21:13:37,331:INFO:Inc_Learning:463: Epoch: 099/100, MA loss: 0.0018350481055676936
2024-01-20 21:13:37,331:INFO:Inc_Learning:576: Statistics for task identification ...
2024-01-20 21:13:59,355:INFO:Inc_Learning:496: Evaluating the test set after task 0 ...
2024-01-20 21:14:04,196:INFO:Inc_Learning:544: Evaluation Accuracy (oracle) after task 0:  83.80%
2024-01-20 21:14:04,197:INFO:Inc_Learning:562: Accuracy (Oracle) for task 0 =  83.80%
2024-01-20 21:14:04,209:INFO:Inc_Learning:692: The incremental learning phase for task 0 is finished!
2024-01-20 21:14:04,209:INFO:Inc_Learning:557: Estimated remaining time: 12 minutes and 45 seconds
2024-01-20 21:14:04,210:INFO:Inc_Learning:681: The incremental learning phase for task 1 is started ...
2024-01-20 21:14:04,210:INFO:Inc_Learning:322: Prefixes are copied from task 0.
2024-01-20 21:14:04,210:INFO:Inc_Learning:269: The PredictionNet is copied from the previous task.
2024-01-20 21:14:04,301:INFO:Inc_Learning:150: The session file "data/index_list/mini_imagenet/num_base_classes=20,num_tasks=9,num_shots=5,seed=14/train_samples_for_task=2.txt" is loaded!
2024-01-20 21:14:04,323:INFO:Inc_Learning:150: The session file "data/index_list/mini_imagenet/num_base_classes=20,num_tasks=9,num_shots=5,seed=14/test_samples_for_task=2.txt" is loaded!
2024-01-20 21:14:05,594:INFO:Inc_Learning:213: Epoch: 1/15
2024-01-20 21:14:06,753:INFO:Inc_Learning:256: Epoch 1/15 Train Accuracy:  82.00%
2024-01-20 21:14:06,753:INFO:Inc_Learning:257: Epoch 1/15 Average Loss: 0.6366018056869507 / MA Loss: 0.6366018056869507
2024-01-20 21:14:06,753:INFO:Inc_Learning:213: Epoch: 2/15
2024-01-20 21:14:07,943:INFO:Inc_Learning:256: Epoch 2/15 Train Accuracy:  84.00%
2024-01-20 21:14:07,944:INFO:Inc_Learning:257: Epoch 2/15 Average Loss: 0.5430320501327515 / MA Loss: 0.5898169279098511
2024-01-20 21:14:07,944:INFO:Inc_Learning:213: Epoch: 3/15
2024-01-20 21:14:09,041:INFO:Inc_Learning:256: Epoch 3/15 Train Accuracy:  90.00%
2024-01-20 21:14:09,042:INFO:Inc_Learning:257: Epoch 3/15 Average Loss: 0.42915305495262146 / MA Loss: 0.5362623035907745
2024-01-20 21:14:09,042:INFO:Inc_Learning:213: Epoch: 4/15
2024-01-20 21:14:10,162:INFO:Inc_Learning:256: Epoch 4/15 Train Accuracy:  94.00%
2024-01-20 21:14:10,163:INFO:Inc_Learning:257: Epoch 4/15 Average Loss: 0.37988483905792236 / MA Loss: 0.4971679374575615
2024-01-20 21:14:10,163:INFO:Inc_Learning:213: Epoch: 5/15
2024-01-20 21:14:11,392:INFO:Inc_Learning:256: Epoch 5/15 Train Accuracy:  88.00%
2024-01-20 21:14:11,393:INFO:Inc_Learning:257: Epoch 5/15 Average Loss: 0.5063064098358154 / MA Loss: 0.4989956319332123
2024-01-20 21:14:11,393:INFO:Inc_Learning:213: Epoch: 6/15
2024-01-20 21:14:12,529:INFO:Inc_Learning:256: Epoch 6/15 Train Accuracy:  88.00%
2024-01-20 21:14:12,530:INFO:Inc_Learning:257: Epoch 6/15 Average Loss: 0.4010036885738373 / MA Loss: 0.48266364137331647
2024-01-20 21:14:12,530:INFO:Inc_Learning:213: Epoch: 7/15
2024-01-20 21:14:13,702:INFO:Inc_Learning:256: Epoch 7/15 Train Accuracy:  94.00%
2024-01-20 21:14:13,703:INFO:Inc_Learning:257: Epoch 7/15 Average Loss: 0.3298213481903076 / MA Loss: 0.46082902806145803
2024-01-20 21:14:13,703:INFO:Inc_Learning:213: Epoch: 8/15
2024-01-20 21:14:14,915:INFO:Inc_Learning:256: Epoch 8/15 Train Accuracy:  90.00%
2024-01-20 21:14:14,915:INFO:Inc_Learning:257: Epoch 8/15 Average Loss: 0.33327779173851013 / MA Loss: 0.44488512352108955
2024-01-20 21:14:14,915:INFO:Inc_Learning:213: Epoch: 9/15
2024-01-20 21:14:16,097:INFO:Inc_Learning:256: Epoch 9/15 Train Accuracy:  92.00%
2024-01-20 21:14:16,098:INFO:Inc_Learning:257: Epoch 9/15 Average Loss: 0.32584917545318604 / MA Loss: 0.43165890706910026
2024-01-20 21:14:16,098:INFO:Inc_Learning:213: Epoch: 10/15
2024-01-20 21:14:17,370:INFO:Inc_Learning:256: Epoch 10/15 Train Accuracy:  94.00%
2024-01-20 21:14:17,371:INFO:Inc_Learning:257: Epoch 10/15 Average Loss: 0.30753660202026367 / MA Loss: 0.4192466765642166
2024-01-20 21:14:17,371:INFO:Inc_Learning:213: Epoch: 11/15
2024-01-20 21:14:18,477:INFO:Inc_Learning:256: Epoch 11/15 Train Accuracy:  90.00%
2024-01-20 21:14:18,478:INFO:Inc_Learning:257: Epoch 11/15 Average Loss: 0.4037145674228668 / MA Loss: 0.3959579527378082
2024-01-20 21:14:18,478:INFO:Inc_Learning:213: Epoch: 12/15
2024-01-20 21:14:19,613:INFO:Inc_Learning:256: Epoch 12/15 Train Accuracy:  96.00%
2024-01-20 21:14:19,614:INFO:Inc_Learning:257: Epoch 12/15 Average Loss: 0.22213536500930786 / MA Loss: 0.36386828422546386
2024-01-20 21:14:19,614:INFO:Inc_Learning:213: Epoch: 13/15
2024-01-20 21:14:20,763:INFO:Inc_Learning:256: Epoch 13/15 Train Accuracy:  94.00%
2024-01-20 21:14:20,764:INFO:Inc_Learning:257: Epoch 13/15 Average Loss: 0.3504526913166046 / MA Loss: 0.3559982478618622
2024-01-20 21:14:20,764:INFO:Inc_Learning:213: Epoch: 14/15
2024-01-20 21:14:21,892:INFO:Inc_Learning:256: Epoch 14/15 Train Accuracy:  88.00%
2024-01-20 21:14:21,892:INFO:Inc_Learning:257: Epoch 14/15 Average Loss: 0.3086101710796356 / MA Loss: 0.3488707810640335
2024-01-20 21:14:21,893:INFO:Inc_Learning:213: Epoch: 15/15
2024-01-20 21:14:23,092:INFO:Inc_Learning:256: Epoch 15/15 Train Accuracy:  96.00%
2024-01-20 21:14:23,093:INFO:Inc_Learning:257: Epoch 15/15 Average Loss: 0.25586187839508057 / MA Loss: 0.32382632791996
2024-01-20 21:14:23,133:INFO:Inc_Learning:576: Statistics for task identification ...
2024-01-20 21:14:24,223:INFO:Inc_Learning:270: The pseudo-labeling phase is started ...
2024-01-20 21:14:40,077:INFO:Inc_Learning:351: The training of the PredictionNet is started.
2024-01-20 21:14:40,311:INFO:Inc_Learning:463: Epoch: 000/100, MA loss: 0.24247434735298157
2024-01-20 21:14:40,426:INFO:Inc_Learning:463: Epoch: 099/100, MA loss: 2.038822970007459e-06
2024-01-20 21:14:40,426:INFO:Inc_Learning:576: Statistics for task identification ...
2024-01-20 21:14:40,703:INFO:Inc_Learning:496: Evaluating the test set after task 1 ...
2024-01-20 21:14:59,561:INFO:Inc_Learning:544: Evaluation Accuracy (oracle) after task 1:  73.83%
2024-01-20 21:14:59,561:INFO:Inc_Learning:555: Evaluation Accuracy after task 1:  62.70%
2024-01-20 21:14:59,561:INFO:Inc_Learning:556: Accuracy of task-id detection after task 1:  77.43%
2024-01-20 21:14:59,562:INFO:Inc_Learning:562: Accuracy (Oracle) for task 0 =  83.75%
2024-01-20 21:14:59,562:INFO:Inc_Learning:566: Accuracy of task 0 =  82.75%
2024-01-20 21:14:59,562:INFO:Inc_Learning:562: Accuracy (Oracle) for task 1 =  54.00%
2024-01-20 21:14:59,562:INFO:Inc_Learning:566: Accuracy of task 1 =  22.60%
2024-01-20 21:14:59,574:INFO:Inc_Learning:692: The incremental learning phase for task 1 is finished!
2024-01-20 21:14:59,574:INFO:Inc_Learning:557: Estimated remaining time: 9 minutes and 35 seconds
2024-01-20 21:14:59,574:INFO:Inc_Learning:681: The incremental learning phase for task 2 is started ...
2024-01-20 21:14:59,575:INFO:Inc_Learning:322: Prefixes are copied from task 1.
2024-01-20 21:14:59,575:INFO:Inc_Learning:269: The PredictionNet is copied from the previous task.
2024-01-20 21:14:59,660:INFO:Inc_Learning:150: The session file "data/index_list/mini_imagenet/num_base_classes=20,num_tasks=9,num_shots=5,seed=14/train_samples_for_task=3.txt" is loaded!
2024-01-20 21:14:59,685:INFO:Inc_Learning:150: The session file "data/index_list/mini_imagenet/num_base_classes=20,num_tasks=9,num_shots=5,seed=14/test_samples_for_task=3.txt" is loaded!
2024-01-20 21:15:00,981:INFO:Inc_Learning:213: Epoch: 1/15
2024-01-20 21:15:02,232:INFO:Inc_Learning:256: Epoch 1/15 Train Accuracy:  88.00%
2024-01-20 21:15:02,233:INFO:Inc_Learning:257: Epoch 1/15 Average Loss: 0.4213060438632965 / MA Loss: 0.4213060438632965
2024-01-20 21:15:02,233:INFO:Inc_Learning:213: Epoch: 2/15
2024-01-20 21:15:03,379:INFO:Inc_Learning:256: Epoch 2/15 Train Accuracy:  82.00%
2024-01-20 21:15:03,379:INFO:Inc_Learning:257: Epoch 2/15 Average Loss: 0.45967036485671997 / MA Loss: 0.44048820436000824
2024-01-20 21:15:03,379:INFO:Inc_Learning:213: Epoch: 3/15
2024-01-20 21:15:04,644:INFO:Inc_Learning:256: Epoch 3/15 Train Accuracy:  92.00%
2024-01-20 21:15:04,645:INFO:Inc_Learning:257: Epoch 3/15 Average Loss: 0.3085927665233612 / MA Loss: 0.39652305841445923
2024-01-20 21:15:04,645:INFO:Inc_Learning:213: Epoch: 4/15
2024-01-20 21:15:05,869:INFO:Inc_Learning:256: Epoch 4/15 Train Accuracy:  94.00%
2024-01-20 21:15:05,869:INFO:Inc_Learning:257: Epoch 4/15 Average Loss: 0.26242464780807495 / MA Loss: 0.36299845576286316
2024-01-20 21:15:05,869:INFO:Inc_Learning:213: Epoch: 5/15
2024-01-20 21:15:07,247:INFO:Inc_Learning:256: Epoch 5/15 Train Accuracy:  92.00%
2024-01-20 21:15:07,247:INFO:Inc_Learning:257: Epoch 5/15 Average Loss: 0.33185988664627075 / MA Loss: 0.35677074193954467
2024-01-20 21:15:07,248:INFO:Inc_Learning:213: Epoch: 6/15
2024-01-20 21:15:08,707:INFO:Inc_Learning:256: Epoch 6/15 Train Accuracy:  88.00%
2024-01-20 21:15:08,707:INFO:Inc_Learning:257: Epoch 6/15 Average Loss: 0.34353744983673096 / MA Loss: 0.3545651932557424
2024-01-20 21:15:08,707:INFO:Inc_Learning:213: Epoch: 7/15
2024-01-20 21:15:09,901:INFO:Inc_Learning:256: Epoch 7/15 Train Accuracy:  94.00%
2024-01-20 21:15:09,902:INFO:Inc_Learning:257: Epoch 7/15 Average Loss: 0.2485700249671936 / MA Loss: 0.33942302635737825
2024-01-20 21:15:09,902:INFO:Inc_Learning:213: Epoch: 8/15
2024-01-20 21:15:11,096:INFO:Inc_Learning:256: Epoch 8/15 Train Accuracy:  94.00%
2024-01-20 21:15:11,097:INFO:Inc_Learning:257: Epoch 8/15 Average Loss: 0.2191048115491867 / MA Loss: 0.32438324950635433
2024-01-20 21:15:11,097:INFO:Inc_Learning:213: Epoch: 9/15
2024-01-20 21:15:12,260:INFO:Inc_Learning:256: Epoch 9/15 Train Accuracy:  94.00%
2024-01-20 21:15:12,260:INFO:Inc_Learning:257: Epoch 9/15 Average Loss: 0.2668679356575012 / MA Loss: 0.317992659078704
2024-01-20 21:15:12,261:INFO:Inc_Learning:213: Epoch: 10/15
2024-01-20 21:15:13,481:INFO:Inc_Learning:256: Epoch 10/15 Train Accuracy:  92.00%
2024-01-20 21:15:13,482:INFO:Inc_Learning:257: Epoch 10/15 Average Loss: 0.27044355869293213 / MA Loss: 0.3132377490401268
2024-01-20 21:15:13,482:INFO:Inc_Learning:213: Epoch: 11/15
2024-01-20 21:15:14,606:INFO:Inc_Learning:256: Epoch 11/15 Train Accuracy:  94.00%
2024-01-20 21:15:14,608:INFO:Inc_Learning:257: Epoch 11/15 Average Loss: 0.21452724933624268 / MA Loss: 0.2925598695874214
2024-01-20 21:15:14,608:INFO:Inc_Learning:213: Epoch: 12/15
2024-01-20 21:15:15,728:INFO:Inc_Learning:256: Epoch 12/15 Train Accuracy:  92.00%
2024-01-20 21:15:15,729:INFO:Inc_Learning:257: Epoch 12/15 Average Loss: 0.32783374190330505 / MA Loss: 0.2793762072920799
2024-01-20 21:15:15,729:INFO:Inc_Learning:213: Epoch: 13/15
2024-01-20 21:15:16,957:INFO:Inc_Learning:256: Epoch 13/15 Train Accuracy:  96.00%
2024-01-20 21:15:16,957:INFO:Inc_Learning:257: Epoch 13/15 Average Loss: 0.20576606690883636 / MA Loss: 0.26909353733062746
2024-01-20 21:15:16,957:INFO:Inc_Learning:213: Epoch: 14/15
2024-01-20 21:15:18,160:INFO:Inc_Learning:256: Epoch 14/15 Train Accuracy:  92.00%
2024-01-20 21:15:18,160:INFO:Inc_Learning:257: Epoch 14/15 Average Loss: 0.20753861963748932 / MA Loss: 0.26360493451356887
2024-01-20 21:15:18,160:INFO:Inc_Learning:213: Epoch: 15/15
2024-01-20 21:15:19,322:INFO:Inc_Learning:256: Epoch 15/15 Train Accuracy:  98.00%
2024-01-20 21:15:19,323:INFO:Inc_Learning:257: Epoch 15/15 Average Loss: 0.16745996475219727 / MA Loss: 0.24716494232416153
2024-01-20 21:15:19,436:INFO:Inc_Learning:576: Statistics for task identification ...
2024-01-20 21:15:20,508:INFO:Inc_Learning:270: The pseudo-labeling phase is started ...
2024-01-20 21:15:45,519:INFO:Inc_Learning:351: The training of the PredictionNet is started.
2024-01-20 21:15:45,909:INFO:Inc_Learning:463: Epoch: 000/100, MA loss: 0.31073692440986633
2024-01-20 21:15:46,030:INFO:Inc_Learning:463: Epoch: 099/100, MA loss: 2.752827595031704e-06
2024-01-20 21:15:46,030:INFO:Inc_Learning:576: Statistics for task identification ...
2024-01-20 21:15:46,468:INFO:Inc_Learning:496: Evaluating the test set after task 2 ...
2024-01-20 21:16:16,714:INFO:Inc_Learning:544: Evaluation Accuracy (oracle) after task 2:  69.40%
2024-01-20 21:16:16,715:INFO:Inc_Learning:555: Evaluation Accuracy after task 2:  54.87%
2024-01-20 21:16:16,715:INFO:Inc_Learning:556: Accuracy of task-id detection after task 2:  70.03%
2024-01-20 21:16:16,715:INFO:Inc_Learning:562: Accuracy (Oracle) for task 0 =  83.85%
2024-01-20 21:16:16,716:INFO:Inc_Learning:566: Accuracy of task 0 =  80.55%
2024-01-20 21:16:16,716:INFO:Inc_Learning:562: Accuracy (Oracle) for task 1 =  54.10%
2024-01-20 21:16:16,716:INFO:Inc_Learning:566: Accuracy of task 1 =  26.00%
2024-01-20 21:16:16,716:INFO:Inc_Learning:562: Accuracy (Oracle) for task 2 =  55.80%
2024-01-20 21:16:16,717:INFO:Inc_Learning:566: Accuracy of task 2 =  32.40%
2024-01-20 21:16:16,735:INFO:Inc_Learning:692: The incremental learning phase for task 2 is finished!
2024-01-20 21:16:16,735:INFO:Inc_Learning:557: Estimated remaining time: 8 minutes and 5 seconds
2024-01-20 21:16:16,736:INFO:Inc_Learning:681: The incremental learning phase for task 3 is started ...
2024-01-20 21:16:16,736:INFO:Inc_Learning:322: Prefixes are copied from task 2.
2024-01-20 21:16:16,736:INFO:Inc_Learning:269: The PredictionNet is copied from the previous task.
2024-01-20 21:16:16,824:INFO:Inc_Learning:150: The session file "data/index_list/mini_imagenet/num_base_classes=20,num_tasks=9,num_shots=5,seed=14/train_samples_for_task=4.txt" is loaded!
2024-01-20 21:16:16,849:INFO:Inc_Learning:150: The session file "data/index_list/mini_imagenet/num_base_classes=20,num_tasks=9,num_shots=5,seed=14/test_samples_for_task=4.txt" is loaded!
2024-01-20 21:16:18,163:INFO:Inc_Learning:213: Epoch: 1/15
2024-01-20 21:16:19,370:INFO:Inc_Learning:256: Epoch 1/15 Train Accuracy:  80.00%
2024-01-20 21:16:19,370:INFO:Inc_Learning:257: Epoch 1/15 Average Loss: 0.46647343039512634 / MA Loss: 0.46647343039512634
2024-01-20 21:16:19,370:INFO:Inc_Learning:213: Epoch: 2/15
2024-01-20 21:16:20,632:INFO:Inc_Learning:256: Epoch 2/15 Train Accuracy:  92.00%
2024-01-20 21:16:20,632:INFO:Inc_Learning:257: Epoch 2/15 Average Loss: 0.45486897230148315 / MA Loss: 0.46067120134830475
2024-01-20 21:16:20,632:INFO:Inc_Learning:213: Epoch: 3/15
2024-01-20 21:16:21,834:INFO:Inc_Learning:256: Epoch 3/15 Train Accuracy:  90.00%
2024-01-20 21:16:21,834:INFO:Inc_Learning:257: Epoch 3/15 Average Loss: 0.4731111228466034 / MA Loss: 0.4648178418477376
2024-01-20 21:16:21,835:INFO:Inc_Learning:213: Epoch: 4/15
2024-01-20 21:16:22,906:INFO:Inc_Learning:256: Epoch 4/15 Train Accuracy:  84.00%
2024-01-20 21:16:22,906:INFO:Inc_Learning:257: Epoch 4/15 Average Loss: 0.4213745594024658 / MA Loss: 0.4539570212364197
2024-01-20 21:16:22,906:INFO:Inc_Learning:213: Epoch: 5/15
2024-01-20 21:16:24,199:INFO:Inc_Learning:256: Epoch 5/15 Train Accuracy:  94.00%
2024-01-20 21:16:24,199:INFO:Inc_Learning:257: Epoch 5/15 Average Loss: 0.4029214084148407 / MA Loss: 0.4437498986721039
2024-01-20 21:16:24,199:INFO:Inc_Learning:213: Epoch: 6/15
2024-01-20 21:16:25,546:INFO:Inc_Learning:256: Epoch 6/15 Train Accuracy:  92.00%
2024-01-20 21:16:25,547:INFO:Inc_Learning:257: Epoch 6/15 Average Loss: 0.34141212701797485 / MA Loss: 0.4266936033964157
2024-01-20 21:16:25,547:INFO:Inc_Learning:213: Epoch: 7/15
2024-01-20 21:16:26,786:INFO:Inc_Learning:256: Epoch 7/15 Train Accuracy:  88.00%
2024-01-20 21:16:26,786:INFO:Inc_Learning:257: Epoch 7/15 Average Loss: 0.41157376766204834 / MA Loss: 0.42453362686293467
2024-01-20 21:16:26,787:INFO:Inc_Learning:213: Epoch: 8/15
2024-01-20 21:16:27,978:INFO:Inc_Learning:256: Epoch 8/15 Train Accuracy:  84.00%
2024-01-20 21:16:27,979:INFO:Inc_Learning:257: Epoch 8/15 Average Loss: 0.46639934182167053 / MA Loss: 0.42976684123277664
2024-01-20 21:16:27,979:INFO:Inc_Learning:213: Epoch: 9/15
2024-01-20 21:16:29,172:INFO:Inc_Learning:256: Epoch 9/15 Train Accuracy:  90.00%
2024-01-20 21:16:29,172:INFO:Inc_Learning:257: Epoch 9/15 Average Loss: 0.3518059253692627 / MA Loss: 0.42110451724794173
2024-01-20 21:16:29,173:INFO:Inc_Learning:213: Epoch: 10/15
2024-01-20 21:16:30,315:INFO:Inc_Learning:256: Epoch 10/15 Train Accuracy:  94.00%
2024-01-20 21:16:30,316:INFO:Inc_Learning:257: Epoch 10/15 Average Loss: 0.33591529726982117 / MA Loss: 0.4125855952501297
2024-01-20 21:16:30,316:INFO:Inc_Learning:213: Epoch: 11/15
2024-01-20 21:16:31,549:INFO:Inc_Learning:256: Epoch 11/15 Train Accuracy:  98.00%
2024-01-20 21:16:31,549:INFO:Inc_Learning:257: Epoch 11/15 Average Loss: 0.24317483603954315 / MA Loss: 0.3902557358145714
2024-01-20 21:16:31,549:INFO:Inc_Learning:213: Epoch: 12/15
2024-01-20 21:16:32,555:INFO:Inc_Learning:256: Epoch 12/15 Train Accuracy:  96.00%
2024-01-20 21:16:32,556:INFO:Inc_Learning:257: Epoch 12/15 Average Loss: 0.2852114737033844 / MA Loss: 0.3732899859547615
2024-01-20 21:16:32,556:INFO:Inc_Learning:213: Epoch: 13/15
2024-01-20 21:16:33,721:INFO:Inc_Learning:256: Epoch 13/15 Train Accuracy:  92.00%
2024-01-20 21:16:33,722:INFO:Inc_Learning:257: Epoch 13/15 Average Loss: 0.31769609451293945 / MA Loss: 0.3577484831213951
2024-01-20 21:16:33,722:INFO:Inc_Learning:213: Epoch: 14/15
2024-01-20 21:16:34,850:INFO:Inc_Learning:256: Epoch 14/15 Train Accuracy:  96.00%
2024-01-20 21:16:34,850:INFO:Inc_Learning:257: Epoch 14/15 Average Loss: 0.25972142815589905 / MA Loss: 0.34158316999673843
2024-01-20 21:16:34,850:INFO:Inc_Learning:213: Epoch: 15/15
2024-01-20 21:16:36,083:INFO:Inc_Learning:256: Epoch 15/15 Train Accuracy:  100.00%
2024-01-20 21:16:36,084:INFO:Inc_Learning:257: Epoch 15/15 Average Loss: 0.21803374588489532 / MA Loss: 0.3230944037437439
2024-01-20 21:16:36,122:INFO:Inc_Learning:576: Statistics for task identification ...
2024-01-20 21:16:37,228:INFO:Inc_Learning:270: The pseudo-labeling phase is started ...
2024-01-20 21:17:14,890:INFO:Inc_Learning:351: The training of the PredictionNet is started.
2024-01-20 21:17:15,254:INFO:Inc_Learning:463: Epoch: 000/100, MA loss: 0.17552705109119415
2024-01-20 21:17:15,374:INFO:Inc_Learning:463: Epoch: 099/100, MA loss: 1.597144154175112e-06
2024-01-20 21:17:15,374:INFO:Inc_Learning:576: Statistics for task identification ...
2024-01-20 21:17:15,787:INFO:Inc_Learning:496: Evaluating the test set after task 3 ...
2024-01-20 21:18:00,115:INFO:Inc_Learning:544: Evaluation Accuracy (oracle) after task 3:  63.18%
2024-01-20 21:18:00,116:INFO:Inc_Learning:555: Evaluation Accuracy after task 3:  46.34%
2024-01-20 21:18:00,116:INFO:Inc_Learning:556: Accuracy of task-id detection after task 3:  63.74%
2024-01-20 21:18:00,116:INFO:Inc_Learning:562: Accuracy (Oracle) for task 0 =  83.70%
2024-01-20 21:18:00,117:INFO:Inc_Learning:566: Accuracy of task 0 =  75.55%
2024-01-20 21:18:00,117:INFO:Inc_Learning:562: Accuracy (Oracle) for task 1 =  54.00%
2024-01-20 21:18:00,117:INFO:Inc_Learning:566: Accuracy of task 1 =  26.90%
2024-01-20 21:18:00,117:INFO:Inc_Learning:562: Accuracy (Oracle) for task 2 =  55.80%
2024-01-20 21:18:00,118:INFO:Inc_Learning:566: Accuracy of task 2 =  29.50%
2024-01-20 21:18:00,118:INFO:Inc_Learning:562: Accuracy (Oracle) for task 3 =  38.70%
2024-01-20 21:18:00,118:INFO:Inc_Learning:566: Accuracy of task 3 =  24.20%
2024-01-20 21:18:00,127:INFO:Inc_Learning:692: The incremental learning phase for task 3 is finished!
2024-01-20 21:18:00,128:INFO:Inc_Learning:557: Estimated remaining time: 7 minutes and 7 seconds
2024-01-20 21:18:00,128:INFO:Inc_Learning:681: The incremental learning phase for task 4 is started ...
2024-01-20 21:18:00,128:INFO:Inc_Learning:322: Prefixes are copied from task 3.
2024-01-20 21:18:00,129:INFO:Inc_Learning:269: The PredictionNet is copied from the previous task.
2024-01-20 21:18:00,218:INFO:Inc_Learning:150: The session file "data/index_list/mini_imagenet/num_base_classes=20,num_tasks=9,num_shots=5,seed=14/train_samples_for_task=5.txt" is loaded!
2024-01-20 21:18:00,244:INFO:Inc_Learning:150: The session file "data/index_list/mini_imagenet/num_base_classes=20,num_tasks=9,num_shots=5,seed=14/test_samples_for_task=5.txt" is loaded!
2024-01-20 21:18:01,580:INFO:Inc_Learning:213: Epoch: 1/15
2024-01-20 21:18:02,935:INFO:Inc_Learning:256: Epoch 1/15 Train Accuracy:  82.00%
2024-01-20 21:18:02,936:INFO:Inc_Learning:257: Epoch 1/15 Average Loss: 0.6396488547325134 / MA Loss: 0.6396488547325134
2024-01-20 21:18:02,936:INFO:Inc_Learning:213: Epoch: 2/15
2024-01-20 21:18:04,292:INFO:Inc_Learning:256: Epoch 2/15 Train Accuracy:  84.00%
2024-01-20 21:18:04,292:INFO:Inc_Learning:257: Epoch 2/15 Average Loss: 0.5483200550079346 / MA Loss: 0.593984454870224
2024-01-20 21:18:04,293:INFO:Inc_Learning:213: Epoch: 3/15
2024-01-20 21:18:05,510:INFO:Inc_Learning:256: Epoch 3/15 Train Accuracy:  88.00%
2024-01-20 21:18:05,510:INFO:Inc_Learning:257: Epoch 3/15 Average Loss: 0.42731940746307373 / MA Loss: 0.5384294390678406
2024-01-20 21:18:05,510:INFO:Inc_Learning:213: Epoch: 4/15
2024-01-20 21:18:06,897:INFO:Inc_Learning:256: Epoch 4/15 Train Accuracy:  90.00%
2024-01-20 21:18:06,898:INFO:Inc_Learning:257: Epoch 4/15 Average Loss: 0.40381884574890137 / MA Loss: 0.5047767907381058
2024-01-20 21:18:06,898:INFO:Inc_Learning:213: Epoch: 5/15
2024-01-20 21:18:08,081:INFO:Inc_Learning:256: Epoch 5/15 Train Accuracy:  94.00%
2024-01-20 21:18:08,082:INFO:Inc_Learning:257: Epoch 5/15 Average Loss: 0.3059593141078949 / MA Loss: 0.4650132954120636
2024-01-20 21:18:08,082:INFO:Inc_Learning:213: Epoch: 6/15
2024-01-20 21:18:09,435:INFO:Inc_Learning:256: Epoch 6/15 Train Accuracy:  96.00%
2024-01-20 21:18:09,436:INFO:Inc_Learning:257: Epoch 6/15 Average Loss: 0.33754801750183105 / MA Loss: 0.44376908242702484
2024-01-20 21:18:09,436:INFO:Inc_Learning:213: Epoch: 7/15
2024-01-20 21:18:10,694:INFO:Inc_Learning:256: Epoch 7/15 Train Accuracy:  98.00%
2024-01-20 21:18:10,694:INFO:Inc_Learning:257: Epoch 7/15 Average Loss: 0.27523601055145264 / MA Loss: 0.4196929293019431
2024-01-20 21:18:10,694:INFO:Inc_Learning:213: Epoch: 8/15
2024-01-20 21:18:11,889:INFO:Inc_Learning:256: Epoch 8/15 Train Accuracy:  90.00%
2024-01-20 21:18:11,890:INFO:Inc_Learning:257: Epoch 8/15 Average Loss: 0.3076035976409912 / MA Loss: 0.4056817628443241
2024-01-20 21:18:11,890:INFO:Inc_Learning:213: Epoch: 9/15
2024-01-20 21:18:13,078:INFO:Inc_Learning:256: Epoch 9/15 Train Accuracy:  100.00%
2024-01-20 21:18:13,078:INFO:Inc_Learning:257: Epoch 9/15 Average Loss: 0.2630048990249634 / MA Loss: 0.38982877797550625
2024-01-20 21:18:13,078:INFO:Inc_Learning:213: Epoch: 10/15
2024-01-20 21:18:14,365:INFO:Inc_Learning:256: Epoch 10/15 Train Accuracy:  96.00%
2024-01-20 21:18:14,365:INFO:Inc_Learning:257: Epoch 10/15 Average Loss: 0.35319724678993225 / MA Loss: 0.38616562485694883
2024-01-20 21:18:14,366:INFO:Inc_Learning:213: Epoch: 11/15
2024-01-20 21:18:15,675:INFO:Inc_Learning:256: Epoch 11/15 Train Accuracy:  98.00%
2024-01-20 21:18:15,676:INFO:Inc_Learning:257: Epoch 11/15 Average Loss: 0.24655303359031677 / MA Loss: 0.3468560427427292
2024-01-20 21:18:15,676:INFO:Inc_Learning:213: Epoch: 12/15
2024-01-20 21:18:16,957:INFO:Inc_Learning:256: Epoch 12/15 Train Accuracy:  96.00%
2024-01-20 21:18:16,957:INFO:Inc_Learning:257: Epoch 12/15 Average Loss: 0.27383095026016235 / MA Loss: 0.319407132267952
2024-01-20 21:18:16,957:INFO:Inc_Learning:213: Epoch: 13/15
2024-01-20 21:18:18,207:INFO:Inc_Learning:256: Epoch 13/15 Train Accuracy:  94.00%
2024-01-20 21:18:18,208:INFO:Inc_Learning:257: Epoch 13/15 Average Loss: 0.3496462106704712 / MA Loss: 0.3116398125886917
2024-01-20 21:18:18,208:INFO:Inc_Learning:213: Epoch: 14/15
2024-01-20 21:18:19,421:INFO:Inc_Learning:256: Epoch 14/15 Train Accuracy:  88.00%
2024-01-20 21:18:19,422:INFO:Inc_Learning:257: Epoch 14/15 Average Loss: 0.36948931217193604 / MA Loss: 0.30820685923099517
2024-01-20 21:18:19,422:INFO:Inc_Learning:213: Epoch: 15/15
2024-01-20 21:18:20,690:INFO:Inc_Learning:256: Epoch 15/15 Train Accuracy:  98.00%
2024-01-20 21:18:20,691:INFO:Inc_Learning:257: Epoch 15/15 Average Loss: 0.20285387337207794 / MA Loss: 0.2978963151574135
2024-01-20 21:18:20,729:INFO:Inc_Learning:576: Statistics for task identification ...
2024-01-20 21:18:21,968:INFO:Inc_Learning:270: The pseudo-labeling phase is started ...
2024-01-20 21:19:14,714:INFO:Inc_Learning:351: The training of the PredictionNet is started.
2024-01-20 21:19:15,027:INFO:Inc_Learning:463: Epoch: 000/100, MA loss: 0.1258963793516159
2024-01-20 21:19:15,145:INFO:Inc_Learning:463: Epoch: 099/100, MA loss: 1.4065604830193478e-06
2024-01-20 21:19:15,145:INFO:Inc_Learning:576: Statistics for task identification ...
2024-01-20 21:19:15,506:INFO:Inc_Learning:496: Evaluating the test set after task 4 ...
2024-01-20 21:20:16,361:INFO:Inc_Learning:544: Evaluation Accuracy (oracle) after task 4:  59.48%
2024-01-20 21:20:16,362:INFO:Inc_Learning:555: Evaluation Accuracy after task 4:  40.02%
2024-01-20 21:20:16,362:INFO:Inc_Learning:556: Accuracy of task-id detection after task 4:  55.45%
2024-01-20 21:20:16,363:INFO:Inc_Learning:562: Accuracy (Oracle) for task 0 =  83.80%
2024-01-20 21:20:16,363:INFO:Inc_Learning:566: Accuracy of task 0 =  70.40%
2024-01-20 21:20:16,363:INFO:Inc_Learning:562: Accuracy (Oracle) for task 1 =  54.20%
2024-01-20 21:20:16,363:INFO:Inc_Learning:566: Accuracy of task 1 =  27.00%
2024-01-20 21:20:16,364:INFO:Inc_Learning:562: Accuracy (Oracle) for task 2 =  55.30%
2024-01-20 21:20:16,364:INFO:Inc_Learning:566: Accuracy of task 2 =  26.40%
2024-01-20 21:20:16,364:INFO:Inc_Learning:562: Accuracy (Oracle) for task 3 =  38.80%
2024-01-20 21:20:16,364:INFO:Inc_Learning:566: Accuracy of task 3 =  20.90%
2024-01-20 21:20:16,364:INFO:Inc_Learning:562: Accuracy (Oracle) for task 4 =  41.00%
2024-01-20 21:20:16,364:INFO:Inc_Learning:566: Accuracy of task 4 =  25.00%
2024-01-20 21:20:16,377:INFO:Inc_Learning:692: The incremental learning phase for task 4 is finished!
2024-01-20 21:20:16,377:INFO:Inc_Learning:557: Estimated remaining time: 6 minutes and 15 seconds
2024-01-20 21:20:16,377:INFO:Inc_Learning:681: The incremental learning phase for task 5 is started ...
2024-01-20 21:20:16,377:INFO:Inc_Learning:322: Prefixes are copied from task 4.
2024-01-20 21:20:16,378:INFO:Inc_Learning:269: The PredictionNet is copied from the previous task.
2024-01-20 21:20:16,466:INFO:Inc_Learning:150: The session file "data/index_list/mini_imagenet/num_base_classes=20,num_tasks=9,num_shots=5,seed=14/train_samples_for_task=6.txt" is loaded!
2024-01-20 21:20:16,493:INFO:Inc_Learning:150: The session file "data/index_list/mini_imagenet/num_base_classes=20,num_tasks=9,num_shots=5,seed=14/test_samples_for_task=6.txt" is loaded!
2024-01-20 21:20:17,878:INFO:Inc_Learning:213: Epoch: 1/15
2024-01-20 21:20:19,294:INFO:Inc_Learning:256: Epoch 1/15 Train Accuracy:  88.00%
2024-01-20 21:20:19,294:INFO:Inc_Learning:257: Epoch 1/15 Average Loss: 0.4352017343044281 / MA Loss: 0.4352017343044281
2024-01-20 21:20:19,294:INFO:Inc_Learning:213: Epoch: 2/15
2024-01-20 21:20:20,619:INFO:Inc_Learning:256: Epoch 2/15 Train Accuracy:  92.00%
2024-01-20 21:20:20,619:INFO:Inc_Learning:257: Epoch 2/15 Average Loss: 0.4268663823604584 / MA Loss: 0.43103405833244324
2024-01-20 21:20:20,619:INFO:Inc_Learning:213: Epoch: 3/15
2024-01-20 21:20:21,888:INFO:Inc_Learning:256: Epoch 3/15 Train Accuracy:  88.00%
2024-01-20 21:20:21,888:INFO:Inc_Learning:257: Epoch 3/15 Average Loss: 0.4572445750236511 / MA Loss: 0.4397708972295125
2024-01-20 21:20:21,888:INFO:Inc_Learning:213: Epoch: 4/15
2024-01-20 21:20:23,121:INFO:Inc_Learning:256: Epoch 4/15 Train Accuracy:  92.00%
2024-01-20 21:20:23,122:INFO:Inc_Learning:257: Epoch 4/15 Average Loss: 0.42689117789268494 / MA Loss: 0.43655096739530563
2024-01-20 21:20:23,122:INFO:Inc_Learning:213: Epoch: 5/15
2024-01-20 21:20:24,357:INFO:Inc_Learning:256: Epoch 5/15 Train Accuracy:  94.00%
2024-01-20 21:20:24,357:INFO:Inc_Learning:257: Epoch 5/15 Average Loss: 0.4249149262905121 / MA Loss: 0.4342237591743469
2024-01-20 21:20:24,358:INFO:Inc_Learning:213: Epoch: 6/15
2024-01-20 21:20:25,619:INFO:Inc_Learning:256: Epoch 6/15 Train Accuracy:  92.00%
2024-01-20 21:20:25,619:INFO:Inc_Learning:257: Epoch 6/15 Average Loss: 0.3911329209804535 / MA Loss: 0.427041952808698
2024-01-20 21:20:25,619:INFO:Inc_Learning:213: Epoch: 7/15
2024-01-20 21:20:26,852:INFO:Inc_Learning:256: Epoch 7/15 Train Accuracy:  94.00%
2024-01-20 21:20:26,853:INFO:Inc_Learning:257: Epoch 7/15 Average Loss: 0.3775104284286499 / MA Loss: 0.4199660207544054
2024-01-20 21:20:26,853:INFO:Inc_Learning:213: Epoch: 8/15
2024-01-20 21:20:27,943:INFO:Inc_Learning:256: Epoch 8/15 Train Accuracy:  94.00%
2024-01-20 21:20:27,943:INFO:Inc_Learning:257: Epoch 8/15 Average Loss: 0.3447709381580353 / MA Loss: 0.41056663542985916
2024-01-20 21:20:27,943:INFO:Inc_Learning:213: Epoch: 9/15
2024-01-20 21:20:29,296:INFO:Inc_Learning:256: Epoch 9/15 Train Accuracy:  96.00%
2024-01-20 21:20:29,296:INFO:Inc_Learning:257: Epoch 9/15 Average Loss: 0.27478697896003723 / MA Loss: 0.3954800069332123
2024-01-20 21:20:29,296:INFO:Inc_Learning:213: Epoch: 10/15
2024-01-20 21:20:30,496:INFO:Inc_Learning:256: Epoch 10/15 Train Accuracy:  92.00%
2024-01-20 21:20:30,497:INFO:Inc_Learning:257: Epoch 10/15 Average Loss: 0.4211597144603729 / MA Loss: 0.39804797768592837
2024-01-20 21:20:30,497:INFO:Inc_Learning:213: Epoch: 11/15
2024-01-20 21:20:31,707:INFO:Inc_Learning:256: Epoch 11/15 Train Accuracy:  96.00%
2024-01-20 21:20:31,707:INFO:Inc_Learning:257: Epoch 11/15 Average Loss: 0.3461636006832123 / MA Loss: 0.3891441643238068
2024-01-20 21:20:31,707:INFO:Inc_Learning:213: Epoch: 12/15
2024-01-20 21:20:32,887:INFO:Inc_Learning:256: Epoch 12/15 Train Accuracy:  96.00%
2024-01-20 21:20:32,887:INFO:Inc_Learning:257: Epoch 12/15 Average Loss: 0.22737440466880798 / MA Loss: 0.36919496655464173
2024-01-20 21:20:32,887:INFO:Inc_Learning:213: Epoch: 13/15
2024-01-20 21:20:34,175:INFO:Inc_Learning:256: Epoch 13/15 Train Accuracy:  96.00%
2024-01-20 21:20:34,175:INFO:Inc_Learning:257: Epoch 13/15 Average Loss: 0.24939700961112976 / MA Loss: 0.34841021001338957
2024-01-20 21:20:34,176:INFO:Inc_Learning:213: Epoch: 14/15
2024-01-20 21:20:35,334:INFO:Inc_Learning:256: Epoch 14/15 Train Accuracy:  92.00%
2024-01-20 21:20:35,335:INFO:Inc_Learning:257: Epoch 14/15 Average Loss: 0.40506988763809204 / MA Loss: 0.3462280809879303
2024-01-20 21:20:35,335:INFO:Inc_Learning:213: Epoch: 15/15
2024-01-20 21:20:36,545:INFO:Inc_Learning:256: Epoch 15/15 Train Accuracy:  98.00%
2024-01-20 21:20:36,546:INFO:Inc_Learning:257: Epoch 15/15 Average Loss: 0.24362105131149292 / MA Loss: 0.3280986934900284
2024-01-20 21:20:36,584:INFO:Inc_Learning:576: Statistics for task identification ...
2024-01-20 21:20:37,855:INFO:Inc_Learning:270: The pseudo-labeling phase is started ...
2024-01-20 21:21:47,969:INFO:Inc_Learning:351: The training of the PredictionNet is started.
2024-01-20 21:21:48,300:INFO:Inc_Learning:463: Epoch: 000/100, MA loss: 0.12988434731960297
2024-01-20 21:21:48,422:INFO:Inc_Learning:463: Epoch: 099/100, MA loss: 1.500017367561668e-06
2024-01-20 21:21:48,422:INFO:Inc_Learning:576: Statistics for task identification ...
2024-01-20 21:21:48,783:INFO:Inc_Learning:496: Evaluating the test set after task 5 ...
2024-01-20 21:23:09,104:INFO:Inc_Learning:544: Evaluation Accuracy (oracle) after task 5:  55.87%
2024-01-20 21:23:09,105:INFO:Inc_Learning:555: Evaluation Accuracy after task 5:  33.70%
2024-01-20 21:23:09,105:INFO:Inc_Learning:556: Accuracy of task-id detection after task 5:  48.99%
2024-01-20 21:23:09,105:INFO:Inc_Learning:562: Accuracy (Oracle) for task 0 =  83.75%
2024-01-20 21:23:09,105:INFO:Inc_Learning:566: Accuracy of task 0 =  64.80%
2024-01-20 21:23:09,105:INFO:Inc_Learning:562: Accuracy (Oracle) for task 1 =  54.30%
2024-01-20 21:23:09,106:INFO:Inc_Learning:566: Accuracy of task 1 =  25.50%
2024-01-20 21:23:09,106:INFO:Inc_Learning:562: Accuracy (Oracle) for task 2 =  55.50%
2024-01-20 21:23:09,106:INFO:Inc_Learning:566: Accuracy of task 2 =  24.30%
2024-01-20 21:23:09,106:INFO:Inc_Learning:562: Accuracy (Oracle) for task 3 =  38.50%
2024-01-20 21:23:09,106:INFO:Inc_Learning:566: Accuracy of task 3 =  16.80%
2024-01-20 21:23:09,106:INFO:Inc_Learning:562: Accuracy (Oracle) for task 4 =  40.80%
2024-01-20 21:23:09,107:INFO:Inc_Learning:566: Accuracy of task 4 =  17.30%
2024-01-20 21:23:09,107:INFO:Inc_Learning:562: Accuracy (Oracle) for task 5 =  34.50%
2024-01-20 21:23:09,107:INFO:Inc_Learning:566: Accuracy of task 5 =  22.40%
2024-01-20 21:23:09,121:INFO:Inc_Learning:692: The incremental learning phase for task 5 is finished!
2024-01-20 21:23:09,121:INFO:Inc_Learning:557: Estimated remaining time: 5 minutes and 15 seconds
2024-01-20 21:23:09,122:INFO:Inc_Learning:681: The incremental learning phase for task 6 is started ...
2024-01-20 21:23:09,122:INFO:Inc_Learning:322: Prefixes are copied from task 5.
2024-01-20 21:23:09,122:INFO:Inc_Learning:269: The PredictionNet is copied from the previous task.
2024-01-20 21:23:09,211:INFO:Inc_Learning:150: The session file "data/index_list/mini_imagenet/num_base_classes=20,num_tasks=9,num_shots=5,seed=14/train_samples_for_task=7.txt" is loaded!
2024-01-20 21:23:09,239:INFO:Inc_Learning:150: The session file "data/index_list/mini_imagenet/num_base_classes=20,num_tasks=9,num_shots=5,seed=14/test_samples_for_task=7.txt" is loaded!
2024-01-20 21:23:10,597:INFO:Inc_Learning:213: Epoch: 1/15
2024-01-20 21:23:11,808:INFO:Inc_Learning:256: Epoch 1/15 Train Accuracy:  86.00%
2024-01-20 21:23:11,808:INFO:Inc_Learning:257: Epoch 1/15 Average Loss: 0.5662024021148682 / MA Loss: 0.5662024021148682
2024-01-20 21:23:11,809:INFO:Inc_Learning:213: Epoch: 2/15
2024-01-20 21:23:13,039:INFO:Inc_Learning:256: Epoch 2/15 Train Accuracy:  88.00%
2024-01-20 21:23:13,039:INFO:Inc_Learning:257: Epoch 2/15 Average Loss: 0.45252785086631775 / MA Loss: 0.509365126490593
2024-01-20 21:23:13,039:INFO:Inc_Learning:213: Epoch: 3/15
2024-01-20 21:23:14,204:INFO:Inc_Learning:256: Epoch 3/15 Train Accuracy:  84.00%
2024-01-20 21:23:14,205:INFO:Inc_Learning:257: Epoch 3/15 Average Loss: 0.5012440085411072 / MA Loss: 0.5066580871740977
2024-01-20 21:23:14,205:INFO:Inc_Learning:213: Epoch: 4/15
2024-01-20 21:23:15,428:INFO:Inc_Learning:256: Epoch 4/15 Train Accuracy:  90.00%
2024-01-20 21:23:15,428:INFO:Inc_Learning:257: Epoch 4/15 Average Loss: 0.4103197157382965 / MA Loss: 0.4825734943151474
2024-01-20 21:23:15,429:INFO:Inc_Learning:213: Epoch: 5/15
2024-01-20 21:23:16,781:INFO:Inc_Learning:256: Epoch 5/15 Train Accuracy:  86.00%
2024-01-20 21:23:16,781:INFO:Inc_Learning:257: Epoch 5/15 Average Loss: 0.504096269607544 / MA Loss: 0.4868780493736267
2024-01-20 21:23:16,782:INFO:Inc_Learning:213: Epoch: 6/15
2024-01-20 21:23:18,023:INFO:Inc_Learning:256: Epoch 6/15 Train Accuracy:  84.00%
2024-01-20 21:23:18,023:INFO:Inc_Learning:257: Epoch 6/15 Average Loss: 0.4435811936855316 / MA Loss: 0.4796619067589442
2024-01-20 21:23:18,024:INFO:Inc_Learning:213: Epoch: 7/15
2024-01-20 21:23:19,320:INFO:Inc_Learning:256: Epoch 7/15 Train Accuracy:  86.00%
2024-01-20 21:23:19,321:INFO:Inc_Learning:257: Epoch 7/15 Average Loss: 0.39147284626960754 / MA Loss: 0.46706346954618183
2024-01-20 21:23:19,321:INFO:Inc_Learning:213: Epoch: 8/15
2024-01-20 21:23:20,551:INFO:Inc_Learning:256: Epoch 8/15 Train Accuracy:  86.00%
2024-01-20 21:23:20,551:INFO:Inc_Learning:257: Epoch 8/15 Average Loss: 0.4008104205131531 / MA Loss: 0.4587818384170532
2024-01-20 21:23:20,551:INFO:Inc_Learning:213: Epoch: 9/15
2024-01-20 21:23:21,686:INFO:Inc_Learning:256: Epoch 9/15 Train Accuracy:  94.00%
2024-01-20 21:23:21,687:INFO:Inc_Learning:257: Epoch 9/15 Average Loss: 0.3193592429161072 / MA Loss: 0.4432904389169481
2024-01-20 21:23:21,687:INFO:Inc_Learning:213: Epoch: 10/15
2024-01-20 21:23:22,925:INFO:Inc_Learning:256: Epoch 10/15 Train Accuracy:  90.00%
2024-01-20 21:23:22,926:INFO:Inc_Learning:257: Epoch 10/15 Average Loss: 0.344328910112381 / MA Loss: 0.4333942860364914
2024-01-20 21:23:22,926:INFO:Inc_Learning:213: Epoch: 11/15
2024-01-20 21:23:24,126:INFO:Inc_Learning:256: Epoch 11/15 Train Accuracy:  94.00%
2024-01-20 21:23:24,126:INFO:Inc_Learning:257: Epoch 11/15 Average Loss: 0.3402930796146393 / MA Loss: 0.4108033537864685
2024-01-20 21:23:24,127:INFO:Inc_Learning:213: Epoch: 12/15
2024-01-20 21:23:25,396:INFO:Inc_Learning:256: Epoch 12/15 Train Accuracy:  96.00%
2024-01-20 21:23:25,396:INFO:Inc_Learning:257: Epoch 12/15 Average Loss: 0.20929910242557526 / MA Loss: 0.38648047894239423
2024-01-20 21:23:25,396:INFO:Inc_Learning:213: Epoch: 13/15
2024-01-20 21:23:26,590:INFO:Inc_Learning:256: Epoch 13/15 Train Accuracy:  96.00%
2024-01-20 21:23:26,590:INFO:Inc_Learning:257: Epoch 13/15 Average Loss: 0.3097507953643799 / MA Loss: 0.3673311576247215
2024-01-20 21:23:26,591:INFO:Inc_Learning:213: Epoch: 14/15
2024-01-20 21:23:27,789:INFO:Inc_Learning:256: Epoch 14/15 Train Accuracy:  94.00%
2024-01-20 21:23:27,790:INFO:Inc_Learning:257: Epoch 14/15 Average Loss: 0.23344053328037262 / MA Loss: 0.34964323937892916
2024-01-20 21:23:27,790:INFO:Inc_Learning:213: Epoch: 15/15
2024-01-20 21:23:29,073:INFO:Inc_Learning:256: Epoch 15/15 Train Accuracy:  90.00%
2024-01-20 21:23:29,073:INFO:Inc_Learning:257: Epoch 15/15 Average Loss: 0.4827743470668793 / MA Loss: 0.3475110471248627
2024-01-20 21:23:29,099:INFO:Inc_Learning:576: Statistics for task identification ...
2024-01-20 21:23:30,238:INFO:Inc_Learning:270: The pseudo-labeling phase is started ...
2024-01-20 21:25:00,709:INFO:Inc_Learning:351: The training of the PredictionNet is started.
2024-01-20 21:25:01,157:INFO:Inc_Learning:463: Epoch: 000/100, MA loss: 0.22513152658939362
2024-01-20 21:25:01,311:INFO:Inc_Learning:463: Epoch: 099/100, MA loss: 2.7295249424241775e-06
2024-01-20 21:25:01,312:INFO:Inc_Learning:576: Statistics for task identification ...
2024-01-20 21:25:01,725:INFO:Inc_Learning:496: Evaluating the test set after task 6 ...
2024-01-20 21:26:43,962:INFO:Inc_Learning:544: Evaluation Accuracy (oracle) after task 6:  55.16%
2024-01-20 21:26:43,963:INFO:Inc_Learning:555: Evaluation Accuracy after task 6:  31.37%
2024-01-20 21:26:43,963:INFO:Inc_Learning:556: Accuracy of task-id detection after task 6:  45.10%
2024-01-20 21:26:43,964:INFO:Inc_Learning:562: Accuracy (Oracle) for task 0 =  83.70%
2024-01-20 21:26:43,965:INFO:Inc_Learning:566: Accuracy of task 0 =  60.80%
2024-01-20 21:26:43,965:INFO:Inc_Learning:562: Accuracy (Oracle) for task 1 =  53.90%
2024-01-20 21:26:43,965:INFO:Inc_Learning:566: Accuracy of task 1 =  25.00%
2024-01-20 21:26:43,966:INFO:Inc_Learning:562: Accuracy (Oracle) for task 2 =  55.30%
2024-01-20 21:26:43,966:INFO:Inc_Learning:566: Accuracy of task 2 =  21.00%
2024-01-20 21:26:43,966:INFO:Inc_Learning:562: Accuracy (Oracle) for task 3 =  38.50%
2024-01-20 21:26:43,967:INFO:Inc_Learning:566: Accuracy of task 3 =  14.30%
2024-01-20 21:26:43,967:INFO:Inc_Learning:562: Accuracy (Oracle) for task 4 =  40.60%
2024-01-20 21:26:43,967:INFO:Inc_Learning:566: Accuracy of task 4 =  13.90%
2024-01-20 21:26:43,968:INFO:Inc_Learning:562: Accuracy (Oracle) for task 5 =  34.10%
2024-01-20 21:26:43,968:INFO:Inc_Learning:566: Accuracy of task 5 =  19.10%
2024-01-20 21:26:43,968:INFO:Inc_Learning:562: Accuracy (Oracle) for task 6 =  51.50%
2024-01-20 21:26:43,969:INFO:Inc_Learning:566: Accuracy of task 6 =  36.10%
2024-01-20 21:26:43,994:INFO:Inc_Learning:692: The incremental learning phase for task 6 is finished!
2024-01-20 21:26:43,994:INFO:Inc_Learning:557: Estimated remaining time: 3 minutes and 57 seconds
2024-01-20 21:26:43,995:INFO:Inc_Learning:681: The incremental learning phase for task 7 is started ...
2024-01-20 21:26:43,996:INFO:Inc_Learning:322: Prefixes are copied from task 6.
2024-01-20 21:26:43,996:INFO:Inc_Learning:269: The PredictionNet is copied from the previous task.
2024-01-20 21:26:44,182:INFO:Inc_Learning:150: The session file "data/index_list/mini_imagenet/num_base_classes=20,num_tasks=9,num_shots=5,seed=14/train_samples_for_task=8.txt" is loaded!
2024-01-20 21:26:44,212:INFO:Inc_Learning:150: The session file "data/index_list/mini_imagenet/num_base_classes=20,num_tasks=9,num_shots=5,seed=14/test_samples_for_task=8.txt" is loaded!
2024-01-20 21:26:45,532:INFO:Inc_Learning:213: Epoch: 1/15
2024-01-20 21:26:46,619:INFO:Inc_Learning:256: Epoch 1/15 Train Accuracy:  86.00%
2024-01-20 21:26:46,619:INFO:Inc_Learning:257: Epoch 1/15 Average Loss: 0.3856121003627777 / MA Loss: 0.3856121003627777
2024-01-20 21:26:46,619:INFO:Inc_Learning:213: Epoch: 2/15
2024-01-20 21:26:47,834:INFO:Inc_Learning:256: Epoch 2/15 Train Accuracy:  88.00%
2024-01-20 21:26:47,834:INFO:Inc_Learning:257: Epoch 2/15 Average Loss: 0.40138882398605347 / MA Loss: 0.3935004621744156
2024-01-20 21:26:47,835:INFO:Inc_Learning:213: Epoch: 3/15
2024-01-20 21:26:48,973:INFO:Inc_Learning:256: Epoch 3/15 Train Accuracy:  88.00%
2024-01-20 21:26:48,974:INFO:Inc_Learning:257: Epoch 3/15 Average Loss: 0.39342576265335083 / MA Loss: 0.39347556233406067
2024-01-20 21:26:48,974:INFO:Inc_Learning:213: Epoch: 4/15
2024-01-20 21:26:50,146:INFO:Inc_Learning:256: Epoch 4/15 Train Accuracy:  88.00%
2024-01-20 21:26:50,146:INFO:Inc_Learning:257: Epoch 4/15 Average Loss: 0.3942455053329468 / MA Loss: 0.3936680480837822
2024-01-20 21:26:50,147:INFO:Inc_Learning:213: Epoch: 5/15
2024-01-20 21:26:51,317:INFO:Inc_Learning:256: Epoch 5/15 Train Accuracy:  84.00%
2024-01-20 21:26:51,317:INFO:Inc_Learning:257: Epoch 5/15 Average Loss: 0.48940715193748474 / MA Loss: 0.4128158688545227
2024-01-20 21:26:51,318:INFO:Inc_Learning:213: Epoch: 6/15
2024-01-20 21:26:52,480:INFO:Inc_Learning:256: Epoch 6/15 Train Accuracy:  90.00%
2024-01-20 21:26:52,481:INFO:Inc_Learning:257: Epoch 6/15 Average Loss: 0.3137531280517578 / MA Loss: 0.3963054120540619
2024-01-20 21:26:52,481:INFO:Inc_Learning:213: Epoch: 7/15
2024-01-20 21:26:53,717:INFO:Inc_Learning:256: Epoch 7/15 Train Accuracy:  94.00%
2024-01-20 21:26:53,717:INFO:Inc_Learning:257: Epoch 7/15 Average Loss: 0.2705911695957184 / MA Loss: 0.3783462345600128
2024-01-20 21:26:53,717:INFO:Inc_Learning:213: Epoch: 8/15
2024-01-20 21:26:54,972:INFO:Inc_Learning:256: Epoch 8/15 Train Accuracy:  92.00%
2024-01-20 21:26:54,972:INFO:Inc_Learning:257: Epoch 8/15 Average Loss: 0.29216527938842773 / MA Loss: 0.3675736151635647
2024-01-20 21:26:54,973:INFO:Inc_Learning:213: Epoch: 9/15
2024-01-20 21:26:56,293:INFO:Inc_Learning:256: Epoch 9/15 Train Accuracy:  100.00%
2024-01-20 21:26:56,293:INFO:Inc_Learning:257: Epoch 9/15 Average Loss: 0.2267008274793625 / MA Loss: 0.35192108319865334
2024-01-20 21:26:56,293:INFO:Inc_Learning:213: Epoch: 10/15
2024-01-20 21:26:57,435:INFO:Inc_Learning:256: Epoch 10/15 Train Accuracy:  96.00%
2024-01-20 21:26:57,435:INFO:Inc_Learning:257: Epoch 10/15 Average Loss: 0.23913057148456573 / MA Loss: 0.3406420320272446
2024-01-20 21:26:57,436:INFO:Inc_Learning:213: Epoch: 11/15
2024-01-20 21:26:58,556:INFO:Inc_Learning:256: Epoch 11/15 Train Accuracy:  94.00%
2024-01-20 21:26:58,557:INFO:Inc_Learning:257: Epoch 11/15 Average Loss: 0.27555051445961 / MA Loss: 0.3296358734369278
2024-01-20 21:26:58,557:INFO:Inc_Learning:213: Epoch: 12/15
2024-01-20 21:26:59,627:INFO:Inc_Learning:256: Epoch 12/15 Train Accuracy:  96.00%
2024-01-20 21:26:59,628:INFO:Inc_Learning:257: Epoch 12/15 Average Loss: 0.20681709051132202 / MA Loss: 0.31017870008945464
2024-01-20 21:26:59,628:INFO:Inc_Learning:213: Epoch: 13/15
2024-01-20 21:27:00,913:INFO:Inc_Learning:256: Epoch 13/15 Train Accuracy:  98.00%
2024-01-20 21:27:00,914:INFO:Inc_Learning:257: Epoch 13/15 Average Loss: 0.17659848928451538 / MA Loss: 0.2884959727525711
2024-01-20 21:27:00,914:INFO:Inc_Learning:213: Epoch: 14/15
2024-01-20 21:27:02,065:INFO:Inc_Learning:256: Epoch 14/15 Train Accuracy:  96.00%
2024-01-20 21:27:02,066:INFO:Inc_Learning:257: Epoch 14/15 Average Loss: 0.2300918698310852 / MA Loss: 0.27208060920238497
2024-01-20 21:27:02,066:INFO:Inc_Learning:213: Epoch: 15/15
2024-01-20 21:27:03,317:INFO:Inc_Learning:256: Epoch 15/15 Train Accuracy:  96.00%
2024-01-20 21:27:03,317:INFO:Inc_Learning:257: Epoch 15/15 Average Loss: 0.2972385287284851 / MA Loss: 0.252863746881485
2024-01-20 21:27:03,358:INFO:Inc_Learning:576: Statistics for task identification ...
2024-01-20 21:27:04,480:INFO:Inc_Learning:270: The pseudo-labeling phase is started ...
2024-01-20 21:28:57,741:INFO:Inc_Learning:351: The training of the PredictionNet is started.
2024-01-20 21:28:58,076:INFO:Inc_Learning:463: Epoch: 000/100, MA loss: 0.13557259738445282
2024-01-20 21:28:58,196:INFO:Inc_Learning:463: Epoch: 099/100, MA loss: 2.7836013600790466e-06
2024-01-20 21:28:58,196:INFO:Inc_Learning:576: Statistics for task identification ...
2024-01-20 21:28:58,586:INFO:Inc_Learning:496: Evaluating the test set after task 7 ...
2024-01-20 21:31:05,605:INFO:Inc_Learning:544: Evaluation Accuracy (oracle) after task 7:  54.50%
2024-01-20 21:31:05,606:INFO:Inc_Learning:555: Evaluation Accuracy after task 7:  28.18%
2024-01-20 21:31:05,606:INFO:Inc_Learning:556: Accuracy of task-id detection after task 7:  40.16%
2024-01-20 21:31:05,606:INFO:Inc_Learning:562: Accuracy (Oracle) for task 0 =  83.75%
2024-01-20 21:31:05,606:INFO:Inc_Learning:566: Accuracy of task 0 =  57.30%
2024-01-20 21:31:05,606:INFO:Inc_Learning:562: Accuracy (Oracle) for task 1 =  53.90%
2024-01-20 21:31:05,607:INFO:Inc_Learning:566: Accuracy of task 1 =  23.80%
2024-01-20 21:31:05,607:INFO:Inc_Learning:562: Accuracy (Oracle) for task 2 =  55.90%
2024-01-20 21:31:05,607:INFO:Inc_Learning:566: Accuracy of task 2 =  18.10%
2024-01-20 21:31:05,607:INFO:Inc_Learning:562: Accuracy (Oracle) for task 3 =  38.40%
2024-01-20 21:31:05,607:INFO:Inc_Learning:566: Accuracy of task 3 =  12.10%
2024-01-20 21:31:05,608:INFO:Inc_Learning:562: Accuracy (Oracle) for task 4 =  40.80%
2024-01-20 21:31:05,608:INFO:Inc_Learning:566: Accuracy of task 4 =  10.30%
2024-01-20 21:31:05,608:INFO:Inc_Learning:562: Accuracy (Oracle) for task 5 =  34.10%
2024-01-20 21:31:05,608:INFO:Inc_Learning:566: Accuracy of task 5 =  14.80%
2024-01-20 21:31:05,608:INFO:Inc_Learning:562: Accuracy (Oracle) for task 6 =  51.00%
2024-01-20 21:31:05,608:INFO:Inc_Learning:566: Accuracy of task 6 =  33.10%
2024-01-20 21:31:05,609:INFO:Inc_Learning:562: Accuracy (Oracle) for task 7 =  48.90%
2024-01-20 21:31:05,609:INFO:Inc_Learning:566: Accuracy of task 7 =  26.80%
2024-01-20 21:31:05,618:INFO:Inc_Learning:692: The incremental learning phase for task 7 is finished!
2024-01-20 21:31:05,618:INFO:Inc_Learning:557: Estimated remaining time: 2 minutes and 14 seconds
2024-01-20 21:31:05,619:INFO:Inc_Learning:681: The incremental learning phase for task 8 is started ...
2024-01-20 21:31:05,619:INFO:Inc_Learning:322: Prefixes are copied from task 7.
2024-01-20 21:31:05,619:INFO:Inc_Learning:269: The PredictionNet is copied from the previous task.
2024-01-20 21:31:05,714:INFO:Inc_Learning:150: The session file "data/index_list/mini_imagenet/num_base_classes=20,num_tasks=9,num_shots=5,seed=14/train_samples_for_task=9.txt" is loaded!
2024-01-20 21:31:05,746:INFO:Inc_Learning:150: The session file "data/index_list/mini_imagenet/num_base_classes=20,num_tasks=9,num_shots=5,seed=14/test_samples_for_task=9.txt" is loaded!
2024-01-20 21:31:07,234:INFO:Inc_Learning:213: Epoch: 1/15
2024-01-20 21:31:08,432:INFO:Inc_Learning:256: Epoch 1/15 Train Accuracy:  90.00%
2024-01-20 21:31:08,432:INFO:Inc_Learning:257: Epoch 1/15 Average Loss: 0.2836216688156128 / MA Loss: 0.2836216688156128
2024-01-20 21:31:08,432:INFO:Inc_Learning:213: Epoch: 2/15
2024-01-20 21:31:09,673:INFO:Inc_Learning:256: Epoch 2/15 Train Accuracy:  96.00%
2024-01-20 21:31:09,674:INFO:Inc_Learning:257: Epoch 2/15 Average Loss: 0.22600649297237396 / MA Loss: 0.2548140808939934
2024-01-20 21:31:09,674:INFO:Inc_Learning:213: Epoch: 3/15
2024-01-20 21:31:10,935:INFO:Inc_Learning:256: Epoch 3/15 Train Accuracy:  96.00%
2024-01-20 21:31:10,935:INFO:Inc_Learning:257: Epoch 3/15 Average Loss: 0.1645120084285736 / MA Loss: 0.2247133900721868
2024-01-20 21:31:10,936:INFO:Inc_Learning:213: Epoch: 4/15
2024-01-20 21:31:12,147:INFO:Inc_Learning:256: Epoch 4/15 Train Accuracy:  94.00%
2024-01-20 21:31:12,147:INFO:Inc_Learning:257: Epoch 4/15 Average Loss: 0.19487819075584412 / MA Loss: 0.21725459024310112
2024-01-20 21:31:12,148:INFO:Inc_Learning:213: Epoch: 5/15
2024-01-20 21:31:13,380:INFO:Inc_Learning:256: Epoch 5/15 Train Accuracy:  98.00%
2024-01-20 21:31:13,381:INFO:Inc_Learning:257: Epoch 5/15 Average Loss: 0.16661210358142853 / MA Loss: 0.2071260929107666
2024-01-20 21:31:13,381:INFO:Inc_Learning:213: Epoch: 6/15
2024-01-20 21:31:14,597:INFO:Inc_Learning:256: Epoch 6/15 Train Accuracy:  98.00%
2024-01-20 21:31:14,597:INFO:Inc_Learning:257: Epoch 6/15 Average Loss: 0.1480487734079361 / MA Loss: 0.19727987299362817
2024-01-20 21:31:14,597:INFO:Inc_Learning:213: Epoch: 7/15
2024-01-20 21:31:15,761:INFO:Inc_Learning:256: Epoch 7/15 Train Accuracy:  96.00%
2024-01-20 21:31:15,762:INFO:Inc_Learning:257: Epoch 7/15 Average Loss: 0.1755068004131317 / MA Loss: 0.19416943405355727
2024-01-20 21:31:15,762:INFO:Inc_Learning:213: Epoch: 8/15
2024-01-20 21:31:16,936:INFO:Inc_Learning:256: Epoch 8/15 Train Accuracy:  92.00%
2024-01-20 21:31:16,936:INFO:Inc_Learning:257: Epoch 8/15 Average Loss: 0.24808283150196075 / MA Loss: 0.2009086087346077
2024-01-20 21:31:16,936:INFO:Inc_Learning:213: Epoch: 9/15
2024-01-20 21:31:18,153:INFO:Inc_Learning:256: Epoch 9/15 Train Accuracy:  96.00%
2024-01-20 21:31:18,153:INFO:Inc_Learning:257: Epoch 9/15 Average Loss: 0.1989334523677826 / MA Loss: 0.20068914691607156
2024-01-20 21:31:18,154:INFO:Inc_Learning:213: Epoch: 10/15
2024-01-20 21:31:19,369:INFO:Inc_Learning:256: Epoch 10/15 Train Accuracy:  94.00%
2024-01-20 21:31:19,369:INFO:Inc_Learning:257: Epoch 10/15 Average Loss: 0.17031390964984894 / MA Loss: 0.19765162318944932
2024-01-20 21:31:19,369:INFO:Inc_Learning:213: Epoch: 11/15
2024-01-20 21:31:20,569:INFO:Inc_Learning:256: Epoch 11/15 Train Accuracy:  96.00%
2024-01-20 21:31:20,569:INFO:Inc_Learning:257: Epoch 11/15 Average Loss: 0.14967398345470428 / MA Loss: 0.18425685465335845
2024-01-20 21:31:20,570:INFO:Inc_Learning:213: Epoch: 12/15
2024-01-20 21:31:21,730:INFO:Inc_Learning:256: Epoch 12/15 Train Accuracy:  96.00%
2024-01-20 21:31:21,730:INFO:Inc_Learning:257: Epoch 12/15 Average Loss: 0.17626504600048065 / MA Loss: 0.17928270995616913
2024-01-20 21:31:21,730:INFO:Inc_Learning:213: Epoch: 13/15
2024-01-20 21:31:22,901:INFO:Inc_Learning:256: Epoch 13/15 Train Accuracy:  96.00%
2024-01-20 21:31:22,901:INFO:Inc_Learning:257: Epoch 13/15 Average Loss: 0.14178401231765747 / MA Loss: 0.17700991034507751
2024-01-20 21:31:22,901:INFO:Inc_Learning:213: Epoch: 14/15
2024-01-20 21:31:24,161:INFO:Inc_Learning:256: Epoch 14/15 Train Accuracy:  98.00%
2024-01-20 21:31:24,161:INFO:Inc_Learning:257: Epoch 14/15 Average Loss: 0.09143033623695374 / MA Loss: 0.16666512489318847
2024-01-20 21:31:24,161:INFO:Inc_Learning:213: Epoch: 15/15
2024-01-20 21:31:25,219:INFO:Inc_Learning:256: Epoch 15/15 Train Accuracy:  100.00%
2024-01-20 21:31:25,219:INFO:Inc_Learning:257: Epoch 15/15 Average Loss: 0.08361196517944336 / MA Loss: 0.15836511105298995
2024-01-20 21:31:25,254:INFO:Inc_Learning:576: Statistics for task identification ...
2024-01-20 21:31:26,286:INFO:Inc_Learning:270: The pseudo-labeling phase is started ...
2024-01-20 21:33:44,848:INFO:Inc_Learning:351: The training of the PredictionNet is started.
2024-01-20 21:33:45,359:INFO:Inc_Learning:463: Epoch: 000/100, MA loss: 0.1862688660621643
2024-01-20 21:33:45,479:INFO:Inc_Learning:463: Epoch: 099/100, MA loss: 3.0923020290174464e-06
2024-01-20 21:33:45,479:INFO:Inc_Learning:576: Statistics for task identification ...
2024-01-20 21:33:46,046:INFO:Inc_Learning:496: Evaluating the test set after task 8 ...
2024-01-20 21:36:20,420:INFO:Inc_Learning:544: Evaluation Accuracy (oracle) after task 8:  55.29%
2024-01-20 21:36:20,421:INFO:Inc_Learning:555: Evaluation Accuracy after task 8:  27.48%
2024-01-20 21:36:20,421:INFO:Inc_Learning:556: Accuracy of task-id detection after task 8:  39.05%
2024-01-20 21:36:20,422:INFO:Inc_Learning:562: Accuracy (Oracle) for task 0 =  83.75%
2024-01-20 21:36:20,422:INFO:Inc_Learning:566: Accuracy of task 0 =  53.70%
2024-01-20 21:36:20,422:INFO:Inc_Learning:562: Accuracy (Oracle) for task 1 =  54.30%
2024-01-20 21:36:20,422:INFO:Inc_Learning:566: Accuracy of task 1 =  22.80%
2024-01-20 21:36:20,423:INFO:Inc_Learning:562: Accuracy (Oracle) for task 2 =  55.30%
2024-01-20 21:36:20,423:INFO:Inc_Learning:566: Accuracy of task 2 =  14.80%
2024-01-20 21:36:20,423:INFO:Inc_Learning:562: Accuracy (Oracle) for task 3 =  38.90%
2024-01-20 21:36:20,423:INFO:Inc_Learning:566: Accuracy of task 3 =  8.60%
2024-01-20 21:36:20,423:INFO:Inc_Learning:562: Accuracy (Oracle) for task 4 =  41.00%
2024-01-20 21:36:20,424:INFO:Inc_Learning:566: Accuracy of task 4 =  8.70%
2024-01-20 21:36:20,424:INFO:Inc_Learning:562: Accuracy (Oracle) for task 5 =  34.30%
2024-01-20 21:36:20,424:INFO:Inc_Learning:566: Accuracy of task 5 =  13.30%
2024-01-20 21:36:20,424:INFO:Inc_Learning:562: Accuracy (Oracle) for task 6 =  51.20%
2024-01-20 21:36:20,424:INFO:Inc_Learning:566: Accuracy of task 6 =  32.20%
2024-01-20 21:36:20,424:INFO:Inc_Learning:562: Accuracy (Oracle) for task 7 =  49.10%
2024-01-20 21:36:20,425:INFO:Inc_Learning:566: Accuracy of task 7 =  27.40%
2024-01-20 21:36:20,425:INFO:Inc_Learning:562: Accuracy (Oracle) for task 8 =  61.30%
2024-01-20 21:36:20,425:INFO:Inc_Learning:566: Accuracy of task 8 =  39.60%
2024-01-20 21:36:20,436:INFO:Inc_Learning:692: The incremental learning phase for task 8 is finished!
2024-01-20 21:36:20,436:INFO:Inc_Learning:557: Estimated remaining time: 0 seconds
2024-01-20 21:36:20,436:INFO:Inc_Learning:703: Final accuracies after each incremental task:
2024-01-20 21:36:20,437:INFO:Inc_Learning:715: Task 0: 83.80
2024-01-20 21:36:20,437:INFO:Inc_Learning:715: Task 1: 62.70
2024-01-20 21:36:20,437:INFO:Inc_Learning:715: Task 2: 54.87
2024-01-20 21:36:20,437:INFO:Inc_Learning:715: Task 3: 46.34
2024-01-20 21:36:20,437:INFO:Inc_Learning:715: Task 4: 40.02
2024-01-20 21:36:20,437:INFO:Inc_Learning:715: Task 5: 33.70
2024-01-20 21:36:20,437:INFO:Inc_Learning:715: Task 6: 31.37
2024-01-20 21:36:20,437:INFO:Inc_Learning:715: Task 7: 28.18
2024-01-20 21:36:20,438:INFO:Inc_Learning:715: Task 8: 27.48
2024-01-20 21:36:20,438:INFO:Inc_Learning:720: The incremental learning phase is finished!
2024-01-20 21:36:20,438:INFO:Inc_Learning:721: The whole process took 25 minutes and 27 seconds
