2024-01-20 21:11:00,679:INFO:Inc_Learning:336: ('\nVersion Information: \n\tPyTorch: %s\n\tTorchVision: %s', '2.0.1+cu117', '0.15.2+cu117')
2024-01-20 21:11:00,695:INFO:Inc_Learning:369: class_permutation is loaded from the permutation file "data/index_list/mini_imagenet/num_base_classes=20,num_tasks=9,num_shots=5,seed=15/class_permutation.txt".
2024-01-20 21:11:01,739:WARNING:Inc_Learning:240: tqdm_enabled is set to False as the program is not running in the debug mode!
2024-01-20 21:11:02,048:INFO:Inc_Learning:566: The network was trained for 174 epochs, 0 iterations in phase supervised_learning
2024-01-20 21:11:02,072:INFO:Inc_Learning:643: We have loaded the head parameters from the saved file.
2024-01-20 21:11:02,072:INFO:Inc_Learning:651: We start from epoch 0, iteration 0
2024-01-20 21:11:02,072:INFO:Inc_Learning:663: File "/scratch/gx83/np9254/ROBUSTA-Saves/Mini-ImageNet/Phase_2,20_classes/P1P2,start_time=Date_2024-01-20,Time_09-21-12,seed=11-Best_Model.pt" is loaded
2024-01-20 21:11:02,119:INFO:Inc_Learning:285: --------------------------------------------------------------------- The given arguments ---------------------------------------------------------------------
2024-01-20 21:11:02,119:INFO:Inc_Learning:309: experiment_description = "Incremental learning phase,20 base classes"
2024-01-20 21:11:02,119:INFO:Inc_Learning:309: phase = "incremental_learning"
2024-01-20 21:11:02,119:INFO:Inc_Learning:303: Device = "cuda:0"
2024-01-20 21:11:02,119:INFO:Inc_Learning:307: seed = 15
2024-01-20 21:11:02,119:INFO:Inc_Learning:307: is_incremental = True
2024-01-20 21:11:02,119:INFO:Inc_Learning:307: debugging = False
2024-01-20 21:11:02,119:INFO:Inc_Learning:307: tqdm_enabled = False
2024-01-20 21:11:02,119:INFO:Inc_Learning:307: resume = False
2024-01-20 21:11:02,119:INFO:Inc_Learning:309: time_str = "Date_2024-01-20,Time_21-11-00"
2024-01-20 21:11:02,119:INFO:Inc_Learning:307: image_size = 224
2024-01-20 21:11:02,119:INFO:Inc_Learning:307: in_channels = 3
2024-01-20 21:11:02,119:INFO:Inc_Learning:307: batch_size_base = 160
2024-01-20 21:11:02,119:INFO:Inc_Learning:307: batch_size_test = 160
2024-01-20 21:11:02,119:INFO:Inc_Learning:307: batch_size_new = 0
2024-01-20 21:11:02,119:INFO:Inc_Learning:307: batch_size_fine_tuning = 0
2024-01-20 21:11:02,119:INFO:Inc_Learning:309: settings_file = "Experiments/Mini-ImageNet/20_base_classes/5-shot/phase=3,seed=15.toml"
2024-01-20 21:11:02,119:INFO:Inc_Learning:309: directory_permutation_files = "data/index_list/mini_imagenet/num_base_classes=20,num_tasks=9,num_shots=5,seed=15"
2024-01-20 21:11:02,119:INFO:Inc_Learning:299: The network was previously trained for 0 epochs.
2024-01-20 21:11:02,119:INFO:Inc_Learning:301: The network was previously trained for 0 iterations.
2024-01-20 21:11:02,119:INFO:Inc_Learning:307: dino = False
2024-01-20 21:11:02,120:INFO:Inc_Learning:307: debugging_env = False
2024-01-20 21:11:02,120:INFO:Inc_Learning:309: model_type = "CCT-14/7x2"
2024-01-20 21:11:02,120:INFO:Inc_Learning:307: prediction_net_list = []
2024-01-20 21:11:02,120:INFO:Inc_Learning:314: 
configs_arch:  {
  model_type = "CCT-14/7x2"
  use_BatchNorm = True
  use_BatchNorm_for_patch_embeddings = True
  temperature_stochastic_classifier = 16.0
  temperature_cosine_classifier = 10.0
  PositionalEmbeddingType = "Learnable"
  dropout_rate_classifier_head = 0.0
  number_of_the_first_layers_to_be_frozen = 0
  classifer_head_type = "Stochastic"
}
2024-01-20 21:11:02,120:INFO:Inc_Learning:314: 
configs_dataset:  {
  dataroot = "/scratch/gx83/np9254/Datasets/FSCIL/CEC/"
  dataset_name = "mini_imagenet"
  num_workers = 10
  total_classes = 100
  num_base_classes = 20
  num_tasks = 9
  num_shots = 5
  drop_last_base = True
  num_ways = 10
}
2024-01-20 21:11:02,120:INFO:Inc_Learning:314: 
configs_logger:  {
  display_interval = 0.5
  display_freq = 50
  moving_average_capacity = 50
  log_file = "/scratch/gx83/np9254/ROBUSTA-Saves/Mini-ImageNet/Phase_3,20_classes/5-shot/Time=Date_2024-01-20,Time_21-11-00,Desc=Incremental learning phase,20 base classes,seed=15.log"
}
2024-01-20 21:11:02,120:INFO:Inc_Learning:314: 
configs_save:  {
  save_freq_epoch = 10
  save_freq_iter = 2000
  time_interval_to_save = 60
  root = "/scratch/gx83/np9254/ROBUSTA-Saves/Mini-ImageNet/Phase_3,20_classes/5-shot"
  input_file = "/scratch/gx83/np9254/ROBUSTA-Saves/Mini-ImageNet/Phase_2,20_classes/P1P2,start_time=Date_2024-01-20,Time_09-21-12,seed=11-Best_Model.pt"
  output_file = "P1P2P3,start_time=Date_2024-01-20,Time_21-11-00"
}
2024-01-20 21:11:02,120:INFO:Inc_Learning:314: 
configs_FSCIL:  {
  num_epochs = [3, 15, 15, 15, 15, 15, 15, 15, 15]
  update_mu = True
  fine_tune = True
  freeze_backbone = True
  freeze_batch_norm_layers = True
  freeze_non_batch_norm_layers = True
  use_delta_parameters_for_base_task = True
  use_prefixes_for_distance_calculations = True
  use_shared_covariance = True
  start_from_task = 0
  randomize_selected_classes = False
  use_cache_for_the_base_task = False
  use_pseudo_labeled_samples_for_task_identification = [True, True, True, True, True, True, True, True, True]
  tasks_or_classes_for_Mahalanobis_distance_calculations = "classes"
  enable_Mahalanobis_distance = True
  configs_PEFT = {
    prefix_seq_length = [16, 16, 16, 16, 16, 16, 16, 16, 16]
    number_of_layers_for_prefixes = [-1, -1, -1, -1, -1, -1, -1, -1, -1]
    fusion_mode = "last"
    prefix_or_prompt = "prefix"
  }  
  optimizer = {
    optimizer_name = "AdamW"
    lr_head = [0.01, 0.01, 0.01, 0.01, 0.01, 0.01, 0.01, 0.01, 0.01]
    lr = [0.01, 0.01, 0.01, 0.01, 0.01, 0.01, 0.01, 0.01, 0.01]
    lr_prefixes_or_prompts = [0.01, 0.01, 0.01, 0.01, 0.01, 0.01, 0.01, 0.01, 0.01]
    lr_backbone = [0.01, 0.01, 0.01, 0.01, 0.01, 0.01, 0.01, 0.01, 0.01]
    momentum = 0.9
    momentum2 = 0.999
    nesterov = True
    weight_decay = [0.0, 0.0, 0.0, 0.0, 0.0, 0.0, 0.0, 0.0, 0.0]
  }  
  scheduler = {
    name = "ReduceLROnPlateau"
    mode = "min"
    factor = 0.25
    patience = 5
    cooldown = 0
    min_lr = 0
    verbose = True
    moving_average_capacity = 10
  }  
  evaluation = {
    ignore_logits_for_other_tasks = True
    stochastic = True
  }  
  PredictionNet = {
    enabled = True
    use_pseudo_labeled_test_samples = [False, True, True, True, True, True, True, True, True]
    separate_PredictionNet_for_each_task = True
    use_PredictionNet_for_this_task = [True, True, True, True, True, True, True, True, True]
    num_epochs = [100, 100, 100, 100, 100, 100, 100, 100, 100]
    batch_size_for_Pseudo_labelling = 100
    batch_size_for_PredictionNet = 100
    n_layers = 2
    size_hidden_layer = 384
    use_real_residual_connections = False
    dropout_rate = 0.0
    bias = True
    num_outliers = [5, 1, 1, 1, 1, 1, 1, 1, 1]
    moving_average_capacity = 20
    display_freq = 1000
    remember_from_previous_task = True
    use_the_best_model = False
    loss = "MSE"
    optimizer = {
      optimizer_name = "AdamW"
      lr = [0.001, 0.001, 0.001, 0.001, 0.001, 0.001, 0.001, 0.001, 0.001]
      momentum = 0.9
      momentum2 = 0.999
      dampening = 0.0
      nesterov = True
      weight_decay = [0.0, 0.0, 0.0, 0.0, 0.0, 0.0, 0.0, 0.0, 0.0]
    }    
    scheduler = {
      name = "ReduceLROnPlateau"
      mode = "min"
      factor = 0.25
      patience = 1000
      cooldown = 0
      min_lr = 0
      verbose = True
      moving_average_capacity = 10
    }    
  }  
}
2024-01-20 21:11:02,120:INFO:Inc_Learning:316: --------------------------------------------------------------------------------
2024-01-20 21:11:02,267:INFO:Inc_Learning:150: The session file "data/index_list/mini_imagenet/num_base_classes=20,num_tasks=9,num_shots=5,seed=15/train_samples_for_task=1.txt" is loaded!
2024-01-20 21:11:02,299:INFO:Inc_Learning:150: The session file "data/index_list/mini_imagenet/num_base_classes=20,num_tasks=9,num_shots=5,seed=15/test_samples_for_task=1.txt" is loaded!
2024-01-20 21:11:02,347:INFO:Inc_Learning:681: The incremental learning phase for task 0 is started ...
2024-01-20 21:11:02,347:INFO:Inc_Learning:318: Prefixes are randomly initialized for task 0.
2024-01-20 21:11:02,434:INFO:Inc_Learning:150: The session file "data/index_list/mini_imagenet/num_base_classes=20,num_tasks=9,num_shots=5,seed=15/train_samples_for_task=1.txt" is loaded!
2024-01-20 21:11:02,452:INFO:Inc_Learning:150: The session file "data/index_list/mini_imagenet/num_base_classes=20,num_tasks=9,num_shots=5,seed=15/test_samples_for_task=1.txt" is loaded!
2024-01-20 21:11:21,952:INFO:Inc_Learning:213: Epoch: 1/3
2024-01-20 21:11:52,616:INFO:Inc_Learning:256: Epoch 1/3 Train Accuracy:  93.14%
2024-01-20 21:11:52,618:INFO:Inc_Learning:257: Epoch 1/3 Average Loss: 0.2492766820134655 / MA Loss: 0.21832403391599656
2024-01-20 21:11:52,618:INFO:Inc_Learning:213: Epoch: 2/3
2024-01-20 21:12:22,972:INFO:Inc_Learning:256: Epoch 2/3 Train Accuracy:  93.60%
2024-01-20 21:12:22,973:INFO:Inc_Learning:257: Epoch 2/3 Average Loss: 0.23058077909292712 / MA Loss: 0.2257303386926651
2024-01-20 21:12:22,974:INFO:Inc_Learning:213: Epoch: 3/3
2024-01-20 21:12:53,613:INFO:Inc_Learning:256: Epoch 3/3 Train Accuracy:  93.86%
2024-01-20 21:12:53,613:INFO:Inc_Learning:257: Epoch 3/3 Average Loss: 0.21495552541267487 / MA Loss: 0.21676516085863112
2024-01-20 21:12:53,664:INFO:Inc_Learning:576: Statistics for task identification ...
2024-01-20 21:13:11,085:INFO:Inc_Learning:270: The pseudo-labeling phase is started ...
2024-01-20 21:13:26,386:INFO:Inc_Learning:351: The training of the PredictionNet is started.
2024-01-20 21:13:43,623:INFO:Inc_Learning:463: Epoch: 000/100, MA loss: 0.37138819694519043
2024-01-20 21:13:43,841:INFO:Inc_Learning:463: Epoch: 099/100, MA loss: 0.0008462132653221488
2024-01-20 21:13:43,841:INFO:Inc_Learning:576: Statistics for task identification ...
2024-01-20 21:14:05,493:INFO:Inc_Learning:496: Evaluating the test set after task 0 ...
2024-01-20 21:14:10,341:INFO:Inc_Learning:544: Evaluation Accuracy (oracle) after task 0:  84.45%
2024-01-20 21:14:10,341:INFO:Inc_Learning:562: Accuracy (Oracle) for task 0 =  84.45%
2024-01-20 21:14:10,353:INFO:Inc_Learning:692: The incremental learning phase for task 0 is finished!
2024-01-20 21:14:10,354:INFO:Inc_Learning:557: Estimated remaining time: 12 minutes and 32 seconds
2024-01-20 21:14:10,354:INFO:Inc_Learning:681: The incremental learning phase for task 1 is started ...
2024-01-20 21:14:10,354:INFO:Inc_Learning:322: Prefixes are copied from task 0.
2024-01-20 21:14:10,355:INFO:Inc_Learning:269: The PredictionNet is copied from the previous task.
2024-01-20 21:14:10,438:INFO:Inc_Learning:150: The session file "data/index_list/mini_imagenet/num_base_classes=20,num_tasks=9,num_shots=5,seed=15/train_samples_for_task=2.txt" is loaded!
2024-01-20 21:14:10,459:INFO:Inc_Learning:150: The session file "data/index_list/mini_imagenet/num_base_classes=20,num_tasks=9,num_shots=5,seed=15/test_samples_for_task=2.txt" is loaded!
2024-01-20 21:14:11,742:INFO:Inc_Learning:213: Epoch: 1/15
2024-01-20 21:14:12,986:INFO:Inc_Learning:256: Epoch 1/15 Train Accuracy:  90.00%
2024-01-20 21:14:12,986:INFO:Inc_Learning:257: Epoch 1/15 Average Loss: 0.3397452235221863 / MA Loss: 0.3397452235221863
2024-01-20 21:14:12,986:INFO:Inc_Learning:213: Epoch: 2/15
2024-01-20 21:14:14,172:INFO:Inc_Learning:256: Epoch 2/15 Train Accuracy:  90.00%
2024-01-20 21:14:14,172:INFO:Inc_Learning:257: Epoch 2/15 Average Loss: 0.2747708261013031 / MA Loss: 0.3072580248117447
2024-01-20 21:14:14,173:INFO:Inc_Learning:213: Epoch: 3/15
2024-01-20 21:14:15,257:INFO:Inc_Learning:256: Epoch 3/15 Train Accuracy:  90.00%
2024-01-20 21:14:15,257:INFO:Inc_Learning:257: Epoch 3/15 Average Loss: 0.42053520679473877 / MA Loss: 0.34501708547274273
2024-01-20 21:14:15,258:INFO:Inc_Learning:213: Epoch: 4/15
2024-01-20 21:14:16,382:INFO:Inc_Learning:256: Epoch 4/15 Train Accuracy:  94.00%
2024-01-20 21:14:16,382:INFO:Inc_Learning:257: Epoch 4/15 Average Loss: 0.3552349805831909 / MA Loss: 0.34757155925035477
2024-01-20 21:14:16,383:INFO:Inc_Learning:213: Epoch: 5/15
2024-01-20 21:14:17,530:INFO:Inc_Learning:256: Epoch 5/15 Train Accuracy:  86.00%
2024-01-20 21:14:17,530:INFO:Inc_Learning:257: Epoch 5/15 Average Loss: 0.4333456754684448 / MA Loss: 0.36472638249397277
2024-01-20 21:14:17,531:INFO:Inc_Learning:213: Epoch: 6/15
2024-01-20 21:14:18,765:INFO:Inc_Learning:256: Epoch 6/15 Train Accuracy:  86.00%
2024-01-20 21:14:18,765:INFO:Inc_Learning:257: Epoch 6/15 Average Loss: 0.585838794708252 / MA Loss: 0.40157845119635266
2024-01-20 21:14:18,766:INFO:Inc_Learning:213: Epoch: 7/15
2024-01-20 21:14:19,980:INFO:Inc_Learning:256: Epoch 7/15 Train Accuracy:  90.00%
2024-01-20 21:14:19,981:INFO:Inc_Learning:257: Epoch 7/15 Average Loss: 0.3262691795825958 / MA Loss: 0.3908199838229588
2024-01-20 21:14:19,981:INFO:Inc_Learning:213: Epoch: 8/15
2024-01-20 21:14:21,068:INFO:Inc_Learning:256: Epoch 8/15 Train Accuracy:  92.00%
2024-01-20 21:14:21,069:INFO:Inc_Learning:257: Epoch 8/15 Average Loss: 0.36618345975875854 / MA Loss: 0.3877404183149338
2024-01-20 21:14:21,069:INFO:Inc_Learning:213: Epoch: 9/15
2024-01-20 21:14:22,206:INFO:Inc_Learning:256: Epoch 9/15 Train Accuracy:  92.00%
2024-01-20 21:14:22,206:INFO:Inc_Learning:257: Epoch 9/15 Average Loss: 0.3376680612564087 / MA Loss: 0.38217682308620876
2024-01-20 21:14:22,206:INFO:Inc_Learning:213: Epoch: 10/15
2024-01-20 21:14:23,429:INFO:Inc_Learning:256: Epoch 10/15 Train Accuracy:  92.00%
2024-01-20 21:14:23,430:INFO:Inc_Learning:257: Epoch 10/15 Average Loss: 0.31199413537979126 / MA Loss: 0.375158554315567
2024-01-20 21:14:23,430:INFO:Inc_Learning:213: Epoch: 11/15
2024-01-20 21:14:24,619:INFO:Inc_Learning:256: Epoch 11/15 Train Accuracy:  90.00%
2024-01-20 21:14:24,619:INFO:Inc_Learning:257: Epoch 11/15 Average Loss: 0.40332403779029846 / MA Loss: 0.38151643574237826
2024-01-20 21:14:24,620:INFO:Inc_Learning:213: Epoch: 12/15
2024-01-20 21:14:25,812:INFO:Inc_Learning:256: Epoch 12/15 Train Accuracy:  90.00%
2024-01-20 21:14:25,813:INFO:Inc_Learning:257: Epoch 12/15 Average Loss: 0.3224509060382843 / MA Loss: 0.38628444373607634
2024-01-20 21:14:25,813:INFO:Inc_Learning:213: Epoch: 13/15
2024-01-20 21:14:26,947:INFO:Inc_Learning:256: Epoch 13/15 Train Accuracy:  92.00%
2024-01-20 21:14:26,947:INFO:Inc_Learning:257: Epoch 13/15 Average Loss: 0.38056686520576477 / MA Loss: 0.38228760957717894
2024-01-20 21:14:26,948:INFO:Inc_Learning:213: Epoch: 14/15
2024-01-20 21:14:28,060:INFO:Inc_Learning:256: Epoch 14/15 Train Accuracy:  90.00%
2024-01-20 21:14:28,061:INFO:Inc_Learning:257: Epoch 14/15 Average Loss: 0.3163999617099762 / MA Loss: 0.3784041076898575
2024-01-20 21:14:28,061:INFO:Inc_Learning:213: Epoch: 15/15
2024-01-20 21:14:29,266:INFO:Inc_Learning:256: Epoch 15/15 Train Accuracy:  98.00%
2024-01-20 21:14:29,266:INFO:Inc_Learning:257: Epoch 15/15 Average Loss: 0.29633626341819763 / MA Loss: 0.36470316648483275
2024-01-20 21:14:29,292:INFO:Inc_Learning:576: Statistics for task identification ...
2024-01-20 21:14:30,509:INFO:Inc_Learning:270: The pseudo-labeling phase is started ...
2024-01-20 21:14:46,061:INFO:Inc_Learning:351: The training of the PredictionNet is started.
2024-01-20 21:14:46,346:INFO:Inc_Learning:463: Epoch: 000/100, MA loss: 0.2119659185409546
2024-01-20 21:14:46,459:INFO:Inc_Learning:463: Epoch: 099/100, MA loss: 1.7651952362029988e-06
2024-01-20 21:14:46,460:INFO:Inc_Learning:576: Statistics for task identification ...
2024-01-20 21:14:46,779:INFO:Inc_Learning:496: Evaluating the test set after task 1 ...
2024-01-20 21:15:05,295:INFO:Inc_Learning:544: Evaluation Accuracy (oracle) after task 1:  74.40%
2024-01-20 21:15:05,295:INFO:Inc_Learning:555: Evaluation Accuracy after task 1:  63.17%
2024-01-20 21:15:05,296:INFO:Inc_Learning:556: Accuracy of task-id detection after task 1:  77.33%
2024-01-20 21:15:05,296:INFO:Inc_Learning:562: Accuracy (Oracle) for task 0 =  84.45%
2024-01-20 21:15:05,296:INFO:Inc_Learning:566: Accuracy of task 0 =  83.40%
2024-01-20 21:15:05,297:INFO:Inc_Learning:562: Accuracy (Oracle) for task 1 =  54.30%
2024-01-20 21:15:05,297:INFO:Inc_Learning:566: Accuracy of task 1 =  22.70%
2024-01-20 21:15:05,311:INFO:Inc_Learning:692: The incremental learning phase for task 1 is finished!
2024-01-20 21:15:05,311:INFO:Inc_Learning:557: Estimated remaining time: 9 minutes and 26 seconds
2024-01-20 21:15:05,311:INFO:Inc_Learning:681: The incremental learning phase for task 2 is started ...
2024-01-20 21:15:05,312:INFO:Inc_Learning:322: Prefixes are copied from task 1.
2024-01-20 21:15:05,312:INFO:Inc_Learning:269: The PredictionNet is copied from the previous task.
2024-01-20 21:15:05,392:INFO:Inc_Learning:150: The session file "data/index_list/mini_imagenet/num_base_classes=20,num_tasks=9,num_shots=5,seed=15/train_samples_for_task=3.txt" is loaded!
2024-01-20 21:15:05,413:INFO:Inc_Learning:150: The session file "data/index_list/mini_imagenet/num_base_classes=20,num_tasks=9,num_shots=5,seed=15/test_samples_for_task=3.txt" is loaded!
2024-01-20 21:15:06,834:INFO:Inc_Learning:213: Epoch: 1/15
2024-01-20 21:15:07,961:INFO:Inc_Learning:256: Epoch 1/15 Train Accuracy:  94.00%
2024-01-20 21:15:07,961:INFO:Inc_Learning:257: Epoch 1/15 Average Loss: 0.27768078446388245 / MA Loss: 0.27768078446388245
2024-01-20 21:15:07,962:INFO:Inc_Learning:213: Epoch: 2/15
2024-01-20 21:15:09,113:INFO:Inc_Learning:256: Epoch 2/15 Train Accuracy:  92.00%
2024-01-20 21:15:09,113:INFO:Inc_Learning:257: Epoch 2/15 Average Loss: 0.31388550996780396 / MA Loss: 0.2957831472158432
2024-01-20 21:15:09,113:INFO:Inc_Learning:213: Epoch: 3/15
2024-01-20 21:15:10,316:INFO:Inc_Learning:256: Epoch 3/15 Train Accuracy:  88.00%
2024-01-20 21:15:10,316:INFO:Inc_Learning:257: Epoch 3/15 Average Loss: 0.3161427676677704 / MA Loss: 0.3025696873664856
2024-01-20 21:15:10,316:INFO:Inc_Learning:213: Epoch: 4/15
2024-01-20 21:15:11,500:INFO:Inc_Learning:256: Epoch 4/15 Train Accuracy:  82.00%
2024-01-20 21:15:11,501:INFO:Inc_Learning:257: Epoch 4/15 Average Loss: 0.441895455121994 / MA Loss: 0.3374011293053627
2024-01-20 21:15:11,501:INFO:Inc_Learning:213: Epoch: 5/15
2024-01-20 21:15:12,653:INFO:Inc_Learning:256: Epoch 5/15 Train Accuracy:  98.00%
2024-01-20 21:15:12,653:INFO:Inc_Learning:257: Epoch 5/15 Average Loss: 0.30379924178123474 / MA Loss: 0.33068075180053713
2024-01-20 21:15:12,653:INFO:Inc_Learning:213: Epoch: 6/15
2024-01-20 21:15:13,801:INFO:Inc_Learning:256: Epoch 6/15 Train Accuracy:  98.00%
2024-01-20 21:15:13,801:INFO:Inc_Learning:257: Epoch 6/15 Average Loss: 0.17985178530216217 / MA Loss: 0.30554259071747464
2024-01-20 21:15:13,802:INFO:Inc_Learning:213: Epoch: 7/15
2024-01-20 21:15:14,954:INFO:Inc_Learning:256: Epoch 7/15 Train Accuracy:  98.00%
2024-01-20 21:15:14,955:INFO:Inc_Learning:257: Epoch 7/15 Average Loss: 0.16603106260299683 / MA Loss: 0.2856123724154064
2024-01-20 21:15:14,955:INFO:Inc_Learning:213: Epoch: 8/15
2024-01-20 21:15:16,154:INFO:Inc_Learning:256: Epoch 8/15 Train Accuracy:  94.00%
2024-01-20 21:15:16,155:INFO:Inc_Learning:257: Epoch 8/15 Average Loss: 0.22232168912887573 / MA Loss: 0.27770103700459003
2024-01-20 21:15:16,155:INFO:Inc_Learning:213: Epoch: 9/15
2024-01-20 21:15:17,337:INFO:Inc_Learning:256: Epoch 9/15 Train Accuracy:  94.00%
2024-01-20 21:15:17,338:INFO:Inc_Learning:257: Epoch 9/15 Average Loss: 0.22866609692573547 / MA Loss: 0.27225271032916176
2024-01-20 21:15:17,338:INFO:Inc_Learning:213: Epoch: 10/15
2024-01-20 21:15:18,551:INFO:Inc_Learning:256: Epoch 10/15 Train Accuracy:  94.00%
2024-01-20 21:15:18,551:INFO:Inc_Learning:257: Epoch 10/15 Average Loss: 0.24140578508377075 / MA Loss: 0.26916801780462263
2024-01-20 21:15:18,552:INFO:Inc_Learning:213: Epoch: 11/15
2024-01-20 21:15:19,657:INFO:Inc_Learning:256: Epoch 11/15 Train Accuracy:  96.00%
2024-01-20 21:15:19,657:INFO:Inc_Learning:257: Epoch 11/15 Average Loss: 0.23602065443992615 / MA Loss: 0.265002004802227
2024-01-20 21:15:19,657:INFO:Inc_Learning:213: Epoch: 12/15
2024-01-20 21:15:21,002:INFO:Inc_Learning:256: Epoch 12/15 Train Accuracy:  92.00%
2024-01-20 21:15:21,004:INFO:Inc_Learning:257: Epoch 12/15 Average Loss: 0.2558146119117737 / MA Loss: 0.259194914996624
2024-01-20 21:15:21,005:INFO:Inc_Learning:213: Epoch: 13/15
2024-01-20 21:15:22,134:INFO:Inc_Learning:256: Epoch 13/15 Train Accuracy:  98.00%
2024-01-20 21:15:22,135:INFO:Inc_Learning:257: Epoch 13/15 Average Loss: 0.20070204138755798 / MA Loss: 0.24765084236860274
2024-01-20 21:15:22,135:INFO:Inc_Learning:213: Epoch: 14/15
2024-01-20 21:15:23,344:INFO:Inc_Learning:256: Epoch 14/15 Train Accuracy:  96.00%
2024-01-20 21:15:23,345:INFO:Inc_Learning:257: Epoch 14/15 Average Loss: 0.2035781890153885 / MA Loss: 0.2238191157579422
2024-01-20 21:15:23,345:INFO:Inc_Learning:213: Epoch: 15/15
2024-01-20 21:15:24,526:INFO:Inc_Learning:256: Epoch 15/15 Train Accuracy:  96.00%
2024-01-20 21:15:24,527:INFO:Inc_Learning:257: Epoch 15/15 Average Loss: 0.18779699504375458 / MA Loss: 0.21221889108419417
2024-01-20 21:15:24,553:INFO:Inc_Learning:576: Statistics for task identification ...
2024-01-20 21:15:25,811:INFO:Inc_Learning:270: The pseudo-labeling phase is started ...
2024-01-20 21:15:50,747:INFO:Inc_Learning:351: The training of the PredictionNet is started.
2024-01-20 21:15:51,210:INFO:Inc_Learning:463: Epoch: 000/100, MA loss: 0.2599371671676636
2024-01-20 21:15:51,326:INFO:Inc_Learning:463: Epoch: 099/100, MA loss: 2.4960068230939213e-06
2024-01-20 21:15:51,326:INFO:Inc_Learning:576: Statistics for task identification ...
2024-01-20 21:15:51,835:INFO:Inc_Learning:496: Evaluating the test set after task 2 ...
2024-01-20 21:16:21,721:INFO:Inc_Learning:544: Evaluation Accuracy (oracle) after task 2:  69.58%
2024-01-20 21:16:21,721:INFO:Inc_Learning:555: Evaluation Accuracy after task 2:  55.40%
2024-01-20 21:16:21,721:INFO:Inc_Learning:556: Accuracy of task-id detection after task 2:  71.70%
2024-01-20 21:16:21,721:INFO:Inc_Learning:562: Accuracy (Oracle) for task 0 =  84.45%
2024-01-20 21:16:21,722:INFO:Inc_Learning:566: Accuracy of task 0 =  80.80%
2024-01-20 21:16:21,722:INFO:Inc_Learning:562: Accuracy (Oracle) for task 1 =  54.10%
2024-01-20 21:16:21,722:INFO:Inc_Learning:566: Accuracy of task 1 =  25.90%
2024-01-20 21:16:21,722:INFO:Inc_Learning:562: Accuracy (Oracle) for task 2 =  55.30%
2024-01-20 21:16:21,722:INFO:Inc_Learning:566: Accuracy of task 2 =  34.10%
2024-01-20 21:16:21,739:INFO:Inc_Learning:692: The incremental learning phase for task 2 is finished!
2024-01-20 21:16:21,739:INFO:Inc_Learning:557: Estimated remaining time: 7 minutes and 59 seconds
2024-01-20 21:16:21,739:INFO:Inc_Learning:681: The incremental learning phase for task 3 is started ...
2024-01-20 21:16:21,740:INFO:Inc_Learning:322: Prefixes are copied from task 2.
2024-01-20 21:16:21,740:INFO:Inc_Learning:269: The PredictionNet is copied from the previous task.
2024-01-20 21:16:21,821:INFO:Inc_Learning:150: The session file "data/index_list/mini_imagenet/num_base_classes=20,num_tasks=9,num_shots=5,seed=15/train_samples_for_task=4.txt" is loaded!
2024-01-20 21:16:21,843:INFO:Inc_Learning:150: The session file "data/index_list/mini_imagenet/num_base_classes=20,num_tasks=9,num_shots=5,seed=15/test_samples_for_task=4.txt" is loaded!
2024-01-20 21:16:23,177:INFO:Inc_Learning:213: Epoch: 1/15
2024-01-20 21:16:24,364:INFO:Inc_Learning:256: Epoch 1/15 Train Accuracy:  74.00%
2024-01-20 21:16:24,364:INFO:Inc_Learning:257: Epoch 1/15 Average Loss: 0.6630263328552246 / MA Loss: 0.6630263328552246
2024-01-20 21:16:24,365:INFO:Inc_Learning:213: Epoch: 2/15
2024-01-20 21:16:25,628:INFO:Inc_Learning:256: Epoch 2/15 Train Accuracy:  72.00%
2024-01-20 21:16:25,630:INFO:Inc_Learning:257: Epoch 2/15 Average Loss: 0.8803572654724121 / MA Loss: 0.7716917991638184
2024-01-20 21:16:25,630:INFO:Inc_Learning:213: Epoch: 3/15
2024-01-20 21:16:26,894:INFO:Inc_Learning:256: Epoch 3/15 Train Accuracy:  72.00%
2024-01-20 21:16:26,895:INFO:Inc_Learning:257: Epoch 3/15 Average Loss: 0.8278269171714783 / MA Loss: 0.7904035051663717
2024-01-20 21:16:26,895:INFO:Inc_Learning:213: Epoch: 4/15
2024-01-20 21:16:28,097:INFO:Inc_Learning:256: Epoch 4/15 Train Accuracy:  76.00%
2024-01-20 21:16:28,097:INFO:Inc_Learning:257: Epoch 4/15 Average Loss: 0.5799056887626648 / MA Loss: 0.737779051065445
2024-01-20 21:16:28,097:INFO:Inc_Learning:213: Epoch: 5/15
2024-01-20 21:16:29,271:INFO:Inc_Learning:256: Epoch 5/15 Train Accuracy:  78.00%
2024-01-20 21:16:29,271:INFO:Inc_Learning:257: Epoch 5/15 Average Loss: 0.5713179707527161 / MA Loss: 0.7044868350028992
2024-01-20 21:16:29,272:INFO:Inc_Learning:213: Epoch: 6/15
2024-01-20 21:16:30,554:INFO:Inc_Learning:256: Epoch 6/15 Train Accuracy:  80.00%
2024-01-20 21:16:30,554:INFO:Inc_Learning:257: Epoch 6/15 Average Loss: 0.6077686548233032 / MA Loss: 0.6883671383062998
2024-01-20 21:16:30,554:INFO:Inc_Learning:213: Epoch: 7/15
2024-01-20 21:16:31,761:INFO:Inc_Learning:256: Epoch 7/15 Train Accuracy:  82.00%
2024-01-20 21:16:31,762:INFO:Inc_Learning:257: Epoch 7/15 Average Loss: 0.6177416443824768 / MA Loss: 0.6782777820314679
2024-01-20 21:16:31,762:INFO:Inc_Learning:213: Epoch: 8/15
2024-01-20 21:16:32,999:INFO:Inc_Learning:256: Epoch 8/15 Train Accuracy:  82.00%
2024-01-20 21:16:33,000:INFO:Inc_Learning:257: Epoch 8/15 Average Loss: 0.5508277416229248 / MA Loss: 0.6623465269804001
2024-01-20 21:16:33,000:INFO:Inc_Learning:213: Epoch: 9/15
2024-01-20 21:16:34,262:INFO:Inc_Learning:256: Epoch 9/15 Train Accuracy:  80.00%
2024-01-20 21:16:34,262:INFO:Inc_Learning:257: Epoch 9/15 Average Loss: 0.6362617611885071 / MA Loss: 0.6594482196701897
2024-01-20 21:16:34,262:INFO:Inc_Learning:213: Epoch: 10/15
2024-01-20 21:16:35,413:INFO:Inc_Learning:256: Epoch 10/15 Train Accuracy:  82.00%
2024-01-20 21:16:35,414:INFO:Inc_Learning:257: Epoch 10/15 Average Loss: 0.6386371850967407 / MA Loss: 0.6573671162128448
2024-01-20 21:16:35,414:INFO:Inc_Learning:213: Epoch: 11/15
2024-01-20 21:16:36,617:INFO:Inc_Learning:256: Epoch 11/15 Train Accuracy:  94.00%
2024-01-20 21:16:36,617:INFO:Inc_Learning:257: Epoch 11/15 Average Loss: 0.4927808344364166 / MA Loss: 0.6403425663709641
2024-01-20 21:16:36,618:INFO:Inc_Learning:213: Epoch: 12/15
2024-01-20 21:16:37,850:INFO:Inc_Learning:256: Epoch 12/15 Train Accuracy:  88.00%
2024-01-20 21:16:37,850:INFO:Inc_Learning:257: Epoch 12/15 Average Loss: 0.40469494462013245 / MA Loss: 0.5927763342857361
2024-01-20 21:16:37,850:INFO:Inc_Learning:213: Epoch: 13/15
2024-01-20 21:16:39,049:INFO:Inc_Learning:256: Epoch 13/15 Train Accuracy:  94.00%
2024-01-20 21:16:39,049:INFO:Inc_Learning:257: Epoch 13/15 Average Loss: 0.4234018623828888 / MA Loss: 0.5523338288068771
2024-01-20 21:16:39,049:INFO:Inc_Learning:213: Epoch: 14/15
2024-01-20 21:16:40,209:INFO:Inc_Learning:256: Epoch 14/15 Train Accuracy:  86.00%
2024-01-20 21:16:40,209:INFO:Inc_Learning:257: Epoch 14/15 Average Loss: 0.5543744564056396 / MA Loss: 0.5497807055711746
2024-01-20 21:16:40,209:INFO:Inc_Learning:213: Epoch: 15/15
2024-01-20 21:16:41,371:INFO:Inc_Learning:256: Epoch 15/15 Train Accuracy:  86.00%
2024-01-20 21:16:41,372:INFO:Inc_Learning:257: Epoch 15/15 Average Loss: 0.4271543622016907 / MA Loss: 0.5353643447160721
2024-01-20 21:16:41,411:INFO:Inc_Learning:576: Statistics for task identification ...
2024-01-20 21:16:43,151:INFO:Inc_Learning:270: The pseudo-labeling phase is started ...
2024-01-20 21:17:20,394:INFO:Inc_Learning:351: The training of the PredictionNet is started.
2024-01-20 21:17:20,758:INFO:Inc_Learning:463: Epoch: 000/100, MA loss: 0.19611115753650665
2024-01-20 21:17:20,876:INFO:Inc_Learning:463: Epoch: 099/100, MA loss: 1.6089170458144508e-06
2024-01-20 21:17:20,876:INFO:Inc_Learning:576: Statistics for task identification ...
2024-01-20 21:17:21,282:INFO:Inc_Learning:496: Evaluating the test set after task 3 ...
2024-01-20 21:18:04,818:INFO:Inc_Learning:544: Evaluation Accuracy (oracle) after task 3:  63.46%
2024-01-20 21:18:04,819:INFO:Inc_Learning:555: Evaluation Accuracy after task 3:  47.38%
2024-01-20 21:18:04,819:INFO:Inc_Learning:556: Accuracy of task-id detection after task 3:  64.64%
2024-01-20 21:18:04,820:INFO:Inc_Learning:562: Accuracy (Oracle) for task 0 =  84.25%
2024-01-20 21:18:04,820:INFO:Inc_Learning:566: Accuracy of task 0 =  76.15%
2024-01-20 21:18:04,820:INFO:Inc_Learning:562: Accuracy (Oracle) for task 1 =  54.00%
2024-01-20 21:18:04,820:INFO:Inc_Learning:566: Accuracy of task 1 =  26.50%
2024-01-20 21:18:04,821:INFO:Inc_Learning:562: Accuracy (Oracle) for task 2 =  55.50%
2024-01-20 21:18:04,821:INFO:Inc_Learning:566: Accuracy of task 2 =  32.00%
2024-01-20 21:18:04,821:INFO:Inc_Learning:562: Accuracy (Oracle) for task 3 =  39.30%
2024-01-20 21:18:04,821:INFO:Inc_Learning:566: Accuracy of task 3 =  26.10%
2024-01-20 21:18:04,830:INFO:Inc_Learning:692: The incremental learning phase for task 3 is finished!
2024-01-20 21:18:04,830:INFO:Inc_Learning:557: Estimated remaining time: 7 minutes and 2 seconds
2024-01-20 21:18:04,830:INFO:Inc_Learning:681: The incremental learning phase for task 4 is started ...
2024-01-20 21:18:04,830:INFO:Inc_Learning:322: Prefixes are copied from task 3.
2024-01-20 21:18:04,831:INFO:Inc_Learning:269: The PredictionNet is copied from the previous task.
2024-01-20 21:18:04,914:INFO:Inc_Learning:150: The session file "data/index_list/mini_imagenet/num_base_classes=20,num_tasks=9,num_shots=5,seed=15/train_samples_for_task=5.txt" is loaded!
2024-01-20 21:18:04,938:INFO:Inc_Learning:150: The session file "data/index_list/mini_imagenet/num_base_classes=20,num_tasks=9,num_shots=5,seed=15/test_samples_for_task=5.txt" is loaded!
2024-01-20 21:18:06,208:INFO:Inc_Learning:213: Epoch: 1/15
2024-01-20 21:18:07,491:INFO:Inc_Learning:256: Epoch 1/15 Train Accuracy:  86.00%
2024-01-20 21:18:07,492:INFO:Inc_Learning:257: Epoch 1/15 Average Loss: 0.5591811537742615 / MA Loss: 0.5591811537742615
2024-01-20 21:18:07,492:INFO:Inc_Learning:213: Epoch: 2/15
2024-01-20 21:18:08,757:INFO:Inc_Learning:256: Epoch 2/15 Train Accuracy:  80.00%
2024-01-20 21:18:08,758:INFO:Inc_Learning:257: Epoch 2/15 Average Loss: 0.5719485282897949 / MA Loss: 0.5655648410320282
2024-01-20 21:18:08,758:INFO:Inc_Learning:213: Epoch: 3/15
2024-01-20 21:18:09,888:INFO:Inc_Learning:256: Epoch 3/15 Train Accuracy:  86.00%
2024-01-20 21:18:09,888:INFO:Inc_Learning:257: Epoch 3/15 Average Loss: 0.502814531326294 / MA Loss: 0.5446480711301168
2024-01-20 21:18:09,888:INFO:Inc_Learning:213: Epoch: 4/15
2024-01-20 21:18:11,078:INFO:Inc_Learning:256: Epoch 4/15 Train Accuracy:  90.00%
2024-01-20 21:18:11,078:INFO:Inc_Learning:257: Epoch 4/15 Average Loss: 0.40230047702789307 / MA Loss: 0.5090611726045609
2024-01-20 21:18:11,078:INFO:Inc_Learning:213: Epoch: 5/15
2024-01-20 21:18:12,300:INFO:Inc_Learning:256: Epoch 5/15 Train Accuracy:  88.00%
2024-01-20 21:18:12,301:INFO:Inc_Learning:257: Epoch 5/15 Average Loss: 0.3838978707790375 / MA Loss: 0.4840285122394562
2024-01-20 21:18:12,301:INFO:Inc_Learning:213: Epoch: 6/15
2024-01-20 21:18:13,500:INFO:Inc_Learning:256: Epoch 6/15 Train Accuracy:  88.00%
2024-01-20 21:18:13,501:INFO:Inc_Learning:257: Epoch 6/15 Average Loss: 0.3903551399707794 / MA Loss: 0.46841628352801007
2024-01-20 21:18:13,501:INFO:Inc_Learning:213: Epoch: 7/15
2024-01-20 21:18:14,748:INFO:Inc_Learning:256: Epoch 7/15 Train Accuracy:  90.00%
2024-01-20 21:18:14,749:INFO:Inc_Learning:257: Epoch 7/15 Average Loss: 0.4502109885215759 / MA Loss: 0.4658155270985195
2024-01-20 21:18:14,749:INFO:Inc_Learning:213: Epoch: 8/15
2024-01-20 21:18:16,030:INFO:Inc_Learning:256: Epoch 8/15 Train Accuracy:  94.00%
2024-01-20 21:18:16,030:INFO:Inc_Learning:257: Epoch 8/15 Average Loss: 0.3264639377593994 / MA Loss: 0.44839657843112946
2024-01-20 21:18:16,030:INFO:Inc_Learning:213: Epoch: 9/15
2024-01-20 21:18:17,205:INFO:Inc_Learning:256: Epoch 9/15 Train Accuracy:  94.00%
2024-01-20 21:18:17,205:INFO:Inc_Learning:257: Epoch 9/15 Average Loss: 0.3879680335521698 / MA Loss: 0.4416822956668006
2024-01-20 21:18:17,206:INFO:Inc_Learning:213: Epoch: 10/15
2024-01-20 21:18:18,382:INFO:Inc_Learning:256: Epoch 10/15 Train Accuracy:  94.00%
2024-01-20 21:18:18,383:INFO:Inc_Learning:257: Epoch 10/15 Average Loss: 0.37487927079200745 / MA Loss: 0.4350019931793213
2024-01-20 21:18:18,383:INFO:Inc_Learning:213: Epoch: 11/15
2024-01-20 21:18:19,552:INFO:Inc_Learning:256: Epoch 11/15 Train Accuracy:  94.00%
2024-01-20 21:18:19,553:INFO:Inc_Learning:257: Epoch 11/15 Average Loss: 0.299494206905365 / MA Loss: 0.40903329849243164
2024-01-20 21:18:19,553:INFO:Inc_Learning:213: Epoch: 12/15
2024-01-20 21:18:20,697:INFO:Inc_Learning:256: Epoch 12/15 Train Accuracy:  92.00%
2024-01-20 21:18:20,697:INFO:Inc_Learning:257: Epoch 12/15 Average Loss: 0.35355523228645325 / MA Loss: 0.38719396889209745
2024-01-20 21:18:20,697:INFO:Inc_Learning:213: Epoch: 13/15
2024-01-20 21:18:21,924:INFO:Inc_Learning:256: Epoch 13/15 Train Accuracy:  100.00%
2024-01-20 21:18:21,925:INFO:Inc_Learning:257: Epoch 13/15 Average Loss: 0.215708389878273 / MA Loss: 0.35848335474729537
2024-01-20 21:18:21,925:INFO:Inc_Learning:213: Epoch: 14/15
2024-01-20 21:18:23,106:INFO:Inc_Learning:256: Epoch 14/15 Train Accuracy:  92.00%
2024-01-20 21:18:23,106:INFO:Inc_Learning:257: Epoch 14/15 Average Loss: 0.2972097098827362 / MA Loss: 0.3479742780327797
2024-01-20 21:18:23,106:INFO:Inc_Learning:213: Epoch: 15/15
2024-01-20 21:18:24,252:INFO:Inc_Learning:256: Epoch 15/15 Train Accuracy:  96.00%
2024-01-20 21:18:24,252:INFO:Inc_Learning:257: Epoch 15/15 Average Loss: 0.26620158553123474 / MA Loss: 0.33620464950799944
2024-01-20 21:18:24,292:INFO:Inc_Learning:576: Statistics for task identification ...
2024-01-20 21:18:25,505:INFO:Inc_Learning:270: The pseudo-labeling phase is started ...
2024-01-20 21:19:17,401:INFO:Inc_Learning:351: The training of the PredictionNet is started.
2024-01-20 21:19:17,652:INFO:Inc_Learning:463: Epoch: 000/100, MA loss: 0.17222850024700165
2024-01-20 21:19:17,766:INFO:Inc_Learning:463: Epoch: 099/100, MA loss: 1.546254009099357e-06
2024-01-20 21:19:17,766:INFO:Inc_Learning:576: Statistics for task identification ...
2024-01-20 21:19:18,060:INFO:Inc_Learning:496: Evaluating the test set after task 4 ...
2024-01-20 21:20:18,187:INFO:Inc_Learning:544: Evaluation Accuracy (oracle) after task 4:  59.88%
2024-01-20 21:20:18,188:INFO:Inc_Learning:555: Evaluation Accuracy after task 4:  41.45%
2024-01-20 21:20:18,188:INFO:Inc_Learning:556: Accuracy of task-id detection after task 4:  57.17%
2024-01-20 21:20:18,188:INFO:Inc_Learning:562: Accuracy (Oracle) for task 0 =  84.30%
2024-01-20 21:20:18,188:INFO:Inc_Learning:566: Accuracy of task 0 =  73.30%
2024-01-20 21:20:18,189:INFO:Inc_Learning:562: Accuracy (Oracle) for task 1 =  54.30%
2024-01-20 21:20:18,189:INFO:Inc_Learning:566: Accuracy of task 1 =  25.70%
2024-01-20 21:20:18,189:INFO:Inc_Learning:562: Accuracy (Oracle) for task 2 =  55.50%
2024-01-20 21:20:18,189:INFO:Inc_Learning:566: Accuracy of task 2 =  30.30%
2024-01-20 21:20:18,190:INFO:Inc_Learning:562: Accuracy (Oracle) for task 3 =  39.20%
2024-01-20 21:20:18,190:INFO:Inc_Learning:566: Accuracy of task 3 =  25.30%
2024-01-20 21:20:18,190:INFO:Inc_Learning:562: Accuracy (Oracle) for task 4 =  41.70%
2024-01-20 21:20:18,190:INFO:Inc_Learning:566: Accuracy of task 4 =  20.80%
2024-01-20 21:20:18,203:INFO:Inc_Learning:692: The incremental learning phase for task 4 is finished!
2024-01-20 21:20:18,203:INFO:Inc_Learning:557: Estimated remaining time: 6 minutes and 10 seconds
2024-01-20 21:20:18,203:INFO:Inc_Learning:681: The incremental learning phase for task 5 is started ...
2024-01-20 21:20:18,204:INFO:Inc_Learning:322: Prefixes are copied from task 4.
2024-01-20 21:20:18,204:INFO:Inc_Learning:269: The PredictionNet is copied from the previous task.
2024-01-20 21:20:18,288:INFO:Inc_Learning:150: The session file "data/index_list/mini_imagenet/num_base_classes=20,num_tasks=9,num_shots=5,seed=15/train_samples_for_task=6.txt" is loaded!
2024-01-20 21:20:18,313:INFO:Inc_Learning:150: The session file "data/index_list/mini_imagenet/num_base_classes=20,num_tasks=9,num_shots=5,seed=15/test_samples_for_task=6.txt" is loaded!
2024-01-20 21:20:19,662:INFO:Inc_Learning:213: Epoch: 1/15
2024-01-20 21:20:20,853:INFO:Inc_Learning:256: Epoch 1/15 Train Accuracy:  80.00%
2024-01-20 21:20:20,853:INFO:Inc_Learning:257: Epoch 1/15 Average Loss: 0.5692641735076904 / MA Loss: 0.5692641735076904
2024-01-20 21:20:20,854:INFO:Inc_Learning:213: Epoch: 2/15
2024-01-20 21:20:22,110:INFO:Inc_Learning:256: Epoch 2/15 Train Accuracy:  80.00%
2024-01-20 21:20:22,111:INFO:Inc_Learning:257: Epoch 2/15 Average Loss: 0.611786961555481 / MA Loss: 0.5905255675315857
2024-01-20 21:20:22,111:INFO:Inc_Learning:213: Epoch: 3/15
2024-01-20 21:20:23,474:INFO:Inc_Learning:256: Epoch 3/15 Train Accuracy:  82.00%
2024-01-20 21:20:23,474:INFO:Inc_Learning:257: Epoch 3/15 Average Loss: 0.6119630336761475 / MA Loss: 0.597671389579773
2024-01-20 21:20:23,474:INFO:Inc_Learning:213: Epoch: 4/15
2024-01-20 21:20:24,671:INFO:Inc_Learning:256: Epoch 4/15 Train Accuracy:  94.00%
2024-01-20 21:20:24,671:INFO:Inc_Learning:257: Epoch 4/15 Average Loss: 0.3906177580356598 / MA Loss: 0.5459079816937447
2024-01-20 21:20:24,672:INFO:Inc_Learning:213: Epoch: 5/15
2024-01-20 21:20:25,908:INFO:Inc_Learning:256: Epoch 5/15 Train Accuracy:  80.00%
2024-01-20 21:20:25,909:INFO:Inc_Learning:257: Epoch 5/15 Average Loss: 0.4786146283149719 / MA Loss: 0.5324493110179901
2024-01-20 21:20:25,909:INFO:Inc_Learning:213: Epoch: 6/15
2024-01-20 21:20:27,292:INFO:Inc_Learning:256: Epoch 6/15 Train Accuracy:  84.00%
2024-01-20 21:20:27,292:INFO:Inc_Learning:257: Epoch 6/15 Average Loss: 0.5305501818656921 / MA Loss: 0.5321327894926071
2024-01-20 21:20:27,293:INFO:Inc_Learning:213: Epoch: 7/15
2024-01-20 21:20:28,573:INFO:Inc_Learning:256: Epoch 7/15 Train Accuracy:  86.00%
2024-01-20 21:20:28,574:INFO:Inc_Learning:257: Epoch 7/15 Average Loss: 0.5475103259086609 / MA Loss: 0.5343295804091862
2024-01-20 21:20:28,574:INFO:Inc_Learning:213: Epoch: 8/15
2024-01-20 21:20:29,874:INFO:Inc_Learning:256: Epoch 8/15 Train Accuracy:  88.00%
2024-01-20 21:20:29,874:INFO:Inc_Learning:257: Epoch 8/15 Average Loss: 0.4717867374420166 / MA Loss: 0.52651172503829
2024-01-20 21:20:29,874:INFO:Inc_Learning:213: Epoch: 9/15
2024-01-20 21:20:31,159:INFO:Inc_Learning:256: Epoch 9/15 Train Accuracy:  90.00%
2024-01-20 21:20:31,159:INFO:Inc_Learning:257: Epoch 9/15 Average Loss: 0.37676486372947693 / MA Loss: 0.5098731848928664
2024-01-20 21:20:31,160:INFO:Inc_Learning:213: Epoch: 10/15
2024-01-20 21:20:32,473:INFO:Inc_Learning:256: Epoch 10/15 Train Accuracy:  86.00%
2024-01-20 21:20:32,473:INFO:Inc_Learning:257: Epoch 10/15 Average Loss: 0.40779566764831543 / MA Loss: 0.4996654331684113
2024-01-20 21:20:32,474:INFO:Inc_Learning:213: Epoch: 11/15
2024-01-20 21:20:33,758:INFO:Inc_Learning:256: Epoch 11/15 Train Accuracy:  94.00%
2024-01-20 21:20:33,758:INFO:Inc_Learning:257: Epoch 11/15 Average Loss: 0.3750268220901489 / MA Loss: 0.4802416980266571
2024-01-20 21:20:33,759:INFO:Inc_Learning:213: Epoch: 12/15
2024-01-20 21:20:35,059:INFO:Inc_Learning:256: Epoch 12/15 Train Accuracy:  90.00%
2024-01-20 21:20:35,060:INFO:Inc_Learning:257: Epoch 12/15 Average Loss: 0.35312119126319885 / MA Loss: 0.4543751209974289
2024-01-20 21:20:35,060:INFO:Inc_Learning:213: Epoch: 13/15
2024-01-20 21:20:36,309:INFO:Inc_Learning:256: Epoch 13/15 Train Accuracy:  92.00%
2024-01-20 21:20:36,309:INFO:Inc_Learning:257: Epoch 13/15 Average Loss: 0.371830552816391 / MA Loss: 0.4303618729114532
2024-01-20 21:20:36,309:INFO:Inc_Learning:213: Epoch: 14/15
2024-01-20 21:20:37,670:INFO:Inc_Learning:256: Epoch 14/15 Train Accuracy:  100.00%
2024-01-20 21:20:37,670:INFO:Inc_Learning:257: Epoch 14/15 Average Loss: 0.2354075014591217 / MA Loss: 0.41484084725379944
2024-01-20 21:20:37,671:INFO:Inc_Learning:213: Epoch: 15/15
2024-01-20 21:20:39,012:INFO:Inc_Learning:256: Epoch 15/15 Train Accuracy:  84.00%
2024-01-20 21:20:39,012:INFO:Inc_Learning:257: Epoch 15/15 Average Loss: 0.4636102318763733 / MA Loss: 0.41334040760993956
2024-01-20 21:20:39,040:INFO:Inc_Learning:576: Statistics for task identification ...
2024-01-20 21:20:40,393:INFO:Inc_Learning:270: The pseudo-labeling phase is started ...
2024-01-20 21:21:49,598:INFO:Inc_Learning:351: The training of the PredictionNet is started.
2024-01-20 21:21:49,830:INFO:Inc_Learning:463: Epoch: 000/100, MA loss: 0.10565587133169174
2024-01-20 21:21:49,945:INFO:Inc_Learning:463: Epoch: 099/100, MA loss: 1.8375206423115742e-06
2024-01-20 21:21:49,946:INFO:Inc_Learning:576: Statistics for task identification ...
2024-01-20 21:21:50,219:INFO:Inc_Learning:496: Evaluating the test set after task 5 ...
2024-01-20 21:23:09,404:INFO:Inc_Learning:544: Evaluation Accuracy (oracle) after task 5:  56.47%
2024-01-20 21:23:09,405:INFO:Inc_Learning:555: Evaluation Accuracy after task 5:  35.80%
2024-01-20 21:23:09,405:INFO:Inc_Learning:556: Accuracy of task-id detection after task 5:  50.04%
2024-01-20 21:23:09,406:INFO:Inc_Learning:562: Accuracy (Oracle) for task 0 =  84.45%
2024-01-20 21:23:09,406:INFO:Inc_Learning:566: Accuracy of task 0 =  70.25%
2024-01-20 21:23:09,406:INFO:Inc_Learning:562: Accuracy (Oracle) for task 1 =  54.30%
2024-01-20 21:23:09,407:INFO:Inc_Learning:566: Accuracy of task 1 =  25.40%
2024-01-20 21:23:09,407:INFO:Inc_Learning:562: Accuracy (Oracle) for task 2 =  55.70%
2024-01-20 21:23:09,407:INFO:Inc_Learning:566: Accuracy of task 2 =  28.70%
2024-01-20 21:23:09,407:INFO:Inc_Learning:562: Accuracy (Oracle) for task 3 =  38.80%
2024-01-20 21:23:09,408:INFO:Inc_Learning:566: Accuracy of task 3 =  22.30%
2024-01-20 21:23:09,408:INFO:Inc_Learning:562: Accuracy (Oracle) for task 4 =  41.50%
2024-01-20 21:23:09,408:INFO:Inc_Learning:566: Accuracy of task 4 =  17.90%
2024-01-20 21:23:09,408:INFO:Inc_Learning:562: Accuracy (Oracle) for task 5 =  36.10%
2024-01-20 21:23:09,409:INFO:Inc_Learning:566: Accuracy of task 5 =  15.80%
2024-01-20 21:23:09,424:INFO:Inc_Learning:692: The incremental learning phase for task 5 is finished!
2024-01-20 21:23:09,424:INFO:Inc_Learning:557: Estimated remaining time: 5 minutes and 11 seconds
2024-01-20 21:23:09,424:INFO:Inc_Learning:681: The incremental learning phase for task 6 is started ...
2024-01-20 21:23:09,424:INFO:Inc_Learning:322: Prefixes are copied from task 5.
2024-01-20 21:23:09,425:INFO:Inc_Learning:269: The PredictionNet is copied from the previous task.
2024-01-20 21:23:09,508:INFO:Inc_Learning:150: The session file "data/index_list/mini_imagenet/num_base_classes=20,num_tasks=9,num_shots=5,seed=15/train_samples_for_task=7.txt" is loaded!
2024-01-20 21:23:09,535:INFO:Inc_Learning:150: The session file "data/index_list/mini_imagenet/num_base_classes=20,num_tasks=9,num_shots=5,seed=15/test_samples_for_task=7.txt" is loaded!
2024-01-20 21:23:10,873:INFO:Inc_Learning:213: Epoch: 1/15
2024-01-20 21:23:12,114:INFO:Inc_Learning:256: Epoch 1/15 Train Accuracy:  84.00%
2024-01-20 21:23:12,114:INFO:Inc_Learning:257: Epoch 1/15 Average Loss: 0.4284015893936157 / MA Loss: 0.4284015893936157
2024-01-20 21:23:12,114:INFO:Inc_Learning:213: Epoch: 2/15
2024-01-20 21:23:13,315:INFO:Inc_Learning:256: Epoch 2/15 Train Accuracy:  88.00%
2024-01-20 21:23:13,315:INFO:Inc_Learning:257: Epoch 2/15 Average Loss: 0.5214381814002991 / MA Loss: 0.4749198853969574
2024-01-20 21:23:13,316:INFO:Inc_Learning:213: Epoch: 3/15
2024-01-20 21:23:14,528:INFO:Inc_Learning:256: Epoch 3/15 Train Accuracy:  94.00%
2024-01-20 21:23:14,529:INFO:Inc_Learning:257: Epoch 3/15 Average Loss: 0.3281545341014862 / MA Loss: 0.42599810163180035
2024-01-20 21:23:14,529:INFO:Inc_Learning:213: Epoch: 4/15
2024-01-20 21:23:15,776:INFO:Inc_Learning:256: Epoch 4/15 Train Accuracy:  86.00%
2024-01-20 21:23:15,777:INFO:Inc_Learning:257: Epoch 4/15 Average Loss: 0.40501904487609863 / MA Loss: 0.4207533374428749
2024-01-20 21:23:15,777:INFO:Inc_Learning:213: Epoch: 5/15
2024-01-20 21:23:17,010:INFO:Inc_Learning:256: Epoch 5/15 Train Accuracy:  82.00%
2024-01-20 21:23:17,011:INFO:Inc_Learning:257: Epoch 5/15 Average Loss: 0.5986774563789368 / MA Loss: 0.4563381612300873
2024-01-20 21:23:17,011:INFO:Inc_Learning:213: Epoch: 6/15
2024-01-20 21:23:18,230:INFO:Inc_Learning:256: Epoch 6/15 Train Accuracy:  94.00%
2024-01-20 21:23:18,230:INFO:Inc_Learning:257: Epoch 6/15 Average Loss: 0.2964426279067993 / MA Loss: 0.42968890567620593
2024-01-20 21:23:18,230:INFO:Inc_Learning:213: Epoch: 7/15
2024-01-20 21:23:19,482:INFO:Inc_Learning:256: Epoch 7/15 Train Accuracy:  88.00%
2024-01-20 21:23:19,482:INFO:Inc_Learning:257: Epoch 7/15 Average Loss: 0.3560236394405365 / MA Loss: 0.4191652962139675
2024-01-20 21:23:19,483:INFO:Inc_Learning:213: Epoch: 8/15
2024-01-20 21:23:20,759:INFO:Inc_Learning:256: Epoch 8/15 Train Accuracy:  96.00%
2024-01-20 21:23:20,760:INFO:Inc_Learning:257: Epoch 8/15 Average Loss: 0.20259328186511993 / MA Loss: 0.3920937944203615
2024-01-20 21:23:20,760:INFO:Inc_Learning:213: Epoch: 9/15
2024-01-20 21:23:22,086:INFO:Inc_Learning:256: Epoch 9/15 Train Accuracy:  94.00%
2024-01-20 21:23:22,087:INFO:Inc_Learning:257: Epoch 9/15 Average Loss: 0.2483331859111786 / MA Loss: 0.37612039347489673
2024-01-20 21:23:22,087:INFO:Inc_Learning:213: Epoch: 10/15
2024-01-20 21:23:23,268:INFO:Inc_Learning:256: Epoch 10/15 Train Accuracy:  96.00%
2024-01-20 21:23:23,268:INFO:Inc_Learning:257: Epoch 10/15 Average Loss: 0.18331974744796753 / MA Loss: 0.35684032887220385
2024-01-20 21:23:23,268:INFO:Inc_Learning:213: Epoch: 11/15
2024-01-20 21:23:24,445:INFO:Inc_Learning:256: Epoch 11/15 Train Accuracy:  92.00%
2024-01-20 21:23:24,445:INFO:Inc_Learning:257: Epoch 11/15 Average Loss: 0.3011607527732849 / MA Loss: 0.34411624521017076
2024-01-20 21:23:24,446:INFO:Inc_Learning:213: Epoch: 12/15
2024-01-20 21:23:25,672:INFO:Inc_Learning:256: Epoch 12/15 Train Accuracy:  92.00%
2024-01-20 21:23:25,673:INFO:Inc_Learning:257: Epoch 12/15 Average Loss: 0.29087790846824646 / MA Loss: 0.3210602179169655
2024-01-20 21:23:25,673:INFO:Inc_Learning:213: Epoch: 13/15
2024-01-20 21:23:26,735:INFO:Inc_Learning:256: Epoch 13/15 Train Accuracy:  98.00%
2024-01-20 21:23:26,735:INFO:Inc_Learning:257: Epoch 13/15 Average Loss: 0.16579748690128326 / MA Loss: 0.3048245131969452
2024-01-20 21:23:26,735:INFO:Inc_Learning:213: Epoch: 14/15
2024-01-20 21:23:28,018:INFO:Inc_Learning:256: Epoch 14/15 Train Accuracy:  92.00%
2024-01-20 21:23:28,018:INFO:Inc_Learning:257: Epoch 14/15 Average Loss: 0.3596654534339905 / MA Loss: 0.3002891540527344
2024-01-20 21:23:28,019:INFO:Inc_Learning:213: Epoch: 15/15
2024-01-20 21:23:29,223:INFO:Inc_Learning:256: Epoch 15/15 Train Accuracy:  96.00%
2024-01-20 21:23:29,223:INFO:Inc_Learning:257: Epoch 15/15 Average Loss: 0.2880973219871521 / MA Loss: 0.2692311406135559
2024-01-20 21:23:29,264:INFO:Inc_Learning:576: Statistics for task identification ...
2024-01-20 21:23:30,407:INFO:Inc_Learning:270: The pseudo-labeling phase is started ...
2024-01-20 21:24:59,647:INFO:Inc_Learning:351: The training of the PredictionNet is started.
2024-01-20 21:25:00,007:INFO:Inc_Learning:463: Epoch: 000/100, MA loss: 0.14321579039096832
2024-01-20 21:25:00,124:INFO:Inc_Learning:463: Epoch: 099/100, MA loss: 2.6910434826277197e-06
2024-01-20 21:25:00,126:INFO:Inc_Learning:576: Statistics for task identification ...
2024-01-20 21:25:00,532:INFO:Inc_Learning:496: Evaluating the test set after task 6 ...
2024-01-20 21:26:41,437:INFO:Inc_Learning:544: Evaluation Accuracy (oracle) after task 6:  56.56%
2024-01-20 21:26:41,438:INFO:Inc_Learning:555: Evaluation Accuracy after task 6:  33.44%
2024-01-20 21:26:41,438:INFO:Inc_Learning:556: Accuracy of task-id detection after task 6:  45.70%
2024-01-20 21:26:41,439:INFO:Inc_Learning:562: Accuracy (Oracle) for task 0 =  84.45%
2024-01-20 21:26:41,439:INFO:Inc_Learning:566: Accuracy of task 0 =  67.50%
2024-01-20 21:26:41,439:INFO:Inc_Learning:562: Accuracy (Oracle) for task 1 =  54.10%
2024-01-20 21:26:41,439:INFO:Inc_Learning:566: Accuracy of task 1 =  25.90%
2024-01-20 21:26:41,440:INFO:Inc_Learning:562: Accuracy (Oracle) for task 2 =  55.40%
2024-01-20 21:26:41,440:INFO:Inc_Learning:566: Accuracy of task 2 =  27.20%
2024-01-20 21:26:41,440:INFO:Inc_Learning:562: Accuracy (Oracle) for task 3 =  38.90%
2024-01-20 21:26:41,440:INFO:Inc_Learning:566: Accuracy of task 3 =  19.90%
2024-01-20 21:26:41,441:INFO:Inc_Learning:562: Accuracy (Oracle) for task 4 =  41.90%
2024-01-20 21:26:41,441:INFO:Inc_Learning:566: Accuracy of task 4 =  16.70%
2024-01-20 21:26:41,441:INFO:Inc_Learning:562: Accuracy (Oracle) for task 5 =  36.50%
2024-01-20 21:26:41,441:INFO:Inc_Learning:566: Accuracy of task 5 =  16.80%
2024-01-20 21:26:41,441:INFO:Inc_Learning:562: Accuracy (Oracle) for task 6 =  56.80%
2024-01-20 21:26:41,442:INFO:Inc_Learning:566: Accuracy of task 6 =  26.00%
2024-01-20 21:26:41,459:INFO:Inc_Learning:692: The incremental learning phase for task 6 is finished!
2024-01-20 21:26:41,460:INFO:Inc_Learning:557: Estimated remaining time: 3 minutes and 54 seconds
2024-01-20 21:26:41,460:INFO:Inc_Learning:681: The incremental learning phase for task 7 is started ...
2024-01-20 21:26:41,460:INFO:Inc_Learning:322: Prefixes are copied from task 6.
2024-01-20 21:26:41,461:INFO:Inc_Learning:269: The PredictionNet is copied from the previous task.
2024-01-20 21:26:41,543:INFO:Inc_Learning:150: The session file "data/index_list/mini_imagenet/num_base_classes=20,num_tasks=9,num_shots=5,seed=15/train_samples_for_task=8.txt" is loaded!
2024-01-20 21:26:41,571:INFO:Inc_Learning:150: The session file "data/index_list/mini_imagenet/num_base_classes=20,num_tasks=9,num_shots=5,seed=15/test_samples_for_task=8.txt" is loaded!
2024-01-20 21:26:43,431:INFO:Inc_Learning:213: Epoch: 1/15
2024-01-20 21:26:44,867:INFO:Inc_Learning:256: Epoch 1/15 Train Accuracy:  76.00%
2024-01-20 21:26:44,867:INFO:Inc_Learning:257: Epoch 1/15 Average Loss: 0.6894283294677734 / MA Loss: 0.6894283294677734
2024-01-20 21:26:44,867:INFO:Inc_Learning:213: Epoch: 2/15
2024-01-20 21:26:46,222:INFO:Inc_Learning:256: Epoch 2/15 Train Accuracy:  84.00%
2024-01-20 21:26:46,222:INFO:Inc_Learning:257: Epoch 2/15 Average Loss: 0.6898541450500488 / MA Loss: 0.6896412372589111
2024-01-20 21:26:46,222:INFO:Inc_Learning:213: Epoch: 3/15
2024-01-20 21:26:47,615:INFO:Inc_Learning:256: Epoch 3/15 Train Accuracy:  90.00%
2024-01-20 21:26:47,615:INFO:Inc_Learning:257: Epoch 3/15 Average Loss: 0.49726244807243347 / MA Loss: 0.625514974196752
2024-01-20 21:26:47,615:INFO:Inc_Learning:213: Epoch: 4/15
2024-01-20 21:26:48,881:INFO:Inc_Learning:256: Epoch 4/15 Train Accuracy:  88.00%
2024-01-20 21:26:48,881:INFO:Inc_Learning:257: Epoch 4/15 Average Loss: 0.5097629427909851 / MA Loss: 0.5965769663453102
2024-01-20 21:26:48,882:INFO:Inc_Learning:213: Epoch: 5/15
2024-01-20 21:26:50,276:INFO:Inc_Learning:256: Epoch 5/15 Train Accuracy:  88.00%
2024-01-20 21:26:50,276:INFO:Inc_Learning:257: Epoch 5/15 Average Loss: 0.4496334493160248 / MA Loss: 0.5671882629394531
2024-01-20 21:26:50,276:INFO:Inc_Learning:213: Epoch: 6/15
2024-01-20 21:26:51,640:INFO:Inc_Learning:256: Epoch 6/15 Train Accuracy:  82.00%
2024-01-20 21:26:51,640:INFO:Inc_Learning:257: Epoch 6/15 Average Loss: 0.5996710658073425 / MA Loss: 0.5726020634174347
2024-01-20 21:26:51,640:INFO:Inc_Learning:213: Epoch: 7/15
2024-01-20 21:26:52,994:INFO:Inc_Learning:256: Epoch 7/15 Train Accuracy:  90.00%
2024-01-20 21:26:52,994:INFO:Inc_Learning:257: Epoch 7/15 Average Loss: 0.3962218761444092 / MA Loss: 0.5474048938070025
2024-01-20 21:26:52,994:INFO:Inc_Learning:213: Epoch: 8/15
2024-01-20 21:26:54,424:INFO:Inc_Learning:256: Epoch 8/15 Train Accuracy:  88.00%
2024-01-20 21:26:54,424:INFO:Inc_Learning:257: Epoch 8/15 Average Loss: 0.4451834559440613 / MA Loss: 0.5346272140741348
2024-01-20 21:26:54,425:INFO:Inc_Learning:213: Epoch: 9/15
2024-01-20 21:26:55,886:INFO:Inc_Learning:256: Epoch 9/15 Train Accuracy:  86.00%
2024-01-20 21:26:55,886:INFO:Inc_Learning:257: Epoch 9/15 Average Loss: 0.4420800507068634 / MA Loss: 0.5243441959222158
2024-01-20 21:26:55,887:INFO:Inc_Learning:213: Epoch: 10/15
2024-01-20 21:26:57,392:INFO:Inc_Learning:256: Epoch 10/15 Train Accuracy:  94.00%
2024-01-20 21:26:57,392:INFO:Inc_Learning:257: Epoch 10/15 Average Loss: 0.32466328144073486 / MA Loss: 0.5043761044740677
2024-01-20 21:26:57,392:INFO:Inc_Learning:213: Epoch: 11/15
2024-01-20 21:26:58,759:INFO:Inc_Learning:256: Epoch 11/15 Train Accuracy:  88.00%
2024-01-20 21:26:58,760:INFO:Inc_Learning:257: Epoch 11/15 Average Loss: 0.405801922082901 / MA Loss: 0.47601346373558046
2024-01-20 21:26:58,760:INFO:Inc_Learning:213: Epoch: 12/15
2024-01-20 21:27:00,134:INFO:Inc_Learning:256: Epoch 12/15 Train Accuracy:  88.00%
2024-01-20 21:27:00,135:INFO:Inc_Learning:257: Epoch 12/15 Average Loss: 0.4874115288257599 / MA Loss: 0.45576920211315153
2024-01-20 21:27:00,135:INFO:Inc_Learning:213: Epoch: 13/15
2024-01-20 21:27:01,541:INFO:Inc_Learning:256: Epoch 13/15 Train Accuracy:  92.00%
2024-01-20 21:27:01,542:INFO:Inc_Learning:257: Epoch 13/15 Average Loss: 0.3499855697154999 / MA Loss: 0.4410415142774582
2024-01-20 21:27:01,542:INFO:Inc_Learning:213: Epoch: 14/15
2024-01-20 21:27:02,943:INFO:Inc_Learning:256: Epoch 14/15 Train Accuracy:  98.00%
2024-01-20 21:27:02,944:INFO:Inc_Learning:257: Epoch 14/15 Average Loss: 0.2556034326553345 / MA Loss: 0.4156255632638931
2024-01-20 21:27:02,944:INFO:Inc_Learning:213: Epoch: 15/15
2024-01-20 21:27:04,200:INFO:Inc_Learning:256: Epoch 15/15 Train Accuracy:  86.00%
2024-01-20 21:27:04,200:INFO:Inc_Learning:257: Epoch 15/15 Average Loss: 0.4566011130809784 / MA Loss: 0.4163223296403885
2024-01-20 21:27:04,238:INFO:Inc_Learning:576: Statistics for task identification ...
2024-01-20 21:27:05,500:INFO:Inc_Learning:270: The pseudo-labeling phase is started ...
2024-01-20 21:28:57,507:INFO:Inc_Learning:351: The training of the PredictionNet is started.
2024-01-20 21:28:57,786:INFO:Inc_Learning:463: Epoch: 000/100, MA loss: 0.13635852932929993
2024-01-20 21:28:57,903:INFO:Inc_Learning:463: Epoch: 099/100, MA loss: 1.8416500324747176e-06
2024-01-20 21:28:57,903:INFO:Inc_Learning:576: Statistics for task identification ...
2024-01-20 21:28:58,238:INFO:Inc_Learning:496: Evaluating the test set after task 7 ...
2024-01-20 21:31:03,390:INFO:Inc_Learning:544: Evaluation Accuracy (oracle) after task 7:  55.67%
2024-01-20 21:31:03,392:INFO:Inc_Learning:555: Evaluation Accuracy after task 7:  30.71%
2024-01-20 21:31:03,393:INFO:Inc_Learning:556: Accuracy of task-id detection after task 7:  41.93%
2024-01-20 21:31:03,393:INFO:Inc_Learning:562: Accuracy (Oracle) for task 0 =  84.40%
2024-01-20 21:31:03,393:INFO:Inc_Learning:566: Accuracy of task 0 =  64.70%
2024-01-20 21:31:03,393:INFO:Inc_Learning:562: Accuracy (Oracle) for task 1 =  54.00%
2024-01-20 21:31:03,393:INFO:Inc_Learning:566: Accuracy of task 1 =  25.70%
2024-01-20 21:31:03,394:INFO:Inc_Learning:562: Accuracy (Oracle) for task 2 =  55.40%
2024-01-20 21:31:03,394:INFO:Inc_Learning:566: Accuracy of task 2 =  24.00%
2024-01-20 21:31:03,394:INFO:Inc_Learning:562: Accuracy (Oracle) for task 3 =  39.10%
2024-01-20 21:31:03,394:INFO:Inc_Learning:566: Accuracy of task 3 =  16.70%
2024-01-20 21:31:03,394:INFO:Inc_Learning:562: Accuracy (Oracle) for task 4 =  42.00%
2024-01-20 21:31:03,395:INFO:Inc_Learning:566: Accuracy of task 4 =  15.10%
2024-01-20 21:31:03,395:INFO:Inc_Learning:562: Accuracy (Oracle) for task 5 =  36.40%
2024-01-20 21:31:03,395:INFO:Inc_Learning:566: Accuracy of task 5 =  15.00%
2024-01-20 21:31:03,395:INFO:Inc_Learning:562: Accuracy (Oracle) for task 6 =  56.90%
2024-01-20 21:31:03,395:INFO:Inc_Learning:566: Accuracy of task 6 =  26.20%
2024-01-20 21:31:03,396:INFO:Inc_Learning:562: Accuracy (Oracle) for task 7 =  48.40%
2024-01-20 21:31:03,396:INFO:Inc_Learning:566: Accuracy of task 7 =  24.30%
2024-01-20 21:31:03,405:INFO:Inc_Learning:692: The incremental learning phase for task 7 is finished!
2024-01-20 21:31:03,405:INFO:Inc_Learning:557: Estimated remaining time: 2 minutes and 13 seconds
2024-01-20 21:31:03,405:INFO:Inc_Learning:681: The incremental learning phase for task 8 is started ...
2024-01-20 21:31:03,405:INFO:Inc_Learning:322: Prefixes are copied from task 7.
2024-01-20 21:31:03,406:INFO:Inc_Learning:269: The PredictionNet is copied from the previous task.
2024-01-20 21:31:03,492:INFO:Inc_Learning:150: The session file "data/index_list/mini_imagenet/num_base_classes=20,num_tasks=9,num_shots=5,seed=15/train_samples_for_task=9.txt" is loaded!
2024-01-20 21:31:03,523:INFO:Inc_Learning:150: The session file "data/index_list/mini_imagenet/num_base_classes=20,num_tasks=9,num_shots=5,seed=15/test_samples_for_task=9.txt" is loaded!
2024-01-20 21:31:04,967:INFO:Inc_Learning:213: Epoch: 1/15
2024-01-20 21:31:06,169:INFO:Inc_Learning:256: Epoch 1/15 Train Accuracy:  92.00%
2024-01-20 21:31:06,169:INFO:Inc_Learning:257: Epoch 1/15 Average Loss: 0.3070259392261505 / MA Loss: 0.3070259392261505
2024-01-20 21:31:06,169:INFO:Inc_Learning:213: Epoch: 2/15
2024-01-20 21:31:07,312:INFO:Inc_Learning:256: Epoch 2/15 Train Accuracy:  88.00%
2024-01-20 21:31:07,312:INFO:Inc_Learning:257: Epoch 2/15 Average Loss: 0.4676099717617035 / MA Loss: 0.387317955493927
2024-01-20 21:31:07,312:INFO:Inc_Learning:213: Epoch: 3/15
2024-01-20 21:31:08,492:INFO:Inc_Learning:256: Epoch 3/15 Train Accuracy:  90.00%
2024-01-20 21:31:08,493:INFO:Inc_Learning:257: Epoch 3/15 Average Loss: 0.39075902104377747 / MA Loss: 0.38846497734387714
2024-01-20 21:31:08,493:INFO:Inc_Learning:213: Epoch: 4/15
2024-01-20 21:31:09,680:INFO:Inc_Learning:256: Epoch 4/15 Train Accuracy:  92.00%
2024-01-20 21:31:09,680:INFO:Inc_Learning:257: Epoch 4/15 Average Loss: 0.28775879740715027 / MA Loss: 0.36328843235969543
2024-01-20 21:31:09,681:INFO:Inc_Learning:213: Epoch: 5/15
2024-01-20 21:31:10,899:INFO:Inc_Learning:256: Epoch 5/15 Train Accuracy:  92.00%
2024-01-20 21:31:10,899:INFO:Inc_Learning:257: Epoch 5/15 Average Loss: 0.3217933177947998 / MA Loss: 0.3549894094467163
2024-01-20 21:31:10,899:INFO:Inc_Learning:213: Epoch: 6/15
2024-01-20 21:31:11,948:INFO:Inc_Learning:256: Epoch 6/15 Train Accuracy:  96.00%
2024-01-20 21:31:11,949:INFO:Inc_Learning:257: Epoch 6/15 Average Loss: 0.2621787488460541 / MA Loss: 0.3395209660132726
2024-01-20 21:31:11,949:INFO:Inc_Learning:213: Epoch: 7/15
2024-01-20 21:31:13,124:INFO:Inc_Learning:256: Epoch 7/15 Train Accuracy:  90.00%
2024-01-20 21:31:13,124:INFO:Inc_Learning:257: Epoch 7/15 Average Loss: 0.27297621965408325 / MA Loss: 0.33001457367624554
2024-01-20 21:31:13,124:INFO:Inc_Learning:213: Epoch: 8/15
2024-01-20 21:31:14,277:INFO:Inc_Learning:256: Epoch 8/15 Train Accuracy:  98.00%
2024-01-20 21:31:14,277:INFO:Inc_Learning:257: Epoch 8/15 Average Loss: 0.20939497649669647 / MA Loss: 0.3149371240288019
2024-01-20 21:31:14,278:INFO:Inc_Learning:213: Epoch: 9/15
2024-01-20 21:31:15,623:INFO:Inc_Learning:256: Epoch 9/15 Train Accuracy:  98.00%
2024-01-20 21:31:15,623:INFO:Inc_Learning:257: Epoch 9/15 Average Loss: 0.22678598761558533 / MA Loss: 0.3051425533162223
2024-01-20 21:31:15,623:INFO:Inc_Learning:213: Epoch: 10/15
2024-01-20 21:31:16,759:INFO:Inc_Learning:256: Epoch 10/15 Train Accuracy:  98.00%
2024-01-20 21:31:16,759:INFO:Inc_Learning:257: Epoch 10/15 Average Loss: 0.16877728700637817 / MA Loss: 0.2915060266852379
2024-01-20 21:31:16,759:INFO:Inc_Learning:213: Epoch: 11/15
2024-01-20 21:31:17,868:INFO:Inc_Learning:256: Epoch 11/15 Train Accuracy:  96.00%
2024-01-20 21:31:17,868:INFO:Inc_Learning:257: Epoch 11/15 Average Loss: 0.21388259530067444 / MA Loss: 0.28219169229269025
2024-01-20 21:31:17,869:INFO:Inc_Learning:213: Epoch: 12/15
2024-01-20 21:31:19,110:INFO:Inc_Learning:256: Epoch 12/15 Train Accuracy:  98.00%
2024-01-20 21:31:19,110:INFO:Inc_Learning:257: Epoch 12/15 Average Loss: 0.2668140232563019 / MA Loss: 0.26211209744215014
2024-01-20 21:31:19,111:INFO:Inc_Learning:213: Epoch: 13/15
2024-01-20 21:31:20,303:INFO:Inc_Learning:256: Epoch 13/15 Train Accuracy:  96.00%
2024-01-20 21:31:20,303:INFO:Inc_Learning:257: Epoch 13/15 Average Loss: 0.23256008327007294 / MA Loss: 0.24629220366477966
2024-01-20 21:31:20,304:INFO:Inc_Learning:213: Epoch: 14/15
2024-01-20 21:31:21,501:INFO:Inc_Learning:256: Epoch 14/15 Train Accuracy:  90.00%
2024-01-20 21:31:21,501:INFO:Inc_Learning:257: Epoch 14/15 Average Loss: 0.37255537509918213 / MA Loss: 0.25477186143398284
2024-01-20 21:31:21,502:INFO:Inc_Learning:213: Epoch: 15/15
2024-01-20 21:31:22,697:INFO:Inc_Learning:256: Epoch 15/15 Train Accuracy:  94.00%
2024-01-20 21:31:22,697:INFO:Inc_Learning:257: Epoch 15/15 Average Loss: 0.2419058233499527 / MA Loss: 0.24678311198949815
2024-01-20 21:31:22,723:INFO:Inc_Learning:576: Statistics for task identification ...
2024-01-20 21:31:23,769:INFO:Inc_Learning:270: The pseudo-labeling phase is started ...
2024-01-20 21:33:40,386:INFO:Inc_Learning:351: The training of the PredictionNet is started.
2024-01-20 21:33:40,714:INFO:Inc_Learning:463: Epoch: 000/100, MA loss: 0.172276109457016
2024-01-20 21:33:40,829:INFO:Inc_Learning:463: Epoch: 099/100, MA loss: 2.742902711361239e-06
2024-01-20 21:33:40,829:INFO:Inc_Learning:576: Statistics for task identification ...
2024-01-20 21:33:41,209:INFO:Inc_Learning:496: Evaluating the test set after task 8 ...
2024-01-20 21:36:13,079:INFO:Inc_Learning:544: Evaluation Accuracy (oracle) after task 8:  55.86%
2024-01-20 21:36:13,081:INFO:Inc_Learning:555: Evaluation Accuracy after task 8:  29.46%
2024-01-20 21:36:13,081:INFO:Inc_Learning:556: Accuracy of task-id detection after task 8:  40.37%
2024-01-20 21:36:13,081:INFO:Inc_Learning:562: Accuracy (Oracle) for task 0 =  84.40%
2024-01-20 21:36:13,081:INFO:Inc_Learning:566: Accuracy of task 0 =  61.95%
2024-01-20 21:36:13,082:INFO:Inc_Learning:562: Accuracy (Oracle) for task 1 =  54.40%
2024-01-20 21:36:13,082:INFO:Inc_Learning:566: Accuracy of task 1 =  24.80%
2024-01-20 21:36:13,082:INFO:Inc_Learning:562: Accuracy (Oracle) for task 2 =  55.50%
2024-01-20 21:36:13,082:INFO:Inc_Learning:566: Accuracy of task 2 =  23.40%
2024-01-20 21:36:13,083:INFO:Inc_Learning:562: Accuracy (Oracle) for task 3 =  38.90%
2024-01-20 21:36:13,083:INFO:Inc_Learning:566: Accuracy of task 3 =  16.30%
2024-01-20 21:36:13,083:INFO:Inc_Learning:562: Accuracy (Oracle) for task 4 =  41.90%
2024-01-20 21:36:13,083:INFO:Inc_Learning:566: Accuracy of task 4 =  14.60%
2024-01-20 21:36:13,083:INFO:Inc_Learning:562: Accuracy (Oracle) for task 5 =  36.10%
2024-01-20 21:36:13,084:INFO:Inc_Learning:566: Accuracy of task 5 =  14.30%
2024-01-20 21:36:13,084:INFO:Inc_Learning:562: Accuracy (Oracle) for task 6 =  56.40%
2024-01-20 21:36:13,084:INFO:Inc_Learning:566: Accuracy of task 6 =  26.30%
2024-01-20 21:36:13,084:INFO:Inc_Learning:562: Accuracy (Oracle) for task 7 =  48.50%
2024-01-20 21:36:13,084:INFO:Inc_Learning:566: Accuracy of task 7 =  26.20%
2024-01-20 21:36:13,085:INFO:Inc_Learning:562: Accuracy (Oracle) for task 8 =  58.10%
2024-01-20 21:36:13,085:INFO:Inc_Learning:566: Accuracy of task 8 =  24.80%
2024-01-20 21:36:13,096:INFO:Inc_Learning:692: The incremental learning phase for task 8 is finished!
2024-01-20 21:36:13,097:INFO:Inc_Learning:557: Estimated remaining time: 0 seconds
2024-01-20 21:36:13,097:INFO:Inc_Learning:703: Final accuracies after each incremental task:
2024-01-20 21:36:13,097:INFO:Inc_Learning:715: Task 0: 84.45
2024-01-20 21:36:13,098:INFO:Inc_Learning:715: Task 1: 63.17
2024-01-20 21:36:13,098:INFO:Inc_Learning:715: Task 2: 55.40
2024-01-20 21:36:13,098:INFO:Inc_Learning:715: Task 3: 47.38
2024-01-20 21:36:13,098:INFO:Inc_Learning:715: Task 4: 41.45
2024-01-20 21:36:13,098:INFO:Inc_Learning:715: Task 5: 35.80
2024-01-20 21:36:13,098:INFO:Inc_Learning:715: Task 6: 33.44
2024-01-20 21:36:13,098:INFO:Inc_Learning:715: Task 7: 30.71
2024-01-20 21:36:13,098:INFO:Inc_Learning:715: Task 8: 29.46
2024-01-20 21:36:13,098:INFO:Inc_Learning:720: The incremental learning phase is finished!
2024-01-20 21:36:13,098:INFO:Inc_Learning:721: The whole process took 25 minutes and 10 seconds
