2024-01-20 21:10:41,561:INFO:Inc_Learning:336: ('\nVersion Information: \n\tPyTorch: %s\n\tTorchVision: %s', '2.0.1+cu117', '0.15.2+cu117')
2024-01-20 21:10:41,580:INFO:Inc_Learning:369: class_permutation is loaded from the permutation file "data/index_list/mini_imagenet/num_base_classes=20,num_tasks=9,num_shots=5,seed=12/class_permutation.txt".
2024-01-20 21:10:43,182:WARNING:Inc_Learning:240: tqdm_enabled is set to False as the program is not running in the debug mode!
2024-01-20 21:10:43,324:INFO:Inc_Learning:566: The network was trained for 174 epochs, 0 iterations in phase supervised_learning
2024-01-20 21:10:43,366:INFO:Inc_Learning:643: We have loaded the head parameters from the saved file.
2024-01-20 21:10:43,366:INFO:Inc_Learning:651: We start from epoch 0, iteration 0
2024-01-20 21:10:43,366:INFO:Inc_Learning:663: File "/scratch/gx83/np9254/ROBUSTA-Saves/Mini-ImageNet/Phase_2,20_classes/P1P2,start_time=Date_2024-01-20,Time_09-21-12,seed=11-Best_Model.pt" is loaded
2024-01-20 21:10:43,420:INFO:Inc_Learning:285: --------------------------------------------------------------------- The given arguments ---------------------------------------------------------------------
2024-01-20 21:10:43,420:INFO:Inc_Learning:309: experiment_description = "Incremental learning phase,20 base classes"
2024-01-20 21:10:43,420:INFO:Inc_Learning:309: phase = "incremental_learning"
2024-01-20 21:10:43,420:INFO:Inc_Learning:303: Device = "cuda:0"
2024-01-20 21:10:43,421:INFO:Inc_Learning:307: seed = 12
2024-01-20 21:10:43,421:INFO:Inc_Learning:307: is_incremental = True
2024-01-20 21:10:43,421:INFO:Inc_Learning:307: debugging = False
2024-01-20 21:10:43,421:INFO:Inc_Learning:307: tqdm_enabled = False
2024-01-20 21:10:43,421:INFO:Inc_Learning:307: resume = False
2024-01-20 21:10:43,421:INFO:Inc_Learning:309: time_str = "Date_2024-01-20,Time_21-10-41"
2024-01-20 21:10:43,421:INFO:Inc_Learning:307: image_size = 224
2024-01-20 21:10:43,421:INFO:Inc_Learning:307: in_channels = 3
2024-01-20 21:10:43,421:INFO:Inc_Learning:307: batch_size_base = 160
2024-01-20 21:10:43,421:INFO:Inc_Learning:307: batch_size_test = 160
2024-01-20 21:10:43,421:INFO:Inc_Learning:307: batch_size_new = 0
2024-01-20 21:10:43,421:INFO:Inc_Learning:307: batch_size_fine_tuning = 0
2024-01-20 21:10:43,421:INFO:Inc_Learning:309: settings_file = "Experiments/Mini-ImageNet/20_base_classes/5-shot/phase=3,seed=12.toml"
2024-01-20 21:10:43,421:INFO:Inc_Learning:309: directory_permutation_files = "data/index_list/mini_imagenet/num_base_classes=20,num_tasks=9,num_shots=5,seed=12"
2024-01-20 21:10:43,421:INFO:Inc_Learning:299: The network was previously trained for 0 epochs.
2024-01-20 21:10:43,421:INFO:Inc_Learning:301: The network was previously trained for 0 iterations.
2024-01-20 21:10:43,421:INFO:Inc_Learning:307: dino = False
2024-01-20 21:10:43,421:INFO:Inc_Learning:307: debugging_env = False
2024-01-20 21:10:43,421:INFO:Inc_Learning:309: model_type = "CCT-14/7x2"
2024-01-20 21:10:43,421:INFO:Inc_Learning:307: prediction_net_list = []
2024-01-20 21:10:43,421:INFO:Inc_Learning:314: 
configs_arch:  {
  model_type = "CCT-14/7x2"
  use_BatchNorm = True
  use_BatchNorm_for_patch_embeddings = True
  temperature_stochastic_classifier = 16.0
  temperature_cosine_classifier = 10.0
  PositionalEmbeddingType = "Learnable"
  dropout_rate_classifier_head = 0.0
  number_of_the_first_layers_to_be_frozen = 0
  classifer_head_type = "Stochastic"
}
2024-01-20 21:10:43,421:INFO:Inc_Learning:314: 
configs_dataset:  {
  dataroot = "/scratch/gx83/np9254/Datasets/FSCIL/CEC/"
  dataset_name = "mini_imagenet"
  num_workers = 10
  total_classes = 100
  num_base_classes = 20
  num_tasks = 9
  num_shots = 5
  drop_last_base = True
  num_ways = 10
}
2024-01-20 21:10:43,421:INFO:Inc_Learning:314: 
configs_logger:  {
  display_interval = 0.5
  display_freq = 50
  moving_average_capacity = 50
  log_file = "/scratch/gx83/np9254/ROBUSTA-Saves/Mini-ImageNet/Phase_3,20_classes/5-shot/Time=Date_2024-01-20,Time_21-10-41,Desc=Incremental learning phase,20 base classes,seed=12.log"
}
2024-01-20 21:10:43,421:INFO:Inc_Learning:314: 
configs_save:  {
  save_freq_epoch = 10
  save_freq_iter = 2000
  time_interval_to_save = 60
  root = "/scratch/gx83/np9254/ROBUSTA-Saves/Mini-ImageNet/Phase_3,20_classes/5-shot"
  input_file = "/scratch/gx83/np9254/ROBUSTA-Saves/Mini-ImageNet/Phase_2,20_classes/P1P2,start_time=Date_2024-01-20,Time_09-21-12,seed=11-Best_Model.pt"
  output_file = "P1P2P3,start_time=Date_2024-01-20,Time_21-10-41"
}
2024-01-20 21:10:43,421:INFO:Inc_Learning:314: 
configs_FSCIL:  {
  num_epochs = [3, 15, 15, 15, 15, 15, 15, 15, 15]
  update_mu = True
  fine_tune = True
  freeze_backbone = True
  freeze_batch_norm_layers = True
  freeze_non_batch_norm_layers = True
  use_delta_parameters_for_base_task = True
  use_prefixes_for_distance_calculations = True
  use_shared_covariance = True
  start_from_task = 0
  randomize_selected_classes = False
  use_cache_for_the_base_task = False
  use_pseudo_labeled_samples_for_task_identification = [True, True, True, True, True, True, True, True, True]
  tasks_or_classes_for_Mahalanobis_distance_calculations = "classes"
  enable_Mahalanobis_distance = True
  configs_PEFT = {
    prefix_seq_length = [16, 16, 16, 16, 16, 16, 16, 16, 16]
    number_of_layers_for_prefixes = [-1, -1, -1, -1, -1, -1, -1, -1, -1]
    fusion_mode = "last"
    prefix_or_prompt = "prefix"
  }  
  optimizer = {
    optimizer_name = "AdamW"
    lr_head = [0.01, 0.01, 0.01, 0.01, 0.01, 0.01, 0.01, 0.01, 0.01]
    lr = [0.01, 0.01, 0.01, 0.01, 0.01, 0.01, 0.01, 0.01, 0.01]
    lr_prefixes_or_prompts = [0.01, 0.01, 0.01, 0.01, 0.01, 0.01, 0.01, 0.01, 0.01]
    lr_backbone = [0.01, 0.01, 0.01, 0.01, 0.01, 0.01, 0.01, 0.01, 0.01]
    momentum = 0.9
    momentum2 = 0.999
    nesterov = True
    weight_decay = [0.0, 0.0, 0.0, 0.0, 0.0, 0.0, 0.0, 0.0, 0.0]
  }  
  scheduler = {
    name = "ReduceLROnPlateau"
    mode = "min"
    factor = 0.25
    patience = 5
    cooldown = 0
    min_lr = 0
    verbose = True
    moving_average_capacity = 10
  }  
  evaluation = {
    ignore_logits_for_other_tasks = True
    stochastic = True
  }  
  PredictionNet = {
    enabled = True
    use_pseudo_labeled_test_samples = [False, True, True, True, True, True, True, True, True]
    separate_PredictionNet_for_each_task = True
    use_PredictionNet_for_this_task = [True, True, True, True, True, True, True, True, True]
    num_epochs = [100, 100, 100, 100, 100, 100, 100, 100, 100]
    batch_size_for_Pseudo_labelling = 100
    batch_size_for_PredictionNet = 100
    n_layers = 2
    size_hidden_layer = 384
    use_real_residual_connections = False
    dropout_rate = 0.0
    bias = True
    num_outliers = [5, 1, 1, 1, 1, 1, 1, 1, 1]
    moving_average_capacity = 20
    display_freq = 1000
    remember_from_previous_task = True
    use_the_best_model = False
    loss = "MSE"
    optimizer = {
      optimizer_name = "AdamW"
      lr = [0.001, 0.001, 0.001, 0.001, 0.001, 0.001, 0.001, 0.001, 0.001]
      momentum = 0.9
      momentum2 = 0.999
      dampening = 0.0
      nesterov = True
      weight_decay = [0.0, 0.0, 0.0, 0.0, 0.0, 0.0, 0.0, 0.0, 0.0]
    }    
    scheduler = {
      name = "ReduceLROnPlateau"
      mode = "min"
      factor = 0.25
      patience = 1000
      cooldown = 0
      min_lr = 0
      verbose = True
      moving_average_capacity = 10
    }    
  }  
}
2024-01-20 21:10:43,421:INFO:Inc_Learning:316: --------------------------------------------------------------------------------
2024-01-20 21:10:43,573:INFO:Inc_Learning:150: The session file "data/index_list/mini_imagenet/num_base_classes=20,num_tasks=9,num_shots=5,seed=12/train_samples_for_task=1.txt" is loaded!
2024-01-20 21:10:43,593:INFO:Inc_Learning:150: The session file "data/index_list/mini_imagenet/num_base_classes=20,num_tasks=9,num_shots=5,seed=12/test_samples_for_task=1.txt" is loaded!
2024-01-20 21:10:43,645:INFO:Inc_Learning:681: The incremental learning phase for task 0 is started ...
2024-01-20 21:10:43,645:INFO:Inc_Learning:318: Prefixes are randomly initialized for task 0.
2024-01-20 21:10:43,734:INFO:Inc_Learning:150: The session file "data/index_list/mini_imagenet/num_base_classes=20,num_tasks=9,num_shots=5,seed=12/train_samples_for_task=1.txt" is loaded!
2024-01-20 21:10:43,752:INFO:Inc_Learning:150: The session file "data/index_list/mini_imagenet/num_base_classes=20,num_tasks=9,num_shots=5,seed=12/test_samples_for_task=1.txt" is loaded!
2024-01-20 21:11:01,849:INFO:Inc_Learning:213: Epoch: 1/3
2024-01-20 21:11:32,352:INFO:Inc_Learning:256: Epoch 1/3 Train Accuracy:  92.89%
2024-01-20 21:11:32,355:INFO:Inc_Learning:257: Epoch 1/3 Average Loss: 0.2487893986605829 / MA Loss: 0.2333360105752945
2024-01-20 21:11:32,355:INFO:Inc_Learning:213: Epoch: 2/3
2024-01-20 21:12:02,929:INFO:Inc_Learning:256: Epoch 2/3 Train Accuracy:  93.63%
2024-01-20 21:12:02,930:INFO:Inc_Learning:257: Epoch 2/3 Average Loss: 0.22169464045474607 / MA Loss: 0.22048168629407883
2024-01-20 21:12:02,930:INFO:Inc_Learning:213: Epoch: 3/3
2024-01-20 21:12:33,336:INFO:Inc_Learning:256: Epoch 3/3 Train Accuracy:  93.45%
2024-01-20 21:12:33,337:INFO:Inc_Learning:257: Epoch 3/3 Average Loss: 0.22935952702837606 / MA Loss: 0.22838457822799682
2024-01-20 21:12:33,391:INFO:Inc_Learning:576: Statistics for task identification ...
2024-01-20 21:12:50,607:INFO:Inc_Learning:270: The pseudo-labeling phase is started ...
2024-01-20 21:13:05,555:INFO:Inc_Learning:351: The training of the PredictionNet is started.
2024-01-20 21:13:23,185:INFO:Inc_Learning:463: Epoch: 000/100, MA loss: 0.37225809693336487
2024-01-20 21:13:23,402:INFO:Inc_Learning:463: Epoch: 099/100, MA loss: 0.0009321051766164601
2024-01-20 21:13:23,403:INFO:Inc_Learning:576: Statistics for task identification ...
2024-01-20 21:13:45,227:INFO:Inc_Learning:496: Evaluating the test set after task 0 ...
2024-01-20 21:13:50,062:INFO:Inc_Learning:544: Evaluation Accuracy (oracle) after task 0:  84.15%
2024-01-20 21:13:50,064:INFO:Inc_Learning:562: Accuracy (Oracle) for task 0 =  84.15%
2024-01-20 21:13:50,076:INFO:Inc_Learning:692: The incremental learning phase for task 0 is finished!
2024-01-20 21:13:50,076:INFO:Inc_Learning:557: Estimated remaining time: 12 minutes and 25 seconds
2024-01-20 21:13:50,077:INFO:Inc_Learning:681: The incremental learning phase for task 1 is started ...
2024-01-20 21:13:50,077:INFO:Inc_Learning:322: Prefixes are copied from task 0.
2024-01-20 21:13:50,077:INFO:Inc_Learning:269: The PredictionNet is copied from the previous task.
2024-01-20 21:13:50,163:INFO:Inc_Learning:150: The session file "data/index_list/mini_imagenet/num_base_classes=20,num_tasks=9,num_shots=5,seed=12/train_samples_for_task=2.txt" is loaded!
2024-01-20 21:13:50,185:INFO:Inc_Learning:150: The session file "data/index_list/mini_imagenet/num_base_classes=20,num_tasks=9,num_shots=5,seed=12/test_samples_for_task=2.txt" is loaded!
2024-01-20 21:13:51,486:INFO:Inc_Learning:213: Epoch: 1/15
2024-01-20 21:13:52,565:INFO:Inc_Learning:256: Epoch 1/15 Train Accuracy:  84.00%
2024-01-20 21:13:52,565:INFO:Inc_Learning:257: Epoch 1/15 Average Loss: 0.5394876003265381 / MA Loss: 0.5394876003265381
2024-01-20 21:13:52,566:INFO:Inc_Learning:213: Epoch: 2/15
2024-01-20 21:13:53,670:INFO:Inc_Learning:256: Epoch 2/15 Train Accuracy:  88.00%
2024-01-20 21:13:53,670:INFO:Inc_Learning:257: Epoch 2/15 Average Loss: 0.33063194155693054 / MA Loss: 0.4350597709417343
2024-01-20 21:13:53,671:INFO:Inc_Learning:213: Epoch: 3/15
2024-01-20 21:13:54,799:INFO:Inc_Learning:256: Epoch 3/15 Train Accuracy:  92.00%
2024-01-20 21:13:54,799:INFO:Inc_Learning:257: Epoch 3/15 Average Loss: 0.22107692062854767 / MA Loss: 0.3637321541706721
2024-01-20 21:13:54,800:INFO:Inc_Learning:213: Epoch: 4/15
2024-01-20 21:13:55,958:INFO:Inc_Learning:256: Epoch 4/15 Train Accuracy:  90.00%
2024-01-20 21:13:55,959:INFO:Inc_Learning:257: Epoch 4/15 Average Loss: 0.37109172344207764 / MA Loss: 0.3655720464885235
2024-01-20 21:13:55,959:INFO:Inc_Learning:213: Epoch: 5/15
2024-01-20 21:13:57,065:INFO:Inc_Learning:256: Epoch 5/15 Train Accuracy:  90.00%
2024-01-20 21:13:57,065:INFO:Inc_Learning:257: Epoch 5/15 Average Loss: 0.3208538293838501 / MA Loss: 0.3566284030675888
2024-01-20 21:13:57,065:INFO:Inc_Learning:213: Epoch: 6/15
2024-01-20 21:13:58,182:INFO:Inc_Learning:256: Epoch 6/15 Train Accuracy:  96.00%
2024-01-20 21:13:58,183:INFO:Inc_Learning:257: Epoch 6/15 Average Loss: 0.27569493651390076 / MA Loss: 0.34313949197530746
2024-01-20 21:13:58,183:INFO:Inc_Learning:213: Epoch: 7/15
2024-01-20 21:13:59,327:INFO:Inc_Learning:256: Epoch 7/15 Train Accuracy:  96.00%
2024-01-20 21:13:59,327:INFO:Inc_Learning:257: Epoch 7/15 Average Loss: 0.2535887360572815 / MA Loss: 0.3303465268441609
2024-01-20 21:13:59,328:INFO:Inc_Learning:213: Epoch: 8/15
2024-01-20 21:14:00,408:INFO:Inc_Learning:256: Epoch 8/15 Train Accuracy:  98.00%
2024-01-20 21:14:00,408:INFO:Inc_Learning:257: Epoch 8/15 Average Loss: 0.17762279510498047 / MA Loss: 0.31125606037676334
2024-01-20 21:14:00,409:INFO:Inc_Learning:213: Epoch: 9/15
2024-01-20 21:14:01,537:INFO:Inc_Learning:256: Epoch 9/15 Train Accuracy:  94.00%
2024-01-20 21:14:01,537:INFO:Inc_Learning:257: Epoch 9/15 Average Loss: 0.25775593519210815 / MA Loss: 0.30531160202291274
2024-01-20 21:14:01,537:INFO:Inc_Learning:213: Epoch: 10/15
2024-01-20 21:14:02,625:INFO:Inc_Learning:256: Epoch 10/15 Train Accuracy:  92.00%
2024-01-20 21:14:02,626:INFO:Inc_Learning:257: Epoch 10/15 Average Loss: 0.33506569266319275 / MA Loss: 0.3082870110869408
2024-01-20 21:14:02,626:INFO:Inc_Learning:213: Epoch: 11/15
2024-01-20 21:14:03,770:INFO:Inc_Learning:256: Epoch 11/15 Train Accuracy:  96.00%
2024-01-20 21:14:03,770:INFO:Inc_Learning:257: Epoch 11/15 Average Loss: 0.17943990230560303 / MA Loss: 0.27228224128484724
2024-01-20 21:14:03,771:INFO:Inc_Learning:213: Epoch: 12/15
2024-01-20 21:14:04,898:INFO:Inc_Learning:256: Epoch 12/15 Train Accuracy:  94.00%
2024-01-20 21:14:04,898:INFO:Inc_Learning:257: Epoch 12/15 Average Loss: 0.2515087127685547 / MA Loss: 0.26436991840600965
2024-01-20 21:14:04,899:INFO:Inc_Learning:213: Epoch: 13/15
2024-01-20 21:14:06,040:INFO:Inc_Learning:256: Epoch 13/15 Train Accuracy:  98.00%
2024-01-20 21:14:06,040:INFO:Inc_Learning:257: Epoch 13/15 Average Loss: 0.17732863128185272 / MA Loss: 0.2599950894713402
2024-01-20 21:14:06,040:INFO:Inc_Learning:213: Epoch: 14/15
2024-01-20 21:14:07,162:INFO:Inc_Learning:256: Epoch 14/15 Train Accuracy:  96.00%
2024-01-20 21:14:07,162:INFO:Inc_Learning:257: Epoch 14/15 Average Loss: 0.33306199312210083 / MA Loss: 0.2561921164393425
2024-01-20 21:14:07,162:INFO:Inc_Learning:213: Epoch: 15/15
2024-01-20 21:14:08,347:INFO:Inc_Learning:256: Epoch 15/15 Train Accuracy:  96.00%
2024-01-20 21:14:08,347:INFO:Inc_Learning:257: Epoch 15/15 Average Loss: 0.22997508943080902 / MA Loss: 0.2471042424440384
2024-01-20 21:14:08,373:INFO:Inc_Learning:576: Statistics for task identification ...
2024-01-20 21:14:09,489:INFO:Inc_Learning:270: The pseudo-labeling phase is started ...
2024-01-20 21:14:24,776:INFO:Inc_Learning:351: The training of the PredictionNet is started.
2024-01-20 21:14:25,070:INFO:Inc_Learning:463: Epoch: 000/100, MA loss: 0.2119944542646408
2024-01-20 21:14:25,184:INFO:Inc_Learning:463: Epoch: 099/100, MA loss: 1.842673520968674e-06
2024-01-20 21:14:25,184:INFO:Inc_Learning:576: Statistics for task identification ...
2024-01-20 21:14:25,523:INFO:Inc_Learning:496: Evaluating the test set after task 1 ...
2024-01-20 21:14:44,087:INFO:Inc_Learning:544: Evaluation Accuracy (oracle) after task 1:  73.80%
2024-01-20 21:14:44,088:INFO:Inc_Learning:555: Evaluation Accuracy after task 1:  63.20%
2024-01-20 21:14:44,088:INFO:Inc_Learning:556: Accuracy of task-id detection after task 1:  78.03%
2024-01-20 21:14:44,088:INFO:Inc_Learning:562: Accuracy (Oracle) for task 0 =  84.10%
2024-01-20 21:14:44,089:INFO:Inc_Learning:566: Accuracy of task 0 =  82.65%
2024-01-20 21:14:44,089:INFO:Inc_Learning:562: Accuracy (Oracle) for task 1 =  53.20%
2024-01-20 21:14:44,089:INFO:Inc_Learning:566: Accuracy of task 1 =  24.30%
2024-01-20 21:14:44,104:INFO:Inc_Learning:692: The incremental learning phase for task 1 is finished!
2024-01-20 21:14:44,104:INFO:Inc_Learning:557: Estimated remaining time: 9 minutes and 21 seconds
2024-01-20 21:14:44,105:INFO:Inc_Learning:681: The incremental learning phase for task 2 is started ...
2024-01-20 21:14:44,105:INFO:Inc_Learning:322: Prefixes are copied from task 1.
2024-01-20 21:14:44,105:INFO:Inc_Learning:269: The PredictionNet is copied from the previous task.
2024-01-20 21:14:44,190:INFO:Inc_Learning:150: The session file "data/index_list/mini_imagenet/num_base_classes=20,num_tasks=9,num_shots=5,seed=12/train_samples_for_task=3.txt" is loaded!
2024-01-20 21:14:44,213:INFO:Inc_Learning:150: The session file "data/index_list/mini_imagenet/num_base_classes=20,num_tasks=9,num_shots=5,seed=12/test_samples_for_task=3.txt" is loaded!
2024-01-20 21:14:45,480:INFO:Inc_Learning:213: Epoch: 1/15
2024-01-20 21:14:46,616:INFO:Inc_Learning:256: Epoch 1/15 Train Accuracy:  84.00%
2024-01-20 21:14:46,617:INFO:Inc_Learning:257: Epoch 1/15 Average Loss: 0.4743587076663971 / MA Loss: 0.4743587076663971
2024-01-20 21:14:46,617:INFO:Inc_Learning:213: Epoch: 2/15
2024-01-20 21:14:47,780:INFO:Inc_Learning:256: Epoch 2/15 Train Accuracy:  80.00%
2024-01-20 21:14:47,780:INFO:Inc_Learning:257: Epoch 2/15 Average Loss: 0.5899161696434021 / MA Loss: 0.5321374386548996
2024-01-20 21:14:47,780:INFO:Inc_Learning:213: Epoch: 3/15
2024-01-20 21:14:48,828:INFO:Inc_Learning:256: Epoch 3/15 Train Accuracy:  92.00%
2024-01-20 21:14:48,828:INFO:Inc_Learning:257: Epoch 3/15 Average Loss: 0.3714981973171234 / MA Loss: 0.47859102487564087
2024-01-20 21:14:48,828:INFO:Inc_Learning:213: Epoch: 4/15
2024-01-20 21:14:49,985:INFO:Inc_Learning:256: Epoch 4/15 Train Accuracy:  82.00%
2024-01-20 21:14:49,986:INFO:Inc_Learning:257: Epoch 4/15 Average Loss: 0.500065267086029 / MA Loss: 0.4839595854282379
2024-01-20 21:14:49,986:INFO:Inc_Learning:213: Epoch: 5/15
2024-01-20 21:14:51,094:INFO:Inc_Learning:256: Epoch 5/15 Train Accuracy:  90.00%
2024-01-20 21:14:51,095:INFO:Inc_Learning:257: Epoch 5/15 Average Loss: 0.36209696531295776 / MA Loss: 0.4595870614051819
2024-01-20 21:14:51,095:INFO:Inc_Learning:213: Epoch: 6/15
2024-01-20 21:14:52,285:INFO:Inc_Learning:256: Epoch 6/15 Train Accuracy:  90.00%
2024-01-20 21:14:52,286:INFO:Inc_Learning:257: Epoch 6/15 Average Loss: 0.3522724509239197 / MA Loss: 0.4417012929916382
2024-01-20 21:14:52,286:INFO:Inc_Learning:213: Epoch: 7/15
2024-01-20 21:14:53,433:INFO:Inc_Learning:256: Epoch 7/15 Train Accuracy:  94.00%
2024-01-20 21:14:53,434:INFO:Inc_Learning:257: Epoch 7/15 Average Loss: 0.28102606534957886 / MA Loss: 0.41874768904277254
2024-01-20 21:14:53,434:INFO:Inc_Learning:213: Epoch: 8/15
2024-01-20 21:14:54,561:INFO:Inc_Learning:256: Epoch 8/15 Train Accuracy:  92.00%
2024-01-20 21:14:54,561:INFO:Inc_Learning:257: Epoch 8/15 Average Loss: 0.3832138478755951 / MA Loss: 0.4143059588968754
2024-01-20 21:14:54,561:INFO:Inc_Learning:213: Epoch: 9/15
2024-01-20 21:14:55,711:INFO:Inc_Learning:256: Epoch 9/15 Train Accuracy:  96.00%
2024-01-20 21:14:55,711:INFO:Inc_Learning:257: Epoch 9/15 Average Loss: 0.2367452085018158 / MA Loss: 0.39457698663075763
2024-01-20 21:14:55,711:INFO:Inc_Learning:213: Epoch: 10/15
2024-01-20 21:14:56,866:INFO:Inc_Learning:256: Epoch 10/15 Train Accuracy:  92.00%
2024-01-20 21:14:56,867:INFO:Inc_Learning:257: Epoch 10/15 Average Loss: 0.2886681854724884 / MA Loss: 0.3839861065149307
2024-01-20 21:14:56,868:INFO:Inc_Learning:213: Epoch: 11/15
2024-01-20 21:14:58,055:INFO:Inc_Learning:256: Epoch 11/15 Train Accuracy:  96.00%
2024-01-20 21:14:58,056:INFO:Inc_Learning:257: Epoch 11/15 Average Loss: 0.3111253082752228 / MA Loss: 0.3676627665758133
2024-01-20 21:14:58,056:INFO:Inc_Learning:213: Epoch: 12/15
2024-01-20 21:14:59,216:INFO:Inc_Learning:256: Epoch 12/15 Train Accuracy:  94.00%
2024-01-20 21:14:59,217:INFO:Inc_Learning:257: Epoch 12/15 Average Loss: 0.27382761240005493 / MA Loss: 0.33605391085147857
2024-01-20 21:14:59,217:INFO:Inc_Learning:213: Epoch: 13/15
2024-01-20 21:15:00,386:INFO:Inc_Learning:256: Epoch 13/15 Train Accuracy:  96.00%
2024-01-20 21:15:00,387:INFO:Inc_Learning:257: Epoch 13/15 Average Loss: 0.19824619591236115 / MA Loss: 0.31872871071100234
2024-01-20 21:15:00,387:INFO:Inc_Learning:213: Epoch: 14/15
2024-01-20 21:15:01,541:INFO:Inc_Learning:256: Epoch 14/15 Train Accuracy:  96.00%
2024-01-20 21:15:01,541:INFO:Inc_Learning:257: Epoch 14/15 Average Loss: 0.20461435616016388 / MA Loss: 0.2891836196184158
2024-01-20 21:15:01,541:INFO:Inc_Learning:213: Epoch: 15/15
2024-01-20 21:15:02,691:INFO:Inc_Learning:256: Epoch 15/15 Train Accuracy:  94.00%
2024-01-20 21:15:02,691:INFO:Inc_Learning:257: Epoch 15/15 Average Loss: 0.2563079595565796 / MA Loss: 0.278604719042778
2024-01-20 21:15:02,719:INFO:Inc_Learning:576: Statistics for task identification ...
2024-01-20 21:15:03,800:INFO:Inc_Learning:270: The pseudo-labeling phase is started ...
2024-01-20 21:15:28,606:INFO:Inc_Learning:351: The training of the PredictionNet is started.
2024-01-20 21:15:29,045:INFO:Inc_Learning:463: Epoch: 000/100, MA loss: 0.25358858704566956
2024-01-20 21:15:29,161:INFO:Inc_Learning:463: Epoch: 099/100, MA loss: 2.187258087360533e-06
2024-01-20 21:15:29,162:INFO:Inc_Learning:576: Statistics for task identification ...
2024-01-20 21:15:29,645:INFO:Inc_Learning:496: Evaluating the test set after task 2 ...
2024-01-20 21:15:59,319:INFO:Inc_Learning:544: Evaluation Accuracy (oracle) after task 2:  68.80%
2024-01-20 21:15:59,319:INFO:Inc_Learning:555: Evaluation Accuracy after task 2:  54.10%
2024-01-20 21:15:59,319:INFO:Inc_Learning:556: Accuracy of task-id detection after task 2:  70.90%
2024-01-20 21:15:59,320:INFO:Inc_Learning:562: Accuracy (Oracle) for task 0 =  84.05%
2024-01-20 21:15:59,320:INFO:Inc_Learning:566: Accuracy of task 0 =  79.35%
2024-01-20 21:15:59,320:INFO:Inc_Learning:562: Accuracy (Oracle) for task 1 =  53.50%
2024-01-20 21:15:59,320:INFO:Inc_Learning:566: Accuracy of task 1 =  25.80%
2024-01-20 21:15:59,320:INFO:Inc_Learning:562: Accuracy (Oracle) for task 2 =  53.60%
2024-01-20 21:15:59,321:INFO:Inc_Learning:566: Accuracy of task 2 =  31.90%
2024-01-20 21:15:59,339:INFO:Inc_Learning:692: The incremental learning phase for task 2 is finished!
2024-01-20 21:15:59,339:INFO:Inc_Learning:557: Estimated remaining time: 7 minutes and 53 seconds
2024-01-20 21:15:59,339:INFO:Inc_Learning:681: The incremental learning phase for task 3 is started ...
2024-01-20 21:15:59,339:INFO:Inc_Learning:322: Prefixes are copied from task 2.
2024-01-20 21:15:59,340:INFO:Inc_Learning:269: The PredictionNet is copied from the previous task.
2024-01-20 21:15:59,427:INFO:Inc_Learning:150: The session file "data/index_list/mini_imagenet/num_base_classes=20,num_tasks=9,num_shots=5,seed=12/train_samples_for_task=4.txt" is loaded!
2024-01-20 21:15:59,450:INFO:Inc_Learning:150: The session file "data/index_list/mini_imagenet/num_base_classes=20,num_tasks=9,num_shots=5,seed=12/test_samples_for_task=4.txt" is loaded!
2024-01-20 21:16:00,739:INFO:Inc_Learning:213: Epoch: 1/15
2024-01-20 21:16:01,943:INFO:Inc_Learning:256: Epoch 1/15 Train Accuracy:  86.00%
2024-01-20 21:16:01,945:INFO:Inc_Learning:257: Epoch 1/15 Average Loss: 0.4418756067752838 / MA Loss: 0.4418756067752838
2024-01-20 21:16:01,945:INFO:Inc_Learning:213: Epoch: 2/15
2024-01-20 21:16:03,156:INFO:Inc_Learning:256: Epoch 2/15 Train Accuracy:  74.00%
2024-01-20 21:16:03,157:INFO:Inc_Learning:257: Epoch 2/15 Average Loss: 0.6749935746192932 / MA Loss: 0.5584345906972885
2024-01-20 21:16:03,157:INFO:Inc_Learning:213: Epoch: 3/15
2024-01-20 21:16:04,393:INFO:Inc_Learning:256: Epoch 3/15 Train Accuracy:  76.00%
2024-01-20 21:16:04,393:INFO:Inc_Learning:257: Epoch 3/15 Average Loss: 0.7293267846107483 / MA Loss: 0.6153986553351084
2024-01-20 21:16:04,393:INFO:Inc_Learning:213: Epoch: 4/15
2024-01-20 21:16:05,517:INFO:Inc_Learning:256: Epoch 4/15 Train Accuracy:  86.00%
2024-01-20 21:16:05,518:INFO:Inc_Learning:257: Epoch 4/15 Average Loss: 0.44338706135749817 / MA Loss: 0.5723957568407059
2024-01-20 21:16:05,518:INFO:Inc_Learning:213: Epoch: 5/15
2024-01-20 21:16:06,652:INFO:Inc_Learning:256: Epoch 5/15 Train Accuracy:  78.00%
2024-01-20 21:16:06,652:INFO:Inc_Learning:257: Epoch 5/15 Average Loss: 0.6184032559394836 / MA Loss: 0.5815972566604615
2024-01-20 21:16:06,653:INFO:Inc_Learning:213: Epoch: 6/15
2024-01-20 21:16:07,768:INFO:Inc_Learning:256: Epoch 6/15 Train Accuracy:  88.00%
2024-01-20 21:16:07,768:INFO:Inc_Learning:257: Epoch 6/15 Average Loss: 0.5257890224456787 / MA Loss: 0.5722958842913309
2024-01-20 21:16:07,768:INFO:Inc_Learning:213: Epoch: 7/15
2024-01-20 21:16:08,929:INFO:Inc_Learning:256: Epoch 7/15 Train Accuracy:  82.00%
2024-01-20 21:16:08,930:INFO:Inc_Learning:257: Epoch 7/15 Average Loss: 0.4332524836063385 / MA Loss: 0.552432541336332
2024-01-20 21:16:08,930:INFO:Inc_Learning:213: Epoch: 8/15
2024-01-20 21:16:09,866:INFO:Inc_Learning:256: Epoch 8/15 Train Accuracy:  90.00%
2024-01-20 21:16:09,866:INFO:Inc_Learning:257: Epoch 8/15 Average Loss: 0.3772510290145874 / MA Loss: 0.530534852296114
2024-01-20 21:16:09,867:INFO:Inc_Learning:213: Epoch: 9/15
2024-01-20 21:16:11,073:INFO:Inc_Learning:256: Epoch 9/15 Train Accuracy:  86.00%
2024-01-20 21:16:11,073:INFO:Inc_Learning:257: Epoch 9/15 Average Loss: 0.4081787168979645 / MA Loss: 0.516939726140764
2024-01-20 21:16:11,073:INFO:Inc_Learning:213: Epoch: 10/15
2024-01-20 21:16:12,193:INFO:Inc_Learning:256: Epoch 10/15 Train Accuracy:  90.00%
2024-01-20 21:16:12,193:INFO:Inc_Learning:257: Epoch 10/15 Average Loss: 0.4167906939983368 / MA Loss: 0.5069248229265213
2024-01-20 21:16:12,194:INFO:Inc_Learning:213: Epoch: 11/15
2024-01-20 21:16:13,357:INFO:Inc_Learning:256: Epoch 11/15 Train Accuracy:  88.00%
2024-01-20 21:16:13,357:INFO:Inc_Learning:257: Epoch 11/15 Average Loss: 0.4253826439380646 / MA Loss: 0.5052755266427994
2024-01-20 21:16:13,358:INFO:Inc_Learning:213: Epoch: 12/15
2024-01-20 21:16:14,526:INFO:Inc_Learning:256: Epoch 12/15 Train Accuracy:  86.00%
2024-01-20 21:16:14,527:INFO:Inc_Learning:257: Epoch 12/15 Average Loss: 0.4401160180568695 / MA Loss: 0.481787770986557
2024-01-20 21:16:14,527:INFO:Inc_Learning:213: Epoch: 13/15
2024-01-20 21:16:15,680:INFO:Inc_Learning:256: Epoch 13/15 Train Accuracy:  86.00%
2024-01-20 21:16:15,681:INFO:Inc_Learning:257: Epoch 13/15 Average Loss: 0.39326927065849304 / MA Loss: 0.44818201959133147
2024-01-20 21:16:15,681:INFO:Inc_Learning:213: Epoch: 14/15
2024-01-20 21:16:16,831:INFO:Inc_Learning:256: Epoch 14/15 Train Accuracy:  84.00%
2024-01-20 21:16:16,831:INFO:Inc_Learning:257: Epoch 14/15 Average Loss: 0.411638081073761 / MA Loss: 0.44500712156295774
2024-01-20 21:16:16,832:INFO:Inc_Learning:213: Epoch: 15/15
2024-01-20 21:16:17,988:INFO:Inc_Learning:256: Epoch 15/15 Train Accuracy:  86.00%
2024-01-20 21:16:17,988:INFO:Inc_Learning:257: Epoch 15/15 Average Loss: 0.47721153497695923 / MA Loss: 0.43088794946670533
2024-01-20 21:16:18,024:INFO:Inc_Learning:576: Statistics for task identification ...
2024-01-20 21:16:19,165:INFO:Inc_Learning:270: The pseudo-labeling phase is started ...
2024-01-20 21:16:56,002:INFO:Inc_Learning:351: The training of the PredictionNet is started.
2024-01-20 21:16:56,311:INFO:Inc_Learning:463: Epoch: 000/100, MA loss: 0.14765311777591705
2024-01-20 21:16:56,427:INFO:Inc_Learning:463: Epoch: 099/100, MA loss: 1.43201964419859e-06
2024-01-20 21:16:56,427:INFO:Inc_Learning:576: Statistics for task identification ...
2024-01-20 21:16:56,773:INFO:Inc_Learning:496: Evaluating the test set after task 3 ...
2024-01-20 21:17:40,279:INFO:Inc_Learning:544: Evaluation Accuracy (oracle) after task 3:  63.10%
2024-01-20 21:17:40,280:INFO:Inc_Learning:555: Evaluation Accuracy after task 3:  45.84%
2024-01-20 21:17:40,280:INFO:Inc_Learning:556: Accuracy of task-id detection after task 3:  63.04%
2024-01-20 21:17:40,280:INFO:Inc_Learning:562: Accuracy (Oracle) for task 0 =  84.05%
2024-01-20 21:17:40,280:INFO:Inc_Learning:566: Accuracy of task 0 =  74.85%
2024-01-20 21:17:40,280:INFO:Inc_Learning:562: Accuracy (Oracle) for task 1 =  52.90%
2024-01-20 21:17:40,281:INFO:Inc_Learning:566: Accuracy of task 1 =  26.90%
2024-01-20 21:17:40,281:INFO:Inc_Learning:562: Accuracy (Oracle) for task 2 =  53.80%
2024-01-20 21:17:40,281:INFO:Inc_Learning:566: Accuracy of task 2 =  29.10%
2024-01-20 21:17:40,281:INFO:Inc_Learning:562: Accuracy (Oracle) for task 3 =  40.70%
2024-01-20 21:17:40,281:INFO:Inc_Learning:566: Accuracy of task 3 =  23.50%
2024-01-20 21:17:40,289:INFO:Inc_Learning:692: The incremental learning phase for task 3 is finished!
2024-01-20 21:17:40,290:INFO:Inc_Learning:557: Estimated remaining time: 6 minutes and 56 seconds
2024-01-20 21:17:40,290:INFO:Inc_Learning:681: The incremental learning phase for task 4 is started ...
2024-01-20 21:17:40,290:INFO:Inc_Learning:322: Prefixes are copied from task 3.
2024-01-20 21:17:40,290:INFO:Inc_Learning:269: The PredictionNet is copied from the previous task.
2024-01-20 21:17:40,380:INFO:Inc_Learning:150: The session file "data/index_list/mini_imagenet/num_base_classes=20,num_tasks=9,num_shots=5,seed=12/train_samples_for_task=5.txt" is loaded!
2024-01-20 21:17:40,408:INFO:Inc_Learning:150: The session file "data/index_list/mini_imagenet/num_base_classes=20,num_tasks=9,num_shots=5,seed=12/test_samples_for_task=5.txt" is loaded!
2024-01-20 21:17:41,737:INFO:Inc_Learning:213: Epoch: 1/15
2024-01-20 21:17:42,868:INFO:Inc_Learning:256: Epoch 1/15 Train Accuracy:  80.00%
2024-01-20 21:17:42,868:INFO:Inc_Learning:257: Epoch 1/15 Average Loss: 0.5463247299194336 / MA Loss: 0.5463247299194336
2024-01-20 21:17:42,869:INFO:Inc_Learning:213: Epoch: 2/15
2024-01-20 21:17:44,004:INFO:Inc_Learning:256: Epoch 2/15 Train Accuracy:  82.00%
2024-01-20 21:17:44,004:INFO:Inc_Learning:257: Epoch 2/15 Average Loss: 0.612263023853302 / MA Loss: 0.5792938768863678
2024-01-20 21:17:44,004:INFO:Inc_Learning:213: Epoch: 3/15
2024-01-20 21:17:45,198:INFO:Inc_Learning:256: Epoch 3/15 Train Accuracy:  84.00%
2024-01-20 21:17:45,198:INFO:Inc_Learning:257: Epoch 3/15 Average Loss: 0.679892897605896 / MA Loss: 0.6128268837928772
2024-01-20 21:17:45,198:INFO:Inc_Learning:213: Epoch: 4/15
2024-01-20 21:17:46,369:INFO:Inc_Learning:256: Epoch 4/15 Train Accuracy:  86.00%
2024-01-20 21:17:46,370:INFO:Inc_Learning:257: Epoch 4/15 Average Loss: 0.4873327910900116 / MA Loss: 0.5814533606171608
2024-01-20 21:17:46,370:INFO:Inc_Learning:213: Epoch: 5/15
2024-01-20 21:17:47,552:INFO:Inc_Learning:256: Epoch 5/15 Train Accuracy:  84.00%
2024-01-20 21:17:47,553:INFO:Inc_Learning:257: Epoch 5/15 Average Loss: 0.5776745080947876 / MA Loss: 0.5806975901126862
2024-01-20 21:17:47,553:INFO:Inc_Learning:213: Epoch: 6/15
2024-01-20 21:17:48,764:INFO:Inc_Learning:256: Epoch 6/15 Train Accuracy:  88.00%
2024-01-20 21:17:48,765:INFO:Inc_Learning:257: Epoch 6/15 Average Loss: 0.5411602854728699 / MA Loss: 0.5741080393393835
2024-01-20 21:17:48,765:INFO:Inc_Learning:213: Epoch: 7/15
2024-01-20 21:17:49,921:INFO:Inc_Learning:256: Epoch 7/15 Train Accuracy:  90.00%
2024-01-20 21:17:49,922:INFO:Inc_Learning:257: Epoch 7/15 Average Loss: 0.3872697055339813 / MA Loss: 0.5474168487957546
2024-01-20 21:17:49,922:INFO:Inc_Learning:213: Epoch: 8/15
2024-01-20 21:17:51,167:INFO:Inc_Learning:256: Epoch 8/15 Train Accuracy:  86.00%
2024-01-20 21:17:51,168:INFO:Inc_Learning:257: Epoch 8/15 Average Loss: 0.4847900867462158 / MA Loss: 0.5395885035395622
2024-01-20 21:17:51,168:INFO:Inc_Learning:213: Epoch: 9/15
2024-01-20 21:17:52,337:INFO:Inc_Learning:256: Epoch 9/15 Train Accuracy:  90.00%
2024-01-20 21:17:52,337:INFO:Inc_Learning:257: Epoch 9/15 Average Loss: 0.3613501489162445 / MA Loss: 0.5197842419147491
2024-01-20 21:17:52,337:INFO:Inc_Learning:213: Epoch: 10/15
2024-01-20 21:17:53,516:INFO:Inc_Learning:256: Epoch 10/15 Train Accuracy:  86.00%
2024-01-20 21:17:53,517:INFO:Inc_Learning:257: Epoch 10/15 Average Loss: 0.5089693665504456 / MA Loss: 0.5187027543783188
2024-01-20 21:17:53,517:INFO:Inc_Learning:213: Epoch: 11/15
2024-01-20 21:17:54,695:INFO:Inc_Learning:256: Epoch 11/15 Train Accuracy:  90.00%
2024-01-20 21:17:54,696:INFO:Inc_Learning:257: Epoch 11/15 Average Loss: 0.4149360656738281 / MA Loss: 0.5055638879537583
2024-01-20 21:17:54,696:INFO:Inc_Learning:213: Epoch: 12/15
2024-01-20 21:17:55,850:INFO:Inc_Learning:256: Epoch 12/15 Train Accuracy:  88.00%
2024-01-20 21:17:55,851:INFO:Inc_Learning:257: Epoch 12/15 Average Loss: 0.4616401195526123 / MA Loss: 0.49050159752368927
2024-01-20 21:17:55,851:INFO:Inc_Learning:213: Epoch: 13/15
2024-01-20 21:17:57,007:INFO:Inc_Learning:256: Epoch 13/15 Train Accuracy:  94.00%
2024-01-20 21:17:57,007:INFO:Inc_Learning:257: Epoch 13/15 Average Loss: 0.28831183910369873 / MA Loss: 0.45134349167346954
2024-01-20 21:17:57,007:INFO:Inc_Learning:213: Epoch: 14/15
2024-01-20 21:17:58,125:INFO:Inc_Learning:256: Epoch 14/15 Train Accuracy:  92.00%
2024-01-20 21:17:58,125:INFO:Inc_Learning:257: Epoch 14/15 Average Loss: 0.4120372533798218 / MA Loss: 0.44381393790245055
2024-01-20 21:17:58,125:INFO:Inc_Learning:213: Epoch: 15/15
2024-01-20 21:17:59,308:INFO:Inc_Learning:256: Epoch 15/15 Train Accuracy:  92.00%
2024-01-20 21:17:59,308:INFO:Inc_Learning:257: Epoch 15/15 Average Loss: 0.3760351538658142 / MA Loss: 0.4236500024795532
2024-01-20 21:17:59,349:INFO:Inc_Learning:576: Statistics for task identification ...
2024-01-20 21:18:00,445:INFO:Inc_Learning:270: The pseudo-labeling phase is started ...
2024-01-20 21:18:52,089:INFO:Inc_Learning:351: The training of the PredictionNet is started.
2024-01-20 21:18:52,344:INFO:Inc_Learning:463: Epoch: 000/100, MA loss: 0.17490988969802856
2024-01-20 21:18:52,460:INFO:Inc_Learning:463: Epoch: 099/100, MA loss: 1.7607576182854246e-06
2024-01-20 21:18:52,461:INFO:Inc_Learning:576: Statistics for task identification ...
2024-01-20 21:18:52,763:INFO:Inc_Learning:496: Evaluating the test set after task 4 ...
2024-01-20 21:19:52,559:INFO:Inc_Learning:544: Evaluation Accuracy (oracle) after task 4:  58.48%
2024-01-20 21:19:52,560:INFO:Inc_Learning:555: Evaluation Accuracy after task 4:  38.55%
2024-01-20 21:19:52,560:INFO:Inc_Learning:556: Accuracy of task-id detection after task 4:  54.58%
2024-01-20 21:19:52,560:INFO:Inc_Learning:562: Accuracy (Oracle) for task 0 =  84.05%
2024-01-20 21:19:52,560:INFO:Inc_Learning:566: Accuracy of task 0 =  71.30%
2024-01-20 21:19:52,561:INFO:Inc_Learning:562: Accuracy (Oracle) for task 1 =  53.20%
2024-01-20 21:19:52,561:INFO:Inc_Learning:566: Accuracy of task 1 =  26.50%
2024-01-20 21:19:52,561:INFO:Inc_Learning:562: Accuracy (Oracle) for task 2 =  53.40%
2024-01-20 21:19:52,561:INFO:Inc_Learning:566: Accuracy of task 2 =  27.40%
2024-01-20 21:19:52,561:INFO:Inc_Learning:562: Accuracy (Oracle) for task 3 =  40.40%
2024-01-20 21:19:52,562:INFO:Inc_Learning:566: Accuracy of task 3 =  21.30%
2024-01-20 21:19:52,562:INFO:Inc_Learning:562: Accuracy (Oracle) for task 4 =  35.80%
2024-01-20 21:19:52,562:INFO:Inc_Learning:566: Accuracy of task 4 =  13.50%
2024-01-20 21:19:52,574:INFO:Inc_Learning:692: The incremental learning phase for task 4 is finished!
2024-01-20 21:19:52,574:INFO:Inc_Learning:557: Estimated remaining time: 6 minutes and 5 seconds
2024-01-20 21:19:52,575:INFO:Inc_Learning:681: The incremental learning phase for task 5 is started ...
2024-01-20 21:19:52,575:INFO:Inc_Learning:322: Prefixes are copied from task 4.
2024-01-20 21:19:52,575:INFO:Inc_Learning:269: The PredictionNet is copied from the previous task.
2024-01-20 21:19:52,659:INFO:Inc_Learning:150: The session file "data/index_list/mini_imagenet/num_base_classes=20,num_tasks=9,num_shots=5,seed=12/train_samples_for_task=6.txt" is loaded!
2024-01-20 21:19:52,685:INFO:Inc_Learning:150: The session file "data/index_list/mini_imagenet/num_base_classes=20,num_tasks=9,num_shots=5,seed=12/test_samples_for_task=6.txt" is loaded!
2024-01-20 21:19:53,986:INFO:Inc_Learning:213: Epoch: 1/15
2024-01-20 21:19:55,060:INFO:Inc_Learning:256: Epoch 1/15 Train Accuracy:  78.00%
2024-01-20 21:19:55,061:INFO:Inc_Learning:257: Epoch 1/15 Average Loss: 0.5840609669685364 / MA Loss: 0.5840609669685364
2024-01-20 21:19:55,061:INFO:Inc_Learning:213: Epoch: 2/15
2024-01-20 21:19:56,202:INFO:Inc_Learning:256: Epoch 2/15 Train Accuracy:  82.00%
2024-01-20 21:19:56,202:INFO:Inc_Learning:257: Epoch 2/15 Average Loss: 0.5490061640739441 / MA Loss: 0.5665335655212402
2024-01-20 21:19:56,203:INFO:Inc_Learning:213: Epoch: 3/15
2024-01-20 21:19:57,320:INFO:Inc_Learning:256: Epoch 3/15 Train Accuracy:  90.00%
2024-01-20 21:19:57,321:INFO:Inc_Learning:257: Epoch 3/15 Average Loss: 0.43806102871894836 / MA Loss: 0.5237093865871429
2024-01-20 21:19:57,321:INFO:Inc_Learning:213: Epoch: 4/15
2024-01-20 21:19:58,377:INFO:Inc_Learning:256: Epoch 4/15 Train Accuracy:  84.00%
2024-01-20 21:19:58,377:INFO:Inc_Learning:257: Epoch 4/15 Average Loss: 0.5277359485626221 / MA Loss: 0.5247160270810127
2024-01-20 21:19:58,377:INFO:Inc_Learning:213: Epoch: 5/15
2024-01-20 21:19:59,476:INFO:Inc_Learning:256: Epoch 5/15 Train Accuracy:  88.00%
2024-01-20 21:19:59,476:INFO:Inc_Learning:257: Epoch 5/15 Average Loss: 0.43837589025497437 / MA Loss: 0.507447999715805
2024-01-20 21:19:59,476:INFO:Inc_Learning:213: Epoch: 6/15
2024-01-20 21:20:00,577:INFO:Inc_Learning:256: Epoch 6/15 Train Accuracy:  94.00%
2024-01-20 21:20:00,577:INFO:Inc_Learning:257: Epoch 6/15 Average Loss: 0.41666924953460693 / MA Loss: 0.4923182080189387
2024-01-20 21:20:00,577:INFO:Inc_Learning:213: Epoch: 7/15
2024-01-20 21:20:01,740:INFO:Inc_Learning:256: Epoch 7/15 Train Accuracy:  86.00%
2024-01-20 21:20:01,741:INFO:Inc_Learning:257: Epoch 7/15 Average Loss: 0.4301619231700897 / MA Loss: 0.4834387387548174
2024-01-20 21:20:01,741:INFO:Inc_Learning:213: Epoch: 8/15
2024-01-20 21:20:02,781:INFO:Inc_Learning:256: Epoch 8/15 Train Accuracy:  88.00%
2024-01-20 21:20:02,782:INFO:Inc_Learning:257: Epoch 8/15 Average Loss: 0.5046128630638123 / MA Loss: 0.4860855042934418
2024-01-20 21:20:02,782:INFO:Inc_Learning:213: Epoch: 9/15
2024-01-20 21:20:03,878:INFO:Inc_Learning:256: Epoch 9/15 Train Accuracy:  94.00%
2024-01-20 21:20:03,878:INFO:Inc_Learning:257: Epoch 9/15 Average Loss: 0.3595120906829834 / MA Loss: 0.47202179167005753
2024-01-20 21:20:03,879:INFO:Inc_Learning:213: Epoch: 10/15
2024-01-20 21:20:04,968:INFO:Inc_Learning:256: Epoch 10/15 Train Accuracy:  86.00%
2024-01-20 21:20:04,969:INFO:Inc_Learning:257: Epoch 10/15 Average Loss: 0.45305904746055603 / MA Loss: 0.47012551724910734
2024-01-20 21:20:04,969:INFO:Inc_Learning:213: Epoch: 11/15
2024-01-20 21:20:06,074:INFO:Inc_Learning:256: Epoch 11/15 Train Accuracy:  94.00%
2024-01-20 21:20:06,075:INFO:Inc_Learning:257: Epoch 11/15 Average Loss: 0.3663535416126251 / MA Loss: 0.44835477471351626
2024-01-20 21:20:06,075:INFO:Inc_Learning:213: Epoch: 12/15
2024-01-20 21:20:07,216:INFO:Inc_Learning:256: Epoch 12/15 Train Accuracy:  94.00%
2024-01-20 21:20:07,216:INFO:Inc_Learning:257: Epoch 12/15 Average Loss: 0.3085362911224365 / MA Loss: 0.4243077874183655
2024-01-20 21:20:07,217:INFO:Inc_Learning:213: Epoch: 13/15
2024-01-20 21:20:08,343:INFO:Inc_Learning:256: Epoch 13/15 Train Accuracy:  90.00%
2024-01-20 21:20:08,343:INFO:Inc_Learning:257: Epoch 13/15 Average Loss: 0.34951508045196533 / MA Loss: 0.4154531925916672
2024-01-20 21:20:08,343:INFO:Inc_Learning:213: Epoch: 14/15
2024-01-20 21:20:09,470:INFO:Inc_Learning:256: Epoch 14/15 Train Accuracy:  96.00%
2024-01-20 21:20:09,471:INFO:Inc_Learning:257: Epoch 14/15 Average Loss: 0.2508789896965027 / MA Loss: 0.3877674967050552
2024-01-20 21:20:09,471:INFO:Inc_Learning:213: Epoch: 15/15
2024-01-20 21:20:10,604:INFO:Inc_Learning:256: Epoch 15/15 Train Accuracy:  98.00%
2024-01-20 21:20:10,604:INFO:Inc_Learning:257: Epoch 15/15 Average Loss: 0.23702852427959442 / MA Loss: 0.3676327601075172
2024-01-20 21:20:10,630:INFO:Inc_Learning:576: Statistics for task identification ...
2024-01-20 21:20:11,699:INFO:Inc_Learning:270: The pseudo-labeling phase is started ...
2024-01-20 21:21:20,526:INFO:Inc_Learning:351: The training of the PredictionNet is started.
2024-01-20 21:21:20,790:INFO:Inc_Learning:463: Epoch: 000/100, MA loss: 0.16348764300346375
2024-01-20 21:21:20,907:INFO:Inc_Learning:463: Epoch: 099/100, MA loss: 2.0301412860135317e-06
2024-01-20 21:21:20,907:INFO:Inc_Learning:576: Statistics for task identification ...
2024-01-20 21:21:21,213:INFO:Inc_Learning:496: Evaluating the test set after task 5 ...
2024-01-20 21:22:40,100:INFO:Inc_Learning:544: Evaluation Accuracy (oracle) after task 5:  55.63%
2024-01-20 21:22:40,101:INFO:Inc_Learning:555: Evaluation Accuracy after task 5:  33.21%
2024-01-20 21:22:40,101:INFO:Inc_Learning:556: Accuracy of task-id detection after task 5:  47.80%
2024-01-20 21:22:40,102:INFO:Inc_Learning:562: Accuracy (Oracle) for task 0 =  84.05%
2024-01-20 21:22:40,102:INFO:Inc_Learning:566: Accuracy of task 0 =  67.30%
2024-01-20 21:22:40,102:INFO:Inc_Learning:562: Accuracy (Oracle) for task 1 =  53.10%
2024-01-20 21:22:40,102:INFO:Inc_Learning:566: Accuracy of task 1 =  25.50%
2024-01-20 21:22:40,102:INFO:Inc_Learning:562: Accuracy (Oracle) for task 2 =  54.00%
2024-01-20 21:22:40,103:INFO:Inc_Learning:566: Accuracy of task 2 =  25.50%
2024-01-20 21:22:40,103:INFO:Inc_Learning:562: Accuracy (Oracle) for task 3 =  40.70%
2024-01-20 21:22:40,103:INFO:Inc_Learning:566: Accuracy of task 3 =  20.00%
2024-01-20 21:22:40,103:INFO:Inc_Learning:562: Accuracy (Oracle) for task 4 =  35.90%
2024-01-20 21:22:40,103:INFO:Inc_Learning:566: Accuracy of task 4 =  13.00%
2024-01-20 21:22:40,104:INFO:Inc_Learning:562: Accuracy (Oracle) for task 5 =  37.60%
2024-01-20 21:22:40,104:INFO:Inc_Learning:566: Accuracy of task 5 =  13.90%
2024-01-20 21:22:40,119:INFO:Inc_Learning:692: The incremental learning phase for task 5 is finished!
2024-01-20 21:22:40,119:INFO:Inc_Learning:557: Estimated remaining time: 5 minutes and 7 seconds
2024-01-20 21:22:40,119:INFO:Inc_Learning:681: The incremental learning phase for task 6 is started ...
2024-01-20 21:22:40,119:INFO:Inc_Learning:322: Prefixes are copied from task 5.
2024-01-20 21:22:40,120:INFO:Inc_Learning:269: The PredictionNet is copied from the previous task.
2024-01-20 21:22:40,206:INFO:Inc_Learning:150: The session file "data/index_list/mini_imagenet/num_base_classes=20,num_tasks=9,num_shots=5,seed=12/train_samples_for_task=7.txt" is loaded!
2024-01-20 21:22:40,238:INFO:Inc_Learning:150: The session file "data/index_list/mini_imagenet/num_base_classes=20,num_tasks=9,num_shots=5,seed=12/test_samples_for_task=7.txt" is loaded!
2024-01-20 21:22:41,522:INFO:Inc_Learning:213: Epoch: 1/15
2024-01-20 21:22:42,619:INFO:Inc_Learning:256: Epoch 1/15 Train Accuracy:  78.00%
2024-01-20 21:22:42,619:INFO:Inc_Learning:257: Epoch 1/15 Average Loss: 0.5660161972045898 / MA Loss: 0.5660161972045898
2024-01-20 21:22:42,619:INFO:Inc_Learning:213: Epoch: 2/15
2024-01-20 21:22:43,775:INFO:Inc_Learning:256: Epoch 2/15 Train Accuracy:  82.00%
2024-01-20 21:22:43,776:INFO:Inc_Learning:257: Epoch 2/15 Average Loss: 0.5806363224983215 / MA Loss: 0.5733262598514557
2024-01-20 21:22:43,776:INFO:Inc_Learning:213: Epoch: 3/15
2024-01-20 21:22:44,932:INFO:Inc_Learning:256: Epoch 3/15 Train Accuracy:  84.00%
2024-01-20 21:22:44,932:INFO:Inc_Learning:257: Epoch 3/15 Average Loss: 0.5097416639328003 / MA Loss: 0.5521313945452372
2024-01-20 21:22:44,932:INFO:Inc_Learning:213: Epoch: 4/15
2024-01-20 21:22:45,938:INFO:Inc_Learning:256: Epoch 4/15 Train Accuracy:  86.00%
2024-01-20 21:22:45,939:INFO:Inc_Learning:257: Epoch 4/15 Average Loss: 0.4543606638908386 / MA Loss: 0.5276887118816376
2024-01-20 21:22:45,939:INFO:Inc_Learning:213: Epoch: 5/15
2024-01-20 21:22:47,092:INFO:Inc_Learning:256: Epoch 5/15 Train Accuracy:  84.00%
2024-01-20 21:22:47,093:INFO:Inc_Learning:257: Epoch 5/15 Average Loss: 0.5511192083358765 / MA Loss: 0.5323748111724853
2024-01-20 21:22:47,093:INFO:Inc_Learning:213: Epoch: 6/15
2024-01-20 21:22:48,235:INFO:Inc_Learning:256: Epoch 6/15 Train Accuracy:  86.00%
2024-01-20 21:22:48,235:INFO:Inc_Learning:257: Epoch 6/15 Average Loss: 0.4894891083240509 / MA Loss: 0.5252271940310796
2024-01-20 21:22:48,236:INFO:Inc_Learning:213: Epoch: 7/15
2024-01-20 21:22:49,375:INFO:Inc_Learning:256: Epoch 7/15 Train Accuracy:  86.00%
2024-01-20 21:22:49,375:INFO:Inc_Learning:257: Epoch 7/15 Average Loss: 0.49223288893699646 / MA Loss: 0.5205137218747821
2024-01-20 21:22:49,375:INFO:Inc_Learning:213: Epoch: 8/15
2024-01-20 21:22:50,461:INFO:Inc_Learning:256: Epoch 8/15 Train Accuracy:  92.00%
2024-01-20 21:22:50,462:INFO:Inc_Learning:257: Epoch 8/15 Average Loss: 0.3394688665866852 / MA Loss: 0.4978831149637699
2024-01-20 21:22:50,462:INFO:Inc_Learning:213: Epoch: 9/15
2024-01-20 21:22:51,621:INFO:Inc_Learning:256: Epoch 9/15 Train Accuracy:  94.00%
2024-01-20 21:22:51,622:INFO:Inc_Learning:257: Epoch 9/15 Average Loss: 0.292980432510376 / MA Loss: 0.47511615024672615
2024-01-20 21:22:51,622:INFO:Inc_Learning:213: Epoch: 10/15
2024-01-20 21:22:52,741:INFO:Inc_Learning:256: Epoch 10/15 Train Accuracy:  88.00%
2024-01-20 21:22:52,742:INFO:Inc_Learning:257: Epoch 10/15 Average Loss: 0.32959887385368347 / MA Loss: 0.46056442260742186
2024-01-20 21:22:52,742:INFO:Inc_Learning:213: Epoch: 11/15
2024-01-20 21:22:53,834:INFO:Inc_Learning:256: Epoch 11/15 Train Accuracy:  94.00%
2024-01-20 21:22:53,834:INFO:Inc_Learning:257: Epoch 11/15 Average Loss: 0.3392535448074341 / MA Loss: 0.4378881573677063
2024-01-20 21:22:53,834:INFO:Inc_Learning:213: Epoch: 12/15
2024-01-20 21:22:54,960:INFO:Inc_Learning:256: Epoch 12/15 Train Accuracy:  92.00%
2024-01-20 21:22:54,960:INFO:Inc_Learning:257: Epoch 12/15 Average Loss: 0.29599323868751526 / MA Loss: 0.40942384898662565
2024-01-20 21:22:54,960:INFO:Inc_Learning:213: Epoch: 13/15
2024-01-20 21:22:56,105:INFO:Inc_Learning:256: Epoch 13/15 Train Accuracy:  96.00%
2024-01-20 21:22:56,105:INFO:Inc_Learning:257: Epoch 13/15 Average Loss: 0.28851667046546936 / MA Loss: 0.3873013496398926
2024-01-20 21:22:56,106:INFO:Inc_Learning:213: Epoch: 14/15
2024-01-20 21:22:57,257:INFO:Inc_Learning:256: Epoch 14/15 Train Accuracy:  96.00%
2024-01-20 21:22:57,258:INFO:Inc_Learning:257: Epoch 14/15 Average Loss: 0.20883993804454803 / MA Loss: 0.3627492770552635
2024-01-20 21:22:57,258:INFO:Inc_Learning:213: Epoch: 15/15
2024-01-20 21:22:58,394:INFO:Inc_Learning:256: Epoch 15/15 Train Accuracy:  98.00%
2024-01-20 21:22:58,394:INFO:Inc_Learning:257: Epoch 15/15 Average Loss: 0.22260695695877075 / MA Loss: 0.32989805191755295
2024-01-20 21:22:58,426:INFO:Inc_Learning:576: Statistics for task identification ...
2024-01-20 21:22:59,492:INFO:Inc_Learning:270: The pseudo-labeling phase is started ...
2024-01-20 21:24:28,096:INFO:Inc_Learning:351: The training of the PredictionNet is started.
2024-01-20 21:24:28,451:INFO:Inc_Learning:463: Epoch: 000/100, MA loss: 0.1527530401945114
2024-01-20 21:24:28,568:INFO:Inc_Learning:463: Epoch: 099/100, MA loss: 2.3530071985078393e-06
2024-01-20 21:24:28,569:INFO:Inc_Learning:576: Statistics for task identification ...
2024-01-20 21:24:28,973:INFO:Inc_Learning:496: Evaluating the test set after task 6 ...
2024-01-20 21:26:09,293:INFO:Inc_Learning:544: Evaluation Accuracy (oracle) after task 6:  55.05%
2024-01-20 21:26:09,295:INFO:Inc_Learning:555: Evaluation Accuracy after task 6:  30.16%
2024-01-20 21:26:09,295:INFO:Inc_Learning:556: Accuracy of task-id detection after task 6:  42.99%
2024-01-20 21:26:09,295:INFO:Inc_Learning:562: Accuracy (Oracle) for task 0 =  84.10%
2024-01-20 21:26:09,295:INFO:Inc_Learning:566: Accuracy of task 0 =  64.85%
2024-01-20 21:26:09,296:INFO:Inc_Learning:562: Accuracy (Oracle) for task 1 =  53.10%
2024-01-20 21:26:09,296:INFO:Inc_Learning:566: Accuracy of task 1 =  25.20%
2024-01-20 21:26:09,296:INFO:Inc_Learning:562: Accuracy (Oracle) for task 2 =  53.40%
2024-01-20 21:26:09,296:INFO:Inc_Learning:566: Accuracy of task 2 =  22.30%
2024-01-20 21:26:09,296:INFO:Inc_Learning:562: Accuracy (Oracle) for task 3 =  40.80%
2024-01-20 21:26:09,296:INFO:Inc_Learning:566: Accuracy of task 3 =  17.80%
2024-01-20 21:26:09,297:INFO:Inc_Learning:562: Accuracy (Oracle) for task 4 =  35.80%
2024-01-20 21:26:09,297:INFO:Inc_Learning:566: Accuracy of task 4 =  11.60%
2024-01-20 21:26:09,297:INFO:Inc_Learning:562: Accuracy (Oracle) for task 5 =  37.90%
2024-01-20 21:26:09,297:INFO:Inc_Learning:566: Accuracy of task 5 =  12.70%
2024-01-20 21:26:09,297:INFO:Inc_Learning:562: Accuracy (Oracle) for task 6 =  51.20%
2024-01-20 21:26:09,298:INFO:Inc_Learning:566: Accuracy of task 6 =  22.00%
2024-01-20 21:26:09,315:INFO:Inc_Learning:692: The incremental learning phase for task 6 is finished!
2024-01-20 21:26:09,315:INFO:Inc_Learning:557: Estimated remaining time: 3 minutes and 51 seconds
2024-01-20 21:26:09,315:INFO:Inc_Learning:681: The incremental learning phase for task 7 is started ...
2024-01-20 21:26:09,316:INFO:Inc_Learning:322: Prefixes are copied from task 6.
2024-01-20 21:26:09,316:INFO:Inc_Learning:269: The PredictionNet is copied from the previous task.
2024-01-20 21:26:09,401:INFO:Inc_Learning:150: The session file "data/index_list/mini_imagenet/num_base_classes=20,num_tasks=9,num_shots=5,seed=12/train_samples_for_task=8.txt" is loaded!
2024-01-20 21:26:09,429:INFO:Inc_Learning:150: The session file "data/index_list/mini_imagenet/num_base_classes=20,num_tasks=9,num_shots=5,seed=12/test_samples_for_task=8.txt" is loaded!
2024-01-20 21:26:10,874:INFO:Inc_Learning:213: Epoch: 1/15
2024-01-20 21:26:12,031:INFO:Inc_Learning:256: Epoch 1/15 Train Accuracy:  92.00%
2024-01-20 21:26:12,031:INFO:Inc_Learning:257: Epoch 1/15 Average Loss: 0.4587509036064148 / MA Loss: 0.4587509036064148
2024-01-20 21:26:12,031:INFO:Inc_Learning:213: Epoch: 2/15
2024-01-20 21:26:13,186:INFO:Inc_Learning:256: Epoch 2/15 Train Accuracy:  90.00%
2024-01-20 21:26:13,186:INFO:Inc_Learning:257: Epoch 2/15 Average Loss: 0.33077582716941833 / MA Loss: 0.39476336538791656
2024-01-20 21:26:13,186:INFO:Inc_Learning:213: Epoch: 3/15
2024-01-20 21:26:14,357:INFO:Inc_Learning:256: Epoch 3/15 Train Accuracy:  82.00%
2024-01-20 21:26:14,358:INFO:Inc_Learning:257: Epoch 3/15 Average Loss: 0.449194997549057 / MA Loss: 0.4129072427749634
2024-01-20 21:26:14,358:INFO:Inc_Learning:213: Epoch: 4/15
2024-01-20 21:26:15,523:INFO:Inc_Learning:256: Epoch 4/15 Train Accuracy:  88.00%
2024-01-20 21:26:15,524:INFO:Inc_Learning:257: Epoch 4/15 Average Loss: 0.3318677544593811 / MA Loss: 0.3926473706960678
2024-01-20 21:26:15,524:INFO:Inc_Learning:213: Epoch: 5/15
2024-01-20 21:26:16,653:INFO:Inc_Learning:256: Epoch 5/15 Train Accuracy:  92.00%
2024-01-20 21:26:16,653:INFO:Inc_Learning:257: Epoch 5/15 Average Loss: 0.2697249948978424 / MA Loss: 0.36806289553642274
2024-01-20 21:26:16,654:INFO:Inc_Learning:213: Epoch: 6/15
2024-01-20 21:26:17,848:INFO:Inc_Learning:256: Epoch 6/15 Train Accuracy:  92.00%
2024-01-20 21:26:17,849:INFO:Inc_Learning:257: Epoch 6/15 Average Loss: 0.324510395526886 / MA Loss: 0.36080414553483325
2024-01-20 21:26:17,849:INFO:Inc_Learning:213: Epoch: 7/15
2024-01-20 21:26:19,057:INFO:Inc_Learning:256: Epoch 7/15 Train Accuracy:  98.00%
2024-01-20 21:26:19,058:INFO:Inc_Learning:257: Epoch 7/15 Average Loss: 0.18175473809242249 / MA Loss: 0.335225658757346
2024-01-20 21:26:19,058:INFO:Inc_Learning:213: Epoch: 8/15
2024-01-20 21:26:20,230:INFO:Inc_Learning:256: Epoch 8/15 Train Accuracy:  98.00%
2024-01-20 21:26:20,231:INFO:Inc_Learning:257: Epoch 8/15 Average Loss: 0.2620536684989929 / MA Loss: 0.3260791599750519
2024-01-20 21:26:20,231:INFO:Inc_Learning:213: Epoch: 9/15
2024-01-20 21:26:21,429:INFO:Inc_Learning:256: Epoch 9/15 Train Accuracy:  96.00%
2024-01-20 21:26:21,429:INFO:Inc_Learning:257: Epoch 9/15 Average Loss: 0.21568697690963745 / MA Loss: 0.3138133618566725
2024-01-20 21:26:21,429:INFO:Inc_Learning:213: Epoch: 10/15
2024-01-20 21:26:22,635:INFO:Inc_Learning:256: Epoch 10/15 Train Accuracy:  92.00%
2024-01-20 21:26:22,635:INFO:Inc_Learning:257: Epoch 10/15 Average Loss: 0.31789734959602356 / MA Loss: 0.3142217606306076
2024-01-20 21:26:22,636:INFO:Inc_Learning:213: Epoch: 11/15
2024-01-20 21:26:23,858:INFO:Inc_Learning:256: Epoch 11/15 Train Accuracy:  100.00%
2024-01-20 21:26:23,858:INFO:Inc_Learning:257: Epoch 11/15 Average Loss: 0.16818204522132874 / MA Loss: 0.285164874792099
2024-01-20 21:26:23,859:INFO:Inc_Learning:213: Epoch: 12/15
2024-01-20 21:26:25,022:INFO:Inc_Learning:256: Epoch 12/15 Train Accuracy:  100.00%
2024-01-20 21:26:25,022:INFO:Inc_Learning:257: Epoch 12/15 Average Loss: 0.1481078565120697 / MA Loss: 0.26689807772636415
2024-01-20 21:26:25,022:INFO:Inc_Learning:213: Epoch: 13/15
2024-01-20 21:26:26,156:INFO:Inc_Learning:256: Epoch 13/15 Train Accuracy:  98.00%
2024-01-20 21:26:26,156:INFO:Inc_Learning:257: Epoch 13/15 Average Loss: 0.1798059642314911 / MA Loss: 0.23995917439460754
2024-01-20 21:26:26,157:INFO:Inc_Learning:213: Epoch: 14/15
2024-01-20 21:26:27,302:INFO:Inc_Learning:256: Epoch 14/15 Train Accuracy:  96.00%
2024-01-20 21:26:27,303:INFO:Inc_Learning:257: Epoch 14/15 Average Loss: 0.19861958920955658 / MA Loss: 0.2266343578696251
2024-01-20 21:26:27,303:INFO:Inc_Learning:213: Epoch: 15/15
2024-01-20 21:26:28,482:INFO:Inc_Learning:256: Epoch 15/15 Train Accuracy:  98.00%
2024-01-20 21:26:28,482:INFO:Inc_Learning:257: Epoch 15/15 Average Loss: 0.1963164508342743 / MA Loss: 0.21929350346326829
2024-01-20 21:26:28,523:INFO:Inc_Learning:576: Statistics for task identification ...
2024-01-20 21:26:29,584:INFO:Inc_Learning:270: The pseudo-labeling phase is started ...
2024-01-20 21:28:20,510:INFO:Inc_Learning:351: The training of the PredictionNet is started.
2024-01-20 21:28:20,794:INFO:Inc_Learning:463: Epoch: 000/100, MA loss: 0.22708186507225037
2024-01-20 21:28:20,909:INFO:Inc_Learning:463: Epoch: 099/100, MA loss: 2.8448499392652592e-06
2024-01-20 21:28:20,909:INFO:Inc_Learning:576: Statistics for task identification ...
2024-01-20 21:28:21,235:INFO:Inc_Learning:496: Evaluating the test set after task 7 ...
2024-01-20 21:30:25,886:INFO:Inc_Learning:544: Evaluation Accuracy (oracle) after task 7:  54.44%
2024-01-20 21:30:25,887:INFO:Inc_Learning:555: Evaluation Accuracy after task 7:  27.60%
2024-01-20 21:30:25,887:INFO:Inc_Learning:556: Accuracy of task-id detection after task 7:  39.37%
2024-01-20 21:30:25,887:INFO:Inc_Learning:562: Accuracy (Oracle) for task 0 =  84.00%
2024-01-20 21:30:25,887:INFO:Inc_Learning:566: Accuracy of task 0 =  61.35%
2024-01-20 21:30:25,888:INFO:Inc_Learning:562: Accuracy (Oracle) for task 1 =  53.10%
2024-01-20 21:30:25,888:INFO:Inc_Learning:566: Accuracy of task 1 =  25.30%
2024-01-20 21:30:25,888:INFO:Inc_Learning:562: Accuracy (Oracle) for task 2 =  53.70%
2024-01-20 21:30:25,888:INFO:Inc_Learning:566: Accuracy of task 2 =  21.20%
2024-01-20 21:30:25,889:INFO:Inc_Learning:562: Accuracy (Oracle) for task 3 =  40.70%
2024-01-20 21:30:25,889:INFO:Inc_Learning:566: Accuracy of task 3 =  16.40%
2024-01-20 21:30:25,889:INFO:Inc_Learning:562: Accuracy (Oracle) for task 4 =  36.10%
2024-01-20 21:30:25,889:INFO:Inc_Learning:566: Accuracy of task 4 =  10.60%
2024-01-20 21:30:25,889:INFO:Inc_Learning:562: Accuracy (Oracle) for task 5 =  37.70%
2024-01-20 21:30:25,890:INFO:Inc_Learning:566: Accuracy of task 5 =  11.10%
2024-01-20 21:30:25,890:INFO:Inc_Learning:562: Accuracy (Oracle) for task 6 =  51.60%
2024-01-20 21:30:25,890:INFO:Inc_Learning:566: Accuracy of task 6 =  22.00%
2024-01-20 21:30:25,890:INFO:Inc_Learning:562: Accuracy (Oracle) for task 7 =  49.10%
2024-01-20 21:30:25,890:INFO:Inc_Learning:566: Accuracy of task 7 =  19.10%
2024-01-20 21:30:25,900:INFO:Inc_Learning:692: The incremental learning phase for task 7 is finished!
2024-01-20 21:30:25,900:INFO:Inc_Learning:557: Estimated remaining time: 2 minutes and 11 seconds
2024-01-20 21:30:25,900:INFO:Inc_Learning:681: The incremental learning phase for task 8 is started ...
2024-01-20 21:30:25,900:INFO:Inc_Learning:322: Prefixes are copied from task 7.
2024-01-20 21:30:25,901:INFO:Inc_Learning:269: The PredictionNet is copied from the previous task.
2024-01-20 21:30:25,992:INFO:Inc_Learning:150: The session file "data/index_list/mini_imagenet/num_base_classes=20,num_tasks=9,num_shots=5,seed=12/train_samples_for_task=9.txt" is loaded!
2024-01-20 21:30:26,023:INFO:Inc_Learning:150: The session file "data/index_list/mini_imagenet/num_base_classes=20,num_tasks=9,num_shots=5,seed=12/test_samples_for_task=9.txt" is loaded!
2024-01-20 21:30:27,412:INFO:Inc_Learning:213: Epoch: 1/15
2024-01-20 21:30:28,554:INFO:Inc_Learning:256: Epoch 1/15 Train Accuracy:  96.00%
2024-01-20 21:30:28,555:INFO:Inc_Learning:257: Epoch 1/15 Average Loss: 0.2613033056259155 / MA Loss: 0.2613033056259155
2024-01-20 21:30:28,555:INFO:Inc_Learning:213: Epoch: 2/15
2024-01-20 21:30:29,746:INFO:Inc_Learning:256: Epoch 2/15 Train Accuracy:  90.00%
2024-01-20 21:30:29,747:INFO:Inc_Learning:257: Epoch 2/15 Average Loss: 0.43857645988464355 / MA Loss: 0.34993988275527954
2024-01-20 21:30:29,747:INFO:Inc_Learning:213: Epoch: 3/15
2024-01-20 21:30:30,869:INFO:Inc_Learning:256: Epoch 3/15 Train Accuracy:  96.00%
2024-01-20 21:30:30,869:INFO:Inc_Learning:257: Epoch 3/15 Average Loss: 0.19851602613925934 / MA Loss: 0.2994652638832728
2024-01-20 21:30:30,870:INFO:Inc_Learning:213: Epoch: 4/15
2024-01-20 21:30:32,009:INFO:Inc_Learning:256: Epoch 4/15 Train Accuracy:  94.00%
2024-01-20 21:30:32,010:INFO:Inc_Learning:257: Epoch 4/15 Average Loss: 0.26069432497024536 / MA Loss: 0.28977252915501595
2024-01-20 21:30:32,010:INFO:Inc_Learning:213: Epoch: 5/15
2024-01-20 21:30:33,142:INFO:Inc_Learning:256: Epoch 5/15 Train Accuracy:  96.00%
2024-01-20 21:30:33,143:INFO:Inc_Learning:257: Epoch 5/15 Average Loss: 0.20159249007701874 / MA Loss: 0.2721365213394165
2024-01-20 21:30:33,143:INFO:Inc_Learning:213: Epoch: 6/15
2024-01-20 21:30:34,282:INFO:Inc_Learning:256: Epoch 6/15 Train Accuracy:  94.00%
2024-01-20 21:30:34,282:INFO:Inc_Learning:257: Epoch 6/15 Average Loss: 0.23327894508838654 / MA Loss: 0.2656602586309115
2024-01-20 21:30:34,283:INFO:Inc_Learning:213: Epoch: 7/15
2024-01-20 21:30:35,451:INFO:Inc_Learning:256: Epoch 7/15 Train Accuracy:  98.00%
2024-01-20 21:30:35,451:INFO:Inc_Learning:257: Epoch 7/15 Average Loss: 0.16733156144618988 / MA Loss: 0.251613301890237
2024-01-20 21:30:35,451:INFO:Inc_Learning:213: Epoch: 8/15
2024-01-20 21:30:36,567:INFO:Inc_Learning:256: Epoch 8/15 Train Accuracy:  98.00%
2024-01-20 21:30:36,567:INFO:Inc_Learning:257: Epoch 8/15 Average Loss: 0.166933074593544 / MA Loss: 0.24102827347815037
2024-01-20 21:30:36,567:INFO:Inc_Learning:213: Epoch: 9/15
2024-01-20 21:30:37,711:INFO:Inc_Learning:256: Epoch 9/15 Train Accuracy:  96.00%
2024-01-20 21:30:37,711:INFO:Inc_Learning:257: Epoch 9/15 Average Loss: 0.1768435686826706 / MA Loss: 0.23389663961198595
2024-01-20 21:30:37,711:INFO:Inc_Learning:213: Epoch: 10/15
2024-01-20 21:30:38,832:INFO:Inc_Learning:256: Epoch 10/15 Train Accuracy:  98.00%
2024-01-20 21:30:38,833:INFO:Inc_Learning:257: Epoch 10/15 Average Loss: 0.14853186905384064 / MA Loss: 0.22536016255617142
2024-01-20 21:30:38,833:INFO:Inc_Learning:213: Epoch: 11/15
2024-01-20 21:30:39,979:INFO:Inc_Learning:256: Epoch 11/15 Train Accuracy:  96.00%
2024-01-20 21:30:39,980:INFO:Inc_Learning:257: Epoch 11/15 Average Loss: 0.14819520711898804 / MA Loss: 0.21404935270547867
2024-01-20 21:30:39,980:INFO:Inc_Learning:213: Epoch: 12/15
2024-01-20 21:30:41,167:INFO:Inc_Learning:256: Epoch 12/15 Train Accuracy:  98.00%
2024-01-20 21:30:41,167:INFO:Inc_Learning:257: Epoch 12/15 Average Loss: 0.14331403374671936 / MA Loss: 0.18452311009168626
2024-01-20 21:30:41,167:INFO:Inc_Learning:213: Epoch: 13/15
2024-01-20 21:30:42,309:INFO:Inc_Learning:256: Epoch 13/15 Train Accuracy:  98.00%
2024-01-20 21:30:42,310:INFO:Inc_Learning:257: Epoch 13/15 Average Loss: 0.15411892533302307 / MA Loss: 0.18008340001106263
2024-01-20 21:30:42,310:INFO:Inc_Learning:213: Epoch: 14/15
2024-01-20 21:30:43,442:INFO:Inc_Learning:256: Epoch 14/15 Train Accuracy:  98.00%
2024-01-20 21:30:43,442:INFO:Inc_Learning:257: Epoch 14/15 Average Loss: 0.1575886607170105 / MA Loss: 0.16977283358573914
2024-01-20 21:30:43,442:INFO:Inc_Learning:213: Epoch: 15/15
2024-01-20 21:30:44,548:INFO:Inc_Learning:256: Epoch 15/15 Train Accuracy:  96.00%
2024-01-20 21:30:44,548:INFO:Inc_Learning:257: Epoch 15/15 Average Loss: 0.16207396984100342 / MA Loss: 0.1658209815621376
2024-01-20 21:30:44,586:INFO:Inc_Learning:576: Statistics for task identification ...
2024-01-20 21:30:45,701:INFO:Inc_Learning:270: The pseudo-labeling phase is started ...
2024-01-20 21:33:01,698:INFO:Inc_Learning:351: The training of the PredictionNet is started.
2024-01-20 21:33:02,101:INFO:Inc_Learning:463: Epoch: 000/100, MA loss: 0.18352442979812622
2024-01-20 21:33:02,216:INFO:Inc_Learning:463: Epoch: 099/100, MA loss: 4.0075176002574155e-06
2024-01-20 21:33:02,216:INFO:Inc_Learning:576: Statistics for task identification ...
2024-01-20 21:33:02,670:INFO:Inc_Learning:496: Evaluating the test set after task 8 ...
2024-01-20 21:35:34,035:INFO:Inc_Learning:544: Evaluation Accuracy (oracle) after task 8:  54.97%
2024-01-20 21:35:34,036:INFO:Inc_Learning:555: Evaluation Accuracy after task 8:  26.83%
2024-01-20 21:35:34,036:INFO:Inc_Learning:556: Accuracy of task-id detection after task 8:  38.26%
2024-01-20 21:35:34,037:INFO:Inc_Learning:562: Accuracy (Oracle) for task 0 =  84.10%
2024-01-20 21:35:34,037:INFO:Inc_Learning:566: Accuracy of task 0 =  57.25%
2024-01-20 21:35:34,037:INFO:Inc_Learning:562: Accuracy (Oracle) for task 1 =  53.50%
2024-01-20 21:35:34,037:INFO:Inc_Learning:566: Accuracy of task 1 =  24.40%
2024-01-20 21:35:34,037:INFO:Inc_Learning:562: Accuracy (Oracle) for task 2 =  53.70%
2024-01-20 21:35:34,038:INFO:Inc_Learning:566: Accuracy of task 2 =  19.60%
2024-01-20 21:35:34,038:INFO:Inc_Learning:562: Accuracy (Oracle) for task 3 =  41.30%
2024-01-20 21:35:34,038:INFO:Inc_Learning:566: Accuracy of task 3 =  15.50%
2024-01-20 21:35:34,038:INFO:Inc_Learning:562: Accuracy (Oracle) for task 4 =  35.40%
2024-01-20 21:35:34,038:INFO:Inc_Learning:566: Accuracy of task 4 =  10.30%
2024-01-20 21:35:34,039:INFO:Inc_Learning:562: Accuracy (Oracle) for task 5 =  37.50%
2024-01-20 21:35:34,039:INFO:Inc_Learning:566: Accuracy of task 5 =  10.30%
2024-01-20 21:35:34,039:INFO:Inc_Learning:562: Accuracy (Oracle) for task 6 =  51.40%
2024-01-20 21:35:34,039:INFO:Inc_Learning:566: Accuracy of task 6 =  20.90%
2024-01-20 21:35:34,040:INFO:Inc_Learning:562: Accuracy (Oracle) for task 7 =  48.80%
2024-01-20 21:35:34,040:INFO:Inc_Learning:566: Accuracy of task 7 =  18.00%
2024-01-20 21:35:34,040:INFO:Inc_Learning:562: Accuracy (Oracle) for task 8 =  59.90%
2024-01-20 21:35:34,040:INFO:Inc_Learning:566: Accuracy of task 8 =  34.80%
2024-01-20 21:35:34,052:INFO:Inc_Learning:692: The incremental learning phase for task 8 is finished!
2024-01-20 21:35:34,052:INFO:Inc_Learning:557: Estimated remaining time: 0 seconds
2024-01-20 21:35:34,052:INFO:Inc_Learning:703: Final accuracies after each incremental task:
2024-01-20 21:35:34,052:INFO:Inc_Learning:715: Task 0: 84.15
2024-01-20 21:35:34,052:INFO:Inc_Learning:715: Task 1: 63.20
2024-01-20 21:35:34,052:INFO:Inc_Learning:715: Task 2: 54.10
2024-01-20 21:35:34,052:INFO:Inc_Learning:715: Task 3: 45.84
2024-01-20 21:35:34,052:INFO:Inc_Learning:715: Task 4: 38.55
2024-01-20 21:35:34,052:INFO:Inc_Learning:715: Task 5: 33.21
2024-01-20 21:35:34,053:INFO:Inc_Learning:715: Task 6: 30.16
2024-01-20 21:35:34,053:INFO:Inc_Learning:715: Task 7: 27.60
2024-01-20 21:35:34,053:INFO:Inc_Learning:715: Task 8: 26.83
2024-01-20 21:35:34,053:INFO:Inc_Learning:720: The incremental learning phase is finished!
2024-01-20 21:35:34,053:INFO:Inc_Learning:721: The whole process took 24 minutes and 50 seconds
