2024-01-20 19:32:39,016:INFO:Inc_Learning:336: ('\nVersion Information: \n\tPyTorch: %s\n\tTorchVision: %s', '2.0.1+cu117', '0.15.2+cu117')
2024-01-20 19:32:39,028:INFO:Inc_Learning:369: class_permutation is loaded from the permutation file "data/index_list/cub200/num_base_classes=100,num_tasks=11,num_shots=1,seed=48/class_permutation.txt".
2024-01-20 19:32:40,088:WARNING:Inc_Learning:240: tqdm_enabled is set to False as the program is not running in the debug mode!
2024-01-20 19:32:40,240:INFO:Inc_Learning:566: The network was trained for 237 epochs, 0 iterations in phase supervised_learning
2024-01-20 19:32:40,297:INFO:Inc_Learning:643: We have loaded the head parameters from the saved file.
2024-01-20 19:32:40,297:INFO:Inc_Learning:651: We start from epoch 0, iteration 0
2024-01-20 19:32:40,297:INFO:Inc_Learning:663: File "/scratch/gx83/np9254/ROBUSTA-Saves/CUB-200/Phase_2,100_classes/P0P1P2,start_time=Date_2024-01-02,Time_09-50-53,seed=41-Best_Model.pt" is loaded
2024-01-20 19:32:40,352:INFO:Inc_Learning:285: --------------------------------------------------------------------- The given arguments ---------------------------------------------------------------------
2024-01-20 19:32:40,353:INFO:Inc_Learning:309: experiment_description = "Incremental learning,100 base classes"
2024-01-20 19:32:40,353:INFO:Inc_Learning:309: phase = "incremental_learning"
2024-01-20 19:32:40,353:INFO:Inc_Learning:303: Device = "cuda:0"
2024-01-20 19:32:40,353:INFO:Inc_Learning:307: seed = 48
2024-01-20 19:32:40,353:INFO:Inc_Learning:307: is_incremental = True
2024-01-20 19:32:40,353:INFO:Inc_Learning:307: debugging = False
2024-01-20 19:32:40,353:INFO:Inc_Learning:307: tqdm_enabled = False
2024-01-20 19:32:40,353:INFO:Inc_Learning:307: resume = False
2024-01-20 19:32:40,353:INFO:Inc_Learning:309: time_str = "Date_2024-01-20,Time_19-32-38"
2024-01-20 19:32:40,353:INFO:Inc_Learning:307: image_size = 224
2024-01-20 19:32:40,353:INFO:Inc_Learning:307: in_channels = 3
2024-01-20 19:32:40,353:INFO:Inc_Learning:307: batch_size_base = 160
2024-01-20 19:32:40,353:INFO:Inc_Learning:307: batch_size_test = 160
2024-01-20 19:32:40,353:INFO:Inc_Learning:307: batch_size_new = 0
2024-01-20 19:32:40,353:INFO:Inc_Learning:307: batch_size_fine_tuning = 0
2024-01-20 19:32:40,353:INFO:Inc_Learning:309: settings_file = "Experiments/CUB-200-2011/100_base_classes/1-shot/phase=3,seed=48.toml"
2024-01-20 19:32:40,353:INFO:Inc_Learning:309: directory_permutation_files = "data/index_list/cub200/num_base_classes=100,num_tasks=11,num_shots=1,seed=48"
2024-01-20 19:32:40,353:INFO:Inc_Learning:299: The network was previously trained for 0 epochs.
2024-01-20 19:32:40,353:INFO:Inc_Learning:301: The network was previously trained for 0 iterations.
2024-01-20 19:32:40,353:INFO:Inc_Learning:307: dino = False
2024-01-20 19:32:40,353:INFO:Inc_Learning:307: debugging_env = False
2024-01-20 19:32:40,353:INFO:Inc_Learning:309: model_type = "CCT-21/7x2"
2024-01-20 19:32:40,353:INFO:Inc_Learning:307: prediction_net_list = []
2024-01-20 19:32:40,353:INFO:Inc_Learning:314: 
configs_arch:  {
  model_type = "CCT-21/7x2"
  use_BatchNorm = True
  use_BatchNorm_for_patch_embeddings = True
  temperature_stochastic_classifier = 16.0
  temperature_cosine_classifier = 10.0
  PositionalEmbeddingType = "Learnable"
  dropout_rate_classifier_head = 0.0
  number_of_the_first_layers_to_be_frozen = 0
  classifer_head_type = "Stochastic"
}
2024-01-20 19:32:40,353:INFO:Inc_Learning:314: 
configs_dataset:  {
  dataroot = "/scratch/gx83/np9254/Datasets/FSCIL/CEC/"
  dataset_name = "cub200"
  num_workers = 16
  total_classes = 200
  num_base_classes = 100
  num_tasks = 11
  num_shots = 1
  drop_last_base = True
  num_ways = 10
}
2024-01-20 19:32:40,353:INFO:Inc_Learning:314: 
configs_logger:  {
  display_interval = 0.5
  display_freq = 50
  moving_average_capacity = 50
  log_file = "/scratch/gx83/np9254/ROBUSTA-Saves/CUB-200/Phase_3,100_classes/1-shot/Time=Date_2024-01-20,Time_19-32-38,Desc=Incremental learning,100 base classes,seed=48.log"
}
2024-01-20 19:32:40,353:INFO:Inc_Learning:314: 
configs_save:  {
  save_freq_epoch = 10
  save_freq_iter = 2000
  time_interval_to_save = 60
  root = "/scratch/gx83/np9254/ROBUSTA-Saves/CUB-200/Phase_3,100_classes/1-shot"
  input_file = "/scratch/gx83/np9254/ROBUSTA-Saves/CUB-200/Phase_2,100_classes/P0P1P2,start_time=Date_2024-01-02,Time_09-50-53,seed=41-Best_Model.pt"
  output_file = "P0P1P2P3,start_time=Date_2024-01-20,Time_19-32-38"
}
2024-01-20 19:32:40,354:INFO:Inc_Learning:314: 
configs_FSCIL:  {
  num_epochs = [5, 10, 10, 10, 10, 10, 10, 10, 10, 10, 10]
  update_mu = True
  fine_tune = True
  freeze_backbone = True
  freeze_batch_norm_layers = True
  freeze_non_batch_norm_layers = True
  use_delta_parameters_for_base_task = False
  use_prefixes_for_distance_calculations = True
  use_shared_covariance = True
  start_from_task = 0
  randomize_selected_classes = False
  use_cache_for_the_base_task = False
  tasks_or_classes_for_Mahalanobis_distance_calculations = "classes"
  enable_Mahalanobis_distance = False
  use_pseudo_labeled_samples_for_task_identification = [True, True, True, True, True, True, True, True, True, True, True]
  configs_PEFT = {
    prefix_seq_length = [10, 10, 10, 10, 10, 10, 10, 10, 10, 10, 10]
    number_of_layers_for_prefixes = [-1, -1, -1, -1, -1, -1, -1, -1, -1, -1, -1]
    fusion_mode = "last"
    prefix_or_prompt = "prefix"
  }  
  optimizer = {
    optimizer_name = "AdamW"
    lr_head = [0.01, 0.01, 0.01, 0.01, 0.01, 0.01, 0.01, 0.01, 0.01, 0.01, 0.01]
    lr_prefixes_or_prompts = [0.01, 0.01, 0.01, 0.01, 0.01, 0.01, 0.01, 0.01, 0.01, 0.01, 0.01]
    lr = [0.01, 0.01, 0.01, 0.01, 0.01, 0.01, 0.01, 0.01, 0.01, 0.01, 0.01]
    lr_backbone = [0.01, 0.01, 0.01, 0.01, 0.01, 0.01, 0.01, 0.01, 0.01, 0.01, 0.01]
    momentum = 0.9
    momentum2 = 0.999
    dampening = 0
    nesterov = True
    weight_decay = [1e-05, 1e-05, 1e-05, 1e-05, 1e-05, 1e-05, 1e-05, 1e-05, 1e-05, 1e-05, 1e-05]
  }  
  scheduler = {
    name = "ReduceLROnPlateau"
    mode = "min"
    factor = 0.25
    patience = 5
    cooldown = 0
    min_lr = 0
    verbose = True
    moving_average_capacity = 10
  }  
  evaluation = {
    ignore_logits_for_other_tasks = True
    stochastic = True
  }  
  PredictionNet = {
    enabled = True
    num_epochs = [500, 500, 500, 500, 500, 500, 500, 500, 500, 500, 500]
    separate_PredictionNet_for_each_task = True
    use_PredictionNet_for_this_task = [True, True, True, True, True, True, True, True, True, True, True]
    use_pseudo_labeled_test_samples = [False, True, True, True, True, True, True, True, True, True, True]
    batch_size_for_Pseudo_labelling = 100
    batch_size_for_PredictionNet = 100
    n_layers = 1
    size_hidden_layer = 384
    use_real_residual_connections = False
    dropout_rate = 0.0
    bias = True
    num_outliers = [8, 1, 1, 1, 1, 1, 1, 1, 1, 1, 1]
    display_freq = 50
    remember_from_previous_task = True
    use_the_best_model = False
    loss = "MSE"
    optimizer = {
      optimizer_name = "AdamW"
      lr = [0.001, 0.001, 0.001, 0.001, 0.001, 0.001, 0.001, 0.001, 0.001, 0.001, 0.001]
      momentum = 0.9
      momentum2 = 0.999
      dampening = 0.0
      nesterov = True
      weight_decay = [0.0, 0.0, 0.0, 0.0, 0.0, 0.0, 0.0, 0.0, 0.0, 0.0, 0.0]
    }    
    scheduler = {
      name = "ReduceLROnPlateau"
      mode = "min"
      factor = 0.25
      patience = 1000
      cooldown = 0
      min_lr = 0
      verbose = True
      moving_average_capacity = 10
    }    
  }  
}
2024-01-20 19:32:40,354:INFO:Inc_Learning:316: --------------------------------------------------------------------------------
2024-01-20 19:32:40,429:INFO:Inc_Learning:142: The session file "data/index_list/cub200/num_base_classes=100,num_tasks=11,num_shots=1,seed=48/train_samples_for_task=1.txt" is loaded!
2024-01-20 19:32:40,459:INFO:Inc_Learning:142: The session file "data/index_list/cub200/num_base_classes=100,num_tasks=11,num_shots=1,seed=48/test_samples_for_task=1.txt" is loaded!
2024-01-20 19:32:40,536:INFO:Inc_Learning:681: The incremental learning phase for task 0 is started ...
2024-01-20 19:32:40,561:INFO:Inc_Learning:142: The session file "data/index_list/cub200/num_base_classes=100,num_tasks=11,num_shots=1,seed=48/train_samples_for_task=1.txt" is loaded!
2024-01-20 19:32:40,585:INFO:Inc_Learning:142: The session file "data/index_list/cub200/num_base_classes=100,num_tasks=11,num_shots=1,seed=48/test_samples_for_task=1.txt" is loaded!
2024-01-20 19:32:40,624:INFO:Inc_Learning:576: Statistics for task identification ...
2024-01-20 19:32:49,688:INFO:Inc_Learning:270: The pseudo-labeling phase is started ...
2024-01-20 19:33:03,784:INFO:Inc_Learning:351: The training of the PredictionNet is started.
2024-01-20 19:33:12,028:INFO:Inc_Learning:463: Epoch: 000/500, MA loss: 0.07446004869416356
2024-01-20 19:33:12,723:INFO:Inc_Learning:463: Epoch: 050/500, MA loss: 0.015562555566430093
2024-01-20 19:33:13,415:INFO:Inc_Learning:463: Epoch: 100/500, MA loss: 0.013979103043675422
2024-01-20 19:33:14,111:INFO:Inc_Learning:463: Epoch: 150/500, MA loss: 0.013305883761495352
2024-01-20 19:33:14,803:INFO:Inc_Learning:463: Epoch: 200/500, MA loss: 0.013145286682993173
2024-01-20 19:33:15,497:INFO:Inc_Learning:463: Epoch: 250/500, MA loss: 0.013084520678967237
2024-01-20 19:33:16,189:INFO:Inc_Learning:463: Epoch: 300/500, MA loss: 0.01310621714219451
2024-01-20 19:33:16,884:INFO:Inc_Learning:463: Epoch: 350/500, MA loss: 0.013155479729175568
2024-01-20 19:33:17,577:INFO:Inc_Learning:463: Epoch: 400/500, MA loss: 0.013231734000146388
2024-01-20 19:33:18,271:INFO:Inc_Learning:463: Epoch: 450/500, MA loss: 0.013050714042037725
2024-01-20 19:33:18,949:INFO:Inc_Learning:463: Epoch: 499/500, MA loss: 0.013043044321238994
2024-01-20 19:33:18,949:INFO:Inc_Learning:576: Statistics for task identification ...
2024-01-20 19:33:32,169:INFO:Inc_Learning:496: Evaluating the test set after task 0 ...
2024-01-20 19:33:40,337:INFO:Inc_Learning:544: Evaluation Accuracy (oracle) after task 0:  79.22%
2024-01-20 19:33:40,338:INFO:Inc_Learning:562: Accuracy (Oracle) for task 0 =  79.22%
2024-01-20 19:33:40,352:INFO:Inc_Learning:692: The incremental learning phase for task 0 is finished!
2024-01-20 19:33:40,352:INFO:Inc_Learning:557: Estimated remaining time: 4 minutes and 59 seconds
2024-01-20 19:33:40,352:INFO:Inc_Learning:681: The incremental learning phase for task 1 is started ...
2024-01-20 19:33:40,353:INFO:Inc_Learning:318: Prefixes are randomly initialized for task 1.
2024-01-20 19:33:40,353:INFO:Inc_Learning:269: The PredictionNet is copied from the previous task.
2024-01-20 19:33:40,383:INFO:Inc_Learning:142: The session file "data/index_list/cub200/num_base_classes=100,num_tasks=11,num_shots=1,seed=48/train_samples_for_task=2.txt" is loaded!
2024-01-20 19:33:40,414:INFO:Inc_Learning:142: The session file "data/index_list/cub200/num_base_classes=100,num_tasks=11,num_shots=1,seed=48/test_samples_for_task=2.txt" is loaded!
2024-01-20 19:33:42,088:INFO:Inc_Learning:213: Epoch: 1/10
2024-01-20 19:33:43,319:INFO:Inc_Learning:256: Epoch 1/10 Train Accuracy:  100.00%
2024-01-20 19:33:43,319:INFO:Inc_Learning:257: Epoch 1/10 Average Loss: 0.05780169367790222 / MA Loss: 0.05780169367790222
2024-01-20 19:33:43,319:INFO:Inc_Learning:213: Epoch: 2/10
2024-01-20 19:33:44,648:INFO:Inc_Learning:256: Epoch 2/10 Train Accuracy:  100.00%
2024-01-20 19:33:44,648:INFO:Inc_Learning:257: Epoch 2/10 Average Loss: 0.09848672151565552 / MA Loss: 0.07814420759677887
2024-01-20 19:33:44,648:INFO:Inc_Learning:213: Epoch: 3/10
2024-01-20 19:33:45,960:INFO:Inc_Learning:256: Epoch 3/10 Train Accuracy:  100.00%
2024-01-20 19:33:45,960:INFO:Inc_Learning:257: Epoch 3/10 Average Loss: 0.000490589183755219 / MA Loss: 0.052259668125770986
2024-01-20 19:33:45,961:INFO:Inc_Learning:213: Epoch: 4/10
2024-01-20 19:33:47,331:INFO:Inc_Learning:256: Epoch 4/10 Train Accuracy:  100.00%
2024-01-20 19:33:47,332:INFO:Inc_Learning:257: Epoch 4/10 Average Loss: 0.0337691456079483 / MA Loss: 0.047637037496315315
2024-01-20 19:33:47,332:INFO:Inc_Learning:213: Epoch: 5/10
2024-01-20 19:33:48,661:INFO:Inc_Learning:256: Epoch 5/10 Train Accuracy:  100.00%
2024-01-20 19:33:48,661:INFO:Inc_Learning:257: Epoch 5/10 Average Loss: 0.04591410607099533 / MA Loss: 0.04729245121125132
2024-01-20 19:33:48,661:INFO:Inc_Learning:213: Epoch: 6/10
2024-01-20 19:33:49,987:INFO:Inc_Learning:256: Epoch 6/10 Train Accuracy:  100.00%
2024-01-20 19:33:49,987:INFO:Inc_Learning:257: Epoch 6/10 Average Loss: 0.02285749651491642 / MA Loss: 0.043219958761862166
2024-01-20 19:33:49,987:INFO:Inc_Learning:213: Epoch: 7/10
2024-01-20 19:33:51,271:INFO:Inc_Learning:256: Epoch 7/10 Train Accuracy:  100.00%
2024-01-20 19:33:51,272:INFO:Inc_Learning:257: Epoch 7/10 Average Loss: 0.006446703337132931 / MA Loss: 0.03796663655832942
2024-01-20 19:33:51,272:INFO:Inc_Learning:213: Epoch: 8/10
2024-01-20 19:33:52,602:INFO:Inc_Learning:256: Epoch 8/10 Train Accuracy:  100.00%
2024-01-20 19:33:52,603:INFO:Inc_Learning:257: Epoch 8/10 Average Loss: 0.0016908295219764113 / MA Loss: 0.033432160678785294
2024-01-20 19:33:52,603:INFO:Inc_Learning:213: Epoch: 9/10
2024-01-20 19:33:53,879:INFO:Inc_Learning:256: Epoch 9/10 Train Accuracy:  100.00%
2024-01-20 19:33:53,880:INFO:Inc_Learning:257: Epoch 9/10 Average Loss: 0.08366820216178894 / MA Loss: 0.0390139430657857
2024-01-20 19:33:53,880:INFO:Inc_Learning:213: Epoch: 10/10
2024-01-20 19:33:55,135:INFO:Inc_Learning:256: Epoch 10/10 Train Accuracy:  90.00%
2024-01-20 19:33:55,135:INFO:Inc_Learning:257: Epoch 10/10 Average Loss: 0.23776809871196747 / MA Loss: 0.05888935863040388
2024-01-20 19:33:55,184:INFO:Inc_Learning:576: Statistics for task identification ...
2024-01-20 19:33:56,449:INFO:Inc_Learning:270: The pseudo-labeling phase is started ...
2024-01-20 19:34:12,358:INFO:Inc_Learning:351: The training of the PredictionNet is started.
2024-01-20 19:34:12,436:WARNING:Inc_Learning:388: The program uses all the 1 samples in class 101 as outliers!
2024-01-20 19:34:12,436:WARNING:Inc_Learning:388: The program uses all the 1 samples in class 102 as outliers!
2024-01-20 19:34:12,436:WARNING:Inc_Learning:388: The program uses all the 1 samples in class 103 as outliers!
2024-01-20 19:34:12,436:WARNING:Inc_Learning:388: The program uses all the 1 samples in class 104 as outliers!
2024-01-20 19:34:12,437:WARNING:Inc_Learning:388: The program uses all the 1 samples in class 107 as outliers!
2024-01-20 19:34:12,437:WARNING:Inc_Learning:388: The program uses all the 1 samples in class 108 as outliers!
2024-01-20 19:34:12,439:INFO:Inc_Learning:463: Epoch: 000/500, MA loss: 0.05877840891480446
2024-01-20 19:34:12,483:INFO:Inc_Learning:463: Epoch: 050/500, MA loss: 0.0001767756009940058
2024-01-20 19:34:12,526:INFO:Inc_Learning:463: Epoch: 100/500, MA loss: 1.1386882022179634e-06
2024-01-20 19:34:12,569:INFO:Inc_Learning:463: Epoch: 150/500, MA loss: 6.462776225291123e-09
2024-01-20 19:34:12,612:INFO:Inc_Learning:463: Epoch: 200/500, MA loss: 3.5284635803434215e-11
2024-01-20 19:34:12,655:INFO:Inc_Learning:463: Epoch: 250/500, MA loss: 1.923765075191597e-13
2024-01-20 19:34:12,698:INFO:Inc_Learning:463: Epoch: 300/500, MA loss: 1.541807423547433e-15
2024-01-20 19:34:12,740:INFO:Inc_Learning:463: Epoch: 350/500, MA loss: 4.931348474218541e-16
2024-01-20 19:34:12,783:INFO:Inc_Learning:463: Epoch: 400/500, MA loss: 4.753460649745942e-16
2024-01-20 19:34:12,826:INFO:Inc_Learning:463: Epoch: 450/500, MA loss: 5.601931753065561e-16
2024-01-20 19:34:12,869:INFO:Inc_Learning:463: Epoch: 499/500, MA loss: 1.6861198897603208e-10
2024-01-20 19:34:12,869:INFO:Inc_Learning:576: Statistics for task identification ...
2024-01-20 19:34:12,986:INFO:Inc_Learning:496: Evaluating the test set after task 1 ...
2024-01-20 19:34:33,901:INFO:Inc_Learning:544: Evaluation Accuracy (oracle) after task 1:  78.46%
2024-01-20 19:34:33,902:INFO:Inc_Learning:555: Evaluation Accuracy after task 1:  73.37%
2024-01-20 19:34:33,902:INFO:Inc_Learning:556: Accuracy of task-id detection after task 1:  91.89%
2024-01-20 19:34:33,902:INFO:Inc_Learning:562: Accuracy (Oracle) for task 0 =  79.26%
2024-01-20 19:34:33,902:INFO:Inc_Learning:566: Accuracy of task 0 =  79.19%
2024-01-20 19:34:33,902:INFO:Inc_Learning:562: Accuracy (Oracle) for task 1 =  70.25%
2024-01-20 19:34:33,902:INFO:Inc_Learning:566: Accuracy of task 1 =  13.62%
2024-01-20 19:34:33,911:INFO:Inc_Learning:692: The incremental learning phase for task 1 is finished!
2024-01-20 19:34:33,911:INFO:Inc_Learning:557: Estimated remaining time: 5 minutes and 40 seconds
2024-01-20 19:34:33,912:INFO:Inc_Learning:681: The incremental learning phase for task 2 is started ...
2024-01-20 19:34:33,912:INFO:Inc_Learning:322: Prefixes are copied from task 1.
2024-01-20 19:34:33,912:INFO:Inc_Learning:269: The PredictionNet is copied from the previous task.
2024-01-20 19:34:33,937:INFO:Inc_Learning:142: The session file "data/index_list/cub200/num_base_classes=100,num_tasks=11,num_shots=1,seed=48/train_samples_for_task=3.txt" is loaded!
2024-01-20 19:34:33,965:INFO:Inc_Learning:142: The session file "data/index_list/cub200/num_base_classes=100,num_tasks=11,num_shots=1,seed=48/test_samples_for_task=3.txt" is loaded!
2024-01-20 19:34:35,469:INFO:Inc_Learning:213: Epoch: 1/10
2024-01-20 19:34:36,799:INFO:Inc_Learning:256: Epoch 1/10 Train Accuracy:  90.00%
2024-01-20 19:34:36,799:INFO:Inc_Learning:257: Epoch 1/10 Average Loss: 0.25612112879753113 / MA Loss: 0.25612112879753113
2024-01-20 19:34:36,799:INFO:Inc_Learning:213: Epoch: 2/10
2024-01-20 19:34:38,113:INFO:Inc_Learning:256: Epoch 2/10 Train Accuracy:  90.00%
2024-01-20 19:34:38,113:INFO:Inc_Learning:257: Epoch 2/10 Average Loss: 0.3052259683609009 / MA Loss: 0.280673548579216
2024-01-20 19:34:38,113:INFO:Inc_Learning:213: Epoch: 3/10
2024-01-20 19:34:39,419:INFO:Inc_Learning:256: Epoch 3/10 Train Accuracy:  90.00%
2024-01-20 19:34:39,419:INFO:Inc_Learning:257: Epoch 3/10 Average Loss: 0.6596568822860718 / MA Loss: 0.4070013264815013
2024-01-20 19:34:39,419:INFO:Inc_Learning:213: Epoch: 4/10
2024-01-20 19:34:40,733:INFO:Inc_Learning:256: Epoch 4/10 Train Accuracy:  100.00%
2024-01-20 19:34:40,733:INFO:Inc_Learning:257: Epoch 4/10 Average Loss: 0.20479416847229004 / MA Loss: 0.35644953697919846
2024-01-20 19:34:40,733:INFO:Inc_Learning:213: Epoch: 5/10
2024-01-20 19:34:42,069:INFO:Inc_Learning:256: Epoch 5/10 Train Accuracy:  100.00%
2024-01-20 19:34:42,069:INFO:Inc_Learning:257: Epoch 5/10 Average Loss: 0.09327829629182816 / MA Loss: 0.3038152888417244
2024-01-20 19:34:42,069:INFO:Inc_Learning:213: Epoch: 6/10
2024-01-20 19:34:43,442:INFO:Inc_Learning:256: Epoch 6/10 Train Accuracy:  100.00%
2024-01-20 19:34:43,442:INFO:Inc_Learning:257: Epoch 6/10 Average Loss: 0.06768833845853806 / MA Loss: 0.26446079711119336
2024-01-20 19:34:43,443:INFO:Inc_Learning:213: Epoch: 7/10
2024-01-20 19:34:44,724:INFO:Inc_Learning:256: Epoch 7/10 Train Accuracy:  100.00%
2024-01-20 19:34:44,724:INFO:Inc_Learning:257: Epoch 7/10 Average Loss: 0.04765231907367706 / MA Loss: 0.23348815739154816
2024-01-20 19:34:44,725:INFO:Inc_Learning:213: Epoch: 8/10
2024-01-20 19:34:46,084:INFO:Inc_Learning:256: Epoch 8/10 Train Accuracy:  100.00%
2024-01-20 19:34:46,085:INFO:Inc_Learning:257: Epoch 8/10 Average Loss: 0.06154216080904007 / MA Loss: 0.21199490781873465
2024-01-20 19:34:46,085:INFO:Inc_Learning:213: Epoch: 9/10
2024-01-20 19:34:47,391:INFO:Inc_Learning:256: Epoch 9/10 Train Accuracy:  90.00%
2024-01-20 19:34:47,392:INFO:Inc_Learning:257: Epoch 9/10 Average Loss: 0.17079634964466095 / MA Loss: 0.20741729024383757
2024-01-20 19:34:47,392:INFO:Inc_Learning:213: Epoch: 10/10
2024-01-20 19:34:48,612:INFO:Inc_Learning:256: Epoch 10/10 Train Accuracy:  100.00%
2024-01-20 19:34:48,612:INFO:Inc_Learning:257: Epoch 10/10 Average Loss: 0.2061663568019867 / MA Loss: 0.20729219689965248
2024-01-20 19:34:48,651:INFO:Inc_Learning:576: Statistics for task identification ...
2024-01-20 19:34:49,939:INFO:Inc_Learning:270: The pseudo-labeling phase is started ...
2024-01-20 19:35:07,300:INFO:Inc_Learning:351: The training of the PredictionNet is started.
2024-01-20 19:35:07,381:WARNING:Inc_Learning:388: The program uses all the 1 samples in class 113 as outliers!
2024-01-20 19:35:07,381:WARNING:Inc_Learning:388: The program uses all the 1 samples in class 115 as outliers!
2024-01-20 19:35:07,382:WARNING:Inc_Learning:388: The program uses all the 1 samples in class 117 as outliers!
2024-01-20 19:35:07,384:INFO:Inc_Learning:463: Epoch: 000/500, MA loss: 0.04973170533776283
2024-01-20 19:35:07,427:INFO:Inc_Learning:463: Epoch: 050/500, MA loss: 0.00015218311309581623
2024-01-20 19:35:07,471:INFO:Inc_Learning:463: Epoch: 100/500, MA loss: 9.100397790007264e-07
2024-01-20 19:35:07,514:INFO:Inc_Learning:463: Epoch: 150/500, MA loss: 5.432867111743178e-09
2024-01-20 19:35:07,557:INFO:Inc_Learning:463: Epoch: 200/500, MA loss: 3.016968827540545e-11
2024-01-20 19:35:07,600:INFO:Inc_Learning:463: Epoch: 250/500, MA loss: 1.6646148503119026e-13
2024-01-20 19:35:07,643:INFO:Inc_Learning:463: Epoch: 300/500, MA loss: 1.3681312904105545e-15
2024-01-20 19:35:07,686:INFO:Inc_Learning:463: Epoch: 350/500, MA loss: 5.687313484603607e-08
2024-01-20 19:35:07,729:INFO:Inc_Learning:463: Epoch: 400/500, MA loss: 3.486461843077264e-10
2024-01-20 19:35:07,772:INFO:Inc_Learning:463: Epoch: 450/500, MA loss: 2.2715008369874754e-12
2024-01-20 19:35:07,815:INFO:Inc_Learning:463: Epoch: 499/500, MA loss: 1.8216765979017778e-08
2024-01-20 19:35:07,815:INFO:Inc_Learning:576: Statistics for task identification ...
2024-01-20 19:35:07,939:INFO:Inc_Learning:496: Evaluating the test set after task 2 ...
2024-01-20 19:35:30,768:INFO:Inc_Learning:544: Evaluation Accuracy (oracle) after task 2:  74.99%
2024-01-20 19:35:30,770:INFO:Inc_Learning:555: Evaluation Accuracy after task 2:  67.67%
2024-01-20 19:35:30,770:INFO:Inc_Learning:556: Accuracy of task-id detection after task 2:  87.06%
2024-01-20 19:35:30,770:INFO:Inc_Learning:562: Accuracy (Oracle) for task 0 =  79.50%
2024-01-20 19:35:30,770:INFO:Inc_Learning:566: Accuracy of task 0 =  78.53%
2024-01-20 19:35:30,771:INFO:Inc_Learning:562: Accuracy (Oracle) for task 1 =  70.25%
2024-01-20 19:35:30,771:INFO:Inc_Learning:566: Accuracy of task 1 =  12.54%
2024-01-20 19:35:30,771:INFO:Inc_Learning:562: Accuracy (Oracle) for task 2 =  34.49%
2024-01-20 19:35:30,771:INFO:Inc_Learning:566: Accuracy of task 2 =  12.89%
2024-01-20 19:35:30,778:INFO:Inc_Learning:692: The incremental learning phase for task 2 is finished!
2024-01-20 19:35:30,778:INFO:Inc_Learning:557: Estimated remaining time: 5 minutes and 40 seconds
2024-01-20 19:35:30,778:INFO:Inc_Learning:681: The incremental learning phase for task 3 is started ...
2024-01-20 19:35:30,779:INFO:Inc_Learning:322: Prefixes are copied from task 2.
2024-01-20 19:35:30,779:INFO:Inc_Learning:269: The PredictionNet is copied from the previous task.
2024-01-20 19:35:30,805:INFO:Inc_Learning:142: The session file "data/index_list/cub200/num_base_classes=100,num_tasks=11,num_shots=1,seed=48/train_samples_for_task=4.txt" is loaded!
2024-01-20 19:35:30,836:INFO:Inc_Learning:142: The session file "data/index_list/cub200/num_base_classes=100,num_tasks=11,num_shots=1,seed=48/test_samples_for_task=4.txt" is loaded!
2024-01-20 19:35:32,341:INFO:Inc_Learning:213: Epoch: 1/10
2024-01-20 19:35:33,638:INFO:Inc_Learning:256: Epoch 1/10 Train Accuracy:  90.00%
2024-01-20 19:35:33,639:INFO:Inc_Learning:257: Epoch 1/10 Average Loss: 0.5218831896781921 / MA Loss: 0.5218831896781921
2024-01-20 19:35:33,639:INFO:Inc_Learning:213: Epoch: 2/10
2024-01-20 19:35:34,916:INFO:Inc_Learning:256: Epoch 2/10 Train Accuracy:  80.00%
2024-01-20 19:35:34,916:INFO:Inc_Learning:257: Epoch 2/10 Average Loss: 0.5361981391906738 / MA Loss: 0.529040664434433
2024-01-20 19:35:34,916:INFO:Inc_Learning:213: Epoch: 3/10
2024-01-20 19:35:36,250:INFO:Inc_Learning:256: Epoch 3/10 Train Accuracy:  90.00%
2024-01-20 19:35:36,250:INFO:Inc_Learning:257: Epoch 3/10 Average Loss: 0.5547400116920471 / MA Loss: 0.5376071135203043
2024-01-20 19:35:36,250:INFO:Inc_Learning:213: Epoch: 4/10
2024-01-20 19:35:37,563:INFO:Inc_Learning:256: Epoch 4/10 Train Accuracy:  100.00%
2024-01-20 19:35:37,563:INFO:Inc_Learning:257: Epoch 4/10 Average Loss: 0.07620999217033386 / MA Loss: 0.42225783318281174
2024-01-20 19:35:37,564:INFO:Inc_Learning:213: Epoch: 5/10
2024-01-20 19:35:38,845:INFO:Inc_Learning:256: Epoch 5/10 Train Accuracy:  90.00%
2024-01-20 19:35:38,846:INFO:Inc_Learning:257: Epoch 5/10 Average Loss: 0.46057987213134766 / MA Loss: 0.4299222409725189
2024-01-20 19:35:38,846:INFO:Inc_Learning:213: Epoch: 6/10
2024-01-20 19:35:40,147:INFO:Inc_Learning:256: Epoch 6/10 Train Accuracy:  90.00%
2024-01-20 19:35:40,147:INFO:Inc_Learning:257: Epoch 6/10 Average Loss: 0.31503456830978394 / MA Loss: 0.41077429552872974
2024-01-20 19:35:40,148:INFO:Inc_Learning:213: Epoch: 7/10
2024-01-20 19:35:41,487:INFO:Inc_Learning:256: Epoch 7/10 Train Accuracy:  90.00%
2024-01-20 19:35:41,488:INFO:Inc_Learning:257: Epoch 7/10 Average Loss: 0.3288348913192749 / MA Loss: 0.3990686663559505
2024-01-20 19:35:41,488:INFO:Inc_Learning:213: Epoch: 8/10
2024-01-20 19:35:42,826:INFO:Inc_Learning:256: Epoch 8/10 Train Accuracy:  90.00%
2024-01-20 19:35:42,827:INFO:Inc_Learning:257: Epoch 8/10 Average Loss: 0.44852614402770996 / MA Loss: 0.4052508510649204
2024-01-20 19:35:42,827:INFO:Inc_Learning:213: Epoch: 9/10
2024-01-20 19:35:44,167:INFO:Inc_Learning:256: Epoch 9/10 Train Accuracy:  100.00%
2024-01-20 19:35:44,167:INFO:Inc_Learning:257: Epoch 9/10 Average Loss: 0.09855683147907257 / MA Loss: 0.371173737777604
2024-01-20 19:35:44,167:INFO:Inc_Learning:213: Epoch: 10/10
2024-01-20 19:35:45,461:INFO:Inc_Learning:256: Epoch 10/10 Train Accuracy:  100.00%
2024-01-20 19:35:45,461:INFO:Inc_Learning:257: Epoch 10/10 Average Loss: 0.10529071092605591 / MA Loss: 0.3445854350924492
2024-01-20 19:35:45,499:INFO:Inc_Learning:576: Statistics for task identification ...
2024-01-20 19:35:46,754:INFO:Inc_Learning:270: The pseudo-labeling phase is started ...
2024-01-20 19:36:05,505:INFO:Inc_Learning:351: The training of the PredictionNet is started.
2024-01-20 19:36:05,585:WARNING:Inc_Learning:388: The program uses all the 1 samples in class 121 as outliers!
2024-01-20 19:36:05,585:WARNING:Inc_Learning:388: The program uses all the 1 samples in class 124 as outliers!
2024-01-20 19:36:05,586:WARNING:Inc_Learning:388: The program uses all the 1 samples in class 125 as outliers!
2024-01-20 19:36:05,586:WARNING:Inc_Learning:388: The program uses all the 1 samples in class 126 as outliers!
2024-01-20 19:36:05,586:WARNING:Inc_Learning:388: The program uses all the 1 samples in class 127 as outliers!
2024-01-20 19:36:05,588:INFO:Inc_Learning:463: Epoch: 000/500, MA loss: 0.045654140412807465
2024-01-20 19:36:05,632:INFO:Inc_Learning:463: Epoch: 050/500, MA loss: 0.0001401906498358585
2024-01-20 19:36:05,675:INFO:Inc_Learning:463: Epoch: 100/500, MA loss: 8.635230130948912e-07
2024-01-20 19:36:05,718:INFO:Inc_Learning:463: Epoch: 150/500, MA loss: 5.166049610316748e-09
2024-01-20 19:36:05,761:INFO:Inc_Learning:463: Epoch: 200/500, MA loss: 2.7679990070861305e-11
2024-01-20 19:36:05,805:INFO:Inc_Learning:463: Epoch: 250/500, MA loss: 2.4743918969338807e-08
2024-01-20 19:36:05,848:INFO:Inc_Learning:463: Epoch: 300/500, MA loss: 1.452382422458703e-10
2024-01-20 19:36:05,891:INFO:Inc_Learning:463: Epoch: 350/500, MA loss: 2.007789812741301e-08
2024-01-20 19:36:05,934:INFO:Inc_Learning:463: Epoch: 400/500, MA loss: 6.914264694124483e-09
2024-01-20 19:36:05,977:INFO:Inc_Learning:463: Epoch: 450/500, MA loss: 6.858016903255048e-08
2024-01-20 19:36:06,019:INFO:Inc_Learning:463: Epoch: 499/500, MA loss: 1.0807847927729597e-08
2024-01-20 19:36:06,020:INFO:Inc_Learning:576: Statistics for task identification ...
2024-01-20 19:36:06,149:INFO:Inc_Learning:496: Evaluating the test set after task 3 ...
2024-01-20 19:36:31,207:INFO:Inc_Learning:544: Evaluation Accuracy (oracle) after task 3:  71.11%
2024-01-20 19:36:31,207:INFO:Inc_Learning:555: Evaluation Accuracy after task 3:  63.41%
2024-01-20 19:36:31,207:INFO:Inc_Learning:556: Accuracy of task-id detection after task 3:  83.69%
2024-01-20 19:36:31,208:INFO:Inc_Learning:562: Accuracy (Oracle) for task 0 =  79.50%
2024-01-20 19:36:31,208:INFO:Inc_Learning:566: Accuracy of task 0 =  78.63%
2024-01-20 19:36:31,208:INFO:Inc_Learning:562: Accuracy (Oracle) for task 1 =  70.25%
2024-01-20 19:36:31,208:INFO:Inc_Learning:566: Accuracy of task 1 =  12.19%
2024-01-20 19:36:31,208:INFO:Inc_Learning:562: Accuracy (Oracle) for task 2 =  35.19%
2024-01-20 19:36:31,208:INFO:Inc_Learning:566: Accuracy of task 2 =  11.15%
2024-01-20 19:36:31,209:INFO:Inc_Learning:562: Accuracy (Oracle) for task 3 =  25.84%
2024-01-20 19:36:31,209:INFO:Inc_Learning:566: Accuracy of task 3 =  15.44%
2024-01-20 19:36:31,214:INFO:Inc_Learning:692: The incremental learning phase for task 3 is finished!
2024-01-20 19:36:31,215:INFO:Inc_Learning:557: Estimated remaining time: 5 minutes and 22 seconds
2024-01-20 19:36:31,215:INFO:Inc_Learning:681: The incremental learning phase for task 4 is started ...
2024-01-20 19:36:31,215:INFO:Inc_Learning:322: Prefixes are copied from task 3.
2024-01-20 19:36:31,215:INFO:Inc_Learning:269: The PredictionNet is copied from the previous task.
2024-01-20 19:36:31,243:INFO:Inc_Learning:142: The session file "data/index_list/cub200/num_base_classes=100,num_tasks=11,num_shots=1,seed=48/train_samples_for_task=5.txt" is loaded!
2024-01-20 19:36:31,273:INFO:Inc_Learning:142: The session file "data/index_list/cub200/num_base_classes=100,num_tasks=11,num_shots=1,seed=48/test_samples_for_task=5.txt" is loaded!
2024-01-20 19:36:32,757:INFO:Inc_Learning:213: Epoch: 1/10
2024-01-20 19:36:34,057:INFO:Inc_Learning:256: Epoch 1/10 Train Accuracy:  100.00%
2024-01-20 19:36:34,058:INFO:Inc_Learning:257: Epoch 1/10 Average Loss: 0.0915418490767479 / MA Loss: 0.0915418490767479
2024-01-20 19:36:34,058:INFO:Inc_Learning:213: Epoch: 2/10
2024-01-20 19:36:35,357:INFO:Inc_Learning:256: Epoch 2/10 Train Accuracy:  100.00%
2024-01-20 19:36:35,358:INFO:Inc_Learning:257: Epoch 2/10 Average Loss: 0.00953216478228569 / MA Loss: 0.05053700692951679
2024-01-20 19:36:35,358:INFO:Inc_Learning:213: Epoch: 3/10
2024-01-20 19:36:36,675:INFO:Inc_Learning:256: Epoch 3/10 Train Accuracy:  100.00%
2024-01-20 19:36:36,676:INFO:Inc_Learning:257: Epoch 3/10 Average Loss: 0.01678641140460968 / MA Loss: 0.039286808421214424
2024-01-20 19:36:36,676:INFO:Inc_Learning:213: Epoch: 4/10
2024-01-20 19:36:37,956:INFO:Inc_Learning:256: Epoch 4/10 Train Accuracy:  90.00%
2024-01-20 19:36:37,956:INFO:Inc_Learning:257: Epoch 4/10 Average Loss: 0.30384325981140137 / MA Loss: 0.10542592126876116
2024-01-20 19:36:37,957:INFO:Inc_Learning:213: Epoch: 5/10
2024-01-20 19:36:39,297:INFO:Inc_Learning:256: Epoch 5/10 Train Accuracy:  100.00%
2024-01-20 19:36:39,297:INFO:Inc_Learning:257: Epoch 5/10 Average Loss: 0.05119042471051216 / MA Loss: 0.09457882195711136
2024-01-20 19:36:39,297:INFO:Inc_Learning:213: Epoch: 6/10
2024-01-20 19:36:40,586:INFO:Inc_Learning:256: Epoch 6/10 Train Accuracy:  100.00%
2024-01-20 19:36:40,587:INFO:Inc_Learning:257: Epoch 6/10 Average Loss: 0.15840914845466614 / MA Loss: 0.10521720970670383
2024-01-20 19:36:40,587:INFO:Inc_Learning:213: Epoch: 7/10
2024-01-20 19:36:41,957:INFO:Inc_Learning:256: Epoch 7/10 Train Accuracy:  100.00%
2024-01-20 19:36:41,957:INFO:Inc_Learning:257: Epoch 7/10 Average Loss: 0.014605467207729816 / MA Loss: 0.09227267506399325
2024-01-20 19:36:41,957:INFO:Inc_Learning:213: Epoch: 8/10
2024-01-20 19:36:43,242:INFO:Inc_Learning:256: Epoch 8/10 Train Accuracy:  100.00%
2024-01-20 19:36:43,242:INFO:Inc_Learning:257: Epoch 8/10 Average Loss: 0.026280850172042847 / MA Loss: 0.08402369695249945
2024-01-20 19:36:43,242:INFO:Inc_Learning:213: Epoch: 9/10
2024-01-20 19:36:44,543:INFO:Inc_Learning:256: Epoch 9/10 Train Accuracy:  100.00%
2024-01-20 19:36:44,543:INFO:Inc_Learning:257: Epoch 9/10 Average Loss: 0.09214304387569427 / MA Loss: 0.08492584661063221
2024-01-20 19:36:44,543:INFO:Inc_Learning:213: Epoch: 10/10
2024-01-20 19:36:45,830:INFO:Inc_Learning:256: Epoch 10/10 Train Accuracy:  100.00%
2024-01-20 19:36:45,831:INFO:Inc_Learning:257: Epoch 10/10 Average Loss: 0.012815810739994049 / MA Loss: 0.07771484302356839
2024-01-20 19:36:45,863:INFO:Inc_Learning:576: Statistics for task identification ...
2024-01-20 19:36:47,195:INFO:Inc_Learning:270: The pseudo-labeling phase is started ...
2024-01-20 19:37:07,460:INFO:Inc_Learning:351: The training of the PredictionNet is started.
2024-01-20 19:37:07,547:WARNING:Inc_Learning:388: The program uses all the 1 samples in class 130 as outliers!
2024-01-20 19:37:07,548:WARNING:Inc_Learning:388: The program uses all the 1 samples in class 134 as outliers!
2024-01-20 19:37:07,549:WARNING:Inc_Learning:388: The program uses all the 1 samples in class 136 as outliers!
2024-01-20 19:37:07,551:INFO:Inc_Learning:463: Epoch: 000/500, MA loss: 0.05814959481358528
2024-01-20 19:37:07,593:INFO:Inc_Learning:463: Epoch: 050/500, MA loss: 0.00017523712303955108
2024-01-20 19:37:07,636:INFO:Inc_Learning:463: Epoch: 100/500, MA loss: 1.0926845504855009e-06
2024-01-20 19:37:07,679:INFO:Inc_Learning:463: Epoch: 150/500, MA loss: 6.2603464856536565e-09
2024-01-20 19:37:07,722:INFO:Inc_Learning:463: Epoch: 200/500, MA loss: 3.591525948171137e-11
2024-01-20 19:37:07,765:INFO:Inc_Learning:463: Epoch: 250/500, MA loss: 1.9252570051435728e-13
2024-01-20 19:37:07,807:INFO:Inc_Learning:463: Epoch: 300/500, MA loss: 1.4819311833137067e-15
2024-01-20 19:37:07,850:INFO:Inc_Learning:463: Epoch: 350/500, MA loss: 4.0107892554943043e-16
2024-01-20 19:37:07,893:INFO:Inc_Learning:463: Epoch: 400/500, MA loss: 4.050783821923047e-16
2024-01-20 19:37:07,936:INFO:Inc_Learning:463: Epoch: 450/500, MA loss: 4.471293884452816e-16
2024-01-20 19:37:07,978:INFO:Inc_Learning:463: Epoch: 499/500, MA loss: 4.500515674100142e-16
2024-01-20 19:37:07,978:INFO:Inc_Learning:576: Statistics for task identification ...
2024-01-20 19:37:08,109:INFO:Inc_Learning:496: Evaluating the test set after task 4 ...
2024-01-20 19:37:35,367:INFO:Inc_Learning:544: Evaluation Accuracy (oracle) after task 4:  70.03%
2024-01-20 19:37:35,368:INFO:Inc_Learning:555: Evaluation Accuracy after task 4:  59.29%
2024-01-20 19:37:35,368:INFO:Inc_Learning:556: Accuracy of task-id detection after task 4:  78.13%
2024-01-20 19:37:35,368:INFO:Inc_Learning:562: Accuracy (Oracle) for task 0 =  79.29%
2024-01-20 19:37:35,368:INFO:Inc_Learning:566: Accuracy of task 0 =  78.35%
2024-01-20 19:37:35,369:INFO:Inc_Learning:562: Accuracy (Oracle) for task 1 =  69.89%
2024-01-20 19:37:35,369:INFO:Inc_Learning:566: Accuracy of task 1 =  10.04%
2024-01-20 19:37:35,369:INFO:Inc_Learning:562: Accuracy (Oracle) for task 2 =  34.84%
2024-01-20 19:37:35,369:INFO:Inc_Learning:566: Accuracy of task 2 =  9.76%
2024-01-20 19:37:35,369:INFO:Inc_Learning:562: Accuracy (Oracle) for task 3 =  25.84%
2024-01-20 19:37:35,369:INFO:Inc_Learning:566: Accuracy of task 3 =  10.07%
2024-01-20 19:37:35,370:INFO:Inc_Learning:562: Accuracy (Oracle) for task 4 =  59.33%
2024-01-20 19:37:35,370:INFO:Inc_Learning:566: Accuracy of task 4 =  19.33%
2024-01-20 19:37:35,374:INFO:Inc_Learning:692: The incremental learning phase for task 4 is finished!
2024-01-20 19:37:35,374:INFO:Inc_Learning:557: Estimated remaining time: 4 minutes and 54 seconds
2024-01-20 19:37:35,375:INFO:Inc_Learning:681: The incremental learning phase for task 5 is started ...
2024-01-20 19:37:35,375:INFO:Inc_Learning:322: Prefixes are copied from task 4.
2024-01-20 19:37:35,375:INFO:Inc_Learning:269: The PredictionNet is copied from the previous task.
2024-01-20 19:37:35,402:INFO:Inc_Learning:142: The session file "data/index_list/cub200/num_base_classes=100,num_tasks=11,num_shots=1,seed=48/train_samples_for_task=6.txt" is loaded!
2024-01-20 19:37:35,434:INFO:Inc_Learning:142: The session file "data/index_list/cub200/num_base_classes=100,num_tasks=11,num_shots=1,seed=48/test_samples_for_task=6.txt" is loaded!
2024-01-20 19:37:36,933:INFO:Inc_Learning:213: Epoch: 1/10
2024-01-20 19:37:38,271:INFO:Inc_Learning:256: Epoch 1/10 Train Accuracy:  90.00%
2024-01-20 19:37:38,271:INFO:Inc_Learning:257: Epoch 1/10 Average Loss: 0.3163367807865143 / MA Loss: 0.3163367807865143
2024-01-20 19:37:38,272:INFO:Inc_Learning:213: Epoch: 2/10
2024-01-20 19:37:39,567:INFO:Inc_Learning:256: Epoch 2/10 Train Accuracy:  100.00%
2024-01-20 19:37:39,568:INFO:Inc_Learning:257: Epoch 2/10 Average Loss: 0.007454669568687677 / MA Loss: 0.16189572517760098
2024-01-20 19:37:39,568:INFO:Inc_Learning:213: Epoch: 3/10
2024-01-20 19:37:40,841:INFO:Inc_Learning:256: Epoch 3/10 Train Accuracy:  100.00%
2024-01-20 19:37:40,841:INFO:Inc_Learning:257: Epoch 3/10 Average Loss: 0.13158383965492249 / MA Loss: 0.15179176333670816
2024-01-20 19:37:40,842:INFO:Inc_Learning:213: Epoch: 4/10
2024-01-20 19:37:42,148:INFO:Inc_Learning:256: Epoch 4/10 Train Accuracy:  100.00%
2024-01-20 19:37:42,148:INFO:Inc_Learning:257: Epoch 4/10 Average Loss: 0.03113928996026516 / MA Loss: 0.1216286449925974
2024-01-20 19:37:42,149:INFO:Inc_Learning:213: Epoch: 5/10
2024-01-20 19:37:43,453:INFO:Inc_Learning:256: Epoch 5/10 Train Accuracy:  100.00%
2024-01-20 19:37:43,453:INFO:Inc_Learning:257: Epoch 5/10 Average Loss: 0.04476027563214302 / MA Loss: 0.10625497112050653
2024-01-20 19:37:43,453:INFO:Inc_Learning:213: Epoch: 6/10
2024-01-20 19:37:44,754:INFO:Inc_Learning:256: Epoch 6/10 Train Accuracy:  90.00%
2024-01-20 19:37:44,754:INFO:Inc_Learning:257: Epoch 6/10 Average Loss: 0.15132859349250793 / MA Loss: 0.1137672415158401
2024-01-20 19:37:44,754:INFO:Inc_Learning:213: Epoch: 7/10
2024-01-20 19:37:46,077:INFO:Inc_Learning:256: Epoch 7/10 Train Accuracy:  90.00%
2024-01-20 19:37:46,077:INFO:Inc_Learning:257: Epoch 7/10 Average Loss: 0.20849809050559998 / MA Loss: 0.12730021994294866
2024-01-20 19:37:46,077:INFO:Inc_Learning:213: Epoch: 8/10
2024-01-20 19:37:47,415:INFO:Inc_Learning:256: Epoch 8/10 Train Accuracy:  100.00%
2024-01-20 19:37:47,415:INFO:Inc_Learning:257: Epoch 8/10 Average Loss: 0.0033374004997313023 / MA Loss: 0.11180486751254648
2024-01-20 19:37:47,415:INFO:Inc_Learning:213: Epoch: 9/10
2024-01-20 19:37:48,690:INFO:Inc_Learning:256: Epoch 9/10 Train Accuracy:  100.00%
2024-01-20 19:37:48,690:INFO:Inc_Learning:257: Epoch 9/10 Average Loss: 0.004388969391584396 / MA Loss: 0.09986976772132847
2024-01-20 19:37:48,690:INFO:Inc_Learning:213: Epoch: 10/10
2024-01-20 19:37:49,965:INFO:Inc_Learning:256: Epoch 10/10 Train Accuracy:  100.00%
2024-01-20 19:37:49,965:INFO:Inc_Learning:257: Epoch 10/10 Average Loss: 0.017180204391479492 / MA Loss: 0.09160081138834357
2024-01-20 19:37:50,004:INFO:Inc_Learning:576: Statistics for task identification ...
2024-01-20 19:37:51,301:INFO:Inc_Learning:270: The pseudo-labeling phase is started ...
2024-01-20 19:38:12,892:INFO:Inc_Learning:351: The training of the PredictionNet is started.
2024-01-20 19:38:12,955:WARNING:Inc_Learning:388: The program uses all the 1 samples in class 140 as outliers!
2024-01-20 19:38:12,956:WARNING:Inc_Learning:388: The program uses all the 1 samples in class 148 as outliers!
2024-01-20 19:38:12,958:INFO:Inc_Learning:463: Epoch: 000/500, MA loss: 0.04982262849807739
2024-01-20 19:38:13,003:INFO:Inc_Learning:463: Epoch: 050/500, MA loss: 0.00015526747156400234
2024-01-20 19:38:13,047:INFO:Inc_Learning:463: Epoch: 100/500, MA loss: 9.628108330161922e-07
2024-01-20 19:38:13,090:INFO:Inc_Learning:463: Epoch: 150/500, MA loss: 5.504873623607409e-09
2024-01-20 19:38:13,134:INFO:Inc_Learning:463: Epoch: 200/500, MA loss: 1.507619927232362e-08
2024-01-20 19:38:13,177:INFO:Inc_Learning:463: Epoch: 250/500, MA loss: 1.8925415184653516e-10
2024-01-20 19:38:13,220:INFO:Inc_Learning:463: Epoch: 300/500, MA loss: 1.6422364843838558e-12
2024-01-20 19:38:13,264:INFO:Inc_Learning:463: Epoch: 350/500, MA loss: 1.462428858772805e-14
2024-01-20 19:38:13,307:INFO:Inc_Learning:463: Epoch: 400/500, MA loss: 1.2840426605320588e-08
2024-01-20 19:38:13,350:INFO:Inc_Learning:463: Epoch: 450/500, MA loss: 3.2997368573650655e-09
2024-01-20 19:38:13,393:INFO:Inc_Learning:463: Epoch: 499/500, MA loss: 1.9854231919549242e-11
2024-01-20 19:38:13,393:INFO:Inc_Learning:576: Statistics for task identification ...
2024-01-20 19:38:13,557:INFO:Inc_Learning:496: Evaluating the test set after task 5 ...
2024-01-20 19:38:42,923:INFO:Inc_Learning:544: Evaluation Accuracy (oracle) after task 5:  68.05%
2024-01-20 19:38:42,924:INFO:Inc_Learning:555: Evaluation Accuracy after task 5:  55.62%
2024-01-20 19:38:42,924:INFO:Inc_Learning:556: Accuracy of task-id detection after task 5:  74.32%
2024-01-20 19:38:42,924:INFO:Inc_Learning:562: Accuracy (Oracle) for task 0 =  79.54%
2024-01-20 19:38:42,924:INFO:Inc_Learning:566: Accuracy of task 0 =  77.76%
2024-01-20 19:38:42,924:INFO:Inc_Learning:562: Accuracy (Oracle) for task 1 =  69.89%
2024-01-20 19:38:42,924:INFO:Inc_Learning:566: Accuracy of task 1 =  11.47%
2024-01-20 19:38:42,925:INFO:Inc_Learning:562: Accuracy (Oracle) for task 2 =  34.49%
2024-01-20 19:38:42,925:INFO:Inc_Learning:566: Accuracy of task 2 =  8.71%
2024-01-20 19:38:42,925:INFO:Inc_Learning:562: Accuracy (Oracle) for task 3 =  26.17%
2024-01-20 19:38:42,925:INFO:Inc_Learning:566: Accuracy of task 3 =  9.73%
2024-01-20 19:38:42,925:INFO:Inc_Learning:562: Accuracy (Oracle) for task 4 =  59.00%
2024-01-20 19:38:42,925:INFO:Inc_Learning:566: Accuracy of task 4 =  19.00%
2024-01-20 19:38:42,926:INFO:Inc_Learning:562: Accuracy (Oracle) for task 5 =  39.26%
2024-01-20 19:38:42,926:INFO:Inc_Learning:566: Accuracy of task 5 =  12.08%
2024-01-20 19:38:42,929:INFO:Inc_Learning:692: The incremental learning phase for task 5 is finished!
2024-01-20 19:38:42,929:INFO:Inc_Learning:557: Estimated remaining time: 4 minutes and 18 seconds
2024-01-20 19:38:42,929:INFO:Inc_Learning:681: The incremental learning phase for task 6 is started ...
2024-01-20 19:38:42,930:INFO:Inc_Learning:322: Prefixes are copied from task 5.
2024-01-20 19:38:42,930:INFO:Inc_Learning:269: The PredictionNet is copied from the previous task.
2024-01-20 19:38:42,957:INFO:Inc_Learning:142: The session file "data/index_list/cub200/num_base_classes=100,num_tasks=11,num_shots=1,seed=48/train_samples_for_task=7.txt" is loaded!
2024-01-20 19:38:42,991:INFO:Inc_Learning:142: The session file "data/index_list/cub200/num_base_classes=100,num_tasks=11,num_shots=1,seed=48/test_samples_for_task=7.txt" is loaded!
2024-01-20 19:38:44,582:INFO:Inc_Learning:213: Epoch: 1/10
2024-01-20 19:38:45,779:INFO:Inc_Learning:256: Epoch 1/10 Train Accuracy:  80.00%
2024-01-20 19:38:45,779:INFO:Inc_Learning:257: Epoch 1/10 Average Loss: 0.5875436067581177 / MA Loss: 0.5875436067581177
2024-01-20 19:38:45,780:INFO:Inc_Learning:213: Epoch: 2/10
2024-01-20 19:38:47,082:INFO:Inc_Learning:256: Epoch 2/10 Train Accuracy:  100.00%
2024-01-20 19:38:47,082:INFO:Inc_Learning:257: Epoch 2/10 Average Loss: 0.08163847029209137 / MA Loss: 0.3345910385251045
2024-01-20 19:38:47,082:INFO:Inc_Learning:213: Epoch: 3/10
2024-01-20 19:38:48,416:INFO:Inc_Learning:256: Epoch 3/10 Train Accuracy:  80.00%
2024-01-20 19:38:48,417:INFO:Inc_Learning:257: Epoch 3/10 Average Loss: 0.3657812476158142 / MA Loss: 0.34498777488867444
2024-01-20 19:38:48,417:INFO:Inc_Learning:213: Epoch: 4/10
2024-01-20 19:38:49,737:INFO:Inc_Learning:256: Epoch 4/10 Train Accuracy:  100.00%
2024-01-20 19:38:49,737:INFO:Inc_Learning:257: Epoch 4/10 Average Loss: 0.1473795622587204 / MA Loss: 0.2955857217311859
2024-01-20 19:38:49,737:INFO:Inc_Learning:213: Epoch: 5/10
2024-01-20 19:38:51,031:INFO:Inc_Learning:256: Epoch 5/10 Train Accuracy:  100.00%
2024-01-20 19:38:51,031:INFO:Inc_Learning:257: Epoch 5/10 Average Loss: 0.10112209618091583 / MA Loss: 0.2566929966211319
2024-01-20 19:38:51,031:INFO:Inc_Learning:213: Epoch: 6/10
2024-01-20 19:38:52,355:INFO:Inc_Learning:256: Epoch 6/10 Train Accuracy:  80.00%
2024-01-20 19:38:52,356:INFO:Inc_Learning:257: Epoch 6/10 Average Loss: 0.7935872077941895 / MA Loss: 0.3461753651499748
2024-01-20 19:38:52,356:INFO:Inc_Learning:213: Epoch: 7/10
2024-01-20 19:38:53,647:INFO:Inc_Learning:256: Epoch 7/10 Train Accuracy:  100.00%
2024-01-20 19:38:53,647:INFO:Inc_Learning:257: Epoch 7/10 Average Loss: 0.004320433363318443 / MA Loss: 0.29733894632330965
2024-01-20 19:38:53,647:INFO:Inc_Learning:213: Epoch: 8/10
2024-01-20 19:38:54,965:INFO:Inc_Learning:256: Epoch 8/10 Train Accuracy:  100.00%
2024-01-20 19:38:54,966:INFO:Inc_Learning:257: Epoch 8/10 Average Loss: 0.019482750445604324 / MA Loss: 0.26260692183859646
2024-01-20 19:38:54,966:INFO:Inc_Learning:213: Epoch: 9/10
2024-01-20 19:38:56,255:INFO:Inc_Learning:256: Epoch 9/10 Train Accuracy:  100.00%
2024-01-20 19:38:56,255:INFO:Inc_Learning:257: Epoch 9/10 Average Loss: 0.17921581864356995 / MA Loss: 0.25334124370581573
2024-01-20 19:38:56,255:INFO:Inc_Learning:213: Epoch: 10/10
2024-01-20 19:38:57,524:INFO:Inc_Learning:256: Epoch 10/10 Train Accuracy:  80.00%
2024-01-20 19:38:57,525:INFO:Inc_Learning:257: Epoch 10/10 Average Loss: 0.3981351852416992 / MA Loss: 0.2678206378594041
2024-01-20 19:38:57,563:INFO:Inc_Learning:576: Statistics for task identification ...
2024-01-20 19:38:58,808:INFO:Inc_Learning:270: The pseudo-labeling phase is started ...
2024-01-20 19:39:21,703:INFO:Inc_Learning:351: The training of the PredictionNet is started.
2024-01-20 19:39:21,757:WARNING:Inc_Learning:388: The program uses all the 1 samples in class 150 as outliers!
2024-01-20 19:39:21,758:WARNING:Inc_Learning:388: The program uses all the 1 samples in class 153 as outliers!
2024-01-20 19:39:21,758:WARNING:Inc_Learning:388: The program uses all the 1 samples in class 154 as outliers!
2024-01-20 19:39:21,758:WARNING:Inc_Learning:388: The program uses all the 1 samples in class 155 as outliers!
2024-01-20 19:39:21,759:WARNING:Inc_Learning:388: The program uses all the 1 samples in class 156 as outliers!
2024-01-20 19:39:21,761:INFO:Inc_Learning:463: Epoch: 000/500, MA loss: 0.041658759117126465
2024-01-20 19:39:21,806:INFO:Inc_Learning:463: Epoch: 050/500, MA loss: 0.00012730171220027843
2024-01-20 19:39:21,850:INFO:Inc_Learning:463: Epoch: 100/500, MA loss: 7.763251318237963e-07
2024-01-20 19:39:21,894:INFO:Inc_Learning:463: Epoch: 150/500, MA loss: 4.407379439186343e-09
2024-01-20 19:39:21,938:INFO:Inc_Learning:463: Epoch: 200/500, MA loss: 2.5107186815698236e-11
2024-01-20 19:39:21,981:INFO:Inc_Learning:463: Epoch: 250/500, MA loss: 1.354718590182869e-13
2024-01-20 19:39:22,024:INFO:Inc_Learning:463: Epoch: 300/500, MA loss: 1.0734130585561172e-15
2024-01-20 19:39:22,067:INFO:Inc_Learning:463: Epoch: 350/500, MA loss: 3.129390461034223e-16
2024-01-20 19:39:22,110:INFO:Inc_Learning:463: Epoch: 400/500, MA loss: 3.029064384750516e-16
2024-01-20 19:39:22,153:INFO:Inc_Learning:463: Epoch: 450/500, MA loss: 3.244008153660037e-16
2024-01-20 19:39:22,195:INFO:Inc_Learning:463: Epoch: 499/500, MA loss: 3.55057187658403e-16
2024-01-20 19:39:22,196:INFO:Inc_Learning:576: Statistics for task identification ...
2024-01-20 19:39:22,295:INFO:Inc_Learning:496: Evaluating the test set after task 6 ...
2024-01-20 19:39:53,929:INFO:Inc_Learning:544: Evaluation Accuracy (oracle) after task 6:  66.32%
2024-01-20 19:39:53,929:INFO:Inc_Learning:555: Evaluation Accuracy after task 6:  52.80%
2024-01-20 19:39:53,929:INFO:Inc_Learning:556: Accuracy of task-id detection after task 6:  70.39%
2024-01-20 19:39:53,930:INFO:Inc_Learning:562: Accuracy (Oracle) for task 0 =  79.36%
2024-01-20 19:39:53,930:INFO:Inc_Learning:566: Accuracy of task 0 =  77.90%
2024-01-20 19:39:53,930:INFO:Inc_Learning:562: Accuracy (Oracle) for task 1 =  70.25%
2024-01-20 19:39:53,930:INFO:Inc_Learning:566: Accuracy of task 1 =  10.04%
2024-01-20 19:39:53,930:INFO:Inc_Learning:562: Accuracy (Oracle) for task 2 =  35.19%
2024-01-20 19:39:53,931:INFO:Inc_Learning:566: Accuracy of task 2 =  8.01%
2024-01-20 19:39:53,931:INFO:Inc_Learning:562: Accuracy (Oracle) for task 3 =  25.17%
2024-01-20 19:39:53,931:INFO:Inc_Learning:566: Accuracy of task 3 =  9.06%
2024-01-20 19:39:53,931:INFO:Inc_Learning:562: Accuracy (Oracle) for task 4 =  58.33%
2024-01-20 19:39:53,931:INFO:Inc_Learning:566: Accuracy of task 4 =  18.33%
2024-01-20 19:39:53,931:INFO:Inc_Learning:562: Accuracy (Oracle) for task 5 =  38.93%
2024-01-20 19:39:53,932:INFO:Inc_Learning:566: Accuracy of task 5 =  11.41%
2024-01-20 19:39:53,932:INFO:Inc_Learning:562: Accuracy (Oracle) for task 6 =  43.06%
2024-01-20 19:39:53,932:INFO:Inc_Learning:566: Accuracy of task 6 =  13.19%
2024-01-20 19:39:53,945:INFO:Inc_Learning:692: The incremental learning phase for task 6 is finished!
2024-01-20 19:39:53,945:INFO:Inc_Learning:557: Estimated remaining time: 3 minutes and 36 seconds
2024-01-20 19:39:53,946:INFO:Inc_Learning:681: The incremental learning phase for task 7 is started ...
2024-01-20 19:39:53,946:INFO:Inc_Learning:322: Prefixes are copied from task 6.
2024-01-20 19:39:53,946:INFO:Inc_Learning:269: The PredictionNet is copied from the previous task.
2024-01-20 19:39:53,973:INFO:Inc_Learning:142: The session file "data/index_list/cub200/num_base_classes=100,num_tasks=11,num_shots=1,seed=48/train_samples_for_task=8.txt" is loaded!
2024-01-20 19:39:54,005:INFO:Inc_Learning:142: The session file "data/index_list/cub200/num_base_classes=100,num_tasks=11,num_shots=1,seed=48/test_samples_for_task=8.txt" is loaded!
2024-01-20 19:39:55,593:INFO:Inc_Learning:213: Epoch: 1/10
2024-01-20 19:39:56,946:INFO:Inc_Learning:256: Epoch 1/10 Train Accuracy:  100.00%
2024-01-20 19:39:56,946:INFO:Inc_Learning:257: Epoch 1/10 Average Loss: 0.03880874067544937 / MA Loss: 0.03880874067544937
2024-01-20 19:39:56,946:INFO:Inc_Learning:213: Epoch: 2/10
2024-01-20 19:39:58,283:INFO:Inc_Learning:256: Epoch 2/10 Train Accuracy:  90.00%
2024-01-20 19:39:58,283:INFO:Inc_Learning:257: Epoch 2/10 Average Loss: 0.47306936979293823 / MA Loss: 0.2559390552341938
2024-01-20 19:39:58,284:INFO:Inc_Learning:213: Epoch: 3/10
2024-01-20 19:39:59,581:INFO:Inc_Learning:256: Epoch 3/10 Train Accuracy:  80.00%
2024-01-20 19:39:59,581:INFO:Inc_Learning:257: Epoch 3/10 Average Loss: 0.30924496054649353 / MA Loss: 0.27370769033829373
2024-01-20 19:39:59,581:INFO:Inc_Learning:213: Epoch: 4/10
2024-01-20 19:40:00,898:INFO:Inc_Learning:256: Epoch 4/10 Train Accuracy:  100.00%
2024-01-20 19:40:00,898:INFO:Inc_Learning:257: Epoch 4/10 Average Loss: 0.12583783268928528 / MA Loss: 0.2367402259260416
2024-01-20 19:40:00,899:INFO:Inc_Learning:213: Epoch: 5/10
2024-01-20 19:40:02,233:INFO:Inc_Learning:256: Epoch 5/10 Train Accuracy:  100.00%
2024-01-20 19:40:02,234:INFO:Inc_Learning:257: Epoch 5/10 Average Loss: 0.01226310059428215 / MA Loss: 0.19184480085968972
2024-01-20 19:40:02,234:INFO:Inc_Learning:213: Epoch: 6/10
2024-01-20 19:40:03,543:INFO:Inc_Learning:256: Epoch 6/10 Train Accuracy:  100.00%
2024-01-20 19:40:03,543:INFO:Inc_Learning:257: Epoch 6/10 Average Loss: 0.059604011476039886 / MA Loss: 0.16980466929574808
2024-01-20 19:40:03,543:INFO:Inc_Learning:213: Epoch: 7/10
2024-01-20 19:40:04,848:INFO:Inc_Learning:256: Epoch 7/10 Train Accuracy:  100.00%
2024-01-20 19:40:04,849:INFO:Inc_Learning:257: Epoch 7/10 Average Loss: 0.022350898012518883 / MA Loss: 0.14873984482671535
2024-01-20 19:40:04,849:INFO:Inc_Learning:213: Epoch: 8/10
2024-01-20 19:40:06,125:INFO:Inc_Learning:256: Epoch 8/10 Train Accuracy:  90.00%
2024-01-20 19:40:06,125:INFO:Inc_Learning:257: Epoch 8/10 Average Loss: 0.15664201974868774 / MA Loss: 0.14972761669196188
2024-01-20 19:40:06,125:INFO:Inc_Learning:213: Epoch: 9/10
2024-01-20 19:40:07,455:INFO:Inc_Learning:256: Epoch 9/10 Train Accuracy:  100.00%
2024-01-20 19:40:07,456:INFO:Inc_Learning:257: Epoch 9/10 Average Loss: 0.08361627161502838 / MA Loss: 0.14238191168341371
2024-01-20 19:40:07,456:INFO:Inc_Learning:213: Epoch: 10/10
2024-01-20 19:40:08,798:INFO:Inc_Learning:256: Epoch 10/10 Train Accuracy:  90.00%
2024-01-20 19:40:08,798:INFO:Inc_Learning:257: Epoch 10/10 Average Loss: 0.13650469481945038 / MA Loss: 0.14179418999701737
2024-01-20 19:40:08,834:INFO:Inc_Learning:576: Statistics for task identification ...
2024-01-20 19:40:10,121:INFO:Inc_Learning:270: The pseudo-labeling phase is started ...
2024-01-20 19:40:34,642:INFO:Inc_Learning:351: The training of the PredictionNet is started.
2024-01-20 19:40:34,750:INFO:Inc_Learning:463: Epoch: 000/500, MA loss: 0.06351252645254135
2024-01-20 19:40:34,793:INFO:Inc_Learning:463: Epoch: 050/500, MA loss: 0.00021388357417890803
2024-01-20 19:40:34,837:INFO:Inc_Learning:463: Epoch: 100/500, MA loss: 1.3069483543404204e-06
2024-01-20 19:40:34,882:INFO:Inc_Learning:463: Epoch: 150/500, MA loss: 7.3948355883146634e-09
2024-01-20 19:40:34,925:INFO:Inc_Learning:463: Epoch: 200/500, MA loss: 4.103780475162022e-11
2024-01-20 19:40:34,968:INFO:Inc_Learning:463: Epoch: 250/500, MA loss: 2.1726000854057833e-13
2024-01-20 19:40:35,012:INFO:Inc_Learning:463: Epoch: 300/500, MA loss: 1.5510779662210706e-15
2024-01-20 19:40:35,056:INFO:Inc_Learning:463: Epoch: 350/500, MA loss: 3.6773636031838155e-16
2024-01-20 19:40:35,100:INFO:Inc_Learning:463: Epoch: 400/500, MA loss: 3.50379919369268e-16
2024-01-20 19:40:35,143:INFO:Inc_Learning:463: Epoch: 450/500, MA loss: 3.8387398703084513e-16
2024-01-20 19:40:35,186:INFO:Inc_Learning:463: Epoch: 499/500, MA loss: 4.3181645683306645e-16
2024-01-20 19:40:35,186:INFO:Inc_Learning:576: Statistics for task identification ...
2024-01-20 19:40:35,330:INFO:Inc_Learning:496: Evaluating the test set after task 7 ...
2024-01-20 19:41:09,336:INFO:Inc_Learning:544: Evaluation Accuracy (oracle) after task 7:  64.57%
2024-01-20 19:41:09,338:INFO:Inc_Learning:555: Evaluation Accuracy after task 7:  50.44%
2024-01-20 19:41:09,338:INFO:Inc_Learning:556: Accuracy of task-id detection after task 7:  68.66%
2024-01-20 19:41:09,339:INFO:Inc_Learning:562: Accuracy (Oracle) for task 0 =  79.36%
2024-01-20 19:41:09,339:INFO:Inc_Learning:566: Accuracy of task 0 =  77.51%
2024-01-20 19:41:09,339:INFO:Inc_Learning:562: Accuracy (Oracle) for task 1 =  69.53%
2024-01-20 19:41:09,339:INFO:Inc_Learning:566: Accuracy of task 1 =  10.04%
2024-01-20 19:41:09,339:INFO:Inc_Learning:562: Accuracy (Oracle) for task 2 =  34.49%
2024-01-20 19:41:09,340:INFO:Inc_Learning:566: Accuracy of task 2 =  7.67%
2024-01-20 19:41:09,340:INFO:Inc_Learning:562: Accuracy (Oracle) for task 3 =  25.50%
2024-01-20 19:41:09,340:INFO:Inc_Learning:566: Accuracy of task 3 =  9.06%
2024-01-20 19:41:09,340:INFO:Inc_Learning:562: Accuracy (Oracle) for task 4 =  60.00%
2024-01-20 19:41:09,340:INFO:Inc_Learning:566: Accuracy of task 4 =  16.00%
2024-01-20 19:41:09,340:INFO:Inc_Learning:562: Accuracy (Oracle) for task 5 =  39.26%
2024-01-20 19:41:09,341:INFO:Inc_Learning:566: Accuracy of task 5 =  10.40%
2024-01-20 19:41:09,341:INFO:Inc_Learning:562: Accuracy (Oracle) for task 6 =  43.06%
2024-01-20 19:41:09,341:INFO:Inc_Learning:566: Accuracy of task 6 =  10.07%
2024-01-20 19:41:09,341:INFO:Inc_Learning:562: Accuracy (Oracle) for task 7 =  36.36%
2024-01-20 19:41:09,341:INFO:Inc_Learning:566: Accuracy of task 7 =  24.24%
2024-01-20 19:41:09,352:INFO:Inc_Learning:692: The incremental learning phase for task 7 is finished!
2024-01-20 19:41:09,352:INFO:Inc_Learning:557: Estimated remaining time: 2 minutes and 49 seconds
2024-01-20 19:41:09,352:INFO:Inc_Learning:681: The incremental learning phase for task 8 is started ...
2024-01-20 19:41:09,353:INFO:Inc_Learning:322: Prefixes are copied from task 7.
2024-01-20 19:41:09,353:INFO:Inc_Learning:269: The PredictionNet is copied from the previous task.
2024-01-20 19:41:09,380:INFO:Inc_Learning:142: The session file "data/index_list/cub200/num_base_classes=100,num_tasks=11,num_shots=1,seed=48/train_samples_for_task=9.txt" is loaded!
2024-01-20 19:41:09,414:INFO:Inc_Learning:142: The session file "data/index_list/cub200/num_base_classes=100,num_tasks=11,num_shots=1,seed=48/test_samples_for_task=9.txt" is loaded!
2024-01-20 19:41:10,884:INFO:Inc_Learning:213: Epoch: 1/10
2024-01-20 19:41:12,213:INFO:Inc_Learning:256: Epoch 1/10 Train Accuracy:  100.00%
2024-01-20 19:41:12,213:INFO:Inc_Learning:257: Epoch 1/10 Average Loss: 0.04982052370905876 / MA Loss: 0.04982052370905876
2024-01-20 19:41:12,213:INFO:Inc_Learning:213: Epoch: 2/10
2024-01-20 19:41:13,559:INFO:Inc_Learning:256: Epoch 2/10 Train Accuracy:  90.00%
2024-01-20 19:41:13,559:INFO:Inc_Learning:257: Epoch 2/10 Average Loss: 0.2696889340877533 / MA Loss: 0.15975472889840603
2024-01-20 19:41:13,560:INFO:Inc_Learning:213: Epoch: 3/10
2024-01-20 19:41:14,900:INFO:Inc_Learning:256: Epoch 3/10 Train Accuracy:  100.00%
2024-01-20 19:41:14,901:INFO:Inc_Learning:257: Epoch 3/10 Average Loss: 0.02213389053940773 / MA Loss: 0.11388111611207326
2024-01-20 19:41:14,901:INFO:Inc_Learning:213: Epoch: 4/10
2024-01-20 19:41:16,229:INFO:Inc_Learning:256: Epoch 4/10 Train Accuracy:  100.00%
2024-01-20 19:41:16,229:INFO:Inc_Learning:257: Epoch 4/10 Average Loss: 0.11739633977413177 / MA Loss: 0.11475992202758789
2024-01-20 19:41:16,229:INFO:Inc_Learning:213: Epoch: 5/10
2024-01-20 19:41:17,685:INFO:Inc_Learning:256: Epoch 5/10 Train Accuracy:  100.00%
2024-01-20 19:41:17,685:INFO:Inc_Learning:257: Epoch 5/10 Average Loss: 0.00938509963452816 / MA Loss: 0.09368495754897595
2024-01-20 19:41:17,685:INFO:Inc_Learning:213: Epoch: 6/10
2024-01-20 19:41:19,026:INFO:Inc_Learning:256: Epoch 6/10 Train Accuracy:  100.00%
2024-01-20 19:41:19,026:INFO:Inc_Learning:257: Epoch 6/10 Average Loss: 0.003395847277715802 / MA Loss: 0.07863677250376593
2024-01-20 19:41:19,027:INFO:Inc_Learning:213: Epoch: 7/10
2024-01-20 19:41:20,330:INFO:Inc_Learning:256: Epoch 7/10 Train Accuracy:  100.00%
2024-01-20 19:41:20,331:INFO:Inc_Learning:257: Epoch 7/10 Average Loss: 0.01843004859983921 / MA Loss: 0.07003581194606211
2024-01-20 19:41:20,331:INFO:Inc_Learning:213: Epoch: 8/10
2024-01-20 19:41:21,546:INFO:Inc_Learning:256: Epoch 8/10 Train Accuracy:  100.00%
2024-01-20 19:41:21,547:INFO:Inc_Learning:257: Epoch 8/10 Average Loss: 0.014705872163176537 / MA Loss: 0.06311956947320141
2024-01-20 19:41:21,547:INFO:Inc_Learning:213: Epoch: 9/10
2024-01-20 19:41:22,852:INFO:Inc_Learning:256: Epoch 9/10 Train Accuracy:  100.00%
2024-01-20 19:41:22,852:INFO:Inc_Learning:257: Epoch 9/10 Average Loss: 0.1718061864376068 / MA Loss: 0.07519586024702424
2024-01-20 19:41:22,852:INFO:Inc_Learning:213: Epoch: 10/10
2024-01-20 19:41:24,155:INFO:Inc_Learning:256: Epoch 10/10 Train Accuracy:  100.00%
2024-01-20 19:41:24,156:INFO:Inc_Learning:257: Epoch 10/10 Average Loss: 0.005479323677718639 / MA Loss: 0.06822420659009368
2024-01-20 19:41:24,193:INFO:Inc_Learning:576: Statistics for task identification ...
2024-01-20 19:41:25,540:INFO:Inc_Learning:270: The pseudo-labeling phase is started ...
2024-01-20 19:41:51,373:INFO:Inc_Learning:351: The training of the PredictionNet is started.
2024-01-20 19:41:51,409:WARNING:Inc_Learning:388: The program uses all the 1 samples in class 170 as outliers!
2024-01-20 19:41:51,409:WARNING:Inc_Learning:388: The program uses all the 1 samples in class 171 as outliers!
2024-01-20 19:41:51,409:WARNING:Inc_Learning:388: The program uses all the 1 samples in class 172 as outliers!
2024-01-20 19:41:51,409:WARNING:Inc_Learning:388: The program uses all the 1 samples in class 173 as outliers!
2024-01-20 19:41:51,410:WARNING:Inc_Learning:388: The program uses all the 1 samples in class 174 as outliers!
2024-01-20 19:41:51,410:WARNING:Inc_Learning:388: The program uses all the 1 samples in class 175 as outliers!
2024-01-20 19:41:51,410:WARNING:Inc_Learning:388: The program uses all the 1 samples in class 176 as outliers!
2024-01-20 19:41:51,410:WARNING:Inc_Learning:388: The program uses all the 1 samples in class 177 as outliers!
2024-01-20 19:41:51,410:WARNING:Inc_Learning:388: The program uses all the 1 samples in class 178 as outliers!
2024-01-20 19:41:51,413:INFO:Inc_Learning:463: Epoch: 000/500, MA loss: 0.04682487994432449
2024-01-20 19:41:51,457:INFO:Inc_Learning:463: Epoch: 050/500, MA loss: 0.00014082513298490084
2024-01-20 19:41:51,500:INFO:Inc_Learning:463: Epoch: 100/500, MA loss: 8.772731689532521e-07
2024-01-20 19:41:51,543:INFO:Inc_Learning:463: Epoch: 150/500, MA loss: 4.965325972605683e-09
2024-01-20 19:41:51,587:INFO:Inc_Learning:463: Epoch: 200/500, MA loss: 2.8472420254832544e-11
2024-01-20 19:41:51,630:INFO:Inc_Learning:463: Epoch: 250/500, MA loss: 1.571955903661472e-13
2024-01-20 19:41:51,673:INFO:Inc_Learning:463: Epoch: 300/500, MA loss: 1.2745692380787944e-15
2024-01-20 19:41:51,717:INFO:Inc_Learning:463: Epoch: 350/500, MA loss: 3.2226091177388364e-14
2024-01-20 19:41:51,761:INFO:Inc_Learning:463: Epoch: 400/500, MA loss: 1.202097265045471e-10
2024-01-20 19:41:51,805:INFO:Inc_Learning:463: Epoch: 450/500, MA loss: 1.2508665598546382e-12
2024-01-20 19:41:51,848:INFO:Inc_Learning:463: Epoch: 499/500, MA loss: 3.1208614911099055e-10
2024-01-20 19:41:51,848:INFO:Inc_Learning:576: Statistics for task identification ...
2024-01-20 19:41:51,929:INFO:Inc_Learning:496: Evaluating the test set after task 8 ...
2024-01-20 19:42:28,642:INFO:Inc_Learning:544: Evaluation Accuracy (oracle) after task 8:  63.25%
2024-01-20 19:42:28,643:INFO:Inc_Learning:555: Evaluation Accuracy after task 8:  47.68%
2024-01-20 19:42:28,643:INFO:Inc_Learning:556: Accuracy of task-id detection after task 8:  64.41%
2024-01-20 19:42:28,643:INFO:Inc_Learning:562: Accuracy (Oracle) for task 0 =  79.40%
2024-01-20 19:42:28,643:INFO:Inc_Learning:566: Accuracy of task 0 =  77.93%
2024-01-20 19:42:28,644:INFO:Inc_Learning:562: Accuracy (Oracle) for task 1 =  69.89%
2024-01-20 19:42:28,644:INFO:Inc_Learning:566: Accuracy of task 1 =  10.04%
2024-01-20 19:42:28,644:INFO:Inc_Learning:562: Accuracy (Oracle) for task 2 =  34.84%
2024-01-20 19:42:28,644:INFO:Inc_Learning:566: Accuracy of task 2 =  8.36%
2024-01-20 19:42:28,644:INFO:Inc_Learning:562: Accuracy (Oracle) for task 3 =  25.84%
2024-01-20 19:42:28,644:INFO:Inc_Learning:566: Accuracy of task 3 =  9.06%
2024-01-20 19:42:28,645:INFO:Inc_Learning:562: Accuracy (Oracle) for task 4 =  60.33%
2024-01-20 19:42:28,645:INFO:Inc_Learning:566: Accuracy of task 4 =  15.33%
2024-01-20 19:42:28,645:INFO:Inc_Learning:562: Accuracy (Oracle) for task 5 =  39.93%
2024-01-20 19:42:28,645:INFO:Inc_Learning:566: Accuracy of task 5 =  9.73%
2024-01-20 19:42:28,645:INFO:Inc_Learning:562: Accuracy (Oracle) for task 6 =  43.06%
2024-01-20 19:42:28,645:INFO:Inc_Learning:566: Accuracy of task 6 =  10.07%
2024-01-20 19:42:28,646:INFO:Inc_Learning:562: Accuracy (Oracle) for task 7 =  36.70%
2024-01-20 19:42:28,646:INFO:Inc_Learning:566: Accuracy of task 7 =  18.86%
2024-01-20 19:42:28,646:INFO:Inc_Learning:562: Accuracy (Oracle) for task 8 =  38.64%
2024-01-20 19:42:28,646:INFO:Inc_Learning:566: Accuracy of task 8 =  3.73%
2024-01-20 19:42:28,656:INFO:Inc_Learning:692: The incremental learning phase for task 8 is finished!
2024-01-20 19:42:28,657:INFO:Inc_Learning:557: Estimated remaining time: 1 minute and 57 seconds
2024-01-20 19:42:28,657:INFO:Inc_Learning:681: The incremental learning phase for task 9 is started ...
2024-01-20 19:42:28,657:INFO:Inc_Learning:322: Prefixes are copied from task 8.
2024-01-20 19:42:28,658:INFO:Inc_Learning:269: The PredictionNet is copied from the previous task.
2024-01-20 19:42:28,690:INFO:Inc_Learning:142: The session file "data/index_list/cub200/num_base_classes=100,num_tasks=11,num_shots=1,seed=48/train_samples_for_task=10.txt" is loaded!
2024-01-20 19:42:28,724:INFO:Inc_Learning:142: The session file "data/index_list/cub200/num_base_classes=100,num_tasks=11,num_shots=1,seed=48/test_samples_for_task=10.txt" is loaded!
2024-01-20 19:42:30,283:INFO:Inc_Learning:213: Epoch: 1/10
2024-01-20 19:42:31,468:INFO:Inc_Learning:256: Epoch 1/10 Train Accuracy:  90.00%
2024-01-20 19:42:31,468:INFO:Inc_Learning:257: Epoch 1/10 Average Loss: 0.17335978150367737 / MA Loss: 0.17335978150367737
2024-01-20 19:42:31,468:INFO:Inc_Learning:213: Epoch: 2/10
2024-01-20 19:42:32,816:INFO:Inc_Learning:256: Epoch 2/10 Train Accuracy:  90.00%
2024-01-20 19:42:32,817:INFO:Inc_Learning:257: Epoch 2/10 Average Loss: 0.3589829206466675 / MA Loss: 0.2661713510751724
2024-01-20 19:42:32,817:INFO:Inc_Learning:213: Epoch: 3/10
2024-01-20 19:42:34,071:INFO:Inc_Learning:256: Epoch 3/10 Train Accuracy:  90.00%
2024-01-20 19:42:34,071:INFO:Inc_Learning:257: Epoch 3/10 Average Loss: 0.28141170740127563 / MA Loss: 0.27125146985054016
2024-01-20 19:42:34,071:INFO:Inc_Learning:213: Epoch: 4/10
2024-01-20 19:42:35,415:INFO:Inc_Learning:256: Epoch 4/10 Train Accuracy:  90.00%
2024-01-20 19:42:35,415:INFO:Inc_Learning:257: Epoch 4/10 Average Loss: 0.11956038326025009 / MA Loss: 0.23332869820296764
2024-01-20 19:42:35,415:INFO:Inc_Learning:213: Epoch: 5/10
2024-01-20 19:42:36,767:INFO:Inc_Learning:256: Epoch 5/10 Train Accuracy:  100.00%
2024-01-20 19:42:36,767:INFO:Inc_Learning:257: Epoch 5/10 Average Loss: 0.009182318113744259 / MA Loss: 0.18849942218512297
2024-01-20 19:42:36,767:INFO:Inc_Learning:213: Epoch: 6/10
2024-01-20 19:42:38,083:INFO:Inc_Learning:256: Epoch 6/10 Train Accuracy:  100.00%
2024-01-20 19:42:38,083:INFO:Inc_Learning:257: Epoch 6/10 Average Loss: 0.018452772870659828 / MA Loss: 0.16015831396604577
2024-01-20 19:42:38,083:INFO:Inc_Learning:213: Epoch: 7/10
2024-01-20 19:42:39,275:INFO:Inc_Learning:256: Epoch 7/10 Train Accuracy:  100.00%
2024-01-20 19:42:39,275:INFO:Inc_Learning:257: Epoch 7/10 Average Loss: 0.008140199817717075 / MA Loss: 0.13844144051628454
2024-01-20 19:42:39,275:INFO:Inc_Learning:213: Epoch: 8/10
2024-01-20 19:42:40,593:INFO:Inc_Learning:256: Epoch 8/10 Train Accuracy:  100.00%
2024-01-20 19:42:40,594:INFO:Inc_Learning:257: Epoch 8/10 Average Loss: 0.04270925745368004 / MA Loss: 0.12647491763345897
2024-01-20 19:42:40,594:INFO:Inc_Learning:213: Epoch: 9/10
2024-01-20 19:42:41,947:INFO:Inc_Learning:256: Epoch 9/10 Train Accuracy:  100.00%
2024-01-20 19:42:41,947:INFO:Inc_Learning:257: Epoch 9/10 Average Loss: 0.08792790025472641 / MA Loss: 0.12219191570248869
2024-01-20 19:42:41,947:INFO:Inc_Learning:213: Epoch: 10/10
2024-01-20 19:42:43,308:INFO:Inc_Learning:256: Epoch 10/10 Train Accuracy:  100.00%
2024-01-20 19:42:43,309:INFO:Inc_Learning:257: Epoch 10/10 Average Loss: 0.017000505700707436 / MA Loss: 0.11167277470231056
2024-01-20 19:42:43,341:INFO:Inc_Learning:576: Statistics for task identification ...
2024-01-20 19:42:44,613:INFO:Inc_Learning:270: The pseudo-labeling phase is started ...
2024-01-20 19:43:12,215:INFO:Inc_Learning:351: The training of the PredictionNet is started.
2024-01-20 19:43:12,312:WARNING:Inc_Learning:388: The program uses all the 1 samples in class 180 as outliers!
2024-01-20 19:43:12,313:WARNING:Inc_Learning:388: The program uses all the 1 samples in class 181 as outliers!
2024-01-20 19:43:12,313:WARNING:Inc_Learning:388: The program uses all the 1 samples in class 185 as outliers!
2024-01-20 19:43:12,314:WARNING:Inc_Learning:388: The program uses all the 1 samples in class 187 as outliers!
2024-01-20 19:43:12,316:INFO:Inc_Learning:463: Epoch: 000/500, MA loss: 0.05824018642306328
2024-01-20 19:43:12,360:INFO:Inc_Learning:463: Epoch: 050/500, MA loss: 0.00018133089542970993
2024-01-20 19:43:12,404:INFO:Inc_Learning:463: Epoch: 100/500, MA loss: 1.1173137806963495e-06
2024-01-20 19:43:12,447:INFO:Inc_Learning:463: Epoch: 150/500, MA loss: 6.2938266376377784e-09
2024-01-20 19:43:12,490:INFO:Inc_Learning:463: Epoch: 200/500, MA loss: 3.5099185190234915e-11
2024-01-20 19:43:12,534:INFO:Inc_Learning:463: Epoch: 250/500, MA loss: 1.9310579611048207e-13
2024-01-20 19:43:12,577:INFO:Inc_Learning:463: Epoch: 300/500, MA loss: 1.4421485339404547e-15
2024-01-20 19:43:12,621:INFO:Inc_Learning:463: Epoch: 350/500, MA loss: 3.9339866605843887e-16
2024-01-20 19:43:12,664:INFO:Inc_Learning:463: Epoch: 400/500, MA loss: 3.836730072882854e-16
2024-01-20 19:43:12,707:INFO:Inc_Learning:463: Epoch: 450/500, MA loss: 3.990798695603951e-16
2024-01-20 19:43:12,749:INFO:Inc_Learning:463: Epoch: 499/500, MA loss: 4.50770912787448e-16
2024-01-20 19:43:12,750:INFO:Inc_Learning:576: Statistics for task identification ...
2024-01-20 19:43:12,894:INFO:Inc_Learning:496: Evaluating the test set after task 9 ...
2024-01-20 19:43:51,892:INFO:Inc_Learning:544: Evaluation Accuracy (oracle) after task 9:  63.12%
2024-01-20 19:43:51,893:INFO:Inc_Learning:555: Evaluation Accuracy after task 9:  46.03%
2024-01-20 19:43:51,893:INFO:Inc_Learning:556: Accuracy of task-id detection after task 9:  62.60%
2024-01-20 19:43:51,893:INFO:Inc_Learning:562: Accuracy (Oracle) for task 0 =  79.22%
2024-01-20 19:43:51,893:INFO:Inc_Learning:566: Accuracy of task 0 =  77.34%
2024-01-20 19:43:51,893:INFO:Inc_Learning:562: Accuracy (Oracle) for task 1 =  70.25%
2024-01-20 19:43:51,894:INFO:Inc_Learning:566: Accuracy of task 1 =  8.60%
2024-01-20 19:43:51,894:INFO:Inc_Learning:562: Accuracy (Oracle) for task 2 =  34.84%
2024-01-20 19:43:51,894:INFO:Inc_Learning:566: Accuracy of task 2 =  8.01%
2024-01-20 19:43:51,894:INFO:Inc_Learning:562: Accuracy (Oracle) for task 3 =  25.50%
2024-01-20 19:43:51,894:INFO:Inc_Learning:566: Accuracy of task 3 =  10.40%
2024-01-20 19:43:51,894:INFO:Inc_Learning:562: Accuracy (Oracle) for task 4 =  58.00%
2024-01-20 19:43:51,895:INFO:Inc_Learning:566: Accuracy of task 4 =  15.33%
2024-01-20 19:43:51,895:INFO:Inc_Learning:562: Accuracy (Oracle) for task 5 =  38.59%
2024-01-20 19:43:51,895:INFO:Inc_Learning:566: Accuracy of task 5 =  8.39%
2024-01-20 19:43:51,895:INFO:Inc_Learning:562: Accuracy (Oracle) for task 6 =  43.06%
2024-01-20 19:43:51,895:INFO:Inc_Learning:566: Accuracy of task 6 =  6.94%
2024-01-20 19:43:51,895:INFO:Inc_Learning:562: Accuracy (Oracle) for task 7 =  37.04%
2024-01-20 19:43:51,896:INFO:Inc_Learning:566: Accuracy of task 7 =  19.19%
2024-01-20 19:43:51,896:INFO:Inc_Learning:562: Accuracy (Oracle) for task 8 =  39.32%
2024-01-20 19:43:51,896:INFO:Inc_Learning:566: Accuracy of task 8 =  2.71%
2024-01-20 19:43:51,896:INFO:Inc_Learning:562: Accuracy (Oracle) for task 9 =  65.28%
2024-01-20 19:43:51,896:INFO:Inc_Learning:566: Accuracy of task 9 =  27.78%
2024-01-20 19:43:51,904:INFO:Inc_Learning:692: The incremental learning phase for task 9 is finished!
2024-01-20 19:43:51,904:INFO:Inc_Learning:557: Estimated remaining time: 1 minute and 1 second
2024-01-20 19:43:51,904:INFO:Inc_Learning:681: The incremental learning phase for task 10 is started ...
2024-01-20 19:43:51,905:INFO:Inc_Learning:322: Prefixes are copied from task 9.
2024-01-20 19:43:51,905:INFO:Inc_Learning:269: The PredictionNet is copied from the previous task.
2024-01-20 19:43:51,934:INFO:Inc_Learning:142: The session file "data/index_list/cub200/num_base_classes=100,num_tasks=11,num_shots=1,seed=48/train_samples_for_task=11.txt" is loaded!
2024-01-20 19:43:51,968:INFO:Inc_Learning:142: The session file "data/index_list/cub200/num_base_classes=100,num_tasks=11,num_shots=1,seed=48/test_samples_for_task=11.txt" is loaded!
2024-01-20 19:43:53,517:INFO:Inc_Learning:213: Epoch: 1/10
2024-01-20 19:43:54,834:INFO:Inc_Learning:256: Epoch 1/10 Train Accuracy:  90.00%
2024-01-20 19:43:54,834:INFO:Inc_Learning:257: Epoch 1/10 Average Loss: 0.4077438712120056 / MA Loss: 0.4077438712120056
2024-01-20 19:43:54,834:INFO:Inc_Learning:213: Epoch: 2/10
2024-01-20 19:43:56,095:INFO:Inc_Learning:256: Epoch 2/10 Train Accuracy:  90.00%
2024-01-20 19:43:56,095:INFO:Inc_Learning:257: Epoch 2/10 Average Loss: 0.34499871730804443 / MA Loss: 0.376371294260025
2024-01-20 19:43:56,095:INFO:Inc_Learning:213: Epoch: 3/10
2024-01-20 19:43:57,402:INFO:Inc_Learning:256: Epoch 3/10 Train Accuracy:  90.00%
2024-01-20 19:43:57,402:INFO:Inc_Learning:257: Epoch 3/10 Average Loss: 0.2147374451160431 / MA Loss: 0.3224933445453644
2024-01-20 19:43:57,402:INFO:Inc_Learning:213: Epoch: 4/10
2024-01-20 19:43:58,737:INFO:Inc_Learning:256: Epoch 4/10 Train Accuracy:  90.00%
2024-01-20 19:43:58,738:INFO:Inc_Learning:257: Epoch 4/10 Average Loss: 0.28072625398635864 / MA Loss: 0.31205157190561295
2024-01-20 19:43:58,738:INFO:Inc_Learning:213: Epoch: 5/10
2024-01-20 19:44:00,128:INFO:Inc_Learning:256: Epoch 5/10 Train Accuracy:  100.00%
2024-01-20 19:44:00,128:INFO:Inc_Learning:257: Epoch 5/10 Average Loss: 0.005153967067599297 / MA Loss: 0.2506720509380102
2024-01-20 19:44:00,129:INFO:Inc_Learning:213: Epoch: 6/10
2024-01-20 19:44:01,457:INFO:Inc_Learning:256: Epoch 6/10 Train Accuracy:  100.00%
2024-01-20 19:44:01,457:INFO:Inc_Learning:257: Epoch 6/10 Average Loss: 0.022326653823256493 / MA Loss: 0.21261448475221792
2024-01-20 19:44:01,457:INFO:Inc_Learning:213: Epoch: 7/10
2024-01-20 19:44:02,820:INFO:Inc_Learning:256: Epoch 7/10 Train Accuracy:  100.00%
2024-01-20 19:44:02,820:INFO:Inc_Learning:257: Epoch 7/10 Average Loss: 0.01879022642970085 / MA Loss: 0.18492530499185836
2024-01-20 19:44:02,821:INFO:Inc_Learning:213: Epoch: 8/10
2024-01-20 19:44:04,143:INFO:Inc_Learning:256: Epoch 8/10 Train Accuracy:  100.00%
2024-01-20 19:44:04,144:INFO:Inc_Learning:257: Epoch 8/10 Average Loss: 0.025594431906938553 / MA Loss: 0.16500894585624337
2024-01-20 19:44:04,144:INFO:Inc_Learning:213: Epoch: 9/10
2024-01-20 19:44:05,532:INFO:Inc_Learning:256: Epoch 9/10 Train Accuracy:  90.00%
2024-01-20 19:44:05,533:INFO:Inc_Learning:257: Epoch 9/10 Average Loss: 0.4174926280975342 / MA Loss: 0.1930626883274979
2024-01-20 19:44:05,533:INFO:Inc_Learning:213: Epoch: 10/10
2024-01-20 19:44:06,876:INFO:Inc_Learning:256: Epoch 10/10 Train Accuracy:  100.00%
2024-01-20 19:44:06,876:INFO:Inc_Learning:257: Epoch 10/10 Average Loss: 0.023694390431046486 / MA Loss: 0.17612585853785276
2024-01-20 19:44:06,914:INFO:Inc_Learning:576: Statistics for task identification ...
2024-01-20 19:44:08,268:INFO:Inc_Learning:270: The pseudo-labeling phase is started ...
2024-01-20 19:44:37,322:INFO:Inc_Learning:351: The training of the PredictionNet is started.
2024-01-20 19:44:37,370:WARNING:Inc_Learning:388: The program uses all the 1 samples in class 191 as outliers!
2024-01-20 19:44:37,370:WARNING:Inc_Learning:388: The program uses all the 1 samples in class 193 as outliers!
2024-01-20 19:44:37,371:WARNING:Inc_Learning:388: The program uses all the 1 samples in class 195 as outliers!
2024-01-20 19:44:37,371:WARNING:Inc_Learning:388: The program uses all the 1 samples in class 196 as outliers!
2024-01-20 19:44:37,371:WARNING:Inc_Learning:388: The program uses all the 1 samples in class 197 as outliers!
2024-01-20 19:44:37,371:WARNING:Inc_Learning:388: The program uses all the 1 samples in class 198 as outliers!
2024-01-20 19:44:37,372:WARNING:Inc_Learning:388: The program uses all the 1 samples in class 199 as outliers!
2024-01-20 19:44:37,374:INFO:Inc_Learning:463: Epoch: 000/500, MA loss: 0.051362548023462296
2024-01-20 19:44:37,417:INFO:Inc_Learning:463: Epoch: 050/500, MA loss: 0.00015481122027267703
2024-01-20 19:44:37,461:INFO:Inc_Learning:463: Epoch: 100/500, MA loss: 9.51203418253499e-07
2024-01-20 19:44:37,504:INFO:Inc_Learning:463: Epoch: 150/500, MA loss: 5.62691357952616e-09
2024-01-20 19:44:37,548:INFO:Inc_Learning:463: Epoch: 200/500, MA loss: 3.195611691930722e-11
2024-01-20 19:44:37,591:INFO:Inc_Learning:463: Epoch: 250/500, MA loss: 1.677408957719527e-13
2024-01-20 19:44:37,635:INFO:Inc_Learning:463: Epoch: 300/500, MA loss: 1.2081742005192635e-15
2024-01-20 19:44:37,678:INFO:Inc_Learning:463: Epoch: 350/500, MA loss: 3.277026927312108e-16
2024-01-20 19:44:37,721:INFO:Inc_Learning:463: Epoch: 400/500, MA loss: 3.1912373657713836e-16
2024-01-20 19:44:37,764:INFO:Inc_Learning:463: Epoch: 450/500, MA loss: 3.3183418328171634e-16
2024-01-20 19:44:37,806:INFO:Inc_Learning:463: Epoch: 499/500, MA loss: 3.904062654154009e-16
2024-01-20 19:44:37,807:INFO:Inc_Learning:576: Statistics for task identification ...
2024-01-20 19:44:37,899:INFO:Inc_Learning:496: Evaluating the test set after task 10 ...
2024-01-20 19:45:19,531:INFO:Inc_Learning:544: Evaluation Accuracy (oracle) after task 10:  62.53%
2024-01-20 19:45:19,532:INFO:Inc_Learning:555: Evaluation Accuracy after task 10:  44.24%
2024-01-20 19:45:19,532:INFO:Inc_Learning:556: Accuracy of task-id detection after task 10:  60.08%
2024-01-20 19:45:19,532:INFO:Inc_Learning:562: Accuracy (Oracle) for task 0 =  79.40%
2024-01-20 19:45:19,532:INFO:Inc_Learning:566: Accuracy of task 0 =  77.65%
2024-01-20 19:45:19,533:INFO:Inc_Learning:562: Accuracy (Oracle) for task 1 =  70.25%
2024-01-20 19:45:19,533:INFO:Inc_Learning:566: Accuracy of task 1 =  10.39%
2024-01-20 19:45:19,533:INFO:Inc_Learning:562: Accuracy (Oracle) for task 2 =  34.49%
2024-01-20 19:45:19,533:INFO:Inc_Learning:566: Accuracy of task 2 =  8.71%
2024-01-20 19:45:19,533:INFO:Inc_Learning:562: Accuracy (Oracle) for task 3 =  25.84%
2024-01-20 19:45:19,534:INFO:Inc_Learning:566: Accuracy of task 3 =  10.40%
2024-01-20 19:45:19,534:INFO:Inc_Learning:562: Accuracy (Oracle) for task 4 =  60.33%
2024-01-20 19:45:19,534:INFO:Inc_Learning:566: Accuracy of task 4 =  15.67%
2024-01-20 19:45:19,534:INFO:Inc_Learning:562: Accuracy (Oracle) for task 5 =  39.60%
2024-01-20 19:45:19,534:INFO:Inc_Learning:566: Accuracy of task 5 =  7.05%
2024-01-20 19:45:19,535:INFO:Inc_Learning:562: Accuracy (Oracle) for task 6 =  42.71%
2024-01-20 19:45:19,535:INFO:Inc_Learning:566: Accuracy of task 6 =  5.90%
2024-01-20 19:45:19,535:INFO:Inc_Learning:562: Accuracy (Oracle) for task 7 =  36.03%
2024-01-20 19:45:19,535:INFO:Inc_Learning:566: Accuracy of task 7 =  17.17%
2024-01-20 19:45:19,535:INFO:Inc_Learning:562: Accuracy (Oracle) for task 8 =  39.32%
2024-01-20 19:45:19,535:INFO:Inc_Learning:566: Accuracy of task 8 =  2.37%
2024-01-20 19:45:19,536:INFO:Inc_Learning:562: Accuracy (Oracle) for task 9 =  64.93%
2024-01-20 19:45:19,536:INFO:Inc_Learning:566: Accuracy of task 9 =  26.04%
2024-01-20 19:45:19,536:INFO:Inc_Learning:562: Accuracy (Oracle) for task 10 =  48.33%
2024-01-20 19:45:19,536:INFO:Inc_Learning:566: Accuracy of task 10 =  12.00%
2024-01-20 19:45:19,543:INFO:Inc_Learning:692: The incremental learning phase for task 10 is finished!
2024-01-20 19:45:19,543:INFO:Inc_Learning:557: Estimated remaining time: 0 seconds
2024-01-20 19:45:19,543:INFO:Inc_Learning:703: Final accuracies after each incremental task:
2024-01-20 19:45:19,544:INFO:Inc_Learning:715: Task 0: 79.22
2024-01-20 19:45:19,544:INFO:Inc_Learning:715: Task 1: 73.37
2024-01-20 19:45:19,544:INFO:Inc_Learning:715: Task 2: 67.67
2024-01-20 19:45:19,544:INFO:Inc_Learning:715: Task 3: 63.41
2024-01-20 19:45:19,544:INFO:Inc_Learning:715: Task 4: 59.29
2024-01-20 19:45:19,544:INFO:Inc_Learning:715: Task 5: 55.62
2024-01-20 19:45:19,544:INFO:Inc_Learning:715: Task 6: 52.80
2024-01-20 19:45:19,544:INFO:Inc_Learning:715: Task 7: 50.44
2024-01-20 19:45:19,544:INFO:Inc_Learning:715: Task 8: 47.68
2024-01-20 19:45:19,544:INFO:Inc_Learning:715: Task 9: 46.03
2024-01-20 19:45:19,544:INFO:Inc_Learning:715: Task 10: 44.24
2024-01-20 19:45:19,544:INFO:Inc_Learning:720: The incremental learning phase is finished!
2024-01-20 19:45:19,544:INFO:Inc_Learning:721: The whole process took 12 minutes and 39 seconds
