2024-01-23 07:10:32,873:INFO:Inc_Learning:336: ('\nVersion Information: \n\tPyTorch: %s\n\tTorchVision: %s', '2.0.1+cu117', '0.15.2+cu117')
2024-01-23 07:10:32,885:INFO:Inc_Learning:369: class_permutation is loaded from the permutation file "data/index_list/cifar100/num_base_classes=20,num_tasks=9,num_shots=5,seed=32/class_permutation.txt".
2024-01-23 07:10:34,015:WARNING:Inc_Learning:240: tqdm_enabled is set to False as the program is not running in the debug mode!
2024-01-23 07:10:34,430:INFO:Inc_Learning:566: The network was trained for 185 epochs, 0 iterations in phase supervised_learning
2024-01-23 07:10:34,464:INFO:Inc_Learning:643: We have loaded the head parameters from the saved file.
2024-01-23 07:10:34,464:INFO:Inc_Learning:651: We start from epoch 0, iteration 0
2024-01-23 07:10:34,464:INFO:Inc_Learning:663: File "/scratch/gx83/np9254/ROBUSTA-Saves/CIFAR-100/Phase_2,20_classes/P1P2,start_time=Date_2024-01-22,Time_22-55-38,seed=31-Best_Model.pt" is loaded
2024-01-23 07:10:34,512:INFO:Inc_Learning:285: --------------------------------------------------------------------- The given arguments ---------------------------------------------------------------------
2024-01-23 07:10:34,512:INFO:Inc_Learning:309: experiment_description = "Incremental learning phase,20 base classes"
2024-01-23 07:10:34,512:INFO:Inc_Learning:309: phase = "incremental_learning"
2024-01-23 07:10:34,512:INFO:Inc_Learning:303: Device = "cuda:0"
2024-01-23 07:10:34,512:INFO:Inc_Learning:307: seed = 32
2024-01-23 07:10:34,512:INFO:Inc_Learning:307: is_incremental = True
2024-01-23 07:10:34,512:INFO:Inc_Learning:307: debugging = False
2024-01-23 07:10:34,512:INFO:Inc_Learning:307: tqdm_enabled = False
2024-01-23 07:10:34,512:INFO:Inc_Learning:307: resume = False
2024-01-23 07:10:34,512:INFO:Inc_Learning:309: time_str = "Date_2024-01-23,Time_07-10-32"
2024-01-23 07:10:34,512:INFO:Inc_Learning:307: image_size = 224
2024-01-23 07:10:34,512:INFO:Inc_Learning:307: in_channels = 3
2024-01-23 07:10:34,512:INFO:Inc_Learning:307: batch_size_base = 160
2024-01-23 07:10:34,512:INFO:Inc_Learning:307: batch_size_test = 160
2024-01-23 07:10:34,512:INFO:Inc_Learning:307: batch_size_new = 0
2024-01-23 07:10:34,512:INFO:Inc_Learning:307: batch_size_fine_tuning = 0
2024-01-23 07:10:34,512:INFO:Inc_Learning:309: settings_file = "Experiments/CIFAR-100/20_base_classes/5-shot/phase=3,seed=32.toml"
2024-01-23 07:10:34,512:INFO:Inc_Learning:309: directory_permutation_files = "data/index_list/cifar100/num_base_classes=20,num_tasks=9,num_shots=5,seed=32"
2024-01-23 07:10:34,512:INFO:Inc_Learning:299: The network was previously trained for 0 epochs.
2024-01-23 07:10:34,512:INFO:Inc_Learning:301: The network was previously trained for 0 iterations.
2024-01-23 07:10:34,513:INFO:Inc_Learning:307: dino = False
2024-01-23 07:10:34,513:INFO:Inc_Learning:307: debugging_env = False
2024-01-23 07:10:34,513:INFO:Inc_Learning:309: model_type = "CCT-21/7x2"
2024-01-23 07:10:34,513:INFO:Inc_Learning:307: prediction_net_list = []
2024-01-23 07:10:34,513:INFO:Inc_Learning:314: 
configs_arch:  {
  model_type = "CCT-21/7x2"
  use_BatchNorm = True
  use_BatchNorm_for_patch_embeddings = True
  temperature_stochastic_classifier = 16.0
  temperature_cosine_classifier = 10.0
  PositionalEmbeddingType = "Learnable"
  dropout_rate_classifier_head = 0.0
  number_of_the_first_layers_to_be_frozen = 0
  classifer_head_type = "Stochastic"
}
2024-01-23 07:10:34,513:INFO:Inc_Learning:314: 
configs_dataset:  {
  dataroot = "/scratch/gx83/np9254/Datasets/FSCIL/CEC/"
  dataset_name = "cifar100"
  num_workers = 10
  total_classes = 100
  num_base_classes = 20
  num_tasks = 9
  num_shots = 5
  drop_last_base = True
  num_ways = 10
}
2024-01-23 07:10:34,513:INFO:Inc_Learning:314: 
configs_logger:  {
  display_interval = 0.5
  display_freq = 50
  moving_average_capacity = 50
  log_file = "/scratch/gx83/np9254/ROBUSTA-Saves/CIFAR-100/Phase_3,20_classes/5-shot/Time=Date_2024-01-23,Time_07-10-32,Desc=Incremental learning phase,20 base classes,seed=32.log"
}
2024-01-23 07:10:34,513:INFO:Inc_Learning:314: 
configs_save:  {
  save_freq_epoch = 10
  save_freq_iter = 2000
  time_interval_to_save = 60
  root = "/scratch/gx83/np9254/ROBUSTA-Saves/CIFAR-100/Phase_3,20_classes/5-shot"
  input_file = "/scratch/gx83/np9254/ROBUSTA-Saves/CIFAR-100/Phase_2,20_classes/P1P2,start_time=Date_2024-01-22,Time_22-55-38,seed=31-Best_Model.pt"
  output_file = "P1P2P3,start_time=Date_2024-01-23,Time_07-10-32"
}
2024-01-23 07:10:34,513:INFO:Inc_Learning:314: 
configs_FSCIL:  {
  num_epochs = [3, 15, 15, 15, 15, 15, 15, 15, 15]
  update_mu = True
  fine_tune = True
  freeze_backbone = True
  freeze_batch_norm_layers = True
  freeze_non_batch_norm_layers = True
  use_delta_parameters_for_base_task = True
  use_prefixes_for_distance_calculations = True
  use_shared_covariance = True
  start_from_task = 0
  randomize_selected_classes = False
  use_cache_for_the_base_task = False
  use_pseudo_labeled_samples_for_task_identification = [True, True, True, True, True, True, True, True, True]
  tasks_or_classes_for_Mahalanobis_distance_calculations = "classes"
  enable_Mahalanobis_distance = True
  configs_PEFT = {
    prefix_seq_length = [16, 16, 16, 16, 16, 16, 16, 16, 16]
    number_of_layers_for_prefixes = [-1, -1, -1, -1, -1, -1, -1, -1, -1]
    fusion_mode = "last"
    prefix_or_prompt = "prefix"
  }  
  optimizer = {
    optimizer_name = "AdamW"
    lr_head = [0.01, 0.01, 0.01, 0.01, 0.01, 0.01, 0.01, 0.01, 0.01]
    lr = [0.01, 0.01, 0.01, 0.01, 0.01, 0.01, 0.01, 0.01, 0.01]
    lr_prefixes_or_prompts = [0.01, 0.01, 0.01, 0.01, 0.01, 0.01, 0.01, 0.01, 0.01]
    lr_backbone = [0.01, 0.01, 0.01, 0.01, 0.01, 0.01, 0.01, 0.01, 0.01]
    momentum = 0.9
    momentum2 = 0.999
    nesterov = True
    weight_decay = [0.0, 0.0, 0.0, 0.0, 0.0, 0.0, 0.0, 0.0, 0.0]
  }  
  scheduler = {
    name = "ReduceLROnPlateau"
    mode = "min"
    factor = 0.25
    patience = 5
    cooldown = 0
    min_lr = 0
    verbose = True
    moving_average_capacity = 10
  }  
  evaluation = {
    ignore_logits_for_other_tasks = True
    stochastic = True
  }  
  PredictionNet = {
    enabled = True
    use_pseudo_labeled_test_samples = [False, True, True, True, True, True, True, True, True]
    separate_PredictionNet_for_each_task = True
    use_PredictionNet_for_this_task = [True, True, True, True, True, True, True, True, True]
    num_epochs = [100, 100, 100, 100, 100, 100, 100, 100, 100]
    batch_size_for_Pseudo_labelling = 100
    batch_size_for_PredictionNet = 100
    n_layers = 2
    size_hidden_layer = 384
    use_real_residual_connections = False
    dropout_rate = 0.0
    bias = True
    num_outliers = [5, 1, 1, 1, 1, 1, 1, 1, 1]
    moving_average_capacity = 20
    display_freq = 1000
    remember_from_previous_task = True
    use_the_best_model = False
    loss = "MSE"
    optimizer = {
      optimizer_name = "AdamW"
      lr = [0.001, 0.001, 0.001, 0.001, 0.001, 0.001, 0.001, 0.001, 0.001]
      momentum = 0.9
      momentum2 = 0.999
      dampening = 0.0
      nesterov = True
      weight_decay = [0.0, 0.0, 0.0, 0.0, 0.0, 0.0, 0.0, 0.0, 0.0]
    }    
    scheduler = {
      name = "ReduceLROnPlateau"
      mode = "min"
      factor = 0.25
      patience = 1000
      cooldown = 0
      min_lr = 0
      verbose = True
      moving_average_capacity = 10
    }    
  }  
}
2024-01-23 07:10:34,513:INFO:Inc_Learning:316: --------------------------------------------------------------------------------
2024-01-23 07:10:35,514:INFO:Inc_Learning:198: The session file "data/index_list/cifar100/num_base_classes=20,num_tasks=9,num_shots=5,seed=32/train_samples_for_task=1.txt" is loaded!
2024-01-23 07:10:35,900:INFO:Inc_Learning:198: The session file "data/index_list/cifar100/num_base_classes=20,num_tasks=9,num_shots=5,seed=32/test_samples_for_task=1.txt" is loaded!
2024-01-23 07:10:36,001:INFO:Inc_Learning:681: The incremental learning phase for task 0 is started ...
2024-01-23 07:10:36,002:INFO:Inc_Learning:318: Prefixes are randomly initialized for task 0.
2024-01-23 07:10:36,959:INFO:Inc_Learning:198: The session file "data/index_list/cifar100/num_base_classes=20,num_tasks=9,num_shots=5,seed=32/train_samples_for_task=1.txt" is loaded!
2024-01-23 07:10:37,324:INFO:Inc_Learning:198: The session file "data/index_list/cifar100/num_base_classes=20,num_tasks=9,num_shots=5,seed=32/test_samples_for_task=1.txt" is loaded!
2024-01-23 07:11:00,214:INFO:Inc_Learning:213: Epoch: 1/3
2024-01-23 07:11:42,897:INFO:Inc_Learning:256: Epoch 1/3 Train Accuracy:  88.81%
2024-01-23 07:11:42,898:INFO:Inc_Learning:257: Epoch 1/3 Average Loss: 0.38066527824248036 / MA Loss: 0.38311941623687745
2024-01-23 07:11:42,898:INFO:Inc_Learning:213: Epoch: 2/3
2024-01-23 07:12:25,189:INFO:Inc_Learning:256: Epoch 2/3 Train Accuracy:  89.91%
2024-01-23 07:12:25,190:INFO:Inc_Learning:257: Epoch 2/3 Average Loss: 0.3461881142950827 / MA Loss: 0.34942750334739686
2024-01-23 07:12:25,191:INFO:Inc_Learning:213: Epoch: 3/3
2024-01-23 07:13:07,604:INFO:Inc_Learning:256: Epoch 3/3 Train Accuracy:  90.41%
2024-01-23 07:13:07,604:INFO:Inc_Learning:257: Epoch 3/3 Average Loss: 0.33452223794114205 / MA Loss: 0.3462293028831482
2024-01-23 07:13:07,675:INFO:Inc_Learning:576: Statistics for task identification ...
2024-01-23 07:13:30,173:INFO:Inc_Learning:270: The pseudo-labeling phase is started ...
2024-01-23 07:13:44,738:INFO:Inc_Learning:351: The training of the PredictionNet is started.
2024-01-23 07:14:07,093:INFO:Inc_Learning:463: Epoch: 000/100, MA loss: 0.27201804518699646
2024-01-23 07:14:07,317:INFO:Inc_Learning:463: Epoch: 099/100, MA loss: 0.005216220393776894
2024-01-23 07:14:07,318:INFO:Inc_Learning:576: Statistics for task identification ...
2024-01-23 07:14:36,106:INFO:Inc_Learning:496: Evaluating the test set after task 0 ...
2024-01-23 07:14:41,462:INFO:Inc_Learning:544: Evaluation Accuracy (oracle) after task 0:  85.00%
2024-01-23 07:14:41,463:INFO:Inc_Learning:562: Accuracy (Oracle) for task 0 =  85.00%
2024-01-23 07:14:41,471:INFO:Inc_Learning:692: The incremental learning phase for task 0 is finished!
2024-01-23 07:14:41,471:INFO:Inc_Learning:557: Estimated remaining time: 16 minutes and 21 seconds
2024-01-23 07:14:41,471:INFO:Inc_Learning:681: The incremental learning phase for task 1 is started ...
2024-01-23 07:14:41,471:INFO:Inc_Learning:322: Prefixes are copied from task 0.
2024-01-23 07:14:41,472:INFO:Inc_Learning:269: The PredictionNet is copied from the previous task.
2024-01-23 07:14:42,126:INFO:Inc_Learning:198: The session file "data/index_list/cifar100/num_base_classes=20,num_tasks=9,num_shots=5,seed=32/train_samples_for_task=2.txt" is loaded!
2024-01-23 07:14:42,481:INFO:Inc_Learning:198: The session file "data/index_list/cifar100/num_base_classes=20,num_tasks=9,num_shots=5,seed=32/test_samples_for_task=2.txt" is loaded!
2024-01-23 07:14:43,457:INFO:Inc_Learning:213: Epoch: 1/15
2024-01-23 07:14:44,514:INFO:Inc_Learning:256: Epoch 1/15 Train Accuracy:  90.00%
2024-01-23 07:14:44,514:INFO:Inc_Learning:257: Epoch 1/15 Average Loss: 0.3426204025745392 / MA Loss: 0.3426204025745392
2024-01-23 07:14:44,515:INFO:Inc_Learning:213: Epoch: 2/15
2024-01-23 07:14:45,602:INFO:Inc_Learning:256: Epoch 2/15 Train Accuracy:  94.00%
2024-01-23 07:14:45,603:INFO:Inc_Learning:257: Epoch 2/15 Average Loss: 0.22146064043045044 / MA Loss: 0.2820405215024948
2024-01-23 07:14:45,603:INFO:Inc_Learning:213: Epoch: 3/15
2024-01-23 07:14:46,706:INFO:Inc_Learning:256: Epoch 3/15 Train Accuracy:  98.00%
2024-01-23 07:14:46,707:INFO:Inc_Learning:257: Epoch 3/15 Average Loss: 0.19993339478969574 / MA Loss: 0.25467147926489514
2024-01-23 07:14:46,707:INFO:Inc_Learning:213: Epoch: 4/15
2024-01-23 07:14:47,757:INFO:Inc_Learning:256: Epoch 4/15 Train Accuracy:  96.00%
2024-01-23 07:14:47,758:INFO:Inc_Learning:257: Epoch 4/15 Average Loss: 0.16676846146583557 / MA Loss: 0.23269572481513023
2024-01-23 07:14:47,758:INFO:Inc_Learning:213: Epoch: 5/15
2024-01-23 07:14:48,810:INFO:Inc_Learning:256: Epoch 5/15 Train Accuracy:  94.00%
2024-01-23 07:14:48,810:INFO:Inc_Learning:257: Epoch 5/15 Average Loss: 0.22936291992664337 / MA Loss: 0.23202916383743286
2024-01-23 07:14:48,810:INFO:Inc_Learning:213: Epoch: 6/15
2024-01-23 07:14:49,899:INFO:Inc_Learning:256: Epoch 6/15 Train Accuracy:  94.00%
2024-01-23 07:14:49,899:INFO:Inc_Learning:257: Epoch 6/15 Average Loss: 0.1993647813796997 / MA Loss: 0.22658510009447733
2024-01-23 07:14:49,899:INFO:Inc_Learning:213: Epoch: 7/15
2024-01-23 07:14:51,005:INFO:Inc_Learning:256: Epoch 7/15 Train Accuracy:  90.00%
2024-01-23 07:14:51,006:INFO:Inc_Learning:257: Epoch 7/15 Average Loss: 0.2648642659187317 / MA Loss: 0.2320535523550851
2024-01-23 07:14:51,006:INFO:Inc_Learning:213: Epoch: 8/15
2024-01-23 07:14:52,081:INFO:Inc_Learning:256: Epoch 8/15 Train Accuracy:  96.00%
2024-01-23 07:14:52,082:INFO:Inc_Learning:257: Epoch 8/15 Average Loss: 0.1544255167245865 / MA Loss: 0.22235004790127277
2024-01-23 07:14:52,082:INFO:Inc_Learning:213: Epoch: 9/15
2024-01-23 07:14:53,179:INFO:Inc_Learning:256: Epoch 9/15 Train Accuracy:  96.00%
2024-01-23 07:14:53,180:INFO:Inc_Learning:257: Epoch 9/15 Average Loss: 0.1964525282382965 / MA Loss: 0.21947254571649763
2024-01-23 07:14:53,180:INFO:Inc_Learning:213: Epoch: 10/15
2024-01-23 07:14:54,245:INFO:Inc_Learning:256: Epoch 10/15 Train Accuracy:  94.00%
2024-01-23 07:14:54,246:INFO:Inc_Learning:257: Epoch 10/15 Average Loss: 0.17142778635025024 / MA Loss: 0.2146680697798729
2024-01-23 07:14:54,246:INFO:Inc_Learning:213: Epoch: 11/15
2024-01-23 07:14:55,205:INFO:Inc_Learning:256: Epoch 11/15 Train Accuracy:  98.00%
2024-01-23 07:14:55,206:INFO:Inc_Learning:257: Epoch 11/15 Average Loss: 0.1275395005941391 / MA Loss: 0.1931599795818329
2024-01-23 07:14:55,206:INFO:Inc_Learning:213: Epoch: 12/15
2024-01-23 07:14:56,209:INFO:Inc_Learning:256: Epoch 12/15 Train Accuracy:  100.00%
2024-01-23 07:14:56,209:INFO:Inc_Learning:257: Epoch 12/15 Average Loss: 0.11045371741056442 / MA Loss: 0.18205928727984427
2024-01-23 07:14:56,209:INFO:Inc_Learning:213: Epoch: 13/15
2024-01-23 07:14:57,259:INFO:Inc_Learning:256: Epoch 13/15 Train Accuracy:  96.00%
2024-01-23 07:14:57,260:INFO:Inc_Learning:257: Epoch 13/15 Average Loss: 0.24401700496673584 / MA Loss: 0.1864676482975483
2024-01-23 07:14:57,260:INFO:Inc_Learning:213: Epoch: 14/15
2024-01-23 07:14:58,226:INFO:Inc_Learning:256: Epoch 14/15 Train Accuracy:  96.00%
2024-01-23 07:14:58,227:INFO:Inc_Learning:257: Epoch 14/15 Average Loss: 0.14818540215492249 / MA Loss: 0.18460934236645699
2024-01-23 07:14:58,227:INFO:Inc_Learning:213: Epoch: 15/15
2024-01-23 07:14:59,313:INFO:Inc_Learning:256: Epoch 15/15 Train Accuracy:  98.00%
2024-01-23 07:14:59,313:INFO:Inc_Learning:257: Epoch 15/15 Average Loss: 0.14597749710083008 / MA Loss: 0.17627080008387566
2024-01-23 07:14:59,363:INFO:Inc_Learning:576: Statistics for task identification ...
2024-01-23 07:15:00,330:INFO:Inc_Learning:270: The pseudo-labeling phase is started ...
2024-01-23 07:15:20,086:INFO:Inc_Learning:351: The training of the PredictionNet is started.
2024-01-23 07:15:20,571:INFO:Inc_Learning:463: Epoch: 000/100, MA loss: 0.22749005258083344
2024-01-23 07:15:20,687:INFO:Inc_Learning:463: Epoch: 099/100, MA loss: 2.046068595973338e-06
2024-01-23 07:15:20,687:INFO:Inc_Learning:576: Statistics for task identification ...
2024-01-23 07:15:21,257:INFO:Inc_Learning:496: Evaluating the test set after task 1 ...
2024-01-23 07:15:46,291:INFO:Inc_Learning:544: Evaluation Accuracy (oracle) after task 1:  77.73%
2024-01-23 07:15:46,291:INFO:Inc_Learning:555: Evaluation Accuracy after task 1:  62.20%
2024-01-23 07:15:46,291:INFO:Inc_Learning:556: Accuracy of task-id detection after task 1:  73.53%
2024-01-23 07:15:46,292:INFO:Inc_Learning:562: Accuracy (Oracle) for task 0 =  84.80%
2024-01-23 07:15:46,292:INFO:Inc_Learning:566: Accuracy of task 0 =  82.65%
2024-01-23 07:15:46,292:INFO:Inc_Learning:562: Accuracy (Oracle) for task 1 =  63.60%
2024-01-23 07:15:46,292:INFO:Inc_Learning:566: Accuracy of task 1 =  21.30%
2024-01-23 07:15:46,303:INFO:Inc_Learning:692: The incremental learning phase for task 1 is finished!
2024-01-23 07:15:46,304:INFO:Inc_Learning:557: Estimated remaining time: 12 minutes and 4 seconds
2024-01-23 07:15:46,304:INFO:Inc_Learning:681: The incremental learning phase for task 2 is started ...
2024-01-23 07:15:46,304:INFO:Inc_Learning:322: Prefixes are copied from task 1.
2024-01-23 07:15:46,304:INFO:Inc_Learning:269: The PredictionNet is copied from the previous task.
2024-01-23 07:15:46,953:INFO:Inc_Learning:198: The session file "data/index_list/cifar100/num_base_classes=20,num_tasks=9,num_shots=5,seed=32/train_samples_for_task=3.txt" is loaded!
2024-01-23 07:15:47,324:INFO:Inc_Learning:198: The session file "data/index_list/cifar100/num_base_classes=20,num_tasks=9,num_shots=5,seed=32/test_samples_for_task=3.txt" is loaded!
2024-01-23 07:15:48,341:INFO:Inc_Learning:213: Epoch: 1/15
2024-01-23 07:15:49,369:INFO:Inc_Learning:256: Epoch 1/15 Train Accuracy:  86.00%
2024-01-23 07:15:49,369:INFO:Inc_Learning:257: Epoch 1/15 Average Loss: 0.473653644323349 / MA Loss: 0.473653644323349
2024-01-23 07:15:49,369:INFO:Inc_Learning:213: Epoch: 2/15
2024-01-23 07:15:50,433:INFO:Inc_Learning:256: Epoch 2/15 Train Accuracy:  94.00%
2024-01-23 07:15:50,433:INFO:Inc_Learning:257: Epoch 2/15 Average Loss: 0.28863686323165894 / MA Loss: 0.38114525377750397
2024-01-23 07:15:50,433:INFO:Inc_Learning:213: Epoch: 3/15
2024-01-23 07:15:51,536:INFO:Inc_Learning:256: Epoch 3/15 Train Accuracy:  90.00%
2024-01-23 07:15:51,537:INFO:Inc_Learning:257: Epoch 3/15 Average Loss: 0.34099867939949036 / MA Loss: 0.3677630623181661
2024-01-23 07:15:51,537:INFO:Inc_Learning:213: Epoch: 4/15
2024-01-23 07:15:52,596:INFO:Inc_Learning:256: Epoch 4/15 Train Accuracy:  86.00%
2024-01-23 07:15:52,596:INFO:Inc_Learning:257: Epoch 4/15 Average Loss: 0.43131518363952637 / MA Loss: 0.38365109264850616
2024-01-23 07:15:52,597:INFO:Inc_Learning:213: Epoch: 5/15
2024-01-23 07:15:53,659:INFO:Inc_Learning:256: Epoch 5/15 Train Accuracy:  96.00%
2024-01-23 07:15:53,659:INFO:Inc_Learning:257: Epoch 5/15 Average Loss: 0.22451406717300415 / MA Loss: 0.35182368755340576
2024-01-23 07:15:53,659:INFO:Inc_Learning:213: Epoch: 6/15
2024-01-23 07:15:54,697:INFO:Inc_Learning:256: Epoch 6/15 Train Accuracy:  90.00%
2024-01-23 07:15:54,698:INFO:Inc_Learning:257: Epoch 6/15 Average Loss: 0.3200473487377167 / MA Loss: 0.34652763108412427
2024-01-23 07:15:54,698:INFO:Inc_Learning:213: Epoch: 7/15
2024-01-23 07:15:55,739:INFO:Inc_Learning:256: Epoch 7/15 Train Accuracy:  88.00%
2024-01-23 07:15:55,739:INFO:Inc_Learning:257: Epoch 7/15 Average Loss: 0.37244296073913574 / MA Loss: 0.3502298210348402
2024-01-23 07:15:55,740:INFO:Inc_Learning:213: Epoch: 8/15
2024-01-23 07:15:56,816:INFO:Inc_Learning:256: Epoch 8/15 Train Accuracy:  90.00%
2024-01-23 07:15:56,817:INFO:Inc_Learning:257: Epoch 8/15 Average Loss: 0.4057822823524475 / MA Loss: 0.3571738786995411
2024-01-23 07:15:56,817:INFO:Inc_Learning:213: Epoch: 9/15
2024-01-23 07:15:57,922:INFO:Inc_Learning:256: Epoch 9/15 Train Accuracy:  98.00%
2024-01-23 07:15:57,922:INFO:Inc_Learning:257: Epoch 9/15 Average Loss: 0.1925245225429535 / MA Loss: 0.3388795057932536
2024-01-23 07:15:57,922:INFO:Inc_Learning:213: Epoch: 10/15
2024-01-23 07:15:58,969:INFO:Inc_Learning:256: Epoch 10/15 Train Accuracy:  88.00%
2024-01-23 07:15:58,970:INFO:Inc_Learning:257: Epoch 10/15 Average Loss: 0.3064661920070648 / MA Loss: 0.3356381744146347
2024-01-23 07:15:58,970:INFO:Inc_Learning:213: Epoch: 11/15
2024-01-23 07:15:59,957:INFO:Inc_Learning:256: Epoch 11/15 Train Accuracy:  94.00%
2024-01-23 07:15:59,958:INFO:Inc_Learning:257: Epoch 11/15 Average Loss: 0.19724714756011963 / MA Loss: 0.30799752473831177
2024-01-23 07:15:59,958:INFO:Inc_Learning:213: Epoch: 12/15
2024-01-23 07:16:00,938:INFO:Inc_Learning:256: Epoch 12/15 Train Accuracy:  92.00%
2024-01-23 07:16:00,939:INFO:Inc_Learning:257: Epoch 12/15 Average Loss: 0.2560597360134125 / MA Loss: 0.30473981201648714
2024-01-23 07:16:00,939:INFO:Inc_Learning:213: Epoch: 13/15
2024-01-23 07:16:01,891:INFO:Inc_Learning:256: Epoch 13/15 Train Accuracy:  100.00%
2024-01-23 07:16:01,891:INFO:Inc_Learning:257: Epoch 13/15 Average Loss: 0.10824305564165115 / MA Loss: 0.2814642496407032
2024-01-23 07:16:01,892:INFO:Inc_Learning:213: Epoch: 14/15
2024-01-23 07:16:02,939:INFO:Inc_Learning:256: Epoch 14/15 Train Accuracy:  100.00%
2024-01-23 07:16:02,940:INFO:Inc_Learning:257: Epoch 14/15 Average Loss: 0.09524715691804886 / MA Loss: 0.24785744696855544
2024-01-23 07:16:02,940:INFO:Inc_Learning:213: Epoch: 15/15
2024-01-23 07:16:03,975:INFO:Inc_Learning:256: Epoch 15/15 Train Accuracy:  98.00%
2024-01-23 07:16:03,975:INFO:Inc_Learning:257: Epoch 15/15 Average Loss: 0.17435747385025024 / MA Loss: 0.24284178763628006
2024-01-23 07:16:04,014:INFO:Inc_Learning:576: Statistics for task identification ...
2024-01-23 07:16:04,934:INFO:Inc_Learning:270: The pseudo-labeling phase is started ...
2024-01-23 07:16:38,001:INFO:Inc_Learning:351: The training of the PredictionNet is started.
2024-01-23 07:16:38,427:INFO:Inc_Learning:463: Epoch: 000/100, MA loss: 0.1893506497144699
2024-01-23 07:16:38,543:INFO:Inc_Learning:463: Epoch: 099/100, MA loss: 1.5586902520681178e-06
2024-01-23 07:16:38,543:INFO:Inc_Learning:576: Statistics for task identification ...
2024-01-23 07:16:39,033:INFO:Inc_Learning:496: Evaluating the test set after task 2 ...
2024-01-23 07:17:19,648:INFO:Inc_Learning:544: Evaluation Accuracy (oracle) after task 2:  73.83%
2024-01-23 07:17:19,649:INFO:Inc_Learning:555: Evaluation Accuracy after task 2:  51.28%
2024-01-23 07:17:19,649:INFO:Inc_Learning:556: Accuracy of task-id detection after task 2:  62.15%
2024-01-23 07:17:19,649:INFO:Inc_Learning:562: Accuracy (Oracle) for task 0 =  84.75%
2024-01-23 07:17:19,649:INFO:Inc_Learning:566: Accuracy of task 0 =  79.75%
2024-01-23 07:17:19,649:INFO:Inc_Learning:562: Accuracy (Oracle) for task 1 =  63.70%
2024-01-23 07:17:19,650:INFO:Inc_Learning:566: Accuracy of task 1 =  21.70%
2024-01-23 07:17:19,650:INFO:Inc_Learning:562: Accuracy (Oracle) for task 2 =  62.10%
2024-01-23 07:17:19,650:INFO:Inc_Learning:566: Accuracy of task 2 =  23.90%
2024-01-23 07:17:19,665:INFO:Inc_Learning:692: The incremental learning phase for task 2 is finished!
2024-01-23 07:17:19,666:INFO:Inc_Learning:557: Estimated remaining time: 10 minutes and 5 seconds
2024-01-23 07:17:19,666:INFO:Inc_Learning:681: The incremental learning phase for task 3 is started ...
2024-01-23 07:17:19,666:INFO:Inc_Learning:322: Prefixes are copied from task 2.
2024-01-23 07:17:19,667:INFO:Inc_Learning:269: The PredictionNet is copied from the previous task.
2024-01-23 07:17:20,332:INFO:Inc_Learning:198: The session file "data/index_list/cifar100/num_base_classes=20,num_tasks=9,num_shots=5,seed=32/train_samples_for_task=4.txt" is loaded!
2024-01-23 07:17:20,708:INFO:Inc_Learning:198: The session file "data/index_list/cifar100/num_base_classes=20,num_tasks=9,num_shots=5,seed=32/test_samples_for_task=4.txt" is loaded!
2024-01-23 07:17:21,647:INFO:Inc_Learning:213: Epoch: 1/15
2024-01-23 07:17:22,701:INFO:Inc_Learning:256: Epoch 1/15 Train Accuracy:  92.00%
2024-01-23 07:17:22,701:INFO:Inc_Learning:257: Epoch 1/15 Average Loss: 0.3170723617076874 / MA Loss: 0.3170723617076874
2024-01-23 07:17:22,701:INFO:Inc_Learning:213: Epoch: 2/15
2024-01-23 07:17:23,760:INFO:Inc_Learning:256: Epoch 2/15 Train Accuracy:  90.00%
2024-01-23 07:17:23,760:INFO:Inc_Learning:257: Epoch 2/15 Average Loss: 0.3034902513027191 / MA Loss: 0.31028130650520325
2024-01-23 07:17:23,761:INFO:Inc_Learning:213: Epoch: 3/15
2024-01-23 07:17:24,777:INFO:Inc_Learning:256: Epoch 3/15 Train Accuracy:  94.00%
2024-01-23 07:17:24,778:INFO:Inc_Learning:257: Epoch 3/15 Average Loss: 0.28562963008880615 / MA Loss: 0.30206408103307086
2024-01-23 07:17:24,778:INFO:Inc_Learning:213: Epoch: 4/15
2024-01-23 07:17:25,848:INFO:Inc_Learning:256: Epoch 4/15 Train Accuracy:  94.00%
2024-01-23 07:17:25,848:INFO:Inc_Learning:257: Epoch 4/15 Average Loss: 0.2388467639684677 / MA Loss: 0.2862597517669201
2024-01-23 07:17:25,848:INFO:Inc_Learning:213: Epoch: 5/15
2024-01-23 07:17:26,931:INFO:Inc_Learning:256: Epoch 5/15 Train Accuracy:  96.00%
2024-01-23 07:17:26,931:INFO:Inc_Learning:257: Epoch 5/15 Average Loss: 0.18369510769844055 / MA Loss: 0.26574682295322416
2024-01-23 07:17:26,931:INFO:Inc_Learning:213: Epoch: 6/15
2024-01-23 07:17:27,902:INFO:Inc_Learning:256: Epoch 6/15 Train Accuracy:  90.00%
2024-01-23 07:17:27,902:INFO:Inc_Learning:257: Epoch 6/15 Average Loss: 0.34868180751800537 / MA Loss: 0.2795693203806877
2024-01-23 07:17:27,903:INFO:Inc_Learning:213: Epoch: 7/15
2024-01-23 07:17:28,971:INFO:Inc_Learning:256: Epoch 7/15 Train Accuracy:  96.00%
2024-01-23 07:17:28,972:INFO:Inc_Learning:257: Epoch 7/15 Average Loss: 0.17748966813087463 / MA Loss: 0.2649865129164287
2024-01-23 07:17:28,972:INFO:Inc_Learning:213: Epoch: 8/15
2024-01-23 07:17:30,015:INFO:Inc_Learning:256: Epoch 8/15 Train Accuracy:  96.00%
2024-01-23 07:17:30,016:INFO:Inc_Learning:257: Epoch 8/15 Average Loss: 0.1553971916437149 / MA Loss: 0.2512878477573395
2024-01-23 07:17:30,016:INFO:Inc_Learning:213: Epoch: 9/15
2024-01-23 07:17:30,903:INFO:Inc_Learning:256: Epoch 9/15 Train Accuracy:  96.00%
2024-01-23 07:17:30,904:INFO:Inc_Learning:257: Epoch 9/15 Average Loss: 0.1888948678970337 / MA Loss: 0.24435529443952772
2024-01-23 07:17:30,904:INFO:Inc_Learning:213: Epoch: 10/15
2024-01-23 07:17:31,903:INFO:Inc_Learning:256: Epoch 10/15 Train Accuracy:  98.00%
2024-01-23 07:17:31,904:INFO:Inc_Learning:257: Epoch 10/15 Average Loss: 0.09759453684091568 / MA Loss: 0.2296792186796665
2024-01-23 07:17:31,904:INFO:Inc_Learning:213: Epoch: 11/15
2024-01-23 07:17:32,969:INFO:Inc_Learning:256: Epoch 11/15 Train Accuracy:  92.00%
2024-01-23 07:17:32,970:INFO:Inc_Learning:257: Epoch 11/15 Average Loss: 0.2876278758049011 / MA Loss: 0.2267347700893879
2024-01-23 07:17:32,970:INFO:Inc_Learning:213: Epoch: 12/15
2024-01-23 07:17:34,077:INFO:Inc_Learning:256: Epoch 12/15 Train Accuracy:  96.00%
2024-01-23 07:17:34,077:INFO:Inc_Learning:257: Epoch 12/15 Average Loss: 0.17801198363304138 / MA Loss: 0.2141869433224201
2024-01-23 07:17:34,077:INFO:Inc_Learning:213: Epoch: 13/15
2024-01-23 07:17:35,095:INFO:Inc_Learning:256: Epoch 13/15 Train Accuracy:  98.00%
2024-01-23 07:17:35,096:INFO:Inc_Learning:257: Epoch 13/15 Average Loss: 0.12470123916864395 / MA Loss: 0.1980941042304039
2024-01-23 07:17:35,096:INFO:Inc_Learning:213: Epoch: 14/15
2024-01-23 07:17:36,190:INFO:Inc_Learning:256: Epoch 14/15 Train Accuracy:  94.00%
2024-01-23 07:17:36,191:INFO:Inc_Learning:257: Epoch 14/15 Average Loss: 0.17302824556827545 / MA Loss: 0.19151225239038466
2024-01-23 07:17:36,192:INFO:Inc_Learning:213: Epoch: 15/15
2024-01-23 07:17:37,263:INFO:Inc_Learning:256: Epoch 15/15 Train Accuracy:  98.00%
2024-01-23 07:17:37,264:INFO:Inc_Learning:257: Epoch 15/15 Average Loss: 0.13104009628295898 / MA Loss: 0.18624675124883652
2024-01-23 07:17:37,306:INFO:Inc_Learning:576: Statistics for task identification ...
2024-01-23 07:17:38,352:INFO:Inc_Learning:270: The pseudo-labeling phase is started ...
2024-01-23 07:18:28,882:INFO:Inc_Learning:351: The training of the PredictionNet is started.
2024-01-23 07:18:29,329:INFO:Inc_Learning:463: Epoch: 000/100, MA loss: 0.17401905357837677
2024-01-23 07:18:29,445:INFO:Inc_Learning:463: Epoch: 099/100, MA loss: 1.661464386870648e-06
2024-01-23 07:18:29,446:INFO:Inc_Learning:576: Statistics for task identification ...
2024-01-23 07:18:29,958:INFO:Inc_Learning:496: Evaluating the test set after task 3 ...
2024-01-23 07:19:30,276:INFO:Inc_Learning:544: Evaluation Accuracy (oracle) after task 3:  70.22%
2024-01-23 07:19:30,277:INFO:Inc_Learning:555: Evaluation Accuracy after task 3:  44.58%
2024-01-23 07:19:30,277:INFO:Inc_Learning:556: Accuracy of task-id detection after task 3:  54.68%
2024-01-23 07:19:30,277:INFO:Inc_Learning:562: Accuracy (Oracle) for task 0 =  84.90%
2024-01-23 07:19:30,277:INFO:Inc_Learning:566: Accuracy of task 0 =  75.35%
2024-01-23 07:19:30,278:INFO:Inc_Learning:562: Accuracy (Oracle) for task 1 =  63.30%
2024-01-23 07:19:30,278:INFO:Inc_Learning:566: Accuracy of task 1 =  21.60%
2024-01-23 07:19:30,278:INFO:Inc_Learning:562: Accuracy (Oracle) for task 2 =  62.10%
2024-01-23 07:19:30,278:INFO:Inc_Learning:566: Accuracy of task 2 =  27.10%
2024-01-23 07:19:30,279:INFO:Inc_Learning:562: Accuracy (Oracle) for task 3 =  55.90%
2024-01-23 07:19:30,279:INFO:Inc_Learning:566: Accuracy of task 3 =  23.50%
2024-01-23 07:19:30,285:INFO:Inc_Learning:692: The incremental learning phase for task 3 is finished!
2024-01-23 07:19:30,285:INFO:Inc_Learning:557: Estimated remaining time: 8 minutes and 54 seconds
2024-01-23 07:19:30,286:INFO:Inc_Learning:681: The incremental learning phase for task 4 is started ...
2024-01-23 07:19:30,286:INFO:Inc_Learning:322: Prefixes are copied from task 3.
2024-01-23 07:19:30,286:INFO:Inc_Learning:269: The PredictionNet is copied from the previous task.
2024-01-23 07:19:30,942:INFO:Inc_Learning:198: The session file "data/index_list/cifar100/num_base_classes=20,num_tasks=9,num_shots=5,seed=32/train_samples_for_task=5.txt" is loaded!
2024-01-23 07:19:31,306:INFO:Inc_Learning:198: The session file "data/index_list/cifar100/num_base_classes=20,num_tasks=9,num_shots=5,seed=32/test_samples_for_task=5.txt" is loaded!
2024-01-23 07:19:32,352:INFO:Inc_Learning:213: Epoch: 1/15
2024-01-23 07:19:33,419:INFO:Inc_Learning:256: Epoch 1/15 Train Accuracy:  92.00%
2024-01-23 07:19:33,419:INFO:Inc_Learning:257: Epoch 1/15 Average Loss: 0.31651315093040466 / MA Loss: 0.31651315093040466
2024-01-23 07:19:33,420:INFO:Inc_Learning:213: Epoch: 2/15
2024-01-23 07:19:34,554:INFO:Inc_Learning:256: Epoch 2/15 Train Accuracy:  90.00%
2024-01-23 07:19:34,555:INFO:Inc_Learning:257: Epoch 2/15 Average Loss: 0.44577282667160034 / MA Loss: 0.3811429888010025
2024-01-23 07:19:34,555:INFO:Inc_Learning:213: Epoch: 3/15
2024-01-23 07:19:35,547:INFO:Inc_Learning:256: Epoch 3/15 Train Accuracy:  82.00%
2024-01-23 07:19:35,548:INFO:Inc_Learning:257: Epoch 3/15 Average Loss: 0.5027639269828796 / MA Loss: 0.42168330152829486
2024-01-23 07:19:35,548:INFO:Inc_Learning:213: Epoch: 4/15
2024-01-23 07:19:36,595:INFO:Inc_Learning:256: Epoch 4/15 Train Accuracy:  96.00%
2024-01-23 07:19:36,595:INFO:Inc_Learning:257: Epoch 4/15 Average Loss: 0.18275363743305206 / MA Loss: 0.3619508855044842
2024-01-23 07:19:36,595:INFO:Inc_Learning:213: Epoch: 5/15
2024-01-23 07:19:37,686:INFO:Inc_Learning:256: Epoch 5/15 Train Accuracy:  90.00%
2024-01-23 07:19:37,687:INFO:Inc_Learning:257: Epoch 5/15 Average Loss: 0.2860892415046692 / MA Loss: 0.3467785567045212
2024-01-23 07:19:37,687:INFO:Inc_Learning:213: Epoch: 6/15
2024-01-23 07:19:38,784:INFO:Inc_Learning:256: Epoch 6/15 Train Accuracy:  86.00%
2024-01-23 07:19:38,784:INFO:Inc_Learning:257: Epoch 6/15 Average Loss: 0.3185668885707855 / MA Loss: 0.3420766120155652
2024-01-23 07:19:38,785:INFO:Inc_Learning:213: Epoch: 7/15
2024-01-23 07:19:39,887:INFO:Inc_Learning:256: Epoch 7/15 Train Accuracy:  88.00%
2024-01-23 07:19:39,888:INFO:Inc_Learning:257: Epoch 7/15 Average Loss: 0.3218798339366913 / MA Loss: 0.3391913580042975
2024-01-23 07:19:39,888:INFO:Inc_Learning:213: Epoch: 8/15
2024-01-23 07:19:40,941:INFO:Inc_Learning:256: Epoch 8/15 Train Accuracy:  90.00%
2024-01-23 07:19:40,942:INFO:Inc_Learning:257: Epoch 8/15 Average Loss: 0.2982006371021271 / MA Loss: 0.3340675178915262
2024-01-23 07:19:40,942:INFO:Inc_Learning:213: Epoch: 9/15
2024-01-23 07:19:41,986:INFO:Inc_Learning:256: Epoch 9/15 Train Accuracy:  86.00%
2024-01-23 07:19:41,987:INFO:Inc_Learning:257: Epoch 9/15 Average Loss: 0.43404725193977356 / MA Loss: 0.3451763772302204
2024-01-23 07:19:41,987:INFO:Inc_Learning:213: Epoch: 10/15
2024-01-23 07:19:43,085:INFO:Inc_Learning:256: Epoch 10/15 Train Accuracy:  94.00%
2024-01-23 07:19:43,086:INFO:Inc_Learning:257: Epoch 10/15 Average Loss: 0.2750692069530487 / MA Loss: 0.3381656602025032
2024-01-23 07:19:43,086:INFO:Inc_Learning:213: Epoch: 11/15
2024-01-23 07:19:44,035:INFO:Inc_Learning:256: Epoch 11/15 Train Accuracy:  88.00%
2024-01-23 07:19:44,036:INFO:Inc_Learning:257: Epoch 11/15 Average Loss: 0.5795214176177979 / MA Loss: 0.3644664868712425
2024-01-23 07:19:44,036:INFO:Inc_Learning:213: Epoch: 12/15
2024-01-23 07:19:45,124:INFO:Inc_Learning:256: Epoch 12/15 Train Accuracy:  90.00%
2024-01-23 07:19:45,125:INFO:Inc_Learning:257: Epoch 12/15 Average Loss: 0.4330308139324188 / MA Loss: 0.36319228559732436
2024-01-23 07:19:45,125:INFO:Inc_Learning:213: Epoch: 13/15
2024-01-23 07:19:46,188:INFO:Inc_Learning:256: Epoch 13/15 Train Accuracy:  86.00%
2024-01-23 07:19:46,188:INFO:Inc_Learning:257: Epoch 13/15 Average Loss: 0.32564055919647217 / MA Loss: 0.3454799488186836
2024-01-23 07:19:46,189:INFO:Inc_Learning:213: Epoch: 14/15
2024-01-23 07:19:47,165:INFO:Inc_Learning:256: Epoch 14/15 Train Accuracy:  94.00%
2024-01-23 07:19:47,166:INFO:Inc_Learning:257: Epoch 14/15 Average Loss: 0.19473609328269958 / MA Loss: 0.3466781944036484
2024-01-23 07:19:47,166:INFO:Inc_Learning:213: Epoch: 15/15
2024-01-23 07:19:48,252:INFO:Inc_Learning:256: Epoch 15/15 Train Accuracy:  94.00%
2024-01-23 07:19:48,253:INFO:Inc_Learning:257: Epoch 15/15 Average Loss: 0.21056288480758667 / MA Loss: 0.3391255587339401
2024-01-23 07:19:48,304:INFO:Inc_Learning:576: Statistics for task identification ...
2024-01-23 07:19:49,290:INFO:Inc_Learning:270: The pseudo-labeling phase is started ...
2024-01-23 07:21:00,658:INFO:Inc_Learning:351: The training of the PredictionNet is started.
2024-01-23 07:21:01,034:INFO:Inc_Learning:463: Epoch: 000/100, MA loss: 0.22996528446674347
2024-01-23 07:21:01,153:INFO:Inc_Learning:463: Epoch: 099/100, MA loss: 2.3776002308295575e-06
2024-01-23 07:21:01,153:INFO:Inc_Learning:576: Statistics for task identification ...
2024-01-23 07:21:01,591:INFO:Inc_Learning:496: Evaluating the test set after task 4 ...
2024-01-23 07:22:25,083:INFO:Inc_Learning:544: Evaluation Accuracy (oracle) after task 4:  68.28%
2024-01-23 07:22:25,085:INFO:Inc_Learning:555: Evaluation Accuracy after task 4:  39.62%
2024-01-23 07:22:25,085:INFO:Inc_Learning:556: Accuracy of task-id detection after task 4:  49.05%
2024-01-23 07:22:25,085:INFO:Inc_Learning:562: Accuracy (Oracle) for task 0 =  84.90%
2024-01-23 07:22:25,085:INFO:Inc_Learning:566: Accuracy of task 0 =  71.50%
2024-01-23 07:22:25,086:INFO:Inc_Learning:562: Accuracy (Oracle) for task 1 =  63.40%
2024-01-23 07:22:25,086:INFO:Inc_Learning:566: Accuracy of task 1 =  22.40%
2024-01-23 07:22:25,086:INFO:Inc_Learning:562: Accuracy (Oracle) for task 2 =  61.80%
2024-01-23 07:22:25,086:INFO:Inc_Learning:566: Accuracy of task 2 =  27.30%
2024-01-23 07:22:25,086:INFO:Inc_Learning:562: Accuracy (Oracle) for task 3 =  55.80%
2024-01-23 07:22:25,087:INFO:Inc_Learning:566: Accuracy of task 3 =  25.70%
2024-01-23 07:22:25,087:INFO:Inc_Learning:562: Accuracy (Oracle) for task 4 =  58.90%
2024-01-23 07:22:25,087:INFO:Inc_Learning:566: Accuracy of task 4 =  19.30%
2024-01-23 07:22:25,097:INFO:Inc_Learning:692: The incremental learning phase for task 4 is finished!
2024-01-23 07:22:25,097:INFO:Inc_Learning:557: Estimated remaining time: 7 minutes and 52 seconds
2024-01-23 07:22:25,098:INFO:Inc_Learning:681: The incremental learning phase for task 5 is started ...
2024-01-23 07:22:25,098:INFO:Inc_Learning:322: Prefixes are copied from task 4.
2024-01-23 07:22:25,098:INFO:Inc_Learning:269: The PredictionNet is copied from the previous task.
2024-01-23 07:22:25,772:INFO:Inc_Learning:198: The session file "data/index_list/cifar100/num_base_classes=20,num_tasks=9,num_shots=5,seed=32/train_samples_for_task=6.txt" is loaded!
2024-01-23 07:22:26,143:INFO:Inc_Learning:198: The session file "data/index_list/cifar100/num_base_classes=20,num_tasks=9,num_shots=5,seed=32/test_samples_for_task=6.txt" is loaded!
2024-01-23 07:22:27,109:INFO:Inc_Learning:213: Epoch: 1/15
2024-01-23 07:22:28,054:INFO:Inc_Learning:256: Epoch 1/15 Train Accuracy:  88.00%
2024-01-23 07:22:28,054:INFO:Inc_Learning:257: Epoch 1/15 Average Loss: 0.3787892162799835 / MA Loss: 0.3787892162799835
2024-01-23 07:22:28,054:INFO:Inc_Learning:213: Epoch: 2/15
2024-01-23 07:22:29,169:INFO:Inc_Learning:256: Epoch 2/15 Train Accuracy:  88.00%
2024-01-23 07:22:29,169:INFO:Inc_Learning:257: Epoch 2/15 Average Loss: 0.270006388425827 / MA Loss: 0.3243978023529053
2024-01-23 07:22:29,169:INFO:Inc_Learning:213: Epoch: 3/15
2024-01-23 07:22:30,246:INFO:Inc_Learning:256: Epoch 3/15 Train Accuracy:  90.00%
2024-01-23 07:22:30,246:INFO:Inc_Learning:257: Epoch 3/15 Average Loss: 0.3934982717037201 / MA Loss: 0.3474312921365102
2024-01-23 07:22:30,247:INFO:Inc_Learning:213: Epoch: 4/15
2024-01-23 07:22:31,253:INFO:Inc_Learning:256: Epoch 4/15 Train Accuracy:  86.00%
2024-01-23 07:22:31,253:INFO:Inc_Learning:257: Epoch 4/15 Average Loss: 0.23828770220279694 / MA Loss: 0.3201453946530819
2024-01-23 07:22:31,253:INFO:Inc_Learning:213: Epoch: 5/15
2024-01-23 07:22:32,331:INFO:Inc_Learning:256: Epoch 5/15 Train Accuracy:  94.00%
2024-01-23 07:22:32,331:INFO:Inc_Learning:257: Epoch 5/15 Average Loss: 0.23650698363780975 / MA Loss: 0.30341771245002747
2024-01-23 07:22:32,331:INFO:Inc_Learning:213: Epoch: 6/15
2024-01-23 07:22:33,268:INFO:Inc_Learning:256: Epoch 6/15 Train Accuracy:  88.00%
2024-01-23 07:22:33,268:INFO:Inc_Learning:257: Epoch 6/15 Average Loss: 0.33765265345573425 / MA Loss: 0.3091235359509786
2024-01-23 07:22:33,268:INFO:Inc_Learning:213: Epoch: 7/15
2024-01-23 07:22:34,345:INFO:Inc_Learning:256: Epoch 7/15 Train Accuracy:  84.00%
2024-01-23 07:22:34,346:INFO:Inc_Learning:257: Epoch 7/15 Average Loss: 0.3622065484523773 / MA Loss: 0.3167068234511784
2024-01-23 07:22:34,346:INFO:Inc_Learning:213: Epoch: 8/15
2024-01-23 07:22:35,379:INFO:Inc_Learning:256: Epoch 8/15 Train Accuracy:  88.00%
2024-01-23 07:22:35,380:INFO:Inc_Learning:257: Epoch 8/15 Average Loss: 0.2996685802936554 / MA Loss: 0.31457704305648804
2024-01-23 07:22:35,380:INFO:Inc_Learning:213: Epoch: 9/15
2024-01-23 07:22:36,482:INFO:Inc_Learning:256: Epoch 9/15 Train Accuracy:  94.00%
2024-01-23 07:22:36,482:INFO:Inc_Learning:257: Epoch 9/15 Average Loss: 0.2562842071056366 / MA Loss: 0.3081000612841712
2024-01-23 07:22:36,482:INFO:Inc_Learning:213: Epoch: 10/15
2024-01-23 07:22:37,548:INFO:Inc_Learning:256: Epoch 10/15 Train Accuracy:  92.00%
2024-01-23 07:22:37,548:INFO:Inc_Learning:257: Epoch 10/15 Average Loss: 0.22298350930213928 / MA Loss: 0.29958840608596804
2024-01-23 07:22:37,548:INFO:Inc_Learning:213: Epoch: 11/15
2024-01-23 07:22:38,610:INFO:Inc_Learning:256: Epoch 11/15 Train Accuracy:  88.00%
2024-01-23 07:22:38,610:INFO:Inc_Learning:257: Epoch 11/15 Average Loss: 0.4069826602935791 / MA Loss: 0.3024077504873276
2024-01-23 07:22:38,611:INFO:Inc_Learning:213: Epoch: 12/15
2024-01-23 07:22:39,672:INFO:Inc_Learning:256: Epoch 12/15 Train Accuracy:  96.00%
2024-01-23 07:22:39,672:INFO:Inc_Learning:257: Epoch 12/15 Average Loss: 0.2501101493835449 / MA Loss: 0.30041812658309935
2024-01-23 07:22:39,673:INFO:Inc_Learning:213: Epoch: 13/15
2024-01-23 07:22:40,752:INFO:Inc_Learning:256: Epoch 13/15 Train Accuracy:  92.00%
2024-01-23 07:22:40,753:INFO:Inc_Learning:257: Epoch 13/15 Average Loss: 0.3025849461555481 / MA Loss: 0.29132679402828215
2024-01-23 07:22:40,753:INFO:Inc_Learning:213: Epoch: 14/15
2024-01-23 07:22:41,842:INFO:Inc_Learning:256: Epoch 14/15 Train Accuracy:  88.00%
2024-01-23 07:22:41,842:INFO:Inc_Learning:257: Epoch 14/15 Average Loss: 0.32763224840164185 / MA Loss: 0.30026124864816667
2024-01-23 07:22:41,842:INFO:Inc_Learning:213: Epoch: 15/15
2024-01-23 07:22:42,874:INFO:Inc_Learning:256: Epoch 15/15 Train Accuracy:  98.00%
2024-01-23 07:22:42,874:INFO:Inc_Learning:257: Epoch 15/15 Average Loss: 0.22042538225650787 / MA Loss: 0.29865308851003647
2024-01-23 07:22:42,913:INFO:Inc_Learning:576: Statistics for task identification ...
2024-01-23 07:22:43,899:INFO:Inc_Learning:270: The pseudo-labeling phase is started ...
2024-01-23 07:24:20,195:INFO:Inc_Learning:351: The training of the PredictionNet is started.
2024-01-23 07:24:20,627:INFO:Inc_Learning:463: Epoch: 000/100, MA loss: 0.20409680902957916
2024-01-23 07:24:20,742:INFO:Inc_Learning:463: Epoch: 099/100, MA loss: 2.3096803261069e-06
2024-01-23 07:24:20,743:INFO:Inc_Learning:576: Statistics for task identification ...
2024-01-23 07:24:21,237:INFO:Inc_Learning:496: Evaluating the test set after task 5 ...
2024-01-23 07:26:11,963:INFO:Inc_Learning:544: Evaluation Accuracy (oracle) after task 5:  66.49%
2024-01-23 07:26:11,963:INFO:Inc_Learning:555: Evaluation Accuracy after task 5:  36.94%
2024-01-23 07:26:11,964:INFO:Inc_Learning:556: Accuracy of task-id detection after task 5:  46.00%
2024-01-23 07:26:11,964:INFO:Inc_Learning:562: Accuracy (Oracle) for task 0 =  84.90%
2024-01-23 07:26:11,964:INFO:Inc_Learning:566: Accuracy of task 0 =  68.20%
2024-01-23 07:26:11,964:INFO:Inc_Learning:562: Accuracy (Oracle) for task 1 =  63.60%
2024-01-23 07:26:11,964:INFO:Inc_Learning:566: Accuracy of task 1 =  21.00%
2024-01-23 07:26:11,964:INFO:Inc_Learning:562: Accuracy (Oracle) for task 2 =  62.20%
2024-01-23 07:26:11,965:INFO:Inc_Learning:566: Accuracy of task 2 =  27.50%
2024-01-23 07:26:11,965:INFO:Inc_Learning:562: Accuracy (Oracle) for task 3 =  55.40%
2024-01-23 07:26:11,965:INFO:Inc_Learning:566: Accuracy of task 3 =  26.10%
2024-01-23 07:26:11,965:INFO:Inc_Learning:562: Accuracy (Oracle) for task 4 =  58.90%
2024-01-23 07:26:11,965:INFO:Inc_Learning:566: Accuracy of task 4 =  21.70%
2024-01-23 07:26:11,965:INFO:Inc_Learning:562: Accuracy (Oracle) for task 5 =  55.50%
2024-01-23 07:26:11,966:INFO:Inc_Learning:566: Accuracy of task 5 =  25.90%
2024-01-23 07:26:11,979:INFO:Inc_Learning:692: The incremental learning phase for task 5 is finished!
2024-01-23 07:26:11,979:INFO:Inc_Learning:557: Estimated remaining time: 6 minutes and 41 seconds
2024-01-23 07:26:11,979:INFO:Inc_Learning:681: The incremental learning phase for task 6 is started ...
2024-01-23 07:26:11,979:INFO:Inc_Learning:322: Prefixes are copied from task 5.
2024-01-23 07:26:11,980:INFO:Inc_Learning:269: The PredictionNet is copied from the previous task.
2024-01-23 07:26:12,634:INFO:Inc_Learning:198: The session file "data/index_list/cifar100/num_base_classes=20,num_tasks=9,num_shots=5,seed=32/train_samples_for_task=7.txt" is loaded!
2024-01-23 07:26:13,000:INFO:Inc_Learning:198: The session file "data/index_list/cifar100/num_base_classes=20,num_tasks=9,num_shots=5,seed=32/test_samples_for_task=7.txt" is loaded!
2024-01-23 07:26:14,034:INFO:Inc_Learning:213: Epoch: 1/15
2024-01-23 07:26:15,119:INFO:Inc_Learning:256: Epoch 1/15 Train Accuracy:  94.00%
2024-01-23 07:26:15,119:INFO:Inc_Learning:257: Epoch 1/15 Average Loss: 0.46130606532096863 / MA Loss: 0.46130606532096863
2024-01-23 07:26:15,120:INFO:Inc_Learning:213: Epoch: 2/15
2024-01-23 07:26:16,163:INFO:Inc_Learning:256: Epoch 2/15 Train Accuracy:  82.00%
2024-01-23 07:26:16,164:INFO:Inc_Learning:257: Epoch 2/15 Average Loss: 0.6534106731414795 / MA Loss: 0.5573583692312241
2024-01-23 07:26:16,164:INFO:Inc_Learning:213: Epoch: 3/15
2024-01-23 07:26:17,138:INFO:Inc_Learning:256: Epoch 3/15 Train Accuracy:  92.00%
2024-01-23 07:26:17,138:INFO:Inc_Learning:257: Epoch 3/15 Average Loss: 0.38297322392463684 / MA Loss: 0.49922998746236164
2024-01-23 07:26:17,138:INFO:Inc_Learning:213: Epoch: 4/15
2024-01-23 07:26:18,244:INFO:Inc_Learning:256: Epoch 4/15 Train Accuracy:  86.00%
2024-01-23 07:26:18,244:INFO:Inc_Learning:257: Epoch 4/15 Average Loss: 0.32489508390426636 / MA Loss: 0.45564626157283783
2024-01-23 07:26:18,244:INFO:Inc_Learning:213: Epoch: 5/15
2024-01-23 07:26:19,278:INFO:Inc_Learning:256: Epoch 5/15 Train Accuracy:  92.00%
2024-01-23 07:26:19,279:INFO:Inc_Learning:257: Epoch 5/15 Average Loss: 0.40214765071868896 / MA Loss: 0.44494653940200807
2024-01-23 07:26:19,279:INFO:Inc_Learning:213: Epoch: 6/15
2024-01-23 07:26:20,343:INFO:Inc_Learning:256: Epoch 6/15 Train Accuracy:  90.00%
2024-01-23 07:26:20,344:INFO:Inc_Learning:257: Epoch 6/15 Average Loss: 0.38360485434532166 / MA Loss: 0.4347229252258937
2024-01-23 07:26:20,344:INFO:Inc_Learning:213: Epoch: 7/15
2024-01-23 07:26:21,462:INFO:Inc_Learning:256: Epoch 7/15 Train Accuracy:  94.00%
2024-01-23 07:26:21,463:INFO:Inc_Learning:257: Epoch 7/15 Average Loss: 0.21953508257865906 / MA Loss: 0.4039818048477173
2024-01-23 07:26:21,463:INFO:Inc_Learning:213: Epoch: 8/15
2024-01-23 07:26:22,546:INFO:Inc_Learning:256: Epoch 8/15 Train Accuracy:  94.00%
2024-01-23 07:26:22,547:INFO:Inc_Learning:257: Epoch 8/15 Average Loss: 0.2765931189060211 / MA Loss: 0.38805821910500526
2024-01-23 07:26:22,547:INFO:Inc_Learning:213: Epoch: 9/15
2024-01-23 07:26:23,616:INFO:Inc_Learning:256: Epoch 9/15 Train Accuracy:  94.00%
2024-01-23 07:26:23,616:INFO:Inc_Learning:257: Epoch 9/15 Average Loss: 0.2109927386045456 / MA Loss: 0.3683842768271764
2024-01-23 07:26:23,617:INFO:Inc_Learning:213: Epoch: 10/15
2024-01-23 07:26:24,614:INFO:Inc_Learning:256: Epoch 10/15 Train Accuracy:  92.00%
2024-01-23 07:26:24,615:INFO:Inc_Learning:257: Epoch 10/15 Average Loss: 0.24840816855430603 / MA Loss: 0.3563866659998894
2024-01-23 07:26:24,615:INFO:Inc_Learning:213: Epoch: 11/15
2024-01-23 07:26:25,671:INFO:Inc_Learning:256: Epoch 11/15 Train Accuracy:  88.00%
2024-01-23 07:26:25,672:INFO:Inc_Learning:257: Epoch 11/15 Average Loss: 0.3230646252632141 / MA Loss: 0.3425625219941139
2024-01-23 07:26:25,672:INFO:Inc_Learning:213: Epoch: 12/15
2024-01-23 07:26:26,764:INFO:Inc_Learning:256: Epoch 12/15 Train Accuracy:  94.00%
2024-01-23 07:26:26,765:INFO:Inc_Learning:257: Epoch 12/15 Average Loss: 0.23082387447357178 / MA Loss: 0.30030384212732314
2024-01-23 07:26:26,765:INFO:Inc_Learning:213: Epoch: 13/15
2024-01-23 07:26:27,843:INFO:Inc_Learning:256: Epoch 13/15 Train Accuracy:  90.00%
2024-01-23 07:26:27,843:INFO:Inc_Learning:257: Epoch 13/15 Average Loss: 0.34542638063430786 / MA Loss: 0.2965491577982903
2024-01-23 07:26:27,843:INFO:Inc_Learning:213: Epoch: 14/15
2024-01-23 07:26:28,870:INFO:Inc_Learning:256: Epoch 14/15 Train Accuracy:  90.00%
2024-01-23 07:26:28,871:INFO:Inc_Learning:257: Epoch 14/15 Average Loss: 0.27739617228507996 / MA Loss: 0.2917992666363716
2024-01-23 07:26:28,871:INFO:Inc_Learning:213: Epoch: 15/15
2024-01-23 07:26:29,953:INFO:Inc_Learning:256: Epoch 15/15 Train Accuracy:  96.00%
2024-01-23 07:26:29,953:INFO:Inc_Learning:257: Epoch 15/15 Average Loss: 0.2049332857131958 / MA Loss: 0.2720778301358223
2024-01-23 07:26:29,991:INFO:Inc_Learning:576: Statistics for task identification ...
2024-01-23 07:26:31,004:INFO:Inc_Learning:270: The pseudo-labeling phase is started ...
2024-01-23 07:28:35,414:INFO:Inc_Learning:351: The training of the PredictionNet is started.
2024-01-23 07:28:35,748:INFO:Inc_Learning:463: Epoch: 000/100, MA loss: 0.18854068219661713
2024-01-23 07:28:35,866:INFO:Inc_Learning:463: Epoch: 099/100, MA loss: 2.2776870991947364e-06
2024-01-23 07:28:35,866:INFO:Inc_Learning:576: Statistics for task identification ...
2024-01-23 07:28:36,261:INFO:Inc_Learning:496: Evaluating the test set after task 6 ...
2024-01-23 07:30:57,855:INFO:Inc_Learning:544: Evaluation Accuracy (oracle) after task 6:  65.29%
2024-01-23 07:30:57,856:INFO:Inc_Learning:555: Evaluation Accuracy after task 6:  33.42%
2024-01-23 07:30:57,856:INFO:Inc_Learning:556: Accuracy of task-id detection after task 6:  42.02%
2024-01-23 07:30:57,856:INFO:Inc_Learning:562: Accuracy (Oracle) for task 0 =  84.75%
2024-01-23 07:30:57,856:INFO:Inc_Learning:566: Accuracy of task 0 =  64.95%
2024-01-23 07:30:57,856:INFO:Inc_Learning:562: Accuracy (Oracle) for task 1 =  63.60%
2024-01-23 07:30:57,857:INFO:Inc_Learning:566: Accuracy of task 1 =  20.40%
2024-01-23 07:30:57,857:INFO:Inc_Learning:562: Accuracy (Oracle) for task 2 =  61.80%
2024-01-23 07:30:57,857:INFO:Inc_Learning:566: Accuracy of task 2 =  28.20%
2024-01-23 07:30:57,857:INFO:Inc_Learning:562: Accuracy (Oracle) for task 3 =  55.80%
2024-01-23 07:30:57,857:INFO:Inc_Learning:566: Accuracy of task 3 =  26.70%
2024-01-23 07:30:57,858:INFO:Inc_Learning:562: Accuracy (Oracle) for task 4 =  58.70%
2024-01-23 07:30:57,858:INFO:Inc_Learning:566: Accuracy of task 4 =  22.40%
2024-01-23 07:30:57,858:INFO:Inc_Learning:562: Accuracy (Oracle) for task 5 =  55.40%
2024-01-23 07:30:57,858:INFO:Inc_Learning:566: Accuracy of task 5 =  26.70%
2024-01-23 07:30:57,858:INFO:Inc_Learning:562: Accuracy (Oracle) for task 6 =  57.50%
2024-01-23 07:30:57,858:INFO:Inc_Learning:566: Accuracy of task 6 =  13.10%
2024-01-23 07:30:57,874:INFO:Inc_Learning:692: The incremental learning phase for task 6 is finished!
2024-01-23 07:30:57,874:INFO:Inc_Learning:557: Estimated remaining time: 5 minutes and 5 seconds
2024-01-23 07:30:57,875:INFO:Inc_Learning:681: The incremental learning phase for task 7 is started ...
2024-01-23 07:30:57,875:INFO:Inc_Learning:322: Prefixes are copied from task 6.
2024-01-23 07:30:57,875:INFO:Inc_Learning:269: The PredictionNet is copied from the previous task.
2024-01-23 07:30:58,533:INFO:Inc_Learning:198: The session file "data/index_list/cifar100/num_base_classes=20,num_tasks=9,num_shots=5,seed=32/train_samples_for_task=8.txt" is loaded!
2024-01-23 07:30:58,906:INFO:Inc_Learning:198: The session file "data/index_list/cifar100/num_base_classes=20,num_tasks=9,num_shots=5,seed=32/test_samples_for_task=8.txt" is loaded!
2024-01-23 07:30:59,945:INFO:Inc_Learning:213: Epoch: 1/15
2024-01-23 07:31:01,026:INFO:Inc_Learning:256: Epoch 1/15 Train Accuracy:  80.00%
2024-01-23 07:31:01,026:INFO:Inc_Learning:257: Epoch 1/15 Average Loss: 0.4566618800163269 / MA Loss: 0.4566618800163269
2024-01-23 07:31:01,027:INFO:Inc_Learning:213: Epoch: 2/15
2024-01-23 07:31:02,084:INFO:Inc_Learning:256: Epoch 2/15 Train Accuracy:  86.00%
2024-01-23 07:31:02,084:INFO:Inc_Learning:257: Epoch 2/15 Average Loss: 0.4222148060798645 / MA Loss: 0.4394383430480957
2024-01-23 07:31:02,085:INFO:Inc_Learning:213: Epoch: 3/15
2024-01-23 07:31:03,095:INFO:Inc_Learning:256: Epoch 3/15 Train Accuracy:  92.00%
2024-01-23 07:31:03,096:INFO:Inc_Learning:257: Epoch 3/15 Average Loss: 0.311794638633728 / MA Loss: 0.39689044157663983
2024-01-23 07:31:03,096:INFO:Inc_Learning:213: Epoch: 4/15
2024-01-23 07:31:04,222:INFO:Inc_Learning:256: Epoch 4/15 Train Accuracy:  86.00%
2024-01-23 07:31:04,223:INFO:Inc_Learning:257: Epoch 4/15 Average Loss: 0.4607636630535126 / MA Loss: 0.412858746945858
2024-01-23 07:31:04,223:INFO:Inc_Learning:213: Epoch: 5/15
2024-01-23 07:31:05,288:INFO:Inc_Learning:256: Epoch 5/15 Train Accuracy:  84.00%
2024-01-23 07:31:05,288:INFO:Inc_Learning:257: Epoch 5/15 Average Loss: 0.5227241516113281 / MA Loss: 0.434831827878952
2024-01-23 07:31:05,288:INFO:Inc_Learning:213: Epoch: 6/15
2024-01-23 07:31:06,336:INFO:Inc_Learning:256: Epoch 6/15 Train Accuracy:  96.00%
2024-01-23 07:31:06,336:INFO:Inc_Learning:257: Epoch 6/15 Average Loss: 0.24545852839946747 / MA Loss: 0.40326961129903793
2024-01-23 07:31:06,337:INFO:Inc_Learning:213: Epoch: 7/15
2024-01-23 07:31:07,313:INFO:Inc_Learning:256: Epoch 7/15 Train Accuracy:  96.00%
2024-01-23 07:31:07,313:INFO:Inc_Learning:257: Epoch 7/15 Average Loss: 0.2696659564971924 / MA Loss: 0.3841833748987743
2024-01-23 07:31:07,313:INFO:Inc_Learning:213: Epoch: 8/15
2024-01-23 07:31:08,415:INFO:Inc_Learning:256: Epoch 8/15 Train Accuracy:  96.00%
2024-01-23 07:31:08,415:INFO:Inc_Learning:257: Epoch 8/15 Average Loss: 0.22143130004405975 / MA Loss: 0.36383936554193497
2024-01-23 07:31:08,415:INFO:Inc_Learning:213: Epoch: 9/15
2024-01-23 07:31:09,445:INFO:Inc_Learning:256: Epoch 9/15 Train Accuracy:  94.00%
2024-01-23 07:31:09,445:INFO:Inc_Learning:257: Epoch 9/15 Average Loss: 0.24643804132938385 / MA Loss: 0.3507947739627626
2024-01-23 07:31:09,445:INFO:Inc_Learning:213: Epoch: 10/15
2024-01-23 07:31:10,507:INFO:Inc_Learning:256: Epoch 10/15 Train Accuracy:  94.00%
2024-01-23 07:31:10,508:INFO:Inc_Learning:257: Epoch 10/15 Average Loss: 0.20879316329956055 / MA Loss: 0.33659461289644244
2024-01-23 07:31:10,508:INFO:Inc_Learning:213: Epoch: 11/15
2024-01-23 07:31:11,554:INFO:Inc_Learning:256: Epoch 11/15 Train Accuracy:  92.00%
2024-01-23 07:31:11,555:INFO:Inc_Learning:257: Epoch 11/15 Average Loss: 0.22686061263084412 / MA Loss: 0.3136144861578941
2024-01-23 07:31:11,555:INFO:Inc_Learning:213: Epoch: 12/15
2024-01-23 07:31:12,587:INFO:Inc_Learning:256: Epoch 12/15 Train Accuracy:  94.00%
2024-01-23 07:31:12,588:INFO:Inc_Learning:257: Epoch 12/15 Average Loss: 0.23894891142845154 / MA Loss: 0.29528789669275285
2024-01-23 07:31:12,588:INFO:Inc_Learning:213: Epoch: 13/15
2024-01-23 07:31:13,682:INFO:Inc_Learning:256: Epoch 13/15 Train Accuracy:  96.00%
2024-01-23 07:31:13,683:INFO:Inc_Learning:257: Epoch 13/15 Average Loss: 0.27893078327178955 / MA Loss: 0.292001511156559
2024-01-23 07:31:13,683:INFO:Inc_Learning:213: Epoch: 14/15
2024-01-23 07:31:14,745:INFO:Inc_Learning:256: Epoch 14/15 Train Accuracy:  94.00%
2024-01-23 07:31:14,745:INFO:Inc_Learning:257: Epoch 14/15 Average Loss: 0.23934635519981384 / MA Loss: 0.26985978037118913
2024-01-23 07:31:14,746:INFO:Inc_Learning:213: Epoch: 15/15
2024-01-23 07:31:15,821:INFO:Inc_Learning:256: Epoch 15/15 Train Accuracy:  94.00%
2024-01-23 07:31:15,821:INFO:Inc_Learning:257: Epoch 15/15 Average Loss: 0.19984906911849976 / MA Loss: 0.2375722721219063
2024-01-23 07:31:15,870:INFO:Inc_Learning:576: Statistics for task identification ...
2024-01-23 07:31:16,848:INFO:Inc_Learning:270: The pseudo-labeling phase is started ...
2024-01-23 07:33:53,505:INFO:Inc_Learning:351: The training of the PredictionNet is started.
2024-01-23 07:33:53,919:INFO:Inc_Learning:463: Epoch: 000/100, MA loss: 0.17247065901756287
2024-01-23 07:33:54,036:INFO:Inc_Learning:463: Epoch: 099/100, MA loss: 2.1980564952173152e-06
2024-01-23 07:33:54,037:INFO:Inc_Learning:576: Statistics for task identification ...
2024-01-23 07:33:54,583:INFO:Inc_Learning:496: Evaluating the test set after task 7 ...
2024-01-23 07:36:50,846:INFO:Inc_Learning:544: Evaluation Accuracy (oracle) after task 7:  64.94%
2024-01-23 07:36:50,846:INFO:Inc_Learning:555: Evaluation Accuracy after task 7:  30.04%
2024-01-23 07:36:50,846:INFO:Inc_Learning:556: Accuracy of task-id detection after task 7:  37.87%
2024-01-23 07:36:50,847:INFO:Inc_Learning:562: Accuracy (Oracle) for task 0 =  84.75%
2024-01-23 07:36:50,847:INFO:Inc_Learning:566: Accuracy of task 0 =  59.75%
2024-01-23 07:36:50,847:INFO:Inc_Learning:562: Accuracy (Oracle) for task 1 =  63.40%
2024-01-23 07:36:50,847:INFO:Inc_Learning:566: Accuracy of task 1 =  19.90%
2024-01-23 07:36:50,848:INFO:Inc_Learning:562: Accuracy (Oracle) for task 2 =  61.80%
2024-01-23 07:36:50,848:INFO:Inc_Learning:566: Accuracy of task 2 =  27.00%
2024-01-23 07:36:50,848:INFO:Inc_Learning:562: Accuracy (Oracle) for task 3 =  56.00%
2024-01-23 07:36:50,848:INFO:Inc_Learning:566: Accuracy of task 3 =  25.90%
2024-01-23 07:36:50,848:INFO:Inc_Learning:562: Accuracy (Oracle) for task 4 =  58.80%
2024-01-23 07:36:50,849:INFO:Inc_Learning:566: Accuracy of task 4 =  20.10%
2024-01-23 07:36:50,849:INFO:Inc_Learning:562: Accuracy (Oracle) for task 5 =  55.70%
2024-01-23 07:36:50,849:INFO:Inc_Learning:566: Accuracy of task 5 =  26.70%
2024-01-23 07:36:50,849:INFO:Inc_Learning:562: Accuracy (Oracle) for task 6 =  57.40%
2024-01-23 07:36:50,849:INFO:Inc_Learning:566: Accuracy of task 6 =  12.40%
2024-01-23 07:36:50,849:INFO:Inc_Learning:562: Accuracy (Oracle) for task 7 =  61.90%
2024-01-23 07:36:50,850:INFO:Inc_Learning:566: Accuracy of task 7 =  18.90%
2024-01-23 07:36:50,856:INFO:Inc_Learning:692: The incremental learning phase for task 7 is finished!
2024-01-23 07:36:50,857:INFO:Inc_Learning:557: Estimated remaining time: 2 minutes and 54 seconds
2024-01-23 07:36:50,857:INFO:Inc_Learning:681: The incremental learning phase for task 8 is started ...
2024-01-23 07:36:50,857:INFO:Inc_Learning:322: Prefixes are copied from task 7.
2024-01-23 07:36:50,858:INFO:Inc_Learning:269: The PredictionNet is copied from the previous task.
2024-01-23 07:36:51,513:INFO:Inc_Learning:198: The session file "data/index_list/cifar100/num_base_classes=20,num_tasks=9,num_shots=5,seed=32/train_samples_for_task=9.txt" is loaded!
2024-01-23 07:36:51,888:INFO:Inc_Learning:198: The session file "data/index_list/cifar100/num_base_classes=20,num_tasks=9,num_shots=5,seed=32/test_samples_for_task=9.txt" is loaded!
2024-01-23 07:36:52,760:INFO:Inc_Learning:213: Epoch: 1/15
2024-01-23 07:36:53,766:INFO:Inc_Learning:256: Epoch 1/15 Train Accuracy:  84.00%
2024-01-23 07:36:53,766:INFO:Inc_Learning:257: Epoch 1/15 Average Loss: 0.5452215075492859 / MA Loss: 0.5452215075492859
2024-01-23 07:36:53,766:INFO:Inc_Learning:213: Epoch: 2/15
2024-01-23 07:36:54,825:INFO:Inc_Learning:256: Epoch 2/15 Train Accuracy:  88.00%
2024-01-23 07:36:54,826:INFO:Inc_Learning:257: Epoch 2/15 Average Loss: 0.3539145290851593 / MA Loss: 0.4495680183172226
2024-01-23 07:36:54,826:INFO:Inc_Learning:213: Epoch: 3/15
2024-01-23 07:36:55,928:INFO:Inc_Learning:256: Epoch 3/15 Train Accuracy:  90.00%
2024-01-23 07:36:55,929:INFO:Inc_Learning:257: Epoch 3/15 Average Loss: 0.339630126953125 / MA Loss: 0.41292205452919006
2024-01-23 07:36:55,929:INFO:Inc_Learning:213: Epoch: 4/15
2024-01-23 07:36:56,902:INFO:Inc_Learning:256: Epoch 4/15 Train Accuracy:  88.00%
2024-01-23 07:36:56,902:INFO:Inc_Learning:257: Epoch 4/15 Average Loss: 0.4193795919418335 / MA Loss: 0.4145364388823509
2024-01-23 07:36:56,903:INFO:Inc_Learning:213: Epoch: 5/15
2024-01-23 07:36:57,972:INFO:Inc_Learning:256: Epoch 5/15 Train Accuracy:  90.00%
2024-01-23 07:36:57,973:INFO:Inc_Learning:257: Epoch 5/15 Average Loss: 0.38307398557662964 / MA Loss: 0.4082439482212067
2024-01-23 07:36:57,973:INFO:Inc_Learning:213: Epoch: 6/15
2024-01-23 07:36:59,038:INFO:Inc_Learning:256: Epoch 6/15 Train Accuracy:  90.00%
2024-01-23 07:36:59,038:INFO:Inc_Learning:257: Epoch 6/15 Average Loss: 0.27490484714508057 / MA Loss: 0.386020764708519
2024-01-23 07:36:59,039:INFO:Inc_Learning:213: Epoch: 7/15
2024-01-23 07:37:00,143:INFO:Inc_Learning:256: Epoch 7/15 Train Accuracy:  96.00%
2024-01-23 07:37:00,143:INFO:Inc_Learning:257: Epoch 7/15 Average Loss: 0.2093210220336914 / MA Loss: 0.36077794432640076
2024-01-23 07:37:00,144:INFO:Inc_Learning:213: Epoch: 8/15
2024-01-23 07:37:01,197:INFO:Inc_Learning:256: Epoch 8/15 Train Accuracy:  96.00%
2024-01-23 07:37:01,198:INFO:Inc_Learning:257: Epoch 8/15 Average Loss: 0.1492493599653244 / MA Loss: 0.3343368712812662
2024-01-23 07:37:01,198:INFO:Inc_Learning:213: Epoch: 9/15
2024-01-23 07:37:02,301:INFO:Inc_Learning:256: Epoch 9/15 Train Accuracy:  100.00%
2024-01-23 07:37:02,302:INFO:Inc_Learning:257: Epoch 9/15 Average Loss: 0.08404821157455444 / MA Loss: 0.3065270202027427
2024-01-23 07:37:02,302:INFO:Inc_Learning:213: Epoch: 10/15
2024-01-23 07:37:03,312:INFO:Inc_Learning:256: Epoch 10/15 Train Accuracy:  100.00%
2024-01-23 07:37:03,313:INFO:Inc_Learning:257: Epoch 10/15 Average Loss: 0.1430928260087967 / MA Loss: 0.2901836007833481
2024-01-23 07:37:03,313:INFO:Inc_Learning:213: Epoch: 11/15
2024-01-23 07:37:04,284:INFO:Inc_Learning:256: Epoch 11/15 Train Accuracy:  94.00%
2024-01-23 07:37:04,285:INFO:Inc_Learning:257: Epoch 11/15 Average Loss: 0.2616736590862274 / MA Loss: 0.2618288159370422
2024-01-23 07:37:04,285:INFO:Inc_Learning:213: Epoch: 12/15
2024-01-23 07:37:05,312:INFO:Inc_Learning:256: Epoch 12/15 Train Accuracy:  98.00%
2024-01-23 07:37:05,313:INFO:Inc_Learning:257: Epoch 12/15 Average Loss: 0.17395620048046112 / MA Loss: 0.24383298307657242
2024-01-23 07:37:05,313:INFO:Inc_Learning:213: Epoch: 13/15
2024-01-23 07:37:06,393:INFO:Inc_Learning:256: Epoch 13/15 Train Accuracy:  94.00%
2024-01-23 07:37:06,393:INFO:Inc_Learning:257: Epoch 13/15 Average Loss: 0.17785662412643433 / MA Loss: 0.22765563279390336
2024-01-23 07:37:06,394:INFO:Inc_Learning:213: Epoch: 14/15
2024-01-23 07:37:07,444:INFO:Inc_Learning:256: Epoch 14/15 Train Accuracy:  94.00%
2024-01-23 07:37:07,444:INFO:Inc_Learning:257: Epoch 14/15 Average Loss: 0.23070232570171356 / MA Loss: 0.20878790616989135
2024-01-23 07:37:07,445:INFO:Inc_Learning:213: Epoch: 15/15
2024-01-23 07:37:08,467:INFO:Inc_Learning:256: Epoch 15/15 Train Accuracy:  94.00%
2024-01-23 07:37:08,467:INFO:Inc_Learning:257: Epoch 15/15 Average Loss: 0.20690132677555084 / MA Loss: 0.19117064028978348
2024-01-23 07:37:08,520:INFO:Inc_Learning:576: Statistics for task identification ...
2024-01-23 07:37:09,505:INFO:Inc_Learning:270: The pseudo-labeling phase is started ...
2024-01-23 07:40:21,732:INFO:Inc_Learning:351: The training of the PredictionNet is started.
2024-01-23 07:40:22,045:INFO:Inc_Learning:463: Epoch: 000/100, MA loss: 0.15946514904499054
2024-01-23 07:40:22,162:INFO:Inc_Learning:463: Epoch: 099/100, MA loss: 2.194638102537283e-06
2024-01-23 07:40:22,162:INFO:Inc_Learning:576: Statistics for task identification ...
2024-01-23 07:40:22,535:INFO:Inc_Learning:496: Evaluating the test set after task 8 ...
2024-01-23 07:43:57,118:INFO:Inc_Learning:544: Evaluation Accuracy (oracle) after task 8:  65.40%
2024-01-23 07:43:57,119:INFO:Inc_Learning:555: Evaluation Accuracy after task 8:  27.68%
2024-01-23 07:43:57,119:INFO:Inc_Learning:556: Accuracy of task-id detection after task 8:  34.78%
2024-01-23 07:43:57,119:INFO:Inc_Learning:562: Accuracy (Oracle) for task 0 =  84.90%
2024-01-23 07:43:57,119:INFO:Inc_Learning:566: Accuracy of task 0 =  56.70%
2024-01-23 07:43:57,120:INFO:Inc_Learning:562: Accuracy (Oracle) for task 1 =  63.30%
2024-01-23 07:43:57,120:INFO:Inc_Learning:566: Accuracy of task 1 =  19.50%
2024-01-23 07:43:57,120:INFO:Inc_Learning:562: Accuracy (Oracle) for task 2 =  61.80%
2024-01-23 07:43:57,120:INFO:Inc_Learning:566: Accuracy of task 2 =  26.30%
2024-01-23 07:43:57,120:INFO:Inc_Learning:562: Accuracy (Oracle) for task 3 =  55.60%
2024-01-23 07:43:57,120:INFO:Inc_Learning:566: Accuracy of task 3 =  25.90%
2024-01-23 07:43:57,120:INFO:Inc_Learning:562: Accuracy (Oracle) for task 4 =  58.70%
2024-01-23 07:43:57,121:INFO:Inc_Learning:566: Accuracy of task 4 =  20.50%
2024-01-23 07:43:57,121:INFO:Inc_Learning:562: Accuracy (Oracle) for task 5 =  55.90%
2024-01-23 07:43:57,121:INFO:Inc_Learning:566: Accuracy of task 5 =  25.70%
2024-01-23 07:43:57,121:INFO:Inc_Learning:562: Accuracy (Oracle) for task 6 =  57.70%
2024-01-23 07:43:57,121:INFO:Inc_Learning:566: Accuracy of task 6 =  13.20%
2024-01-23 07:43:57,121:INFO:Inc_Learning:562: Accuracy (Oracle) for task 7 =  62.30%
2024-01-23 07:43:57,122:INFO:Inc_Learning:566: Accuracy of task 7 =  18.70%
2024-01-23 07:43:57,122:INFO:Inc_Learning:562: Accuracy (Oracle) for task 8 =  68.90%
2024-01-23 07:43:57,122:INFO:Inc_Learning:566: Accuracy of task 8 =  13.60%
2024-01-23 07:43:57,131:INFO:Inc_Learning:692: The incremental learning phase for task 8 is finished!
2024-01-23 07:43:57,131:INFO:Inc_Learning:557: Estimated remaining time: 0 seconds
2024-01-23 07:43:57,131:INFO:Inc_Learning:703: Final accuracies after each incremental task:
2024-01-23 07:43:57,132:INFO:Inc_Learning:715: Task 0: 85.00
2024-01-23 07:43:57,132:INFO:Inc_Learning:715: Task 1: 62.20
2024-01-23 07:43:57,132:INFO:Inc_Learning:715: Task 2: 51.28
2024-01-23 07:43:57,132:INFO:Inc_Learning:715: Task 3: 44.58
2024-01-23 07:43:57,132:INFO:Inc_Learning:715: Task 4: 39.62
2024-01-23 07:43:57,132:INFO:Inc_Learning:715: Task 5: 36.94
2024-01-23 07:43:57,132:INFO:Inc_Learning:715: Task 6: 33.42
2024-01-23 07:43:57,132:INFO:Inc_Learning:715: Task 7: 30.04
2024-01-23 07:43:57,132:INFO:Inc_Learning:715: Task 8: 27.68
2024-01-23 07:43:57,132:INFO:Inc_Learning:720: The incremental learning phase is finished!
2024-01-23 07:43:57,132:INFO:Inc_Learning:721: The whole process took 33 minutes and 21 seconds
