2024-03-12 14:59:01,304:INFO:Inc_Learning:291: ('\nVersion Information: \n\tPyTorch: %s\n\tTorchVision: %s', '2.0.1+cu117', '0.15.2+cu117')
2024-03-12 14:59:01,313:INFO:Inc_Learning:323: class_permutation is loaded from the permutation file "data/index_list/mini_imagenet/num_base_classes=60,num_tasks=9,num_shots=5,seed=1/class_permutation.txt".
2024-03-12 14:59:02,405:INFO:Inc_Learning:512: The network was trained for 101 epochs, 0 iterations in phase supervised_learning
2024-03-12 14:59:02,429:INFO:Inc_Learning:573: We have loaded the head parameters from the saved file.
2024-03-12 14:59:02,429:INFO:Inc_Learning:581: We start from epoch 0, iteration 0
2024-03-12 14:59:02,429:INFO:Inc_Learning:593: File "/scratch/gx83/np9254/ROBUSTA-Saves/Mini-ImageNet/Phase_2,60_classes/P1P2,start_time=Date_2024-01-21,Time_10-03-18,seed=1-Best_Model.pt" is loaded
2024-03-12 14:59:02,477:INFO:Inc_Learning:244: --------------------------------------------------------------------- The given arguments ---------------------------------------------------------------------
2024-03-12 14:59:02,477:INFO:Inc_Learning:265: experiment_description = "Phase 3,Inc. learning"
2024-03-12 14:59:02,477:INFO:Inc_Learning:265: phase = "incremental_learning"
2024-03-12 14:59:02,477:INFO:Inc_Learning:259: Device = "cuda:0"
2024-03-12 14:59:02,477:INFO:Inc_Learning:263: seed = 1
2024-03-12 14:59:02,477:INFO:Inc_Learning:263: is_incremental = True
2024-03-12 14:59:02,477:INFO:Inc_Learning:263: tqdm_enabled = True
2024-03-12 14:59:02,477:INFO:Inc_Learning:263: resume = False
2024-03-12 14:59:02,477:INFO:Inc_Learning:265: time_str = "Date_2024-03-12,Time_14-59-01"
2024-03-12 14:59:02,477:INFO:Inc_Learning:263: image_size = 224
2024-03-12 14:59:02,477:INFO:Inc_Learning:263: in_channels = 3
2024-03-12 14:59:02,477:INFO:Inc_Learning:263: batch_size_base = 200
2024-03-12 14:59:02,477:INFO:Inc_Learning:263: batch_size_test = 100
2024-03-12 14:59:02,477:INFO:Inc_Learning:263: batch_size_new = 0
2024-03-12 14:59:02,477:INFO:Inc_Learning:263: batch_size_fine_tuning = 0
2024-03-12 14:59:02,477:INFO:Inc_Learning:265: settings_file = "Experiments/sensitivity Analysis/AdamW/phase=3,seed=1,lr1=1e-1,lr2=1e-3.toml"
2024-03-12 14:59:02,477:INFO:Inc_Learning:265: directory_permutation_files = "data/index_list/mini_imagenet/num_base_classes=60,num_tasks=9,num_shots=5,seed=1"
2024-03-12 14:59:02,477:INFO:Inc_Learning:255: The network was previously trained for 0 epochs.
2024-03-12 14:59:02,477:INFO:Inc_Learning:257: The network was previously trained for 0 iterations.
2024-03-12 14:59:02,477:INFO:Inc_Learning:263: dino = False
2024-03-12 14:59:02,477:INFO:Inc_Learning:265: model_type = "CCT-14/7x2"
2024-03-12 14:59:02,477:INFO:Inc_Learning:263: prediction_net_list = []
2024-03-12 14:59:02,477:INFO:Inc_Learning:270: 
configs_arch:  {
  model_type = "CCT-14/7x2"
  use_BatchNorm = True
  use_BatchNorm_for_patch_embeddings = True
  temperature_stochastic_classifier = 16.0
  temperature_cosine_classifier = 10.0
  PositionalEmbeddingType = "Learnable"
  dropout_rate_classifier_head = 0.0
  number_of_the_first_layers_to_be_frozen = 0
  classifer_head_type = "Stochastic"
}
2024-03-12 14:59:02,477:INFO:Inc_Learning:270: 
configs_dataset:  {
  dataroot = "/scratch/gx83/np9254/Datasets/FSCIL/CEC/"
  dataset_name = "mini_imagenet"
  num_workers = 10
  total_classes = 100
  num_base_classes = 60
  num_tasks = 9
  num_shots = 5
  drop_last_base = True
  num_ways = 5
}
2024-03-12 14:59:02,477:INFO:Inc_Learning:270: 
configs_logger:  {
  display_interval = 0.5
  display_freq = 50
  moving_average_capacity = 50
  log_file = "/scratch/gx83/np9254/ROBUSTA-Saves/Mini-ImageNet/Phase_3,60_classes/5-shot/Sensitivity analysis/AdamW/Time=Date_2024-03-12,Time_14-59-01,Desc=Phase 3,Inc. learning,seed=1.log"
}
2024-03-12 14:59:02,477:INFO:Inc_Learning:270: 
configs_save:  {
  save_freq_epoch = 10
  save_freq_iter = 2000
  time_interval_to_save = 60
  root = "/scratch/gx83/np9254/ROBUSTA-Saves/Mini-ImageNet/Phase_3,60_classes/5-shot/Sensitivity analysis/AdamW"
  input_file = "/scratch/gx83/np9254/ROBUSTA-Saves/Mini-ImageNet/Phase_2,60_classes/P1P2,start_time=Date_2024-01-21,Time_10-03-18,seed=1-Best_Model.pt"
  output_file = "P1P2P3,start_time=Date_2024-03-12,Time_14-59-01"
}
2024-03-12 14:59:02,478:INFO:Inc_Learning:270: 
configs_FSCIL:  {
  num_epochs = [4, 15, 15, 15, 15, 15, 15, 15, 15]
  update_mu = True
  fine_tune = True
  freeze_backbone = True
  use_delta_parameters_for_base_task = True
  use_prefixes_for_distance_calculations = True
  use_shared_covariance = True
  start_from_task = 0
  randomize_selected_classes = False
  tasks_or_classes_for_Mahalanobis_distance_calculations = "classes"
  enable_Mahalanobis_distance = True
  use_pseudo_labeled_samples_for_task_identification = [True, True, True, True, True, True, True, True, True]
  configs_PEFT = {
    prefix_seq_length = [16, 16, 16, 16, 16, 16, 16, 16, 16]
    number_of_layers_for_prefixes = [-1, -1, -1, -1, -1, -1, -1, -1, -1]
    fusion_mode = "last"
    prefix_or_prompt = "prefix"
  }  
  optimizer = {
    optimizer_name = "AdamW"
    lr_head = [0.1, 0.1, 0.1, 0.1, 0.1, 0.1, 0.1, 0.1, 0.1]
    lr_prefixes_or_prompts = [0.1, 0.1, 0.1, 0.1, 0.1, 0.1, 0.1, 0.1, 0.1]
    lr = [0.1, 0.1, 0.1, 0.1, 0.1, 0.1, 0.1, 0.1, 0.1]
    lr_backbone = [0.1, 0.1, 0.1, 0.1, 0.1, 0.1, 0.1, 0.1, 0.1]
    momentum = 0.9
    momentum2 = 0.999
    dampening = 0
    nesterov = True
    weight_decay = [0.0, 0.0, 0.0, 0.0, 0.0, 0.0, 0.0, 0.0, 0.0]
  }  
  scheduler = {
    name = "ReduceLROnPlateau"
    mode = "min"
    factor = 0.25
    patience = 5
    cooldown = 0
    min_lr = 0
    verbose = True
    moving_average_capacity = 10
  }  
  evaluation = {
    ignore_logits_for_other_tasks = True
    stochastic = True
  }  
  PredictionNet = {
    enabled = True
    num_epochs = [300, 300, 300, 300, 300, 300, 300, 300, 300]
    separate_PredictionNet_for_each_task = True
    use_PredictionNet_for_this_task = [True, True, True, True, True, True, True, True, True]
    use_pseudo_labeled_test_samples = [False, True, True, True, True, True, True, True, True]
    batch_size_for_Pseudo_labelling = 100
    batch_size_for_PredictionNet = 100
    n_layers = 2
    size_hidden_layer = 384
    use_real_residual_connections = False
    dropout_rate = 0.0
    bias = True
    num_outliers = [5, 1, 1, 1, 1, 1, 1, 1, 1]
    display_freq = 10
    remember_from_previous_task = True
    use_the_best_model = False
    loss = "MSE"
    optimizer = {
      optimizer_name = "AdamW"
      lr = [0.001, 0.001, 0.001, 0.001, 0.001, 0.001, 0.001, 0.001, 0.001]
      momentum = 0.9
      momentum2 = 0.999
      nesterov = True
      weight_decay = [0.0, 0.0, 0.0, 0.0, 0.0, 0.0, 0.0, 0.0, 0.0]
    }    
    scheduler = {
      name = "ReduceLROnPlateau"
      mode = "min"
      factor = 0.25
      patience = 10000
      cooldown = 0
      min_lr = 0
      verbose = True
      moving_average_capacity = 20
    }    
  }  
}
2024-03-12 14:59:02,478:INFO:Inc_Learning:272: --------------------------------------------------------------------------------
2024-03-12 14:59:02,645:INFO:Inc_Learning:143: The session file "data/index_list/mini_imagenet/num_base_classes=60,num_tasks=9,num_shots=5,seed=1/train_samples_for_task=1.txt" is loaded!
2024-03-12 14:59:02,669:INFO:Inc_Learning:143: The session file "data/index_list/mini_imagenet/num_base_classes=60,num_tasks=9,num_shots=5,seed=1/test_samples_for_task=1.txt" is loaded!
2024-03-12 14:59:02,749:INFO:Inc_Learning:584: The incremental learning phase for task 0 is started ...
2024-03-12 14:59:02,750:INFO:Inc_Learning:269: Prefixes are randomly initialized for task 0.
2024-03-12 14:59:02,870:INFO:Inc_Learning:143: The session file "data/index_list/mini_imagenet/num_base_classes=60,num_tasks=9,num_shots=5,seed=1/train_samples_for_task=1.txt" is loaded!
2024-03-12 14:59:02,894:INFO:Inc_Learning:143: The session file "data/index_list/mini_imagenet/num_base_classes=60,num_tasks=9,num_shots=5,seed=1/test_samples_for_task=1.txt" is loaded!
2024-03-12 14:59:51,630:INFO:Inc_Learning:174: Epoch: 1/4
2024-03-12 15:01:20,436:INFO:Inc_Learning:215: Epoch 1/4 Train Accuracy:  86.77%
2024-03-12 15:01:20,437:INFO:Inc_Learning:216: Epoch 1/4 Average Loss: 0.4982367026805878 / MA Loss: 0.463774836063385
2024-03-12 15:01:20,438:INFO:Inc_Learning:174: Epoch: 2/4
2024-03-12 15:02:49,184:INFO:Inc_Learning:215: Epoch 2/4 Train Accuracy:  88.00%
2024-03-12 15:02:49,185:INFO:Inc_Learning:216: Epoch 2/4 Average Loss: 0.45322807888189953 / MA Loss: 0.4802744835615158
2024-03-12 15:02:49,186:INFO:Inc_Learning:174: Epoch: 3/4
2024-03-12 15:04:18,091:INFO:Inc_Learning:215: Epoch 3/4 Train Accuracy:  88.39%
2024-03-12 15:04:18,092:INFO:Inc_Learning:216: Epoch 3/4 Average Loss: 0.4432670569419861 / MA Loss: 0.45153202414512633
2024-03-12 15:04:18,093:INFO:Inc_Learning:174: Epoch: 4/4
2024-03-12 15:05:46,897:INFO:Inc_Learning:215: Epoch 4/4 Train Accuracy:  88.37%
2024-03-12 15:05:46,898:INFO:Inc_Learning:216: Epoch 4/4 Average Loss: 0.44362530748049417 / MA Loss: 0.4769549310207367
2024-03-12 15:05:46,956:INFO:Inc_Learning:504: Statistics for task identification ...
2024-03-12 15:06:36,089:INFO:Inc_Learning:223: The pseudo-labeling phase is started ...
2024-03-12 15:07:27,941:INFO:Inc_Learning:297: The training of the PredictionNet is started.
2024-03-12 15:08:19,484:INFO:Inc_Learning:390: Epoch: 000/300, MA loss: 0.4231896201769511
2024-03-12 15:08:19,550:INFO:Inc_Learning:390: Epoch: 010/300, MA loss: 0.19073571115732194
2024-03-12 15:08:19,615:INFO:Inc_Learning:390: Epoch: 020/300, MA loss: 0.08780531734228134
2024-03-12 15:08:19,679:INFO:Inc_Learning:390: Epoch: 030/300, MA loss: 0.04084162609651685
2024-03-12 15:08:19,744:INFO:Inc_Learning:390: Epoch: 040/300, MA loss: 0.020140126766636967
2024-03-12 15:08:19,809:INFO:Inc_Learning:390: Epoch: 050/300, MA loss: 0.010652910359203816
2024-03-12 15:08:19,873:INFO:Inc_Learning:390: Epoch: 060/300, MA loss: 0.006171144614927471
2024-03-12 15:08:19,938:INFO:Inc_Learning:390: Epoch: 070/300, MA loss: 0.00377359933918342
2024-03-12 15:08:20,003:INFO:Inc_Learning:390: Epoch: 080/300, MA loss: 0.002408370398916304
2024-03-12 15:08:20,067:INFO:Inc_Learning:390: Epoch: 090/300, MA loss: 0.00163515837630257
2024-03-12 15:08:20,134:INFO:Inc_Learning:390: Epoch: 100/300, MA loss: 0.001152454735711217
2024-03-12 15:08:20,199:INFO:Inc_Learning:390: Epoch: 110/300, MA loss: 0.0008429222652921453
2024-03-12 15:08:20,263:INFO:Inc_Learning:390: Epoch: 120/300, MA loss: 0.000635606626747176
2024-03-12 15:08:20,328:INFO:Inc_Learning:390: Epoch: 130/300, MA loss: 0.0004920420949929393
2024-03-12 15:08:20,392:INFO:Inc_Learning:390: Epoch: 140/300, MA loss: 0.0003907363483449444
2024-03-12 15:08:20,457:INFO:Inc_Learning:390: Epoch: 150/300, MA loss: 0.0003177279795636423
2024-03-12 15:08:20,522:INFO:Inc_Learning:390: Epoch: 160/300, MA loss: 0.00026102360789082013
2024-03-12 15:08:20,586:INFO:Inc_Learning:390: Epoch: 170/300, MA loss: 0.00021896191829000599
2024-03-12 15:08:20,651:INFO:Inc_Learning:390: Epoch: 180/300, MA loss: 0.0002117052034009248
2024-03-12 15:08:20,715:INFO:Inc_Learning:390: Epoch: 190/300, MA loss: 0.0010343956935685128
2024-03-12 15:08:20,780:INFO:Inc_Learning:390: Epoch: 200/300, MA loss: 0.0006972883129492402
2024-03-12 15:08:20,844:INFO:Inc_Learning:390: Epoch: 210/300, MA loss: 0.00037653229956049474
2024-03-12 15:08:20,909:INFO:Inc_Learning:390: Epoch: 220/300, MA loss: 0.0006684016028884798
2024-03-12 15:08:20,974:INFO:Inc_Learning:390: Epoch: 230/300, MA loss: 0.0009562865918269381
2024-03-12 15:08:21,038:INFO:Inc_Learning:390: Epoch: 240/300, MA loss: 0.0004286872397642583
2024-03-12 15:08:21,103:INFO:Inc_Learning:390: Epoch: 250/300, MA loss: 0.00021944108375464565
2024-03-12 15:08:21,167:INFO:Inc_Learning:390: Epoch: 260/300, MA loss: 0.00012390032425173557
2024-03-12 15:08:21,239:INFO:Inc_Learning:390: Epoch: 270/300, MA loss: 8.032677942537703e-05
2024-03-12 15:08:21,304:INFO:Inc_Learning:390: Epoch: 280/300, MA loss: 6.532399820571299e-05
2024-03-12 15:08:21,368:INFO:Inc_Learning:390: Epoch: 290/300, MA loss: 5.729634958697716e-05
2024-03-12 15:08:21,426:INFO:Inc_Learning:390: Epoch: 299/300, MA loss: 5.0801425641111567e-05
2024-03-12 15:08:21,427:INFO:Inc_Learning:504: Statistics for task identification ...
2024-03-12 15:09:28,715:INFO:Inc_Learning:420: Evaluating the test set after task 0 ...
2024-03-12 15:09:40,097:INFO:Inc_Learning:472: Evaluation Accuracy (oracle) after task 0:  80.42%
2024-03-12 15:09:40,098:INFO:Inc_Learning:490: Accuracy (Oracle) for task 0 =  80.42%
2024-03-12 15:09:40,114:INFO:Inc_Learning:595: The incremental learning phase for task 0 is finished!
2024-03-12 15:09:40,114:INFO:Inc_Learning:507: Estimated remaining time: 42 minutes and 29 seconds
2024-03-12 15:09:40,115:INFO:Inc_Learning:584: The incremental learning phase for task 1 is started ...
2024-03-12 15:09:40,115:INFO:Inc_Learning:272: Prefixes are copied from task 0.
2024-03-12 15:09:40,116:INFO:Inc_Learning:222: The PredictionNet is copied from the previous task.
2024-03-12 15:09:40,205:INFO:Inc_Learning:143: The session file "data/index_list/mini_imagenet/num_base_classes=60,num_tasks=9,num_shots=5,seed=1/train_samples_for_task=2.txt" is loaded!
2024-03-12 15:09:40,230:INFO:Inc_Learning:143: The session file "data/index_list/mini_imagenet/num_base_classes=60,num_tasks=9,num_shots=5,seed=1/test_samples_for_task=2.txt" is loaded!
2024-03-12 15:09:41,461:INFO:Inc_Learning:174: Epoch: 1/15
2024-03-12 15:09:42,455:INFO:Inc_Learning:215: Epoch 1/15 Train Accuracy:  100.00%
2024-03-12 15:09:42,456:INFO:Inc_Learning:216: Epoch 1/15 Average Loss: 0.1407342404127121 / MA Loss: 0.1407342404127121
2024-03-12 15:09:42,456:INFO:Inc_Learning:174: Epoch: 2/15
2024-03-12 15:09:43,431:INFO:Inc_Learning:215: Epoch 2/15 Train Accuracy:  96.00%
2024-03-12 15:09:43,431:INFO:Inc_Learning:216: Epoch 2/15 Average Loss: 0.15842145681381226 / MA Loss: 0.14957784861326218
2024-03-12 15:09:43,431:INFO:Inc_Learning:174: Epoch: 3/15
2024-03-12 15:09:44,453:INFO:Inc_Learning:215: Epoch 3/15 Train Accuracy:  96.00%
2024-03-12 15:09:44,453:INFO:Inc_Learning:216: Epoch 3/15 Average Loss: 0.20928387343883514 / MA Loss: 0.16947985688845316
2024-03-12 15:09:44,454:INFO:Inc_Learning:174: Epoch: 4/15
2024-03-12 15:09:45,449:INFO:Inc_Learning:215: Epoch 4/15 Train Accuracy:  96.00%
2024-03-12 15:09:45,450:INFO:Inc_Learning:216: Epoch 4/15 Average Loss: 0.12758450210094452 / MA Loss: 0.159006018191576
2024-03-12 15:09:45,450:INFO:Inc_Learning:174: Epoch: 5/15
2024-03-12 15:09:46,424:INFO:Inc_Learning:215: Epoch 5/15 Train Accuracy:  100.00%
2024-03-12 15:09:46,424:INFO:Inc_Learning:216: Epoch 5/15 Average Loss: 0.08461115509271622 / MA Loss: 0.14412704557180406
2024-03-12 15:09:46,424:INFO:Inc_Learning:174: Epoch: 6/15
2024-03-12 15:09:47,418:INFO:Inc_Learning:215: Epoch 6/15 Train Accuracy:  100.00%
2024-03-12 15:09:47,419:INFO:Inc_Learning:216: Epoch 6/15 Average Loss: 0.044557083398103714 / MA Loss: 0.12753205187618732
2024-03-12 15:09:47,419:INFO:Inc_Learning:174: Epoch: 7/15
2024-03-12 15:09:48,405:INFO:Inc_Learning:215: Epoch 7/15 Train Accuracy:  100.00%
2024-03-12 15:09:48,405:INFO:Inc_Learning:216: Epoch 7/15 Average Loss: 0.06690855324268341 / MA Loss: 0.11887155207140106
2024-03-12 15:09:48,405:INFO:Inc_Learning:174: Epoch: 8/15
2024-03-12 15:09:49,351:INFO:Inc_Learning:215: Epoch 8/15 Train Accuracy:  96.00%
2024-03-12 15:09:49,351:INFO:Inc_Learning:216: Epoch 8/15 Average Loss: 0.1436728686094284 / MA Loss: 0.12197171663865447
2024-03-12 15:09:49,351:INFO:Inc_Learning:174: Epoch: 9/15
2024-03-12 15:09:50,451:INFO:Inc_Learning:215: Epoch 9/15 Train Accuracy:  100.00%
2024-03-12 15:09:50,452:INFO:Inc_Learning:216: Epoch 9/15 Average Loss: 0.0761980414390564 / MA Loss: 0.11688575272758801
2024-03-12 15:09:50,452:INFO:Inc_Learning:174: Epoch: 10/15
2024-03-12 15:09:51,434:INFO:Inc_Learning:215: Epoch 10/15 Train Accuracy:  96.00%
2024-03-12 15:09:51,435:INFO:Inc_Learning:216: Epoch 10/15 Average Loss: 0.15384259819984436 / MA Loss: 0.12058143727481366
2024-03-12 15:09:51,435:INFO:Inc_Learning:174: Epoch: 11/15
2024-03-12 15:09:52,392:INFO:Inc_Learning:215: Epoch 11/15 Train Accuracy:  100.00%
2024-03-12 15:09:52,392:INFO:Inc_Learning:216: Epoch 11/15 Average Loss: 0.02388806641101837 / MA Loss: 0.10889681987464428
2024-03-12 15:09:52,392:INFO:Inc_Learning:174: Epoch: 12/15
2024-03-12 15:09:53,400:INFO:Inc_Learning:215: Epoch 12/15 Train Accuracy:  100.00%
2024-03-12 15:09:53,401:INFO:Inc_Learning:216: Epoch 12/15 Average Loss: 0.046575549989938736 / MA Loss: 0.09771222919225693
2024-03-12 15:09:53,401:INFO:Inc_Learning:174: Epoch: 13/15
2024-03-12 15:09:54,359:INFO:Inc_Learning:215: Epoch 13/15 Train Accuracy:  100.00%
2024-03-12 15:09:54,360:INFO:Inc_Learning:216: Epoch 13/15 Average Loss: 0.026819264516234398 / MA Loss: 0.07946576829999685
2024-03-12 15:09:54,360:INFO:Inc_Learning:174: Epoch: 14/15
2024-03-12 15:09:55,425:INFO:Inc_Learning:215: Epoch 14/15 Train Accuracy:  100.00%
2024-03-12 15:09:55,426:INFO:Inc_Learning:216: Epoch 14/15 Average Loss: 0.03229910135269165 / MA Loss: 0.06993722822517157
2024-03-12 15:09:55,426:INFO:Inc_Learning:174: Epoch: 15/15
2024-03-12 15:09:56,664:INFO:Inc_Learning:215: Epoch 15/15 Train Accuracy:  96.00%
2024-03-12 15:09:56,665:INFO:Inc_Learning:216: Epoch 15/15 Average Loss: 0.15049366652965546 / MA Loss: 0.07652547936886549
2024-03-12 15:09:56,704:INFO:Inc_Learning:504: Statistics for task identification ...
2024-03-12 15:09:57,755:INFO:Inc_Learning:223: The pseudo-labeling phase is started ...
2024-03-12 15:10:29,185:INFO:Inc_Learning:297: The training of the PredictionNet is started.
2024-03-12 15:10:29,502:INFO:Inc_Learning:390: Epoch: 000/300, MA loss: 0.23781707882881165
2024-03-12 15:10:29,512:INFO:Inc_Learning:390: Epoch: 010/300, MA loss: 0.0521223009140654
2024-03-12 15:10:29,523:INFO:Inc_Learning:390: Epoch: 020/300, MA loss: 0.019385271798819305
2024-03-12 15:10:29,534:INFO:Inc_Learning:390: Epoch: 030/300, MA loss: 0.0034445799596142025
2024-03-12 15:10:29,545:INFO:Inc_Learning:390: Epoch: 040/300, MA loss: 0.0011315529482089914
2024-03-12 15:10:29,557:INFO:Inc_Learning:390: Epoch: 050/300, MA loss: 0.00039915235465741715
2024-03-12 15:10:29,568:INFO:Inc_Learning:390: Epoch: 060/300, MA loss: 0.00013997020760143642
2024-03-12 15:10:29,580:INFO:Inc_Learning:390: Epoch: 070/300, MA loss: 5.022435479986598e-05
2024-03-12 15:10:29,591:INFO:Inc_Learning:390: Epoch: 080/300, MA loss: 1.836574856497464e-05
2024-03-12 15:10:29,603:INFO:Inc_Learning:390: Epoch: 090/300, MA loss: 6.557824542596791e-06
2024-03-12 15:10:29,614:INFO:Inc_Learning:390: Epoch: 100/300, MA loss: 2.3869743102977735e-06
2024-03-12 15:10:29,626:INFO:Inc_Learning:390: Epoch: 110/300, MA loss: 8.450382651403743e-07
2024-03-12 15:10:29,637:INFO:Inc_Learning:390: Epoch: 120/300, MA loss: 3.031282737708807e-07
2024-03-12 15:10:29,649:INFO:Inc_Learning:390: Epoch: 130/300, MA loss: 1.0849518972122496e-07
2024-03-12 15:10:29,660:INFO:Inc_Learning:390: Epoch: 140/300, MA loss: 3.8842394589622134e-08
2024-03-12 15:10:29,672:INFO:Inc_Learning:390: Epoch: 150/300, MA loss: 1.3688378652787492e-08
2024-03-12 15:10:29,683:INFO:Inc_Learning:390: Epoch: 160/300, MA loss: 4.912630868769696e-09
2024-03-12 15:10:29,694:INFO:Inc_Learning:390: Epoch: 170/300, MA loss: 1.733858251418141e-09
2024-03-12 15:10:29,706:INFO:Inc_Learning:390: Epoch: 180/300, MA loss: 6.097597156362599e-10
2024-03-12 15:10:29,718:INFO:Inc_Learning:390: Epoch: 190/300, MA loss: 2.175370831386525e-10
2024-03-12 15:10:29,729:INFO:Inc_Learning:390: Epoch: 200/300, MA loss: 7.756359591062912e-11
2024-03-12 15:10:29,741:INFO:Inc_Learning:390: Epoch: 210/300, MA loss: 2.711771514805894e-11
2024-03-12 15:10:29,752:INFO:Inc_Learning:390: Epoch: 220/300, MA loss: 9.614305109418437e-12
2024-03-12 15:10:29,764:INFO:Inc_Learning:390: Epoch: 230/300, MA loss: 3.367849738238754e-12
2024-03-12 15:10:29,775:INFO:Inc_Learning:390: Epoch: 240/300, MA loss: 1.1978015408416026e-12
2024-03-12 15:10:29,787:INFO:Inc_Learning:390: Epoch: 250/300, MA loss: 4.2494504958042954e-13
2024-03-12 15:10:29,798:INFO:Inc_Learning:390: Epoch: 260/300, MA loss: 1.4762042652318287e-13
2024-03-12 15:10:29,810:INFO:Inc_Learning:390: Epoch: 270/300, MA loss: 5.142663731858943e-14
2024-03-12 15:10:29,821:INFO:Inc_Learning:390: Epoch: 280/300, MA loss: 1.7528968918502504e-14
2024-03-12 15:10:29,833:INFO:Inc_Learning:390: Epoch: 290/300, MA loss: 6.2184087165880806e-15
2024-03-12 15:10:29,843:INFO:Inc_Learning:390: Epoch: 299/300, MA loss: 2.6528249227254666e-15
2024-03-12 15:10:29,844:INFO:Inc_Learning:504: Statistics for task identification ...
2024-03-12 15:10:30,206:INFO:Inc_Learning:420: Evaluating the test set after task 1 ...
2024-03-12 15:11:09,724:INFO:Inc_Learning:472: Evaluation Accuracy (oracle) after task 1:  79.03%
2024-03-12 15:11:09,725:INFO:Inc_Learning:483: Evaluation Accuracy after task 1:  70.91%
2024-03-12 15:11:09,725:INFO:Inc_Learning:484: Accuracy of task-id detection after task 1:  85.85%
2024-03-12 15:11:09,725:INFO:Inc_Learning:490: Accuracy (Oracle) for task 0 =  80.55%
2024-03-12 15:11:09,726:INFO:Inc_Learning:494: Accuracy of task 0 =  73.47%
2024-03-12 15:11:09,726:INFO:Inc_Learning:490: Accuracy (Oracle) for task 1 =  60.80%
2024-03-12 15:11:09,726:INFO:Inc_Learning:494: Accuracy of task 1 =  40.20%
2024-03-12 15:11:09,739:INFO:Inc_Learning:595: The incremental learning phase for task 1 is finished!
2024-03-12 15:11:09,739:INFO:Inc_Learning:507: Estimated remaining time: 28 minutes and 16 seconds
2024-03-12 15:11:09,739:INFO:Inc_Learning:584: The incremental learning phase for task 2 is started ...
2024-03-12 15:11:09,740:INFO:Inc_Learning:272: Prefixes are copied from task 1.
2024-03-12 15:11:09,740:INFO:Inc_Learning:222: The PredictionNet is copied from the previous task.
2024-03-12 15:11:09,829:INFO:Inc_Learning:143: The session file "data/index_list/mini_imagenet/num_base_classes=60,num_tasks=9,num_shots=5,seed=1/train_samples_for_task=3.txt" is loaded!
2024-03-12 15:11:09,854:INFO:Inc_Learning:143: The session file "data/index_list/mini_imagenet/num_base_classes=60,num_tasks=9,num_shots=5,seed=1/test_samples_for_task=3.txt" is loaded!
2024-03-12 15:11:10,894:INFO:Inc_Learning:174: Epoch: 1/15
2024-03-12 15:11:11,874:INFO:Inc_Learning:215: Epoch 1/15 Train Accuracy:  96.00%
2024-03-12 15:11:11,874:INFO:Inc_Learning:216: Epoch 1/15 Average Loss: 0.1253105252981186 / MA Loss: 0.1253105252981186
2024-03-12 15:11:11,874:INFO:Inc_Learning:174: Epoch: 2/15
2024-03-12 15:11:12,862:INFO:Inc_Learning:215: Epoch 2/15 Train Accuracy:  96.00%
2024-03-12 15:11:12,863:INFO:Inc_Learning:216: Epoch 2/15 Average Loss: 0.09728711098432541 / MA Loss: 0.111298818141222
2024-03-12 15:11:12,863:INFO:Inc_Learning:174: Epoch: 3/15
2024-03-12 15:11:13,850:INFO:Inc_Learning:215: Epoch 3/15 Train Accuracy:  100.00%
2024-03-12 15:11:13,850:INFO:Inc_Learning:216: Epoch 3/15 Average Loss: 0.046035561710596085 / MA Loss: 0.08954439933101337
2024-03-12 15:11:13,850:INFO:Inc_Learning:174: Epoch: 4/15
2024-03-12 15:11:14,855:INFO:Inc_Learning:215: Epoch 4/15 Train Accuracy:  92.00%
2024-03-12 15:11:14,855:INFO:Inc_Learning:216: Epoch 4/15 Average Loss: 0.17339633405208588 / MA Loss: 0.11050738301128149
2024-03-12 15:11:14,856:INFO:Inc_Learning:174: Epoch: 5/15
2024-03-12 15:11:15,855:INFO:Inc_Learning:215: Epoch 5/15 Train Accuracy:  92.00%
2024-03-12 15:11:15,855:INFO:Inc_Learning:216: Epoch 5/15 Average Loss: 0.17620772123336792 / MA Loss: 0.12364745065569878
2024-03-12 15:11:15,856:INFO:Inc_Learning:174: Epoch: 6/15
2024-03-12 15:11:16,877:INFO:Inc_Learning:215: Epoch 6/15 Train Accuracy:  100.00%
2024-03-12 15:11:16,878:INFO:Inc_Learning:216: Epoch 6/15 Average Loss: 0.07408484816551208 / MA Loss: 0.11538701690733433
2024-03-12 15:11:16,878:INFO:Inc_Learning:174: Epoch: 7/15
2024-03-12 15:11:17,887:INFO:Inc_Learning:215: Epoch 7/15 Train Accuracy:  100.00%
2024-03-12 15:11:17,887:INFO:Inc_Learning:216: Epoch 7/15 Average Loss: 0.05070372670888901 / MA Loss: 0.10614654687898499
2024-03-12 15:11:17,888:INFO:Inc_Learning:174: Epoch: 8/15
2024-03-12 15:11:18,833:INFO:Inc_Learning:215: Epoch 8/15 Train Accuracy:  100.00%
2024-03-12 15:11:18,833:INFO:Inc_Learning:216: Epoch 8/15 Average Loss: 0.022457150742411613 / MA Loss: 0.09568537236191332
2024-03-12 15:11:18,834:INFO:Inc_Learning:174: Epoch: 9/15
2024-03-12 15:11:19,793:INFO:Inc_Learning:215: Epoch 9/15 Train Accuracy:  96.00%
2024-03-12 15:11:19,793:INFO:Inc_Learning:216: Epoch 9/15 Average Loss: 0.13691534101963043 / MA Loss: 0.10026647999054855
2024-03-12 15:11:19,794:INFO:Inc_Learning:174: Epoch: 10/15
2024-03-12 15:11:20,754:INFO:Inc_Learning:215: Epoch 10/15 Train Accuracy:  96.00%
2024-03-12 15:11:20,755:INFO:Inc_Learning:216: Epoch 10/15 Average Loss: 0.07705583423376083 / MA Loss: 0.09794541541486979
2024-03-12 15:11:20,755:INFO:Inc_Learning:174: Epoch: 11/15
2024-03-12 15:11:21,759:INFO:Inc_Learning:215: Epoch 11/15 Train Accuracy:  100.00%
2024-03-12 15:11:21,760:INFO:Inc_Learning:216: Epoch 11/15 Average Loss: 0.02503671497106552 / MA Loss: 0.08791803438216447
2024-03-12 15:11:21,760:INFO:Inc_Learning:174: Epoch: 12/15
2024-03-12 15:11:22,798:INFO:Inc_Learning:215: Epoch 12/15 Train Accuracy:  100.00%
2024-03-12 15:11:22,799:INFO:Inc_Learning:216: Epoch 12/15 Average Loss: 0.03482520207762718 / MA Loss: 0.08167184349149466
2024-03-12 15:11:22,799:INFO:Inc_Learning:174: Epoch: 13/15
2024-03-12 15:11:23,842:INFO:Inc_Learning:215: Epoch 13/15 Train Accuracy:  100.00%
2024-03-12 15:11:23,843:INFO:Inc_Learning:216: Epoch 13/15 Average Loss: 0.031052282080054283 / MA Loss: 0.08017351552844047
2024-03-12 15:11:23,843:INFO:Inc_Learning:174: Epoch: 14/15
2024-03-12 15:11:24,884:INFO:Inc_Learning:215: Epoch 14/15 Train Accuracy:  96.00%
2024-03-12 15:11:24,884:INFO:Inc_Learning:216: Epoch 14/15 Average Loss: 0.18589754402637482 / MA Loss: 0.08142363652586937
2024-03-12 15:11:24,885:INFO:Inc_Learning:174: Epoch: 15/15
2024-03-12 15:11:25,869:INFO:Inc_Learning:215: Epoch 15/15 Train Accuracy:  100.00%
2024-03-12 15:11:25,870:INFO:Inc_Learning:216: Epoch 15/15 Average Loss: 0.0207690317183733 / MA Loss: 0.0658797675743699
2024-03-12 15:11:25,908:INFO:Inc_Learning:504: Statistics for task identification ...
2024-03-12 15:11:26,992:INFO:Inc_Learning:223: The pseudo-labeling phase is started ...
2024-03-12 15:12:09,707:INFO:Inc_Learning:297: The training of the PredictionNet is started.
2024-03-12 15:12:09,907:INFO:Inc_Learning:390: Epoch: 000/300, MA loss: 0.27457138895988464
2024-03-12 15:12:09,919:INFO:Inc_Learning:390: Epoch: 010/300, MA loss: 0.07464797998016531
2024-03-12 15:12:09,931:INFO:Inc_Learning:390: Epoch: 020/300, MA loss: 0.032651628064922986
2024-03-12 15:12:09,943:INFO:Inc_Learning:390: Epoch: 030/300, MA loss: 0.006936114077689126
2024-03-12 15:12:09,954:INFO:Inc_Learning:390: Epoch: 040/300, MA loss: 0.0020871687564067544
2024-03-12 15:12:09,966:INFO:Inc_Learning:390: Epoch: 050/300, MA loss: 0.0006457019117078744
2024-03-12 15:12:09,978:INFO:Inc_Learning:390: Epoch: 060/300, MA loss: 0.00023423466082022059
2024-03-12 15:12:09,989:INFO:Inc_Learning:390: Epoch: 070/300, MA loss: 8.604841195847257e-05
2024-03-12 15:12:10,001:INFO:Inc_Learning:390: Epoch: 080/300, MA loss: 3.088622647737793e-05
2024-03-12 15:12:10,013:INFO:Inc_Learning:390: Epoch: 090/300, MA loss: 1.1094599381067383e-05
2024-03-12 15:12:10,024:INFO:Inc_Learning:390: Epoch: 100/300, MA loss: 3.918231243460468e-06
2024-03-12 15:12:10,036:INFO:Inc_Learning:390: Epoch: 110/300, MA loss: 1.4325067809295434e-06
2024-03-12 15:12:10,047:INFO:Inc_Learning:390: Epoch: 120/300, MA loss: 5.090890276449044e-07
2024-03-12 15:12:10,059:INFO:Inc_Learning:390: Epoch: 130/300, MA loss: 1.8126640046745024e-07
2024-03-12 15:12:10,070:INFO:Inc_Learning:390: Epoch: 140/300, MA loss: 6.41053651051493e-08
2024-03-12 15:12:10,082:INFO:Inc_Learning:390: Epoch: 150/300, MA loss: 2.2818445888361795e-08
2024-03-12 15:12:10,093:INFO:Inc_Learning:390: Epoch: 160/300, MA loss: 8.127536210711383e-09
2024-03-12 15:12:10,105:INFO:Inc_Learning:390: Epoch: 170/300, MA loss: 2.8739031432412077e-09
2024-03-12 15:12:10,116:INFO:Inc_Learning:390: Epoch: 180/300, MA loss: 1.0138088077371599e-09
2024-03-12 15:12:10,128:INFO:Inc_Learning:390: Epoch: 190/300, MA loss: 3.6221406499170606e-10
2024-03-12 15:12:10,139:INFO:Inc_Learning:390: Epoch: 200/300, MA loss: 1.2726339704283162e-10
2024-03-12 15:12:10,151:INFO:Inc_Learning:390: Epoch: 210/300, MA loss: 4.5096804155569934e-11
2024-03-12 15:12:10,162:INFO:Inc_Learning:390: Epoch: 220/300, MA loss: 1.599051785081129e-11
2024-03-12 15:12:10,174:INFO:Inc_Learning:390: Epoch: 230/300, MA loss: 5.637321371428777e-12
2024-03-12 15:12:10,185:INFO:Inc_Learning:390: Epoch: 240/300, MA loss: 1.976011712655039e-12
2024-03-12 15:12:10,197:INFO:Inc_Learning:390: Epoch: 250/300, MA loss: 7.068060383936397e-13
2024-03-12 15:12:10,209:INFO:Inc_Learning:390: Epoch: 260/300, MA loss: 2.449474969374015e-13
2024-03-12 15:12:10,220:INFO:Inc_Learning:390: Epoch: 270/300, MA loss: 8.750273183984192e-14
2024-03-12 15:12:10,231:INFO:Inc_Learning:390: Epoch: 280/300, MA loss: 3.083064542494529e-14
2024-03-12 15:12:10,243:INFO:Inc_Learning:390: Epoch: 290/300, MA loss: 1.115967146793226e-14
2024-03-12 15:12:10,253:INFO:Inc_Learning:390: Epoch: 299/300, MA loss: 4.7227430740291474e-15
2024-03-12 15:12:10,254:INFO:Inc_Learning:504: Statistics for task identification ...
2024-03-12 15:12:10,499:INFO:Inc_Learning:420: Evaluating the test set after task 2 ...
2024-03-12 15:13:03,011:INFO:Inc_Learning:472: Evaluation Accuracy (oracle) after task 2:  78.64%
2024-03-12 15:13:03,012:INFO:Inc_Learning:483: Evaluation Accuracy after task 2:  65.06%
2024-03-12 15:13:03,012:INFO:Inc_Learning:484: Accuracy of task-id detection after task 2:  78.39%
2024-03-12 15:13:03,013:INFO:Inc_Learning:490: Accuracy (Oracle) for task 0 =  80.70%
2024-03-12 15:13:03,013:INFO:Inc_Learning:494: Accuracy of task 0 =  70.38%
2024-03-12 15:13:03,013:INFO:Inc_Learning:490: Accuracy (Oracle) for task 1 =  61.00%
2024-03-12 15:13:03,013:INFO:Inc_Learning:494: Accuracy of task 1 =  38.40%
2024-03-12 15:13:03,013:INFO:Inc_Learning:490: Accuracy (Oracle) for task 2 =  71.60%
2024-03-12 15:13:03,014:INFO:Inc_Learning:494: Accuracy of task 2 =  27.80%
2024-03-12 15:13:03,026:INFO:Inc_Learning:595: The incremental learning phase for task 2 is finished!
2024-03-12 15:13:03,026:INFO:Inc_Learning:507: Estimated remaining time: 21 minutes and 0 seconds
2024-03-12 15:13:03,026:INFO:Inc_Learning:584: The incremental learning phase for task 3 is started ...
2024-03-12 15:13:03,026:INFO:Inc_Learning:272: Prefixes are copied from task 2.
2024-03-12 15:13:03,027:INFO:Inc_Learning:222: The PredictionNet is copied from the previous task.
2024-03-12 15:13:03,111:INFO:Inc_Learning:143: The session file "data/index_list/mini_imagenet/num_base_classes=60,num_tasks=9,num_shots=5,seed=1/train_samples_for_task=4.txt" is loaded!
2024-03-12 15:13:03,135:INFO:Inc_Learning:143: The session file "data/index_list/mini_imagenet/num_base_classes=60,num_tasks=9,num_shots=5,seed=1/test_samples_for_task=4.txt" is loaded!
2024-03-12 15:13:04,059:INFO:Inc_Learning:174: Epoch: 1/15
2024-03-12 15:13:05,040:INFO:Inc_Learning:215: Epoch 1/15 Train Accuracy:  92.00%
2024-03-12 15:13:05,041:INFO:Inc_Learning:216: Epoch 1/15 Average Loss: 0.1675393283367157 / MA Loss: 0.1675393283367157
2024-03-12 15:13:05,041:INFO:Inc_Learning:174: Epoch: 2/15
2024-03-12 15:13:05,979:INFO:Inc_Learning:215: Epoch 2/15 Train Accuracy:  100.00%
2024-03-12 15:13:05,979:INFO:Inc_Learning:216: Epoch 2/15 Average Loss: 0.03803439810872078 / MA Loss: 0.10278686322271824
2024-03-12 15:13:05,979:INFO:Inc_Learning:174: Epoch: 3/15
2024-03-12 15:13:06,912:INFO:Inc_Learning:215: Epoch 3/15 Train Accuracy:  96.00%
2024-03-12 15:13:06,913:INFO:Inc_Learning:216: Epoch 3/15 Average Loss: 0.10420456528663635 / MA Loss: 0.1032594305773576
2024-03-12 15:13:06,913:INFO:Inc_Learning:174: Epoch: 4/15
2024-03-12 15:13:07,886:INFO:Inc_Learning:215: Epoch 4/15 Train Accuracy:  100.00%
2024-03-12 15:13:07,887:INFO:Inc_Learning:216: Epoch 4/15 Average Loss: 0.051087938249111176 / MA Loss: 0.090216557495296
2024-03-12 15:13:07,887:INFO:Inc_Learning:174: Epoch: 5/15
2024-03-12 15:13:08,860:INFO:Inc_Learning:215: Epoch 5/15 Train Accuracy:  100.00%
2024-03-12 15:13:08,861:INFO:Inc_Learning:216: Epoch 5/15 Average Loss: 0.03736598789691925 / MA Loss: 0.07964644357562065
2024-03-12 15:13:08,861:INFO:Inc_Learning:174: Epoch: 6/15
2024-03-12 15:13:09,799:INFO:Inc_Learning:215: Epoch 6/15 Train Accuracy:  96.00%
2024-03-12 15:13:09,799:INFO:Inc_Learning:216: Epoch 6/15 Average Loss: 0.06926007568836212 / MA Loss: 0.07791538226107757
2024-03-12 15:13:09,799:INFO:Inc_Learning:174: Epoch: 7/15
2024-03-12 15:13:10,771:INFO:Inc_Learning:215: Epoch 7/15 Train Accuracy:  100.00%
2024-03-12 15:13:10,772:INFO:Inc_Learning:216: Epoch 7/15 Average Loss: 0.044304121285676956 / MA Loss: 0.07311377355030604
2024-03-12 15:13:10,772:INFO:Inc_Learning:174: Epoch: 8/15
2024-03-12 15:13:11,799:INFO:Inc_Learning:215: Epoch 8/15 Train Accuracy:  100.00%
2024-03-12 15:13:11,799:INFO:Inc_Learning:216: Epoch 8/15 Average Loss: 0.018264075741171837 / MA Loss: 0.06625756132416427
2024-03-12 15:13:11,799:INFO:Inc_Learning:174: Epoch: 9/15
2024-03-12 15:13:12,777:INFO:Inc_Learning:215: Epoch 9/15 Train Accuracy:  100.00%
2024-03-12 15:13:12,777:INFO:Inc_Learning:216: Epoch 9/15 Average Loss: 0.047941602766513824 / MA Loss: 0.06422245481775866
2024-03-12 15:13:12,778:INFO:Inc_Learning:174: Epoch: 10/15
2024-03-12 15:13:13,764:INFO:Inc_Learning:215: Epoch 10/15 Train Accuracy:  100.00%
2024-03-12 15:13:13,765:INFO:Inc_Learning:216: Epoch 10/15 Average Loss: 0.031226584687829018 / MA Loss: 0.060922867804765704
2024-03-12 15:13:13,765:INFO:Inc_Learning:174: Epoch: 11/15
2024-03-12 15:13:14,763:INFO:Inc_Learning:215: Epoch 11/15 Train Accuracy:  100.00%
2024-03-12 15:13:14,763:INFO:Inc_Learning:216: Epoch 11/15 Average Loss: 0.011847364716231823 / MA Loss: 0.04535367144271731
2024-03-12 15:13:14,763:INFO:Inc_Learning:174: Epoch: 12/15
2024-03-12 15:13:15,776:INFO:Inc_Learning:215: Epoch 12/15 Train Accuracy:  100.00%
2024-03-12 15:13:15,776:INFO:Inc_Learning:216: Epoch 12/15 Average Loss: 0.011364391073584557 / MA Loss: 0.042686670739203694
2024-03-12 15:13:15,777:INFO:Inc_Learning:174: Epoch: 13/15
2024-03-12 15:13:16,829:INFO:Inc_Learning:215: Epoch 13/15 Train Accuracy:  96.00%
2024-03-12 15:13:16,830:INFO:Inc_Learning:216: Epoch 13/15 Average Loss: 0.07592634111642838 / MA Loss: 0.039858848322182894
2024-03-12 15:13:16,830:INFO:Inc_Learning:174: Epoch: 14/15
2024-03-12 15:13:17,882:INFO:Inc_Learning:215: Epoch 14/15 Train Accuracy:  100.00%
2024-03-12 15:13:17,882:INFO:Inc_Learning:216: Epoch 14/15 Average Loss: 0.015772806480526924 / MA Loss: 0.03632733514532447
2024-03-12 15:13:17,883:INFO:Inc_Learning:174: Epoch: 15/15
2024-03-12 15:13:18,908:INFO:Inc_Learning:215: Epoch 15/15 Train Accuracy:  100.00%
2024-03-12 15:13:18,909:INFO:Inc_Learning:216: Epoch 15/15 Average Loss: 0.01929696463048458 / MA Loss: 0.034520432818681
2024-03-12 15:13:18,946:INFO:Inc_Learning:504: Statistics for task identification ...
2024-03-12 15:13:19,936:INFO:Inc_Learning:223: The pseudo-labeling phase is started ...
2024-03-12 15:14:15,754:INFO:Inc_Learning:297: The training of the PredictionNet is started.
2024-03-12 15:14:16,160:INFO:Inc_Learning:390: Epoch: 000/300, MA loss: 0.29510173201560974
2024-03-12 15:14:16,172:INFO:Inc_Learning:390: Epoch: 010/300, MA loss: 0.07308898730711504
2024-03-12 15:14:16,183:INFO:Inc_Learning:390: Epoch: 020/300, MA loss: 0.029724461701698603
2024-03-12 15:14:16,194:INFO:Inc_Learning:390: Epoch: 030/300, MA loss: 0.005428197112632915
2024-03-12 15:14:16,206:INFO:Inc_Learning:390: Epoch: 040/300, MA loss: 0.001568512842641212
2024-03-12 15:14:16,217:INFO:Inc_Learning:390: Epoch: 050/300, MA loss: 0.0005650015737046488
2024-03-12 15:14:16,229:INFO:Inc_Learning:390: Epoch: 060/300, MA loss: 0.00019721842509170528
2024-03-12 15:14:16,240:INFO:Inc_Learning:390: Epoch: 070/300, MA loss: 7.192494595074095e-05
2024-03-12 15:14:16,251:INFO:Inc_Learning:390: Epoch: 080/300, MA loss: 2.534278769417142e-05
2024-03-12 15:14:16,263:INFO:Inc_Learning:390: Epoch: 090/300, MA loss: 9.085225599392288e-06
2024-03-12 15:14:16,274:INFO:Inc_Learning:390: Epoch: 100/300, MA loss: 3.39454761046909e-06
2024-03-12 15:14:16,286:INFO:Inc_Learning:390: Epoch: 110/300, MA loss: 1.1785240062067714e-06
2024-03-12 15:14:16,297:INFO:Inc_Learning:390: Epoch: 120/300, MA loss: 4.247101152543564e-07
2024-03-12 15:14:16,308:INFO:Inc_Learning:390: Epoch: 130/300, MA loss: 1.5114155136330964e-07
2024-03-12 15:14:16,320:INFO:Inc_Learning:390: Epoch: 140/300, MA loss: 5.416686255088621e-08
2024-03-12 15:14:16,331:INFO:Inc_Learning:390: Epoch: 150/300, MA loss: 1.914505420863577e-08
2024-03-12 15:14:16,342:INFO:Inc_Learning:390: Epoch: 160/300, MA loss: 6.7198532072154645e-09
2024-03-12 15:14:16,354:INFO:Inc_Learning:390: Epoch: 170/300, MA loss: 2.438788246350576e-09
2024-03-12 15:14:16,365:INFO:Inc_Learning:390: Epoch: 180/300, MA loss: 8.494243350365416e-10
2024-03-12 15:14:16,377:INFO:Inc_Learning:390: Epoch: 190/300, MA loss: 3.0570254626327566e-10
2024-03-12 15:14:16,388:INFO:Inc_Learning:390: Epoch: 200/300, MA loss: 1.079230742967452e-10
2024-03-12 15:14:16,399:INFO:Inc_Learning:390: Epoch: 210/300, MA loss: 3.776591617557501e-11
2024-03-12 15:14:16,411:INFO:Inc_Learning:390: Epoch: 220/300, MA loss: 1.3453678514123435e-11
2024-03-12 15:14:16,422:INFO:Inc_Learning:390: Epoch: 230/300, MA loss: 4.737434939781557e-12
2024-03-12 15:14:16,433:INFO:Inc_Learning:390: Epoch: 240/300, MA loss: 1.6883616168550732e-12
2024-03-12 15:14:16,445:INFO:Inc_Learning:390: Epoch: 250/300, MA loss: 5.845869808737171e-13
2024-03-12 15:14:16,456:INFO:Inc_Learning:390: Epoch: 260/300, MA loss: 2.0797563060018666e-13
2024-03-12 15:14:16,468:INFO:Inc_Learning:390: Epoch: 270/300, MA loss: 7.244939808061994e-14
2024-03-12 15:14:16,479:INFO:Inc_Learning:390: Epoch: 280/300, MA loss: 2.5542619921082818e-14
2024-03-12 15:14:16,490:INFO:Inc_Learning:390: Epoch: 290/300, MA loss: 9.023114375931887e-15
2024-03-12 15:14:16,501:INFO:Inc_Learning:390: Epoch: 299/300, MA loss: 3.5878952663800915e-15
2024-03-12 15:14:16,501:INFO:Inc_Learning:504: Statistics for task identification ...
2024-03-12 15:14:16,949:INFO:Inc_Learning:420: Evaluating the test set after task 3 ...
2024-03-12 15:15:23,722:INFO:Inc_Learning:472: Evaluation Accuracy (oracle) after task 3:  78.53%
2024-03-12 15:15:23,723:INFO:Inc_Learning:483: Evaluation Accuracy after task 3:  57.48%
2024-03-12 15:15:23,723:INFO:Inc_Learning:484: Accuracy of task-id detection after task 3:  67.03%
2024-03-12 15:15:23,723:INFO:Inc_Learning:490: Accuracy (Oracle) for task 0 =  80.48%
2024-03-12 15:15:23,723:INFO:Inc_Learning:494: Accuracy of task 0 =  63.17%
2024-03-12 15:15:23,723:INFO:Inc_Learning:490: Accuracy (Oracle) for task 1 =  61.20%
2024-03-12 15:15:23,724:INFO:Inc_Learning:494: Accuracy of task 1 =  29.40%
2024-03-12 15:15:23,724:INFO:Inc_Learning:490: Accuracy (Oracle) for task 2 =  71.20%
2024-03-12 15:15:23,724:INFO:Inc_Learning:494: Accuracy of task 2 =  23.40%
2024-03-12 15:15:23,724:INFO:Inc_Learning:490: Accuracy (Oracle) for task 3 =  79.80%
2024-03-12 15:15:23,725:INFO:Inc_Learning:494: Accuracy of task 3 =  51.40%
2024-03-12 15:15:23,737:INFO:Inc_Learning:595: The incremental learning phase for task 3 is finished!
2024-03-12 15:15:23,738:INFO:Inc_Learning:507: Estimated remaining time: 16 minutes and 20 seconds
2024-03-12 15:15:23,738:INFO:Inc_Learning:584: The incremental learning phase for task 4 is started ...
2024-03-12 15:15:23,738:INFO:Inc_Learning:272: Prefixes are copied from task 3.
2024-03-12 15:15:23,739:INFO:Inc_Learning:222: The PredictionNet is copied from the previous task.
2024-03-12 15:15:23,827:INFO:Inc_Learning:143: The session file "data/index_list/mini_imagenet/num_base_classes=60,num_tasks=9,num_shots=5,seed=1/train_samples_for_task=5.txt" is loaded!
2024-03-12 15:15:23,853:INFO:Inc_Learning:143: The session file "data/index_list/mini_imagenet/num_base_classes=60,num_tasks=9,num_shots=5,seed=1/test_samples_for_task=5.txt" is loaded!
2024-03-12 15:15:24,904:INFO:Inc_Learning:174: Epoch: 1/15
2024-03-12 15:15:25,967:INFO:Inc_Learning:215: Epoch 1/15 Train Accuracy:  88.00%
2024-03-12 15:15:25,967:INFO:Inc_Learning:216: Epoch 1/15 Average Loss: 0.24931412935256958 / MA Loss: 0.24931412935256958
2024-03-12 15:15:25,967:INFO:Inc_Learning:174: Epoch: 2/15
2024-03-12 15:15:26,961:INFO:Inc_Learning:215: Epoch 2/15 Train Accuracy:  100.00%
2024-03-12 15:15:26,961:INFO:Inc_Learning:216: Epoch 2/15 Average Loss: 0.07960445433855057 / MA Loss: 0.16445929184556007
2024-03-12 15:15:26,961:INFO:Inc_Learning:174: Epoch: 3/15
2024-03-12 15:15:27,971:INFO:Inc_Learning:215: Epoch 3/15 Train Accuracy:  100.00%
2024-03-12 15:15:27,971:INFO:Inc_Learning:216: Epoch 3/15 Average Loss: 0.0995488092303276 / MA Loss: 0.14282246430714926
2024-03-12 15:15:27,971:INFO:Inc_Learning:174: Epoch: 4/15
2024-03-12 15:15:29,020:INFO:Inc_Learning:215: Epoch 4/15 Train Accuracy:  100.00%
2024-03-12 15:15:29,021:INFO:Inc_Learning:216: Epoch 4/15 Average Loss: 0.023227758705615997 / MA Loss: 0.11292378790676594
2024-03-12 15:15:29,021:INFO:Inc_Learning:174: Epoch: 5/15
2024-03-12 15:15:30,003:INFO:Inc_Learning:215: Epoch 5/15 Train Accuracy:  88.00%
2024-03-12 15:15:30,003:INFO:Inc_Learning:216: Epoch 5/15 Average Loss: 0.32920196652412415 / MA Loss: 0.15617942363023757
2024-03-12 15:15:30,003:INFO:Inc_Learning:174: Epoch: 6/15
2024-03-12 15:15:31,026:INFO:Inc_Learning:215: Epoch 6/15 Train Accuracy:  96.00%
2024-03-12 15:15:31,027:INFO:Inc_Learning:216: Epoch 6/15 Average Loss: 0.1676378697156906 / MA Loss: 0.15808916464447975
2024-03-12 15:15:31,027:INFO:Inc_Learning:174: Epoch: 7/15
2024-03-12 15:15:31,898:INFO:Inc_Learning:215: Epoch 7/15 Train Accuracy:  100.00%
2024-03-12 15:15:31,898:INFO:Inc_Learning:216: Epoch 7/15 Average Loss: 0.03210672363638878 / MA Loss: 0.14009167307189532
2024-03-12 15:15:31,898:INFO:Inc_Learning:174: Epoch: 8/15
2024-03-12 15:15:32,770:INFO:Inc_Learning:215: Epoch 8/15 Train Accuracy:  100.00%
2024-03-12 15:15:32,771:INFO:Inc_Learning:216: Epoch 8/15 Average Loss: 0.0484127514064312 / MA Loss: 0.1286318078637123
2024-03-12 15:15:32,771:INFO:Inc_Learning:174: Epoch: 9/15
2024-03-12 15:15:33,796:INFO:Inc_Learning:215: Epoch 9/15 Train Accuracy:  100.00%
2024-03-12 15:15:33,797:INFO:Inc_Learning:216: Epoch 9/15 Average Loss: 0.028737802058458328 / MA Loss: 0.11753247388535076
2024-03-12 15:15:33,797:INFO:Inc_Learning:174: Epoch: 10/15
2024-03-12 15:15:34,856:INFO:Inc_Learning:215: Epoch 10/15 Train Accuracy:  100.00%
2024-03-12 15:15:34,857:INFO:Inc_Learning:216: Epoch 10/15 Average Loss: 0.052312083542346954 / MA Loss: 0.11101043485105037
2024-03-12 15:15:34,857:INFO:Inc_Learning:174: Epoch: 11/15
2024-03-12 15:15:35,852:INFO:Inc_Learning:215: Epoch 11/15 Train Accuracy:  100.00%
2024-03-12 15:15:35,852:INFO:Inc_Learning:216: Epoch 11/15 Average Loss: 0.04735609516501427 / MA Loss: 0.09081463143229485
2024-03-12 15:15:35,852:INFO:Inc_Learning:174: Epoch: 12/15
2024-03-12 15:15:36,844:INFO:Inc_Learning:215: Epoch 12/15 Train Accuracy:  100.00%
2024-03-12 15:15:36,845:INFO:Inc_Learning:216: Epoch 12/15 Average Loss: 0.03840836510062218 / MA Loss: 0.086695022508502
2024-03-12 15:15:36,845:INFO:Inc_Learning:174: Epoch: 13/15
2024-03-12 15:15:37,734:INFO:Inc_Learning:215: Epoch 13/15 Train Accuracy:  96.00%
2024-03-12 15:15:37,734:INFO:Inc_Learning:216: Epoch 13/15 Average Loss: 0.0608588308095932 / MA Loss: 0.08282602466642856
2024-03-12 15:15:37,734:INFO:Inc_Learning:174: Epoch: 14/15
2024-03-12 15:15:38,799:INFO:Inc_Learning:215: Epoch 14/15 Train Accuracy:  100.00%
2024-03-12 15:15:38,800:INFO:Inc_Learning:216: Epoch 14/15 Average Loss: 0.032144539058208466 / MA Loss: 0.08371770270168781
2024-03-12 15:15:38,800:INFO:Inc_Learning:174: Epoch: 15/15
2024-03-12 15:15:39,796:INFO:Inc_Learning:215: Epoch 15/15 Train Accuracy:  100.00%
2024-03-12 15:15:39,797:INFO:Inc_Learning:216: Epoch 15/15 Average Loss: 0.07683084160089493 / MA Loss: 0.05848059020936489
2024-03-12 15:15:39,831:INFO:Inc_Learning:504: Statistics for task identification ...
2024-03-12 15:15:40,792:INFO:Inc_Learning:223: The pseudo-labeling phase is started ...
2024-03-12 15:16:50,924:INFO:Inc_Learning:297: The training of the PredictionNet is started.
2024-03-12 15:16:51,567:INFO:Inc_Learning:390: Epoch: 000/300, MA loss: 0.17419393360614777
2024-03-12 15:16:51,578:INFO:Inc_Learning:390: Epoch: 010/300, MA loss: 0.05276669392531568
2024-03-12 15:16:51,589:INFO:Inc_Learning:390: Epoch: 020/300, MA loss: 0.0242763917776756
2024-03-12 15:16:51,601:INFO:Inc_Learning:390: Epoch: 030/300, MA loss: 0.00495793970185332
2024-03-12 15:16:51,612:INFO:Inc_Learning:390: Epoch: 040/300, MA loss: 0.0013426847639493645
2024-03-12 15:16:51,624:INFO:Inc_Learning:390: Epoch: 050/300, MA loss: 0.0004657515768485609
2024-03-12 15:16:51,635:INFO:Inc_Learning:390: Epoch: 060/300, MA loss: 0.00015938371852826095
2024-03-12 15:16:51,647:INFO:Inc_Learning:390: Epoch: 070/300, MA loss: 5.817383635076112e-05
2024-03-12 15:16:51,658:INFO:Inc_Learning:390: Epoch: 080/300, MA loss: 2.0949509303136437e-05
2024-03-12 15:16:51,670:INFO:Inc_Learning:390: Epoch: 090/300, MA loss: 7.57921416152385e-06
2024-03-12 15:16:51,681:INFO:Inc_Learning:390: Epoch: 100/300, MA loss: 2.715290551691396e-06
2024-03-12 15:16:51,692:INFO:Inc_Learning:390: Epoch: 110/300, MA loss: 9.459353307761375e-07
2024-03-12 15:16:51,704:INFO:Inc_Learning:390: Epoch: 120/300, MA loss: 3.445075222430205e-07
2024-03-12 15:16:51,715:INFO:Inc_Learning:390: Epoch: 130/300, MA loss: 1.2578530217410844e-07
2024-03-12 15:16:51,727:INFO:Inc_Learning:390: Epoch: 140/300, MA loss: 4.28959134879392e-08
2024-03-12 15:16:51,738:INFO:Inc_Learning:390: Epoch: 150/300, MA loss: 1.552526494030815e-08
2024-03-12 15:16:51,749:INFO:Inc_Learning:390: Epoch: 160/300, MA loss: 5.532311841971449e-09
2024-03-12 15:16:51,761:INFO:Inc_Learning:390: Epoch: 170/300, MA loss: 1.9536851941781563e-09
2024-03-12 15:16:51,772:INFO:Inc_Learning:390: Epoch: 180/300, MA loss: 6.92870417290381e-10
2024-03-12 15:16:51,784:INFO:Inc_Learning:390: Epoch: 190/300, MA loss: 2.44735339979818e-10
2024-03-12 15:16:51,795:INFO:Inc_Learning:390: Epoch: 200/300, MA loss: 8.634322900755165e-11
2024-03-12 15:16:51,807:INFO:Inc_Learning:390: Epoch: 210/300, MA loss: 3.0697130948276195e-11
2024-03-12 15:16:51,818:INFO:Inc_Learning:390: Epoch: 220/300, MA loss: 1.0740328938718679e-11
2024-03-12 15:16:51,829:INFO:Inc_Learning:390: Epoch: 230/300, MA loss: 3.859700536609778e-12
2024-03-12 15:16:51,841:INFO:Inc_Learning:390: Epoch: 240/300, MA loss: 1.3473501882330791e-12
2024-03-12 15:16:51,852:INFO:Inc_Learning:390: Epoch: 250/300, MA loss: 4.75986424212059e-13
2024-03-12 15:16:51,864:INFO:Inc_Learning:390: Epoch: 260/300, MA loss: 1.679030624319902e-13
2024-03-12 15:16:51,875:INFO:Inc_Learning:390: Epoch: 270/300, MA loss: 5.891808274713275e-14
2024-03-12 15:16:51,887:INFO:Inc_Learning:390: Epoch: 280/300, MA loss: 2.0984632780931807e-14
2024-03-12 15:16:51,898:INFO:Inc_Learning:390: Epoch: 290/300, MA loss: 7.333313779356657e-15
2024-03-12 15:16:51,908:INFO:Inc_Learning:390: Epoch: 299/300, MA loss: 3.2119826055479602e-15
2024-03-12 15:16:51,909:INFO:Inc_Learning:504: Statistics for task identification ...
2024-03-12 15:16:52,615:INFO:Inc_Learning:420: Evaluating the test set after task 4 ...
2024-03-12 15:18:15,249:INFO:Inc_Learning:472: Evaluation Accuracy (oracle) after task 4:  78.70%
2024-03-12 15:18:15,250:INFO:Inc_Learning:483: Evaluation Accuracy after task 4:  47.04%
2024-03-12 15:18:15,250:INFO:Inc_Learning:484: Accuracy of task-id detection after task 4:  53.15%
2024-03-12 15:18:15,250:INFO:Inc_Learning:490: Accuracy (Oracle) for task 0 =  80.57%
2024-03-12 15:18:15,250:INFO:Inc_Learning:494: Accuracy of task 0 =  51.48%
2024-03-12 15:18:15,251:INFO:Inc_Learning:490: Accuracy (Oracle) for task 1 =  60.80%
2024-03-12 15:18:15,251:INFO:Inc_Learning:494: Accuracy of task 1 =  20.20%
2024-03-12 15:18:15,251:INFO:Inc_Learning:490: Accuracy (Oracle) for task 2 =  71.40%
2024-03-12 15:18:15,251:INFO:Inc_Learning:494: Accuracy of task 2 =  17.20%
2024-03-12 15:18:15,251:INFO:Inc_Learning:490: Accuracy (Oracle) for task 3 =  80.20%
2024-03-12 15:18:15,252:INFO:Inc_Learning:494: Accuracy of task 3 =  38.60%
2024-03-12 15:18:15,252:INFO:Inc_Learning:490: Accuracy (Oracle) for task 4 =  80.00%
2024-03-12 15:18:15,252:INFO:Inc_Learning:494: Accuracy of task 4 =  58.80%
2024-03-12 15:18:15,265:INFO:Inc_Learning:595: The incremental learning phase for task 4 is finished!
2024-03-12 15:18:15,265:INFO:Inc_Learning:507: Estimated remaining time: 12 minutes and 48 seconds
2024-03-12 15:18:15,265:INFO:Inc_Learning:584: The incremental learning phase for task 5 is started ...
2024-03-12 15:18:15,266:INFO:Inc_Learning:272: Prefixes are copied from task 4.
2024-03-12 15:18:15,266:INFO:Inc_Learning:222: The PredictionNet is copied from the previous task.
2024-03-12 15:18:15,355:INFO:Inc_Learning:143: The session file "data/index_list/mini_imagenet/num_base_classes=60,num_tasks=9,num_shots=5,seed=1/train_samples_for_task=6.txt" is loaded!
2024-03-12 15:18:15,381:INFO:Inc_Learning:143: The session file "data/index_list/mini_imagenet/num_base_classes=60,num_tasks=9,num_shots=5,seed=1/test_samples_for_task=6.txt" is loaded!
2024-03-12 15:18:16,425:INFO:Inc_Learning:174: Epoch: 1/15
2024-03-12 15:18:17,427:INFO:Inc_Learning:215: Epoch 1/15 Train Accuracy:  96.00%
2024-03-12 15:18:17,427:INFO:Inc_Learning:216: Epoch 1/15 Average Loss: 0.16340820491313934 / MA Loss: 0.16340820491313934
2024-03-12 15:18:17,427:INFO:Inc_Learning:174: Epoch: 2/15
2024-03-12 15:18:18,454:INFO:Inc_Learning:215: Epoch 2/15 Train Accuracy:  100.00%
2024-03-12 15:18:18,454:INFO:Inc_Learning:216: Epoch 2/15 Average Loss: 0.056326791644096375 / MA Loss: 0.10986749827861786
2024-03-12 15:18:18,454:INFO:Inc_Learning:174: Epoch: 3/15
2024-03-12 15:18:19,502:INFO:Inc_Learning:215: Epoch 3/15 Train Accuracy:  100.00%
2024-03-12 15:18:19,503:INFO:Inc_Learning:216: Epoch 3/15 Average Loss: 0.057378169149160385 / MA Loss: 0.09237105523546536
2024-03-12 15:18:19,503:INFO:Inc_Learning:174: Epoch: 4/15
2024-03-12 15:18:20,564:INFO:Inc_Learning:215: Epoch 4/15 Train Accuracy:  100.00%
2024-03-12 15:18:20,564:INFO:Inc_Learning:216: Epoch 4/15 Average Loss: 0.06536755710840225 / MA Loss: 0.08562018070369959
2024-03-12 15:18:20,565:INFO:Inc_Learning:174: Epoch: 5/15
2024-03-12 15:18:21,766:INFO:Inc_Learning:215: Epoch 5/15 Train Accuracy:  92.00%
2024-03-12 15:18:21,767:INFO:Inc_Learning:216: Epoch 5/15 Average Loss: 0.21050673723220825 / MA Loss: 0.11059749200940132
2024-03-12 15:18:21,767:INFO:Inc_Learning:174: Epoch: 6/15
2024-03-12 15:18:22,804:INFO:Inc_Learning:215: Epoch 6/15 Train Accuracy:  100.00%
2024-03-12 15:18:22,804:INFO:Inc_Learning:216: Epoch 6/15 Average Loss: 0.04161132872104645 / MA Loss: 0.09909979812800884
2024-03-12 15:18:22,804:INFO:Inc_Learning:174: Epoch: 7/15
2024-03-12 15:18:23,831:INFO:Inc_Learning:215: Epoch 7/15 Train Accuracy:  100.00%
2024-03-12 15:18:23,831:INFO:Inc_Learning:216: Epoch 7/15 Average Loss: 0.04002959281206131 / MA Loss: 0.09066119736858777
2024-03-12 15:18:23,831:INFO:Inc_Learning:174: Epoch: 8/15
2024-03-12 15:18:24,868:INFO:Inc_Learning:215: Epoch 8/15 Train Accuracy:  100.00%
2024-03-12 15:18:24,869:INFO:Inc_Learning:216: Epoch 8/15 Average Loss: 0.050245750695466995 / MA Loss: 0.08560926653444767
2024-03-12 15:18:24,869:INFO:Inc_Learning:174: Epoch: 9/15
2024-03-12 15:18:25,946:INFO:Inc_Learning:215: Epoch 9/15 Train Accuracy:  100.00%
2024-03-12 15:18:25,947:INFO:Inc_Learning:216: Epoch 9/15 Average Loss: 0.05218980833888054 / MA Loss: 0.08189599340160687
2024-03-12 15:18:25,947:INFO:Inc_Learning:174: Epoch: 10/15
2024-03-12 15:18:26,963:INFO:Inc_Learning:215: Epoch 10/15 Train Accuracy:  96.00%
2024-03-12 15:18:26,964:INFO:Inc_Learning:216: Epoch 10/15 Average Loss: 0.08388745039701462 / MA Loss: 0.08209513910114766
2024-03-12 15:18:26,964:INFO:Inc_Learning:174: Epoch: 11/15
2024-03-12 15:18:28,080:INFO:Inc_Learning:215: Epoch 11/15 Train Accuracy:  100.00%
2024-03-12 15:18:28,080:INFO:Inc_Learning:216: Epoch 11/15 Average Loss: 0.033814407885074615 / MA Loss: 0.06913575939834118
2024-03-12 15:18:28,080:INFO:Inc_Learning:174: Epoch: 12/15
2024-03-12 15:18:29,240:INFO:Inc_Learning:215: Epoch 12/15 Train Accuracy:  100.00%
2024-03-12 15:18:29,241:INFO:Inc_Learning:216: Epoch 12/15 Average Loss: 0.017762742936611176 / MA Loss: 0.06527935452759266
2024-03-12 15:18:29,241:INFO:Inc_Learning:174: Epoch: 13/15
2024-03-12 15:18:30,318:INFO:Inc_Learning:215: Epoch 13/15 Train Accuracy:  92.00%
2024-03-12 15:18:30,319:INFO:Inc_Learning:216: Epoch 13/15 Average Loss: 0.13622723519802094 / MA Loss: 0.07316426113247872
2024-03-12 15:18:30,319:INFO:Inc_Learning:174: Epoch: 14/15
2024-03-12 15:18:31,380:INFO:Inc_Learning:215: Epoch 14/15 Train Accuracy:  100.00%
2024-03-12 15:18:31,381:INFO:Inc_Learning:216: Epoch 14/15 Average Loss: 0.01736028864979744 / MA Loss: 0.06836353428661823
2024-03-12 15:18:31,381:INFO:Inc_Learning:174: Epoch: 15/15
2024-03-12 15:18:32,344:INFO:Inc_Learning:215: Epoch 15/15 Train Accuracy:  100.00%
2024-03-12 15:18:32,345:INFO:Inc_Learning:216: Epoch 15/15 Average Loss: 0.01204084511846304 / MA Loss: 0.04851694507524371
2024-03-12 15:18:32,381:INFO:Inc_Learning:504: Statistics for task identification ...
2024-03-12 15:18:33,391:INFO:Inc_Learning:223: The pseudo-labeling phase is started ...
2024-03-12 15:19:59,452:INFO:Inc_Learning:297: The training of the PredictionNet is started.
2024-03-12 15:19:59,681:INFO:Inc_Learning:390: Epoch: 000/300, MA loss: 0.17467379570007324
2024-03-12 15:19:59,693:INFO:Inc_Learning:390: Epoch: 010/300, MA loss: 0.04866804013198072
2024-03-12 15:19:59,704:INFO:Inc_Learning:390: Epoch: 020/300, MA loss: 0.020829318277537822
2024-03-12 15:19:59,716:INFO:Inc_Learning:390: Epoch: 030/300, MA loss: 0.003618724050465971
2024-03-12 15:19:59,727:INFO:Inc_Learning:390: Epoch: 040/300, MA loss: 0.0011076534836320206
2024-03-12 15:19:59,739:INFO:Inc_Learning:390: Epoch: 050/300, MA loss: 0.0003814541603787802
2024-03-12 15:19:59,750:INFO:Inc_Learning:390: Epoch: 060/300, MA loss: 0.00013328178210940677
2024-03-12 15:19:59,761:INFO:Inc_Learning:390: Epoch: 070/300, MA loss: 4.9326419411954706e-05
2024-03-12 15:19:59,773:INFO:Inc_Learning:390: Epoch: 080/300, MA loss: 1.7696453392090915e-05
2024-03-12 15:19:59,784:INFO:Inc_Learning:390: Epoch: 090/300, MA loss: 6.349998045607208e-06
2024-03-12 15:19:59,796:INFO:Inc_Learning:390: Epoch: 100/300, MA loss: 2.2440100934773e-06
2024-03-12 15:19:59,807:INFO:Inc_Learning:390: Epoch: 110/300, MA loss: 8.204181099813468e-07
2024-03-12 15:19:59,818:INFO:Inc_Learning:390: Epoch: 120/300, MA loss: 2.8883526681511285e-07
2024-03-12 15:19:59,830:INFO:Inc_Learning:390: Epoch: 130/300, MA loss: 1.0273993868992193e-07
2024-03-12 15:19:59,841:INFO:Inc_Learning:390: Epoch: 140/300, MA loss: 3.695253614210969e-08
2024-03-12 15:19:59,853:INFO:Inc_Learning:390: Epoch: 150/300, MA loss: 1.3113451524660035e-08
2024-03-12 15:19:59,864:INFO:Inc_Learning:390: Epoch: 160/300, MA loss: 4.6222940031093175e-09
2024-03-12 15:19:59,875:INFO:Inc_Learning:390: Epoch: 170/300, MA loss: 1.6587334422668576e-09
2024-03-12 15:19:59,887:INFO:Inc_Learning:390: Epoch: 180/300, MA loss: 5.827873447716847e-10
2024-03-12 15:19:59,898:INFO:Inc_Learning:390: Epoch: 190/300, MA loss: 2.0742132733619912e-10
2024-03-12 15:19:59,909:INFO:Inc_Learning:390: Epoch: 200/300, MA loss: 7.292934077821056e-11
2024-03-12 15:19:59,921:INFO:Inc_Learning:390: Epoch: 210/300, MA loss: 2.5817121400775744e-11
2024-03-12 15:19:59,932:INFO:Inc_Learning:390: Epoch: 220/300, MA loss: 9.162313963084757e-12
2024-03-12 15:19:59,944:INFO:Inc_Learning:390: Epoch: 230/300, MA loss: 3.2293359989148814e-12
2024-03-12 15:19:59,955:INFO:Inc_Learning:390: Epoch: 240/300, MA loss: 1.1457788114555695e-12
2024-03-12 15:19:59,966:INFO:Inc_Learning:390: Epoch: 250/300, MA loss: 4.0265441669925723e-13
2024-03-12 15:19:59,978:INFO:Inc_Learning:390: Epoch: 260/300, MA loss: 1.4271440610226852e-13
2024-03-12 15:19:59,989:INFO:Inc_Learning:390: Epoch: 270/300, MA loss: 5.0105320893310996e-14
2024-03-12 15:20:00,001:INFO:Inc_Learning:390: Epoch: 280/300, MA loss: 1.7592822539582917e-14
2024-03-12 15:20:00,012:INFO:Inc_Learning:390: Epoch: 290/300, MA loss: 6.3181156541389924e-15
2024-03-12 15:20:00,022:INFO:Inc_Learning:390: Epoch: 299/300, MA loss: 2.665767930266647e-15
2024-03-12 15:20:00,023:INFO:Inc_Learning:504: Statistics for task identification ...
2024-03-12 15:20:00,296:INFO:Inc_Learning:420: Evaluating the test set after task 5 ...
2024-03-12 15:21:40,213:INFO:Inc_Learning:472: Evaluation Accuracy (oracle) after task 5:  78.47%
2024-03-12 15:21:40,214:INFO:Inc_Learning:483: Evaluation Accuracy after task 5:  42.04%
2024-03-12 15:21:40,214:INFO:Inc_Learning:484: Accuracy of task-id detection after task 5:  47.35%
2024-03-12 15:21:40,214:INFO:Inc_Learning:490: Accuracy (Oracle) for task 0 =  80.63%
2024-03-12 15:21:40,215:INFO:Inc_Learning:494: Accuracy of task 0 =  47.50%
2024-03-12 15:21:40,215:INFO:Inc_Learning:490: Accuracy (Oracle) for task 1 =  61.40%
2024-03-12 15:21:40,215:INFO:Inc_Learning:494: Accuracy of task 1 =  17.60%
2024-03-12 15:21:40,215:INFO:Inc_Learning:490: Accuracy (Oracle) for task 2 =  71.40%
2024-03-12 15:21:40,216:INFO:Inc_Learning:494: Accuracy of task 2 =  16.00%
2024-03-12 15:21:40,216:INFO:Inc_Learning:490: Accuracy (Oracle) for task 3 =  79.80%
2024-03-12 15:21:40,216:INFO:Inc_Learning:494: Accuracy of task 3 =  37.80%
2024-03-12 15:21:40,216:INFO:Inc_Learning:490: Accuracy (Oracle) for task 4 =  80.60%
2024-03-12 15:21:40,216:INFO:Inc_Learning:494: Accuracy of task 4 =  59.00%
2024-03-12 15:21:40,217:INFO:Inc_Learning:490: Accuracy (Oracle) for task 5 =  73.20%
2024-03-12 15:21:40,217:INFO:Inc_Learning:494: Accuracy of task 5 =  14.20%
2024-03-12 15:21:40,230:INFO:Inc_Learning:595: The incremental learning phase for task 5 is finished!
2024-03-12 15:21:40,230:INFO:Inc_Learning:507: Estimated remaining time: 9 minutes and 41 seconds
2024-03-12 15:21:40,231:INFO:Inc_Learning:584: The incremental learning phase for task 6 is started ...
2024-03-12 15:21:40,231:INFO:Inc_Learning:272: Prefixes are copied from task 5.
2024-03-12 15:21:40,231:INFO:Inc_Learning:222: The PredictionNet is copied from the previous task.
2024-03-12 15:21:40,317:INFO:Inc_Learning:143: The session file "data/index_list/mini_imagenet/num_base_classes=60,num_tasks=9,num_shots=5,seed=1/train_samples_for_task=7.txt" is loaded!
2024-03-12 15:21:40,344:INFO:Inc_Learning:143: The session file "data/index_list/mini_imagenet/num_base_classes=60,num_tasks=9,num_shots=5,seed=1/test_samples_for_task=7.txt" is loaded!
2024-03-12 15:21:41,367:INFO:Inc_Learning:174: Epoch: 1/15
2024-03-12 15:21:42,467:INFO:Inc_Learning:215: Epoch 1/15 Train Accuracy:  92.00%
2024-03-12 15:21:42,467:INFO:Inc_Learning:216: Epoch 1/15 Average Loss: 0.1722540706396103 / MA Loss: 0.1722540706396103
2024-03-12 15:21:42,467:INFO:Inc_Learning:174: Epoch: 2/15
2024-03-12 15:21:43,661:INFO:Inc_Learning:215: Epoch 2/15 Train Accuracy:  96.00%
2024-03-12 15:21:43,662:INFO:Inc_Learning:216: Epoch 2/15 Average Loss: 0.09274071455001831 / MA Loss: 0.1324973925948143
2024-03-12 15:21:43,662:INFO:Inc_Learning:174: Epoch: 3/15
2024-03-12 15:21:44,685:INFO:Inc_Learning:215: Epoch 3/15 Train Accuracy:  100.00%
2024-03-12 15:21:44,685:INFO:Inc_Learning:216: Epoch 3/15 Average Loss: 0.032405074685811996 / MA Loss: 0.09913328662514687
2024-03-12 15:21:44,685:INFO:Inc_Learning:174: Epoch: 4/15
2024-03-12 15:21:45,691:INFO:Inc_Learning:215: Epoch 4/15 Train Accuracy:  92.00%
2024-03-12 15:21:45,692:INFO:Inc_Learning:216: Epoch 4/15 Average Loss: 0.1136360764503479 / MA Loss: 0.10275898408144712
2024-03-12 15:21:45,692:INFO:Inc_Learning:174: Epoch: 5/15
2024-03-12 15:21:46,728:INFO:Inc_Learning:215: Epoch 5/15 Train Accuracy:  96.00%
2024-03-12 15:21:46,728:INFO:Inc_Learning:216: Epoch 5/15 Average Loss: 0.13520337641239166 / MA Loss: 0.10924786254763603
2024-03-12 15:21:46,729:INFO:Inc_Learning:174: Epoch: 6/15
2024-03-12 15:21:47,799:INFO:Inc_Learning:215: Epoch 6/15 Train Accuracy:  100.00%
2024-03-12 15:21:47,799:INFO:Inc_Learning:216: Epoch 6/15 Average Loss: 0.021540289744734764 / MA Loss: 0.09462993374715249
2024-03-12 15:21:47,800:INFO:Inc_Learning:174: Epoch: 7/15
2024-03-12 15:21:48,835:INFO:Inc_Learning:215: Epoch 7/15 Train Accuracy:  100.00%
2024-03-12 15:21:48,835:INFO:Inc_Learning:216: Epoch 7/15 Average Loss: 0.042435526847839355 / MA Loss: 0.08717358990439347
2024-03-12 15:21:48,835:INFO:Inc_Learning:174: Epoch: 8/15
2024-03-12 15:21:49,932:INFO:Inc_Learning:215: Epoch 8/15 Train Accuracy:  100.00%
2024-03-12 15:21:49,932:INFO:Inc_Learning:216: Epoch 8/15 Average Loss: 0.025510240346193314 / MA Loss: 0.07946567120961845
2024-03-12 15:21:49,932:INFO:Inc_Learning:174: Epoch: 9/15
2024-03-12 15:21:50,882:INFO:Inc_Learning:215: Epoch 9/15 Train Accuracy:  100.00%
2024-03-12 15:21:50,882:INFO:Inc_Learning:216: Epoch 9/15 Average Loss: 0.028182564303278923 / MA Loss: 0.07376754822002517
2024-03-12 15:21:50,883:INFO:Inc_Learning:174: Epoch: 10/15
2024-03-12 15:21:51,902:INFO:Inc_Learning:215: Epoch 10/15 Train Accuracy:  100.00%
2024-03-12 15:21:51,902:INFO:Inc_Learning:216: Epoch 10/15 Average Loss: 0.031087102368474007 / MA Loss: 0.06949950363487005
2024-03-12 15:21:51,903:INFO:Inc_Learning:174: Epoch: 11/15
2024-03-12 15:21:52,917:INFO:Inc_Learning:215: Epoch 11/15 Train Accuracy:  100.00%
2024-03-12 15:21:52,918:INFO:Inc_Learning:216: Epoch 11/15 Average Loss: 0.045857738703489304 / MA Loss: 0.056859870441257954
2024-03-12 15:21:52,918:INFO:Inc_Learning:174: Epoch: 12/15
2024-03-12 15:21:53,947:INFO:Inc_Learning:215: Epoch 12/15 Train Accuracy:  100.00%
2024-03-12 15:21:53,947:INFO:Inc_Learning:216: Epoch 12/15 Average Loss: 0.019785430282354355 / MA Loss: 0.04956434201449156
2024-03-12 15:21:53,947:INFO:Inc_Learning:174: Epoch: 13/15
2024-03-12 15:21:54,874:INFO:Inc_Learning:215: Epoch 13/15 Train Accuracy:  100.00%
2024-03-12 15:21:54,874:INFO:Inc_Learning:216: Epoch 13/15 Average Loss: 0.02778749167919159 / MA Loss: 0.049102583713829515
2024-03-12 15:21:54,875:INFO:Inc_Learning:174: Epoch: 14/15
2024-03-12 15:21:55,975:INFO:Inc_Learning:215: Epoch 14/15 Train Accuracy:  96.00%
2024-03-12 15:21:55,976:INFO:Inc_Learning:216: Epoch 14/15 Average Loss: 0.04985106363892555 / MA Loss: 0.042724082432687285
2024-03-12 15:21:55,976:INFO:Inc_Learning:174: Epoch: 15/15
2024-03-12 15:21:56,963:INFO:Inc_Learning:215: Epoch 15/15 Train Accuracy:  96.00%
2024-03-12 15:21:56,963:INFO:Inc_Learning:216: Epoch 15/15 Average Loss: 0.11886607855558395 / MA Loss: 0.041090352647006514
2024-03-12 15:21:57,002:INFO:Inc_Learning:504: Statistics for task identification ...
2024-03-12 15:21:58,064:INFO:Inc_Learning:223: The pseudo-labeling phase is started ...
2024-03-12 15:23:41,499:INFO:Inc_Learning:297: The training of the PredictionNet is started.
2024-03-12 15:23:41,802:INFO:Inc_Learning:390: Epoch: 000/300, MA loss: 0.16213589906692505
2024-03-12 15:23:41,813:INFO:Inc_Learning:390: Epoch: 010/300, MA loss: 0.06913913921876387
2024-03-12 15:23:41,824:INFO:Inc_Learning:390: Epoch: 020/300, MA loss: 0.037170970300212505
2024-03-12 15:23:41,836:INFO:Inc_Learning:390: Epoch: 030/300, MA loss: 0.009055103163700551
2024-03-12 15:23:41,847:INFO:Inc_Learning:390: Epoch: 040/300, MA loss: 0.0024015576811507343
2024-03-12 15:23:41,858:INFO:Inc_Learning:390: Epoch: 050/300, MA loss: 0.0007976652290381025
2024-03-12 15:23:41,870:INFO:Inc_Learning:390: Epoch: 060/300, MA loss: 0.000269708338601049
2024-03-12 15:23:41,881:INFO:Inc_Learning:390: Epoch: 070/300, MA loss: 9.55901790803182e-05
2024-03-12 15:23:41,893:INFO:Inc_Learning:390: Epoch: 080/300, MA loss: 3.4744214644888416e-05
2024-03-12 15:23:41,904:INFO:Inc_Learning:390: Epoch: 090/300, MA loss: 1.1841775472021254e-05
2024-03-12 15:23:41,916:INFO:Inc_Learning:390: Epoch: 100/300, MA loss: 4.141440984994915e-06
2024-03-12 15:23:41,927:INFO:Inc_Learning:390: Epoch: 110/300, MA loss: 1.6217314538380378e-06
2024-03-12 15:23:41,938:INFO:Inc_Learning:390: Epoch: 120/300, MA loss: 5.749451830183716e-07
2024-03-12 15:23:41,950:INFO:Inc_Learning:390: Epoch: 130/300, MA loss: 1.948196164391902e-07
2024-03-12 15:23:41,961:INFO:Inc_Learning:390: Epoch: 140/300, MA loss: 6.955024671739806e-08
2024-03-12 15:23:41,972:INFO:Inc_Learning:390: Epoch: 150/300, MA loss: 2.4697538814066887e-08
2024-03-12 15:23:41,984:INFO:Inc_Learning:390: Epoch: 160/300, MA loss: 9.060342598399273e-09
2024-03-12 15:23:41,996:INFO:Inc_Learning:390: Epoch: 170/300, MA loss: 3.1337807293585484e-09
2024-03-12 15:23:42,007:INFO:Inc_Learning:390: Epoch: 180/300, MA loss: 1.1058142013187222e-09
2024-03-12 15:23:42,019:INFO:Inc_Learning:390: Epoch: 190/300, MA loss: 3.9223082178019285e-10
2024-03-12 15:23:42,030:INFO:Inc_Learning:390: Epoch: 200/300, MA loss: 1.3816133428296018e-10
2024-03-12 15:23:42,042:INFO:Inc_Learning:390: Epoch: 210/300, MA loss: 4.9652778069675386e-11
2024-03-12 15:23:42,053:INFO:Inc_Learning:390: Epoch: 220/300, MA loss: 1.761643994742379e-11
2024-03-12 15:23:42,064:INFO:Inc_Learning:390: Epoch: 230/300, MA loss: 5.991410254209406e-12
2024-03-12 15:23:42,076:INFO:Inc_Learning:390: Epoch: 240/300, MA loss: 2.1470085448003703e-12
2024-03-12 15:23:42,087:INFO:Inc_Learning:390: Epoch: 250/300, MA loss: 7.75025719599795e-13
2024-03-12 15:23:42,098:INFO:Inc_Learning:390: Epoch: 260/300, MA loss: 2.68395850723936e-13
2024-03-12 15:23:42,110:INFO:Inc_Learning:390: Epoch: 270/300, MA loss: 9.441800097841069e-14
2024-03-12 15:23:42,121:INFO:Inc_Learning:390: Epoch: 280/300, MA loss: 3.3874217170623536e-14
2024-03-12 15:23:42,133:INFO:Inc_Learning:390: Epoch: 290/300, MA loss: 1.1942661016374316e-14
2024-03-12 15:23:42,143:INFO:Inc_Learning:390: Epoch: 299/300, MA loss: 5.023109692152791e-15
2024-03-12 15:23:42,144:INFO:Inc_Learning:504: Statistics for task identification ...
2024-03-12 15:23:42,482:INFO:Inc_Learning:420: Evaluating the test set after task 6 ...
2024-03-12 15:25:40,868:INFO:Inc_Learning:472: Evaluation Accuracy (oracle) after task 6:  77.77%
2024-03-12 15:25:40,869:INFO:Inc_Learning:483: Evaluation Accuracy after task 6:  37.23%
2024-03-12 15:25:40,869:INFO:Inc_Learning:484: Accuracy of task-id detection after task 6:  41.93%
2024-03-12 15:25:40,869:INFO:Inc_Learning:490: Accuracy (Oracle) for task 0 =  80.52%
2024-03-12 15:25:40,870:INFO:Inc_Learning:494: Accuracy of task 0 =  43.00%
2024-03-12 15:25:40,870:INFO:Inc_Learning:490: Accuracy (Oracle) for task 1 =  61.40%
2024-03-12 15:25:40,870:INFO:Inc_Learning:494: Accuracy of task 1 =  13.60%
2024-03-12 15:25:40,870:INFO:Inc_Learning:490: Accuracy (Oracle) for task 2 =  71.00%
2024-03-12 15:25:40,871:INFO:Inc_Learning:494: Accuracy of task 2 =  12.00%
2024-03-12 15:25:40,871:INFO:Inc_Learning:490: Accuracy (Oracle) for task 3 =  79.20%
2024-03-12 15:25:40,871:INFO:Inc_Learning:494: Accuracy of task 3 =  36.20%
2024-03-12 15:25:40,871:INFO:Inc_Learning:490: Accuracy (Oracle) for task 4 =  80.40%
2024-03-12 15:25:40,871:INFO:Inc_Learning:494: Accuracy of task 4 =  55.40%
2024-03-12 15:25:40,872:INFO:Inc_Learning:490: Accuracy (Oracle) for task 5 =  73.20%
2024-03-12 15:25:40,872:INFO:Inc_Learning:494: Accuracy of task 5 =  13.00%
2024-03-12 15:25:40,872:INFO:Inc_Learning:490: Accuracy (Oracle) for task 6 =  68.40%
2024-03-12 15:25:40,872:INFO:Inc_Learning:494: Accuracy of task 6 =  24.00%
2024-03-12 15:25:40,886:INFO:Inc_Learning:595: The incremental learning phase for task 6 is finished!
2024-03-12 15:25:40,886:INFO:Inc_Learning:507: Estimated remaining time: 6 minutes and 39 seconds
2024-03-12 15:25:40,886:INFO:Inc_Learning:584: The incremental learning phase for task 7 is started ...
2024-03-12 15:25:40,886:INFO:Inc_Learning:272: Prefixes are copied from task 6.
2024-03-12 15:25:40,887:INFO:Inc_Learning:222: The PredictionNet is copied from the previous task.
2024-03-12 15:25:40,974:INFO:Inc_Learning:143: The session file "data/index_list/mini_imagenet/num_base_classes=60,num_tasks=9,num_shots=5,seed=1/train_samples_for_task=8.txt" is loaded!
2024-03-12 15:25:41,001:INFO:Inc_Learning:143: The session file "data/index_list/mini_imagenet/num_base_classes=60,num_tasks=9,num_shots=5,seed=1/test_samples_for_task=8.txt" is loaded!
2024-03-12 15:25:42,008:INFO:Inc_Learning:174: Epoch: 1/15
2024-03-12 15:25:43,014:INFO:Inc_Learning:215: Epoch 1/15 Train Accuracy:  88.00%
2024-03-12 15:25:43,015:INFO:Inc_Learning:216: Epoch 1/15 Average Loss: 0.254454642534256 / MA Loss: 0.254454642534256
2024-03-12 15:25:43,015:INFO:Inc_Learning:174: Epoch: 2/15
2024-03-12 15:25:44,008:INFO:Inc_Learning:215: Epoch 2/15 Train Accuracy:  92.00%
2024-03-12 15:25:44,008:INFO:Inc_Learning:216: Epoch 2/15 Average Loss: 0.15773440897464752 / MA Loss: 0.20609452575445175
2024-03-12 15:25:44,009:INFO:Inc_Learning:174: Epoch: 3/15
2024-03-12 15:25:44,999:INFO:Inc_Learning:215: Epoch 3/15 Train Accuracy:  100.00%
2024-03-12 15:25:45,000:INFO:Inc_Learning:216: Epoch 3/15 Average Loss: 0.06906699389219284 / MA Loss: 0.16041868180036545
2024-03-12 15:25:45,000:INFO:Inc_Learning:174: Epoch: 4/15
2024-03-12 15:25:46,033:INFO:Inc_Learning:215: Epoch 4/15 Train Accuracy:  92.00%
2024-03-12 15:25:46,033:INFO:Inc_Learning:216: Epoch 4/15 Average Loss: 0.21049612760543823 / MA Loss: 0.17293804325163364
2024-03-12 15:25:46,033:INFO:Inc_Learning:174: Epoch: 5/15
2024-03-12 15:25:47,050:INFO:Inc_Learning:215: Epoch 5/15 Train Accuracy:  100.00%
2024-03-12 15:25:47,050:INFO:Inc_Learning:216: Epoch 5/15 Average Loss: 0.07626949995756149 / MA Loss: 0.15360433459281922
2024-03-12 15:25:47,050:INFO:Inc_Learning:174: Epoch: 6/15
2024-03-12 15:25:48,067:INFO:Inc_Learning:215: Epoch 6/15 Train Accuracy:  100.00%
2024-03-12 15:25:48,067:INFO:Inc_Learning:216: Epoch 6/15 Average Loss: 0.06452267616987228 / MA Loss: 0.13875739152232805
2024-03-12 15:25:48,068:INFO:Inc_Learning:174: Epoch: 7/15
2024-03-12 15:25:49,209:INFO:Inc_Learning:215: Epoch 7/15 Train Accuracy:  96.00%
2024-03-12 15:25:49,210:INFO:Inc_Learning:216: Epoch 7/15 Average Loss: 0.09464294463396072 / MA Loss: 0.13245532768113272
2024-03-12 15:25:49,210:INFO:Inc_Learning:174: Epoch: 8/15
2024-03-12 15:25:50,286:INFO:Inc_Learning:215: Epoch 8/15 Train Accuracy:  100.00%
2024-03-12 15:25:50,287:INFO:Inc_Learning:216: Epoch 8/15 Average Loss: 0.04518119990825653 / MA Loss: 0.1215460617095232
2024-03-12 15:25:50,287:INFO:Inc_Learning:174: Epoch: 9/15
2024-03-12 15:25:51,325:INFO:Inc_Learning:215: Epoch 9/15 Train Accuracy:  100.00%
2024-03-12 15:25:51,326:INFO:Inc_Learning:216: Epoch 9/15 Average Loss: 0.06607787311077118 / MA Loss: 0.1153829296429952
2024-03-12 15:25:51,326:INFO:Inc_Learning:174: Epoch: 10/15
2024-03-12 15:25:52,318:INFO:Inc_Learning:215: Epoch 10/15 Train Accuracy:  100.00%
2024-03-12 15:25:52,319:INFO:Inc_Learning:216: Epoch 10/15 Average Loss: 0.023935573175549507 / MA Loss: 0.10623819399625063
2024-03-12 15:25:52,319:INFO:Inc_Learning:174: Epoch: 11/15
2024-03-12 15:25:53,382:INFO:Inc_Learning:215: Epoch 11/15 Train Accuracy:  96.00%
2024-03-12 15:25:53,382:INFO:Inc_Learning:216: Epoch 11/15 Average Loss: 0.0752967894077301 / MA Loss: 0.08832240868359804
2024-03-12 15:25:53,383:INFO:Inc_Learning:174: Epoch: 12/15
2024-03-12 15:25:54,473:INFO:Inc_Learning:215: Epoch 12/15 Train Accuracy:  92.00%
2024-03-12 15:25:54,474:INFO:Inc_Learning:216: Epoch 12/15 Average Loss: 0.24356254935264587 / MA Loss: 0.09690522272139787
2024-03-12 15:25:54,474:INFO:Inc_Learning:174: Epoch: 13/15
2024-03-12 15:25:55,570:INFO:Inc_Learning:215: Epoch 13/15 Train Accuracy:  96.00%
2024-03-12 15:25:55,570:INFO:Inc_Learning:216: Epoch 13/15 Average Loss: 0.09607753157615662 / MA Loss: 0.09960627648979425
2024-03-12 15:25:55,571:INFO:Inc_Learning:174: Epoch: 14/15
2024-03-12 15:25:56,442:INFO:Inc_Learning:215: Epoch 14/15 Train Accuracy:  100.00%
2024-03-12 15:25:56,443:INFO:Inc_Learning:216: Epoch 14/15 Average Loss: 0.02751600556075573 / MA Loss: 0.081308264285326
2024-03-12 15:25:56,443:INFO:Inc_Learning:174: Epoch: 15/15
2024-03-12 15:25:57,501:INFO:Inc_Learning:215: Epoch 15/15 Train Accuracy:  100.00%
2024-03-12 15:25:57,502:INFO:Inc_Learning:216: Epoch 15/15 Average Loss: 0.008228731341660023 / MA Loss: 0.07450418742373585
2024-03-12 15:25:57,539:INFO:Inc_Learning:504: Statistics for task identification ...
2024-03-12 15:25:58,554:INFO:Inc_Learning:223: The pseudo-labeling phase is started ...
2024-03-12 15:28:00,619:INFO:Inc_Learning:297: The training of the PredictionNet is started.
2024-03-12 15:28:00,947:INFO:Inc_Learning:390: Epoch: 000/300, MA loss: 0.18607120215892792
2024-03-12 15:28:00,957:INFO:Inc_Learning:390: Epoch: 010/300, MA loss: 0.05632399132644588
2024-03-12 15:28:00,967:INFO:Inc_Learning:390: Epoch: 020/300, MA loss: 0.025160430057439953
2024-03-12 15:28:00,978:INFO:Inc_Learning:390: Epoch: 030/300, MA loss: 0.0044524742290377615
2024-03-12 15:28:00,990:INFO:Inc_Learning:390: Epoch: 040/300, MA loss: 0.0013050446548731997
2024-03-12 15:28:01,001:INFO:Inc_Learning:390: Epoch: 050/300, MA loss: 0.0004528843943262473
2024-03-12 15:28:01,013:INFO:Inc_Learning:390: Epoch: 060/300, MA loss: 0.00015542121327598578
2024-03-12 15:28:01,025:INFO:Inc_Learning:390: Epoch: 070/300, MA loss: 5.642204378091265e-05
2024-03-12 15:28:01,036:INFO:Inc_Learning:390: Epoch: 080/300, MA loss: 2.0855192769886343e-05
2024-03-12 15:28:01,048:INFO:Inc_Learning:390: Epoch: 090/300, MA loss: 7.341767116031406e-06
2024-03-12 15:28:01,059:INFO:Inc_Learning:390: Epoch: 100/300, MA loss: 2.6728476711923577e-06
2024-03-12 15:28:01,071:INFO:Inc_Learning:390: Epoch: 110/300, MA loss: 9.215488120162263e-07
2024-03-12 15:28:01,082:INFO:Inc_Learning:390: Epoch: 120/300, MA loss: 3.423751707032352e-07
2024-03-12 15:28:01,094:INFO:Inc_Learning:390: Epoch: 130/300, MA loss: 1.1860829509657834e-07
2024-03-12 15:28:01,105:INFO:Inc_Learning:390: Epoch: 140/300, MA loss: 4.276028153782363e-08
2024-03-12 15:28:01,116:INFO:Inc_Learning:390: Epoch: 150/300, MA loss: 1.5371782358108987e-08
2024-03-12 15:28:01,128:INFO:Inc_Learning:390: Epoch: 160/300, MA loss: 5.387195078920826e-09
2024-03-12 15:28:01,139:INFO:Inc_Learning:390: Epoch: 170/300, MA loss: 1.910563260376641e-09
2024-03-12 15:28:01,151:INFO:Inc_Learning:390: Epoch: 180/300, MA loss: 6.781926423227169e-10
2024-03-12 15:28:01,162:INFO:Inc_Learning:390: Epoch: 190/300, MA loss: 2.3662819863268237e-10
2024-03-12 15:28:01,174:INFO:Inc_Learning:390: Epoch: 200/300, MA loss: 8.662051024371786e-11
2024-03-12 15:28:01,185:INFO:Inc_Learning:390: Epoch: 210/300, MA loss: 2.945555570288416e-11
2024-03-12 15:28:01,197:INFO:Inc_Learning:390: Epoch: 220/300, MA loss: 1.0690968032731062e-11
2024-03-12 15:28:01,208:INFO:Inc_Learning:390: Epoch: 230/300, MA loss: 3.7481037750471815e-12
2024-03-12 15:28:01,220:INFO:Inc_Learning:390: Epoch: 240/300, MA loss: 1.3070610904914772e-12
2024-03-12 15:28:01,231:INFO:Inc_Learning:390: Epoch: 250/300, MA loss: 4.65594960995892e-13
2024-03-12 15:28:01,243:INFO:Inc_Learning:390: Epoch: 260/300, MA loss: 1.6420778345199119e-13
2024-03-12 15:28:01,254:INFO:Inc_Learning:390: Epoch: 270/300, MA loss: 5.776917420314718e-14
2024-03-12 15:28:01,266:INFO:Inc_Learning:390: Epoch: 280/300, MA loss: 2.0096038933922702e-14
2024-03-12 15:28:01,277:INFO:Inc_Learning:390: Epoch: 290/300, MA loss: 7.251190345818238e-15
2024-03-12 15:28:01,288:INFO:Inc_Learning:390: Epoch: 299/300, MA loss: 3.201426483912583e-15
2024-03-12 15:28:01,288:INFO:Inc_Learning:504: Statistics for task identification ...
2024-03-12 15:28:01,679:INFO:Inc_Learning:420: Evaluating the test set after task 7 ...
2024-03-12 15:30:20,206:INFO:Inc_Learning:472: Evaluation Accuracy (oracle) after task 7:  77.29%
2024-03-12 15:30:20,207:INFO:Inc_Learning:483: Evaluation Accuracy after task 7:  32.85%
2024-03-12 15:30:20,207:INFO:Inc_Learning:484: Accuracy of task-id detection after task 7:  37.22%
2024-03-12 15:30:20,207:INFO:Inc_Learning:490: Accuracy (Oracle) for task 0 =  80.55%
2024-03-12 15:30:20,208:INFO:Inc_Learning:494: Accuracy of task 0 =  38.05%
2024-03-12 15:30:20,208:INFO:Inc_Learning:490: Accuracy (Oracle) for task 1 =  61.00%
2024-03-12 15:30:20,208:INFO:Inc_Learning:494: Accuracy of task 1 =  10.60%
2024-03-12 15:30:20,208:INFO:Inc_Learning:490: Accuracy (Oracle) for task 2 =  70.80%
2024-03-12 15:30:20,209:INFO:Inc_Learning:494: Accuracy of task 2 =  11.40%
2024-03-12 15:30:20,209:INFO:Inc_Learning:490: Accuracy (Oracle) for task 3 =  79.80%
2024-03-12 15:30:20,209:INFO:Inc_Learning:494: Accuracy of task 3 =  34.00%
2024-03-12 15:30:20,209:INFO:Inc_Learning:490: Accuracy (Oracle) for task 4 =  79.80%
2024-03-12 15:30:20,209:INFO:Inc_Learning:494: Accuracy of task 4 =  52.80%
2024-03-12 15:30:20,210:INFO:Inc_Learning:490: Accuracy (Oracle) for task 5 =  73.20%
2024-03-12 15:30:20,210:INFO:Inc_Learning:494: Accuracy of task 5 =  12.20%
2024-03-12 15:30:20,210:INFO:Inc_Learning:490: Accuracy (Oracle) for task 6 =  68.60%
2024-03-12 15:30:20,210:INFO:Inc_Learning:494: Accuracy of task 6 =  24.00%
2024-03-12 15:30:20,211:INFO:Inc_Learning:490: Accuracy (Oracle) for task 7 =  68.80%
2024-03-12 15:30:20,211:INFO:Inc_Learning:494: Accuracy of task 7 =  22.60%
2024-03-12 15:30:20,224:INFO:Inc_Learning:595: The incremental learning phase for task 7 is finished!
2024-03-12 15:30:20,224:INFO:Inc_Learning:507: Estimated remaining time: 3 minutes and 28 seconds
2024-03-12 15:30:20,224:INFO:Inc_Learning:584: The incremental learning phase for task 8 is started ...
2024-03-12 15:30:20,225:INFO:Inc_Learning:272: Prefixes are copied from task 7.
2024-03-12 15:30:20,225:INFO:Inc_Learning:222: The PredictionNet is copied from the previous task.
2024-03-12 15:30:20,311:INFO:Inc_Learning:143: The session file "data/index_list/mini_imagenet/num_base_classes=60,num_tasks=9,num_shots=5,seed=1/train_samples_for_task=9.txt" is loaded!
2024-03-12 15:30:20,339:INFO:Inc_Learning:143: The session file "data/index_list/mini_imagenet/num_base_classes=60,num_tasks=9,num_shots=5,seed=1/test_samples_for_task=9.txt" is loaded!
2024-03-12 15:30:21,395:INFO:Inc_Learning:174: Epoch: 1/15
2024-03-12 15:30:22,386:INFO:Inc_Learning:215: Epoch 1/15 Train Accuracy:  84.00%
2024-03-12 15:30:22,387:INFO:Inc_Learning:216: Epoch 1/15 Average Loss: 0.41251009702682495 / MA Loss: 0.41251009702682495
2024-03-12 15:30:22,387:INFO:Inc_Learning:174: Epoch: 2/15
2024-03-12 15:30:23,417:INFO:Inc_Learning:215: Epoch 2/15 Train Accuracy:  100.00%
2024-03-12 15:30:23,417:INFO:Inc_Learning:216: Epoch 2/15 Average Loss: 0.08805755525827408 / MA Loss: 0.2502838261425495
2024-03-12 15:30:23,418:INFO:Inc_Learning:174: Epoch: 3/15
2024-03-12 15:30:24,420:INFO:Inc_Learning:215: Epoch 3/15 Train Accuracy:  96.00%
2024-03-12 15:30:24,420:INFO:Inc_Learning:216: Epoch 3/15 Average Loss: 0.0777592882514 / MA Loss: 0.19277564684549967
2024-03-12 15:30:24,420:INFO:Inc_Learning:174: Epoch: 4/15
2024-03-12 15:30:25,412:INFO:Inc_Learning:215: Epoch 4/15 Train Accuracy:  96.00%
2024-03-12 15:30:25,412:INFO:Inc_Learning:216: Epoch 4/15 Average Loss: 0.11107633262872696 / MA Loss: 0.1723508182913065
2024-03-12 15:30:25,413:INFO:Inc_Learning:174: Epoch: 5/15
2024-03-12 15:30:26,450:INFO:Inc_Learning:215: Epoch 5/15 Train Accuracy:  92.00%
2024-03-12 15:30:26,450:INFO:Inc_Learning:216: Epoch 5/15 Average Loss: 0.2014940232038498 / MA Loss: 0.17817945927381515
2024-03-12 15:30:26,451:INFO:Inc_Learning:174: Epoch: 6/15
2024-03-12 15:30:27,458:INFO:Inc_Learning:215: Epoch 6/15 Train Accuracy:  100.00%
2024-03-12 15:30:27,459:INFO:Inc_Learning:216: Epoch 6/15 Average Loss: 0.05776692554354668 / MA Loss: 0.15811070365210375
2024-03-12 15:30:27,459:INFO:Inc_Learning:174: Epoch: 7/15
2024-03-12 15:30:28,519:INFO:Inc_Learning:215: Epoch 7/15 Train Accuracy:  96.00%
2024-03-12 15:30:28,520:INFO:Inc_Learning:216: Epoch 7/15 Average Loss: 0.08751866966485977 / MA Loss: 0.14802612736821175
2024-03-12 15:30:28,520:INFO:Inc_Learning:174: Epoch: 8/15
2024-03-12 15:30:29,440:INFO:Inc_Learning:215: Epoch 8/15 Train Accuracy:  96.00%
2024-03-12 15:30:29,440:INFO:Inc_Learning:216: Epoch 8/15 Average Loss: 0.11367512494325638 / MA Loss: 0.14373225206509233
2024-03-12 15:30:29,440:INFO:Inc_Learning:174: Epoch: 9/15
2024-03-12 15:30:30,384:INFO:Inc_Learning:215: Epoch 9/15 Train Accuracy:  100.00%
2024-03-12 15:30:30,384:INFO:Inc_Learning:216: Epoch 9/15 Average Loss: 0.03511474281549454 / MA Loss: 0.13166363992624813
2024-03-12 15:30:30,385:INFO:Inc_Learning:174: Epoch: 10/15
2024-03-12 15:30:31,398:INFO:Inc_Learning:215: Epoch 10/15 Train Accuracy:  100.00%
2024-03-12 15:30:31,398:INFO:Inc_Learning:216: Epoch 10/15 Average Loss: 0.024486463516950607 / MA Loss: 0.12094592228531838
2024-03-12 15:30:31,399:INFO:Inc_Learning:174: Epoch: 11/15
2024-03-12 15:30:32,451:INFO:Inc_Learning:215: Epoch 11/15 Train Accuracy:  100.00%
2024-03-12 15:30:32,452:INFO:Inc_Learning:216: Epoch 11/15 Average Loss: 0.02463589236140251 / MA Loss: 0.08215850181877613
2024-03-12 15:30:32,452:INFO:Inc_Learning:174: Epoch: 12/15
2024-03-12 15:30:33,487:INFO:Inc_Learning:215: Epoch 12/15 Train Accuracy:  100.00%
2024-03-12 15:30:33,487:INFO:Inc_Learning:216: Epoch 12/15 Average Loss: 0.05197775736451149 / MA Loss: 0.07855052202939987
2024-03-12 15:30:33,487:INFO:Inc_Learning:174: Epoch: 13/15
2024-03-12 15:30:34,523:INFO:Inc_Learning:215: Epoch 13/15 Train Accuracy:  100.00%
2024-03-12 15:30:34,524:INFO:Inc_Learning:216: Epoch 13/15 Average Loss: 0.03155025839805603 / MA Loss: 0.07392961904406548
2024-03-12 15:30:34,524:INFO:Inc_Learning:174: Epoch: 14/15
2024-03-12 15:30:35,456:INFO:Inc_Learning:215: Epoch 14/15 Train Accuracy:  100.00%
2024-03-12 15:30:35,456:INFO:Inc_Learning:216: Epoch 14/15 Average Loss: 0.02141190506517887 / MA Loss: 0.06496317628771067
2024-03-12 15:30:35,456:INFO:Inc_Learning:174: Epoch: 15/15
2024-03-12 15:30:36,409:INFO:Inc_Learning:215: Epoch 15/15 Train Accuracy:  100.00%
2024-03-12 15:30:36,409:INFO:Inc_Learning:216: Epoch 15/15 Average Loss: 0.012010673061013222 / MA Loss: 0.04601484127342701
2024-03-12 15:30:36,433:INFO:Inc_Learning:504: Statistics for task identification ...
2024-03-12 15:30:37,428:INFO:Inc_Learning:223: The pseudo-labeling phase is started ...
2024-03-12 15:32:59,586:INFO:Inc_Learning:297: The training of the PredictionNet is started.
2024-03-12 15:33:00,803:INFO:Inc_Learning:390: Epoch: 000/300, MA loss: 0.1832023411989212
2024-03-12 15:33:00,814:INFO:Inc_Learning:390: Epoch: 010/300, MA loss: 0.05875897288999774
2024-03-12 15:33:00,826:INFO:Inc_Learning:390: Epoch: 020/300, MA loss: 0.02864066236652434
2024-03-12 15:33:00,837:INFO:Inc_Learning:390: Epoch: 030/300, MA loss: 0.006963192584225908
2024-03-12 15:33:00,849:INFO:Inc_Learning:390: Epoch: 040/300, MA loss: 0.0019627243658760563
2024-03-12 15:33:00,860:INFO:Inc_Learning:390: Epoch: 050/300, MA loss: 0.0006657480647845659
2024-03-12 15:33:00,872:INFO:Inc_Learning:390: Epoch: 060/300, MA loss: 0.00025417794604436493
2024-03-12 15:33:00,883:INFO:Inc_Learning:390: Epoch: 070/300, MA loss: 9.834878583205863e-05
2024-03-12 15:33:00,894:INFO:Inc_Learning:390: Epoch: 080/300, MA loss: 3.635548810052569e-05
2024-03-12 15:33:00,906:INFO:Inc_Learning:390: Epoch: 090/300, MA loss: 1.2316595962147403e-05
2024-03-12 15:33:00,917:INFO:Inc_Learning:390: Epoch: 100/300, MA loss: 3.98683653770604e-06
2024-03-12 15:33:00,929:INFO:Inc_Learning:390: Epoch: 110/300, MA loss: 1.2982397336713803e-06
2024-03-12 15:33:00,940:INFO:Inc_Learning:390: Epoch: 120/300, MA loss: 4.341278952324501e-07
2024-03-12 15:33:00,951:INFO:Inc_Learning:390: Epoch: 130/300, MA loss: 1.6858246176809644e-07
2024-03-12 15:33:00,963:INFO:Inc_Learning:390: Epoch: 140/300, MA loss: 6.874170876969288e-08
2024-03-12 15:33:00,974:INFO:Inc_Learning:390: Epoch: 150/300, MA loss: 2.511732541954359e-08
2024-03-12 15:33:00,985:INFO:Inc_Learning:390: Epoch: 160/300, MA loss: 8.069588364190139e-09
2024-03-12 15:33:00,997:INFO:Inc_Learning:390: Epoch: 170/300, MA loss: 2.5796314251369523e-09
2024-03-12 15:33:01,008:INFO:Inc_Learning:390: Epoch: 180/300, MA loss: 8.958055242036522e-10
2024-03-12 15:33:01,020:INFO:Inc_Learning:390: Epoch: 190/300, MA loss: 3.5723119531927415e-10
2024-03-12 15:33:01,031:INFO:Inc_Learning:390: Epoch: 200/300, MA loss: 1.3465048919608646e-10
2024-03-12 15:33:01,042:INFO:Inc_Learning:390: Epoch: 210/300, MA loss: 4.6804042412584845e-11
2024-03-12 15:33:01,054:INFO:Inc_Learning:390: Epoch: 220/300, MA loss: 1.4285833822326455e-11
2024-03-12 15:33:01,065:INFO:Inc_Learning:390: Epoch: 230/300, MA loss: 4.922960509298052e-12
2024-03-12 15:33:01,076:INFO:Inc_Learning:390: Epoch: 240/300, MA loss: 2.0115924605299677e-12
2024-03-12 15:33:01,088:INFO:Inc_Learning:390: Epoch: 250/300, MA loss: 7.429155076223767e-13
2024-03-12 15:33:01,099:INFO:Inc_Learning:390: Epoch: 260/300, MA loss: 2.382719394781584e-13
2024-03-12 15:33:01,110:INFO:Inc_Learning:390: Epoch: 270/300, MA loss: 7.730718031400134e-14
2024-03-12 15:33:01,122:INFO:Inc_Learning:390: Epoch: 280/300, MA loss: 2.909543698025453e-14
2024-03-12 15:33:01,133:INFO:Inc_Learning:390: Epoch: 290/300, MA loss: 1.1170175565862809e-14
2024-03-12 15:33:01,143:INFO:Inc_Learning:390: Epoch: 299/300, MA loss: 4.652739448474208e-15
2024-03-12 15:33:01,144:INFO:Inc_Learning:504: Statistics for task identification ...
2024-03-12 15:33:02,447:INFO:Inc_Learning:420: Evaluating the test set after task 8 ...
2024-03-12 15:35:42,065:INFO:Inc_Learning:472: Evaluation Accuracy (oracle) after task 8:  76.82%
2024-03-12 15:35:42,066:INFO:Inc_Learning:483: Evaluation Accuracy after task 8:  25.62%
2024-03-12 15:35:42,066:INFO:Inc_Learning:484: Accuracy of task-id detection after task 8:  29.56%
2024-03-12 15:35:42,067:INFO:Inc_Learning:490: Accuracy (Oracle) for task 0 =  80.62%
2024-03-12 15:35:42,067:INFO:Inc_Learning:494: Accuracy of task 0 =  27.35%
2024-03-12 15:35:42,067:INFO:Inc_Learning:490: Accuracy (Oracle) for task 1 =  61.00%
2024-03-12 15:35:42,067:INFO:Inc_Learning:494: Accuracy of task 1 =  8.80%
2024-03-12 15:35:42,068:INFO:Inc_Learning:490: Accuracy (Oracle) for task 2 =  71.20%
2024-03-12 15:35:42,068:INFO:Inc_Learning:494: Accuracy of task 2 =  10.00%
2024-03-12 15:35:42,068:INFO:Inc_Learning:490: Accuracy (Oracle) for task 3 =  79.80%
2024-03-12 15:35:42,068:INFO:Inc_Learning:494: Accuracy of task 3 =  32.00%
2024-03-12 15:35:42,068:INFO:Inc_Learning:490: Accuracy (Oracle) for task 4 =  79.80%
2024-03-12 15:35:42,068:INFO:Inc_Learning:494: Accuracy of task 4 =  46.20%
2024-03-12 15:35:42,069:INFO:Inc_Learning:490: Accuracy (Oracle) for task 5 =  73.60%
2024-03-12 15:35:42,069:INFO:Inc_Learning:494: Accuracy of task 5 =  10.40%
2024-03-12 15:35:42,069:INFO:Inc_Learning:490: Accuracy (Oracle) for task 6 =  68.40%
2024-03-12 15:35:42,069:INFO:Inc_Learning:494: Accuracy of task 6 =  19.60%
2024-03-12 15:35:42,069:INFO:Inc_Learning:490: Accuracy (Oracle) for task 7 =  68.80%
2024-03-12 15:35:42,070:INFO:Inc_Learning:494: Accuracy of task 7 =  18.60%
2024-03-12 15:35:42,070:INFO:Inc_Learning:490: Accuracy (Oracle) for task 8 =  66.40%
2024-03-12 15:35:42,070:INFO:Inc_Learning:494: Accuracy of task 8 =  38.60%
2024-03-12 15:35:42,083:INFO:Inc_Learning:595: The incremental learning phase for task 8 is finished!
2024-03-12 15:35:42,083:INFO:Inc_Learning:507: Estimated remaining time: 0 seconds
2024-03-12 15:35:42,083:INFO:Inc_Learning:602: Final accuracies after each incremental task:
2024-03-12 15:35:42,084:INFO:Inc_Learning:610: Task 0: 80.42
2024-03-12 15:35:42,084:INFO:Inc_Learning:610: Task 1: 70.91
2024-03-12 15:35:42,084:INFO:Inc_Learning:610: Task 2: 65.06
2024-03-12 15:35:42,084:INFO:Inc_Learning:610: Task 3: 57.48
2024-03-12 15:35:42,084:INFO:Inc_Learning:610: Task 4: 47.04
2024-03-12 15:35:42,084:INFO:Inc_Learning:610: Task 5: 42.04
2024-03-12 15:35:42,084:INFO:Inc_Learning:610: Task 6: 37.23
2024-03-12 15:35:42,084:INFO:Inc_Learning:610: Task 7: 32.85
2024-03-12 15:35:42,084:INFO:Inc_Learning:610: Task 8: 25.62
2024-03-12 15:35:42,084:INFO:Inc_Learning:612: The incremental learning phase is finished!
2024-03-12 15:35:42,084:INFO:Inc_Learning:613: The whole process took 36 minutes and 39 seconds
