2024-03-12 15:02:05,607:INFO:Inc_Learning:291: ('\nVersion Information: \n\tPyTorch: %s\n\tTorchVision: %s', '2.0.1+cu117', '0.15.2+cu117')
2024-03-12 15:02:05,626:INFO:Inc_Learning:323: class_permutation is loaded from the permutation file "data/index_list/mini_imagenet/num_base_classes=60,num_tasks=9,num_shots=5,seed=1/class_permutation.txt".
2024-03-12 15:02:07,389:INFO:Inc_Learning:512: The network was trained for 101 epochs, 0 iterations in phase supervised_learning
2024-03-12 15:02:07,430:INFO:Inc_Learning:573: We have loaded the head parameters from the saved file.
2024-03-12 15:02:07,430:INFO:Inc_Learning:581: We start from epoch 0, iteration 0
2024-03-12 15:02:07,430:INFO:Inc_Learning:593: File "/scratch/gx83/np9254/ROBUSTA-Saves/Mini-ImageNet/Phase_2,60_classes/P1P2,start_time=Date_2024-01-21,Time_10-03-18,seed=1-Best_Model.pt" is loaded
2024-03-12 15:02:07,485:INFO:Inc_Learning:244: --------------------------------------------------------------------- The given arguments ---------------------------------------------------------------------
2024-03-12 15:02:07,485:INFO:Inc_Learning:265: experiment_description = "Phase 3,Inc. learning"
2024-03-12 15:02:07,485:INFO:Inc_Learning:265: phase = "incremental_learning"
2024-03-12 15:02:07,485:INFO:Inc_Learning:259: Device = "cuda:0"
2024-03-12 15:02:07,485:INFO:Inc_Learning:263: seed = 1
2024-03-12 15:02:07,485:INFO:Inc_Learning:263: is_incremental = True
2024-03-12 15:02:07,485:INFO:Inc_Learning:263: tqdm_enabled = True
2024-03-12 15:02:07,485:INFO:Inc_Learning:263: resume = False
2024-03-12 15:02:07,485:INFO:Inc_Learning:265: time_str = "Date_2024-03-12,Time_15-02-05"
2024-03-12 15:02:07,485:INFO:Inc_Learning:263: image_size = 224
2024-03-12 15:02:07,485:INFO:Inc_Learning:263: in_channels = 3
2024-03-12 15:02:07,485:INFO:Inc_Learning:263: batch_size_base = 200
2024-03-12 15:02:07,485:INFO:Inc_Learning:263: batch_size_test = 100
2024-03-12 15:02:07,485:INFO:Inc_Learning:263: batch_size_new = 0
2024-03-12 15:02:07,485:INFO:Inc_Learning:263: batch_size_fine_tuning = 0
2024-03-12 15:02:07,485:INFO:Inc_Learning:265: settings_file = "Experiments/sensitivity Analysis/Adam/phase=3,seed=1,lr1=1e-4,lr2=1e-3.toml"
2024-03-12 15:02:07,485:INFO:Inc_Learning:265: directory_permutation_files = "data/index_list/mini_imagenet/num_base_classes=60,num_tasks=9,num_shots=5,seed=1"
2024-03-12 15:02:07,485:INFO:Inc_Learning:255: The network was previously trained for 0 epochs.
2024-03-12 15:02:07,485:INFO:Inc_Learning:257: The network was previously trained for 0 iterations.
2024-03-12 15:02:07,485:INFO:Inc_Learning:263: dino = False
2024-03-12 15:02:07,485:INFO:Inc_Learning:265: model_type = "CCT-14/7x2"
2024-03-12 15:02:07,485:INFO:Inc_Learning:263: prediction_net_list = []
2024-03-12 15:02:07,485:INFO:Inc_Learning:270: 
configs_arch:  {
  model_type = "CCT-14/7x2"
  use_BatchNorm = True
  use_BatchNorm_for_patch_embeddings = True
  temperature_stochastic_classifier = 16.0
  temperature_cosine_classifier = 10.0
  PositionalEmbeddingType = "Learnable"
  dropout_rate_classifier_head = 0.0
  number_of_the_first_layers_to_be_frozen = 0
  classifer_head_type = "Stochastic"
}
2024-03-12 15:02:07,485:INFO:Inc_Learning:270: 
configs_dataset:  {
  dataroot = "/scratch/gx83/np9254/Datasets/FSCIL/CEC/"
  dataset_name = "mini_imagenet"
  num_workers = 10
  total_classes = 100
  num_base_classes = 60
  num_tasks = 9
  num_shots = 5
  drop_last_base = True
  num_ways = 5
}
2024-03-12 15:02:07,485:INFO:Inc_Learning:270: 
configs_logger:  {
  display_interval = 0.5
  display_freq = 50
  moving_average_capacity = 50
  log_file = "/scratch/gx83/np9254/ROBUSTA-Saves/Mini-ImageNet/Phase_3,60_classes/5-shot/Sensitivity analysis/Adam/Time=Date_2024-03-12,Time_15-02-05,Desc=Phase 3,Inc. learning,seed=1.log"
}
2024-03-12 15:02:07,485:INFO:Inc_Learning:270: 
configs_save:  {
  save_freq_epoch = 10
  save_freq_iter = 2000
  time_interval_to_save = 60
  root = "/scratch/gx83/np9254/ROBUSTA-Saves/Mini-ImageNet/Phase_3,60_classes/5-shot/Sensitivity analysis/Adam"
  input_file = "/scratch/gx83/np9254/ROBUSTA-Saves/Mini-ImageNet/Phase_2,60_classes/P1P2,start_time=Date_2024-01-21,Time_10-03-18,seed=1-Best_Model.pt"
  output_file = "P1P2P3,start_time=Date_2024-03-12,Time_15-02-05"
}
2024-03-12 15:02:07,486:INFO:Inc_Learning:270: 
configs_FSCIL:  {
  num_epochs = [4, 15, 15, 15, 15, 15, 15, 15, 15]
  update_mu = True
  fine_tune = True
  freeze_backbone = True
  use_delta_parameters_for_base_task = True
  use_prefixes_for_distance_calculations = True
  use_shared_covariance = True
  start_from_task = 0
  randomize_selected_classes = False
  tasks_or_classes_for_Mahalanobis_distance_calculations = "classes"
  enable_Mahalanobis_distance = True
  use_pseudo_labeled_samples_for_task_identification = [True, True, True, True, True, True, True, True, True]
  configs_PEFT = {
    prefix_seq_length = [16, 16, 16, 16, 16, 16, 16, 16, 16]
    number_of_layers_for_prefixes = [-1, -1, -1, -1, -1, -1, -1, -1, -1]
    fusion_mode = "last"
    prefix_or_prompt = "prefix"
  }  
  optimizer = {
    optimizer_name = "Adam"
    lr_head = [0.0001, 0.0001, 0.0001, 0.0001, 0.0001, 0.0001, 0.0001, 0.0001, 0.0001]
    lr_prefixes_or_prompts = [0.0001, 0.0001, 0.0001, 0.0001, 0.0001, 0.0001, 0.0001, 0.0001, 0.0001]
    lr = [0.0001, 0.0001, 0.0001, 0.0001, 0.0001, 0.0001, 0.0001, 0.0001, 0.0001]
    lr_backbone = [0.0001, 0.0001, 0.0001, 0.0001, 0.0001, 0.0001, 0.0001, 0.0001, 0.0001]
    momentum = 0.9
    momentum2 = 0.999
    dampening = 0
    nesterov = True
    weight_decay = [0.0, 0.0, 0.0, 0.0, 0.0, 0.0, 0.0, 0.0, 0.0]
  }  
  scheduler = {
    name = "ReduceLROnPlateau"
    mode = "min"
    factor = 0.25
    patience = 5
    cooldown = 0
    min_lr = 0
    verbose = True
    moving_average_capacity = 10
  }  
  evaluation = {
    ignore_logits_for_other_tasks = True
    stochastic = True
  }  
  PredictionNet = {
    enabled = True
    num_epochs = [300, 300, 300, 300, 300, 300, 300, 300, 300]
    separate_PredictionNet_for_each_task = True
    use_PredictionNet_for_this_task = [True, True, True, True, True, True, True, True, True]
    use_pseudo_labeled_test_samples = [False, True, True, True, True, True, True, True, True]
    batch_size_for_Pseudo_labelling = 100
    batch_size_for_PredictionNet = 100
    n_layers = 2
    size_hidden_layer = 384
    use_real_residual_connections = False
    dropout_rate = 0.0
    bias = True
    num_outliers = [5, 1, 1, 1, 1, 1, 1, 1, 1]
    display_freq = 10
    remember_from_previous_task = True
    use_the_best_model = False
    loss = "MSE"
    optimizer = {
      optimizer_name = "Adam"
      lr = [0.001, 0.001, 0.001, 0.001, 0.001, 0.001, 0.001, 0.001, 0.001]
      momentum = 0.9
      momentum2 = 0.999
      nesterov = True
      weight_decay = [0.0, 0.0, 0.0, 0.0, 0.0, 0.0, 0.0, 0.0, 0.0]
    }    
    scheduler = {
      name = "ReduceLROnPlateau"
      mode = "min"
      factor = 0.25
      patience = 10000
      cooldown = 0
      min_lr = 0
      verbose = True
      moving_average_capacity = 20
    }    
  }  
}
2024-03-12 15:02:07,486:INFO:Inc_Learning:272: --------------------------------------------------------------------------------
2024-03-12 15:02:07,661:INFO:Inc_Learning:143: The session file "data/index_list/mini_imagenet/num_base_classes=60,num_tasks=9,num_shots=5,seed=1/train_samples_for_task=1.txt" is loaded!
2024-03-12 15:02:07,688:INFO:Inc_Learning:143: The session file "data/index_list/mini_imagenet/num_base_classes=60,num_tasks=9,num_shots=5,seed=1/test_samples_for_task=1.txt" is loaded!
2024-03-12 15:02:07,739:INFO:Inc_Learning:584: The incremental learning phase for task 0 is started ...
2024-03-12 15:02:07,739:INFO:Inc_Learning:269: Prefixes are randomly initialized for task 0.
2024-03-12 15:02:07,860:INFO:Inc_Learning:143: The session file "data/index_list/mini_imagenet/num_base_classes=60,num_tasks=9,num_shots=5,seed=1/train_samples_for_task=1.txt" is loaded!
2024-03-12 15:02:07,884:INFO:Inc_Learning:143: The session file "data/index_list/mini_imagenet/num_base_classes=60,num_tasks=9,num_shots=5,seed=1/test_samples_for_task=1.txt" is loaded!
2024-03-12 15:02:57,809:INFO:Inc_Learning:174: Epoch: 1/4
2024-03-12 15:04:26,203:INFO:Inc_Learning:215: Epoch 1/4 Train Accuracy:  86.53%
2024-03-12 15:04:26,204:INFO:Inc_Learning:216: Epoch 1/4 Average Loss: 0.4972235769033432 / MA Loss: 0.4967931866645813
2024-03-12 15:04:26,204:INFO:Inc_Learning:174: Epoch: 2/4
2024-03-12 15:05:54,416:INFO:Inc_Learning:215: Epoch 2/4 Train Accuracy:  86.71%
2024-03-12 15:05:54,417:INFO:Inc_Learning:216: Epoch 2/4 Average Loss: 0.49716650784015654 / MA Loss: 0.5362488120794296
2024-03-12 15:05:54,418:INFO:Inc_Learning:174: Epoch: 3/4
2024-03-12 15:07:22,562:INFO:Inc_Learning:215: Epoch 3/4 Train Accuracy:  86.69%
2024-03-12 15:07:22,563:INFO:Inc_Learning:216: Epoch 3/4 Average Loss: 0.4898968821763992 / MA Loss: 0.49728746712207794
2024-03-12 15:07:22,564:INFO:Inc_Learning:174: Epoch: 4/4
2024-03-12 15:08:50,586:INFO:Inc_Learning:215: Epoch 4/4 Train Accuracy:  86.59%
2024-03-12 15:08:50,587:INFO:Inc_Learning:216: Epoch 4/4 Average Loss: 0.49470372140407565 / MA Loss: 0.5209835231304168
2024-03-12 15:08:50,641:INFO:Inc_Learning:504: Statistics for task identification ...
2024-03-12 15:09:39,076:INFO:Inc_Learning:223: The pseudo-labeling phase is started ...
2024-03-12 15:10:35,704:INFO:Inc_Learning:297: The training of the PredictionNet is started.
2024-03-12 15:11:26,125:INFO:Inc_Learning:390: Epoch: 000/300, MA loss: 0.3911121388276418
2024-03-12 15:11:26,193:INFO:Inc_Learning:390: Epoch: 010/300, MA loss: 0.18518709540367126
2024-03-12 15:11:26,260:INFO:Inc_Learning:390: Epoch: 020/300, MA loss: 0.08828349709510804
2024-03-12 15:11:26,328:INFO:Inc_Learning:390: Epoch: 030/300, MA loss: 0.04293119832873345
2024-03-12 15:11:26,395:INFO:Inc_Learning:390: Epoch: 040/300, MA loss: 0.022139840107411147
2024-03-12 15:11:26,462:INFO:Inc_Learning:390: Epoch: 050/300, MA loss: 0.01213413723744452
2024-03-12 15:11:26,530:INFO:Inc_Learning:390: Epoch: 060/300, MA loss: 0.007315506529994309
2024-03-12 15:11:26,598:INFO:Inc_Learning:390: Epoch: 070/300, MA loss: 0.004748622223269194
2024-03-12 15:11:26,664:INFO:Inc_Learning:390: Epoch: 080/300, MA loss: 0.003198121744208038
2024-03-12 15:11:26,732:INFO:Inc_Learning:390: Epoch: 090/300, MA loss: 0.0023571433732286094
2024-03-12 15:11:26,799:INFO:Inc_Learning:390: Epoch: 100/300, MA loss: 0.0016888136859051883
2024-03-12 15:11:26,867:INFO:Inc_Learning:390: Epoch: 110/300, MA loss: 0.0012617293075891211
2024-03-12 15:11:26,935:INFO:Inc_Learning:390: Epoch: 120/300, MA loss: 0.0009808746166527272
2024-03-12 15:11:27,002:INFO:Inc_Learning:390: Epoch: 130/300, MA loss: 0.0007616962859174237
2024-03-12 15:11:27,069:INFO:Inc_Learning:390: Epoch: 140/300, MA loss: 0.0005926400102907792
2024-03-12 15:11:27,135:INFO:Inc_Learning:390: Epoch: 150/300, MA loss: 0.0004714536888059229
2024-03-12 15:11:27,202:INFO:Inc_Learning:390: Epoch: 160/300, MA loss: 0.00036290628486312926
2024-03-12 15:11:27,269:INFO:Inc_Learning:390: Epoch: 170/300, MA loss: 0.0003151465884002391
2024-03-12 15:11:27,337:INFO:Inc_Learning:390: Epoch: 180/300, MA loss: 0.0002521081958548166
2024-03-12 15:11:27,405:INFO:Inc_Learning:390: Epoch: 190/300, MA loss: 0.00020946990043739787
2024-03-12 15:11:27,472:INFO:Inc_Learning:390: Epoch: 200/300, MA loss: 0.00019450567488092928
2024-03-12 15:11:27,539:INFO:Inc_Learning:390: Epoch: 210/300, MA loss: 0.00039758542989147826
2024-03-12 15:11:27,607:INFO:Inc_Learning:390: Epoch: 220/300, MA loss: 0.0005575554168899544
2024-03-12 15:11:27,674:INFO:Inc_Learning:390: Epoch: 230/300, MA loss: 0.00042100204445887356
2024-03-12 15:11:27,742:INFO:Inc_Learning:390: Epoch: 240/300, MA loss: 0.00033362580434186383
2024-03-12 15:11:27,810:INFO:Inc_Learning:390: Epoch: 250/300, MA loss: 0.0003508000081637874
2024-03-12 15:11:27,878:INFO:Inc_Learning:390: Epoch: 260/300, MA loss: 0.00016868787424755282
2024-03-12 15:11:27,945:INFO:Inc_Learning:390: Epoch: 270/300, MA loss: 9.457650303374976e-05
2024-03-12 15:11:28,011:INFO:Inc_Learning:390: Epoch: 280/300, MA loss: 0.00010649415708030574
2024-03-12 15:11:28,078:INFO:Inc_Learning:390: Epoch: 290/300, MA loss: 0.00031093884535948746
2024-03-12 15:11:28,137:INFO:Inc_Learning:390: Epoch: 299/300, MA loss: 0.0006935209734365344
2024-03-12 15:11:28,138:INFO:Inc_Learning:504: Statistics for task identification ...
2024-03-12 15:12:34,314:INFO:Inc_Learning:420: Evaluating the test set after task 0 ...
2024-03-12 15:12:45,704:INFO:Inc_Learning:472: Evaluation Accuracy (oracle) after task 0:  80.03%
2024-03-12 15:12:45,705:INFO:Inc_Learning:490: Accuracy (Oracle) for task 0 =  80.03%
2024-03-12 15:12:45,720:INFO:Inc_Learning:595: The incremental learning phase for task 0 is finished!
2024-03-12 15:12:45,720:INFO:Inc_Learning:507: Estimated remaining time: 42 minutes and 31 seconds
2024-03-12 15:12:45,720:INFO:Inc_Learning:584: The incremental learning phase for task 1 is started ...
2024-03-12 15:12:45,720:INFO:Inc_Learning:272: Prefixes are copied from task 0.
2024-03-12 15:12:45,721:INFO:Inc_Learning:222: The PredictionNet is copied from the previous task.
2024-03-12 15:12:45,810:INFO:Inc_Learning:143: The session file "data/index_list/mini_imagenet/num_base_classes=60,num_tasks=9,num_shots=5,seed=1/train_samples_for_task=2.txt" is loaded!
2024-03-12 15:12:45,834:INFO:Inc_Learning:143: The session file "data/index_list/mini_imagenet/num_base_classes=60,num_tasks=9,num_shots=5,seed=1/test_samples_for_task=2.txt" is loaded!
2024-03-12 15:12:46,783:INFO:Inc_Learning:174: Epoch: 1/15
2024-03-12 15:12:47,687:INFO:Inc_Learning:215: Epoch 1/15 Train Accuracy:  96.00%
2024-03-12 15:12:47,687:INFO:Inc_Learning:216: Epoch 1/15 Average Loss: 0.1461815983057022 / MA Loss: 0.1461815983057022
2024-03-12 15:12:47,687:INFO:Inc_Learning:174: Epoch: 2/15
2024-03-12 15:12:48,558:INFO:Inc_Learning:215: Epoch 2/15 Train Accuracy:  96.00%
2024-03-12 15:12:48,558:INFO:Inc_Learning:216: Epoch 2/15 Average Loss: 0.20594289898872375 / MA Loss: 0.17606224864721298
2024-03-12 15:12:48,559:INFO:Inc_Learning:174: Epoch: 3/15
2024-03-12 15:12:49,494:INFO:Inc_Learning:215: Epoch 3/15 Train Accuracy:  80.00%
2024-03-12 15:12:49,495:INFO:Inc_Learning:216: Epoch 3/15 Average Loss: 0.33378279209136963 / MA Loss: 0.22863576312859854
2024-03-12 15:12:49,495:INFO:Inc_Learning:174: Epoch: 4/15
2024-03-12 15:12:50,443:INFO:Inc_Learning:215: Epoch 4/15 Train Accuracy:  96.00%
2024-03-12 15:12:50,443:INFO:Inc_Learning:216: Epoch 4/15 Average Loss: 0.226568341255188 / MA Loss: 0.2281189076602459
2024-03-12 15:12:50,443:INFO:Inc_Learning:174: Epoch: 5/15
2024-03-12 15:12:51,458:INFO:Inc_Learning:215: Epoch 5/15 Train Accuracy:  92.00%
2024-03-12 15:12:51,458:INFO:Inc_Learning:216: Epoch 5/15 Average Loss: 0.2336774617433548 / MA Loss: 0.22923061847686768
2024-03-12 15:12:51,459:INFO:Inc_Learning:174: Epoch: 6/15
2024-03-12 15:12:52,512:INFO:Inc_Learning:215: Epoch 6/15 Train Accuracy:  100.00%
2024-03-12 15:12:52,513:INFO:Inc_Learning:216: Epoch 6/15 Average Loss: 0.1747165471315384 / MA Loss: 0.2201449399193128
2024-03-12 15:12:52,513:INFO:Inc_Learning:174: Epoch: 7/15
2024-03-12 15:12:53,514:INFO:Inc_Learning:215: Epoch 7/15 Train Accuracy:  100.00%
2024-03-12 15:12:53,514:INFO:Inc_Learning:216: Epoch 7/15 Average Loss: 0.22185972332954407 / MA Loss: 0.22038990897791727
2024-03-12 15:12:53,514:INFO:Inc_Learning:174: Epoch: 8/15
2024-03-12 15:12:54,513:INFO:Inc_Learning:215: Epoch 8/15 Train Accuracy:  92.00%
2024-03-12 15:12:54,513:INFO:Inc_Learning:216: Epoch 8/15 Average Loss: 0.2938413918018341 / MA Loss: 0.22957134433090687
2024-03-12 15:12:54,513:INFO:Inc_Learning:174: Epoch: 9/15
2024-03-12 15:12:55,294:INFO:Inc_Learning:215: Epoch 9/15 Train Accuracy:  92.00%
2024-03-12 15:12:55,294:INFO:Inc_Learning:216: Epoch 9/15 Average Loss: 0.3345811069011688 / MA Loss: 0.24123909572760263
2024-03-12 15:12:55,295:INFO:Inc_Learning:174: Epoch: 10/15
2024-03-12 15:12:56,210:INFO:Inc_Learning:215: Epoch 10/15 Train Accuracy:  88.00%
2024-03-12 15:12:56,211:INFO:Inc_Learning:216: Epoch 10/15 Average Loss: 0.2661406695842743 / MA Loss: 0.24372925311326982
2024-03-12 15:12:56,211:INFO:Inc_Learning:174: Epoch: 11/15
2024-03-12 15:12:57,183:INFO:Inc_Learning:215: Epoch 11/15 Train Accuracy:  96.00%
2024-03-12 15:12:57,183:INFO:Inc_Learning:216: Epoch 11/15 Average Loss: 0.2520679831504822 / MA Loss: 0.2543178915977478
2024-03-12 15:12:57,184:INFO:Inc_Learning:174: Epoch: 12/15
2024-03-12 15:12:58,168:INFO:Inc_Learning:215: Epoch 12/15 Train Accuracy:  92.00%
2024-03-12 15:12:58,168:INFO:Inc_Learning:216: Epoch 12/15 Average Loss: 0.2805383503437042 / MA Loss: 0.2617774367332458
2024-03-12 15:12:58,169:INFO:Inc_Learning:174: Epoch: 13/15
2024-03-12 15:12:59,395:INFO:Inc_Learning:215: Epoch 13/15 Train Accuracy:  96.00%
2024-03-12 15:12:59,395:INFO:Inc_Learning:216: Epoch 13/15 Average Loss: 0.12946933507919312 / MA Loss: 0.2413460910320282
2024-03-12 15:12:59,395:INFO:Inc_Learning:174: Epoch: 14/15
2024-03-12 15:13:00,540:INFO:Inc_Learning:215: Epoch 14/15 Train Accuracy:  100.00%
2024-03-12 15:13:00,540:INFO:Inc_Learning:216: Epoch 14/15 Average Loss: 0.13390304148197174 / MA Loss: 0.23207956105470656
2024-03-12 15:13:00,541:INFO:Inc_Learning:174: Epoch: 15/15
2024-03-12 15:13:01,577:INFO:Inc_Learning:215: Epoch 15/15 Train Accuracy:  84.00%
2024-03-12 15:13:01,577:INFO:Inc_Learning:216: Epoch 15/15 Average Loss: 0.30944404006004333 / MA Loss: 0.23965621888637542
2024-03-12 15:13:01,614:INFO:Inc_Learning:504: Statistics for task identification ...
2024-03-12 15:13:02,740:INFO:Inc_Learning:223: The pseudo-labeling phase is started ...
2024-03-12 15:13:32,647:INFO:Inc_Learning:297: The training of the PredictionNet is started.
2024-03-12 15:13:32,716:INFO:Inc_Learning:390: Epoch: 000/300, MA loss: 0.2359965443611145
2024-03-12 15:13:32,728:INFO:Inc_Learning:390: Epoch: 010/300, MA loss: 0.05940933771092783
2024-03-12 15:13:32,740:INFO:Inc_Learning:390: Epoch: 020/300, MA loss: 0.023860743269324303
2024-03-12 15:13:32,752:INFO:Inc_Learning:390: Epoch: 030/300, MA loss: 0.004003269202075899
2024-03-12 15:13:32,764:INFO:Inc_Learning:390: Epoch: 040/300, MA loss: 0.0013654725655214861
2024-03-12 15:13:32,775:INFO:Inc_Learning:390: Epoch: 050/300, MA loss: 0.0004733230081910733
2024-03-12 15:13:32,787:INFO:Inc_Learning:390: Epoch: 060/300, MA loss: 0.00017051508621079847
2024-03-12 15:13:32,799:INFO:Inc_Learning:390: Epoch: 070/300, MA loss: 6.115625565144001e-05
2024-03-12 15:13:32,811:INFO:Inc_Learning:390: Epoch: 080/300, MA loss: 2.2201670981303322e-05
2024-03-12 15:13:32,823:INFO:Inc_Learning:390: Epoch: 090/300, MA loss: 8.003250286492403e-06
2024-03-12 15:13:32,834:INFO:Inc_Learning:390: Epoch: 100/300, MA loss: 2.8846162962281595e-06
2024-03-12 15:13:32,846:INFO:Inc_Learning:390: Epoch: 110/300, MA loss: 1.0272934815702684e-06
2024-03-12 15:13:32,858:INFO:Inc_Learning:390: Epoch: 120/300, MA loss: 3.674796197117303e-07
2024-03-12 15:13:32,870:INFO:Inc_Learning:390: Epoch: 130/300, MA loss: 1.3119895729829524e-07
2024-03-12 15:13:32,881:INFO:Inc_Learning:390: Epoch: 140/300, MA loss: 4.631230452467605e-08
2024-03-12 15:13:32,893:INFO:Inc_Learning:390: Epoch: 150/300, MA loss: 1.6615361175809086e-08
2024-03-12 15:13:32,905:INFO:Inc_Learning:390: Epoch: 160/300, MA loss: 5.894755850111011e-09
2024-03-12 15:13:32,917:INFO:Inc_Learning:390: Epoch: 170/300, MA loss: 2.09328797629027e-09
2024-03-12 15:13:32,928:INFO:Inc_Learning:390: Epoch: 180/300, MA loss: 7.37444406928578e-10
2024-03-12 15:13:32,940:INFO:Inc_Learning:390: Epoch: 190/300, MA loss: 2.6141831269144154e-10
2024-03-12 15:13:32,952:INFO:Inc_Learning:390: Epoch: 200/300, MA loss: 9.337139065396239e-11
2024-03-12 15:13:32,963:INFO:Inc_Learning:390: Epoch: 210/300, MA loss: 3.278209843339541e-11
2024-03-12 15:13:32,975:INFO:Inc_Learning:390: Epoch: 220/300, MA loss: 1.164463985306452e-11
2024-03-12 15:13:32,987:INFO:Inc_Learning:390: Epoch: 230/300, MA loss: 4.091988374662833e-12
2024-03-12 15:13:32,999:INFO:Inc_Learning:390: Epoch: 240/300, MA loss: 1.4503466380351784e-12
2024-03-12 15:13:33,010:INFO:Inc_Learning:390: Epoch: 250/300, MA loss: 5.16235158462032e-13
2024-03-12 15:13:33,022:INFO:Inc_Learning:390: Epoch: 260/300, MA loss: 1.7761770261640097e-13
2024-03-12 15:13:33,034:INFO:Inc_Learning:390: Epoch: 270/300, MA loss: 6.274162767222459e-14
2024-03-12 15:13:33,046:INFO:Inc_Learning:390: Epoch: 280/300, MA loss: 2.2114024394087388e-14
2024-03-12 15:13:33,057:INFO:Inc_Learning:390: Epoch: 290/300, MA loss: 8.095580571452929e-15
2024-03-12 15:13:33,068:INFO:Inc_Learning:390: Epoch: 299/300, MA loss: 3.61659428317424e-15
2024-03-12 15:13:33,068:INFO:Inc_Learning:504: Statistics for task identification ...
2024-03-12 15:13:33,174:INFO:Inc_Learning:420: Evaluating the test set after task 1 ...
2024-03-12 15:14:12,085:INFO:Inc_Learning:472: Evaluation Accuracy (oracle) after task 1:  78.45%
2024-03-12 15:14:12,086:INFO:Inc_Learning:483: Evaluation Accuracy after task 1:  74.08%
2024-03-12 15:14:12,086:INFO:Inc_Learning:484: Accuracy of task-id detection after task 1:  92.58%
2024-03-12 15:14:12,086:INFO:Inc_Learning:490: Accuracy (Oracle) for task 0 =  80.05%
2024-03-12 15:14:12,087:INFO:Inc_Learning:494: Accuracy of task 0 =  79.92%
2024-03-12 15:14:12,087:INFO:Inc_Learning:490: Accuracy (Oracle) for task 1 =  59.20%
2024-03-12 15:14:12,087:INFO:Inc_Learning:494: Accuracy of task 1 =  4.00%
2024-03-12 15:14:12,101:INFO:Inc_Learning:595: The incremental learning phase for task 1 is finished!
2024-03-12 15:14:12,101:INFO:Inc_Learning:507: Estimated remaining time: 28 minutes and 10 seconds
2024-03-12 15:14:12,101:INFO:Inc_Learning:584: The incremental learning phase for task 2 is started ...
2024-03-12 15:14:12,101:INFO:Inc_Learning:272: Prefixes are copied from task 1.
2024-03-12 15:14:12,102:INFO:Inc_Learning:222: The PredictionNet is copied from the previous task.
2024-03-12 15:14:12,201:INFO:Inc_Learning:143: The session file "data/index_list/mini_imagenet/num_base_classes=60,num_tasks=9,num_shots=5,seed=1/train_samples_for_task=3.txt" is loaded!
2024-03-12 15:14:12,229:INFO:Inc_Learning:143: The session file "data/index_list/mini_imagenet/num_base_classes=60,num_tasks=9,num_shots=5,seed=1/test_samples_for_task=3.txt" is loaded!
2024-03-12 15:14:13,219:INFO:Inc_Learning:174: Epoch: 1/15
2024-03-12 15:14:14,108:INFO:Inc_Learning:215: Epoch 1/15 Train Accuracy:  92.00%
2024-03-12 15:14:14,109:INFO:Inc_Learning:216: Epoch 1/15 Average Loss: 0.15514211356639862 / MA Loss: 0.15514211356639862
2024-03-12 15:14:14,109:INFO:Inc_Learning:174: Epoch: 2/15
2024-03-12 15:14:15,136:INFO:Inc_Learning:215: Epoch 2/15 Train Accuracy:  92.00%
2024-03-12 15:14:15,136:INFO:Inc_Learning:216: Epoch 2/15 Average Loss: 0.1654953509569168 / MA Loss: 0.16031873226165771
2024-03-12 15:14:15,137:INFO:Inc_Learning:174: Epoch: 3/15
2024-03-12 15:14:16,103:INFO:Inc_Learning:215: Epoch 3/15 Train Accuracy:  96.00%
2024-03-12 15:14:16,103:INFO:Inc_Learning:216: Epoch 3/15 Average Loss: 0.16708678007125854 / MA Loss: 0.16257474819819132
2024-03-12 15:14:16,103:INFO:Inc_Learning:174: Epoch: 4/15
2024-03-12 15:14:17,076:INFO:Inc_Learning:215: Epoch 4/15 Train Accuracy:  96.00%
2024-03-12 15:14:17,077:INFO:Inc_Learning:216: Epoch 4/15 Average Loss: 0.14856523275375366 / MA Loss: 0.1590723693370819
2024-03-12 15:14:17,077:INFO:Inc_Learning:174: Epoch: 5/15
2024-03-12 15:14:18,028:INFO:Inc_Learning:215: Epoch 5/15 Train Accuracy:  92.00%
2024-03-12 15:14:18,028:INFO:Inc_Learning:216: Epoch 5/15 Average Loss: 0.2771272659301758 / MA Loss: 0.18268334865570068
2024-03-12 15:14:18,028:INFO:Inc_Learning:174: Epoch: 6/15
2024-03-12 15:14:18,969:INFO:Inc_Learning:215: Epoch 6/15 Train Accuracy:  96.00%
2024-03-12 15:14:18,969:INFO:Inc_Learning:216: Epoch 6/15 Average Loss: 0.17674121260643005 / MA Loss: 0.18169299264748892
2024-03-12 15:14:18,970:INFO:Inc_Learning:174: Epoch: 7/15
2024-03-12 15:14:19,936:INFO:Inc_Learning:215: Epoch 7/15 Train Accuracy:  100.00%
2024-03-12 15:14:19,936:INFO:Inc_Learning:216: Epoch 7/15 Average Loss: 0.10366255044937134 / MA Loss: 0.1705457866191864
2024-03-12 15:14:19,936:INFO:Inc_Learning:174: Epoch: 8/15
2024-03-12 15:14:20,952:INFO:Inc_Learning:215: Epoch 8/15 Train Accuracy:  96.00%
2024-03-12 15:14:20,952:INFO:Inc_Learning:216: Epoch 8/15 Average Loss: 0.09811574220657349 / MA Loss: 0.1614920310676098
2024-03-12 15:14:20,952:INFO:Inc_Learning:174: Epoch: 9/15
2024-03-12 15:14:21,928:INFO:Inc_Learning:215: Epoch 9/15 Train Accuracy:  92.00%
2024-03-12 15:14:21,928:INFO:Inc_Learning:216: Epoch 9/15 Average Loss: 0.23587343096733093 / MA Loss: 0.16975663105646768
2024-03-12 15:14:21,928:INFO:Inc_Learning:174: Epoch: 10/15
2024-03-12 15:14:22,907:INFO:Inc_Learning:215: Epoch 10/15 Train Accuracy:  92.00%
2024-03-12 15:14:22,908:INFO:Inc_Learning:216: Epoch 10/15 Average Loss: 0.26384487748146057 / MA Loss: 0.17916545569896697
2024-03-12 15:14:22,908:INFO:Inc_Learning:174: Epoch: 11/15
2024-03-12 15:14:23,986:INFO:Inc_Learning:215: Epoch 11/15 Train Accuracy:  92.00%
2024-03-12 15:14:23,987:INFO:Inc_Learning:216: Epoch 11/15 Average Loss: 0.2029426544904709 / MA Loss: 0.1839455097913742
2024-03-12 15:14:23,987:INFO:Inc_Learning:174: Epoch: 12/15
2024-03-12 15:14:24,962:INFO:Inc_Learning:215: Epoch 12/15 Train Accuracy:  96.00%
2024-03-12 15:14:24,962:INFO:Inc_Learning:216: Epoch 12/15 Average Loss: 0.14949922263622284 / MA Loss: 0.1823458969593048
2024-03-12 15:14:24,963:INFO:Inc_Learning:174: Epoch: 13/15
2024-03-12 15:14:26,051:INFO:Inc_Learning:215: Epoch 13/15 Train Accuracy:  92.00%
2024-03-12 15:14:26,051:INFO:Inc_Learning:216: Epoch 13/15 Average Loss: 0.36039143800735474 / MA Loss: 0.20167636275291442
2024-03-12 15:14:26,051:INFO:Inc_Learning:174: Epoch: 14/15
2024-03-12 15:14:27,074:INFO:Inc_Learning:215: Epoch 14/15 Train Accuracy:  92.00%
2024-03-12 15:14:27,074:INFO:Inc_Learning:216: Epoch 14/15 Average Loss: 0.2195962369441986 / MA Loss: 0.20877946317195892
2024-03-12 15:14:27,074:INFO:Inc_Learning:174: Epoch: 15/15
2024-03-12 15:14:28,062:INFO:Inc_Learning:215: Epoch 15/15 Train Accuracy:  88.00%
2024-03-12 15:14:28,063:INFO:Inc_Learning:216: Epoch 15/15 Average Loss: 0.2607755959033966 / MA Loss: 0.207144296169281
2024-03-12 15:14:28,103:INFO:Inc_Learning:504: Statistics for task identification ...
2024-03-12 15:14:29,158:INFO:Inc_Learning:223: The pseudo-labeling phase is started ...
2024-03-12 15:15:10,985:INFO:Inc_Learning:297: The training of the PredictionNet is started.
2024-03-12 15:15:11,079:INFO:Inc_Learning:390: Epoch: 000/300, MA loss: 0.20726534724235535
2024-03-12 15:15:11,091:INFO:Inc_Learning:390: Epoch: 010/300, MA loss: 0.0524713137102398
2024-03-12 15:15:11,102:INFO:Inc_Learning:390: Epoch: 020/300, MA loss: 0.02113090776838362
2024-03-12 15:15:11,114:INFO:Inc_Learning:390: Epoch: 030/300, MA loss: 0.0035216957505326716
2024-03-12 15:15:11,126:INFO:Inc_Learning:390: Epoch: 040/300, MA loss: 0.0011795414189691654
2024-03-12 15:15:11,138:INFO:Inc_Learning:390: Epoch: 050/300, MA loss: 0.0004001924477051944
2024-03-12 15:15:11,149:INFO:Inc_Learning:390: Epoch: 060/300, MA loss: 0.0001451452668334241
2024-03-12 15:15:11,161:INFO:Inc_Learning:390: Epoch: 070/300, MA loss: 5.162787938388647e-05
2024-03-12 15:15:11,173:INFO:Inc_Learning:390: Epoch: 080/300, MA loss: 1.8835286118701335e-05
2024-03-12 15:15:11,184:INFO:Inc_Learning:390: Epoch: 090/300, MA loss: 6.740596415966138e-06
2024-03-12 15:15:11,196:INFO:Inc_Learning:390: Epoch: 100/300, MA loss: 2.4249080809113367e-06
2024-03-12 15:15:11,208:INFO:Inc_Learning:390: Epoch: 110/300, MA loss: 8.725031179324106e-07
2024-03-12 15:15:11,220:INFO:Inc_Learning:390: Epoch: 120/300, MA loss: 3.115772631900882e-07
2024-03-12 15:15:11,231:INFO:Inc_Learning:390: Epoch: 130/300, MA loss: 1.1082349473667819e-07
2024-03-12 15:15:11,243:INFO:Inc_Learning:390: Epoch: 140/300, MA loss: 3.929007346137325e-08
2024-03-12 15:15:11,255:INFO:Inc_Learning:390: Epoch: 150/300, MA loss: 1.3999508241546721e-08
2024-03-12 15:15:11,266:INFO:Inc_Learning:390: Epoch: 160/300, MA loss: 4.967150935009102e-09
2024-03-12 15:15:11,278:INFO:Inc_Learning:390: Epoch: 170/300, MA loss: 1.7601049256965596e-09
2024-03-12 15:15:11,290:INFO:Inc_Learning:390: Epoch: 180/300, MA loss: 6.224770282559078e-10
2024-03-12 15:15:11,302:INFO:Inc_Learning:390: Epoch: 190/300, MA loss: 2.2440885781571662e-10
2024-03-12 15:15:11,313:INFO:Inc_Learning:390: Epoch: 200/300, MA loss: 7.820340642422652e-11
2024-03-12 15:15:11,325:INFO:Inc_Learning:390: Epoch: 210/300, MA loss: 2.7691109084557185e-11
2024-03-12 15:15:11,337:INFO:Inc_Learning:390: Epoch: 220/300, MA loss: 9.867413711204393e-12
2024-03-12 15:15:11,349:INFO:Inc_Learning:390: Epoch: 230/300, MA loss: 3.45769972441394e-12
2024-03-12 15:15:11,360:INFO:Inc_Learning:390: Epoch: 240/300, MA loss: 1.233450765570493e-12
2024-03-12 15:15:11,372:INFO:Inc_Learning:390: Epoch: 250/300, MA loss: 4.331100263859928e-13
2024-03-12 15:15:11,384:INFO:Inc_Learning:390: Epoch: 260/300, MA loss: 1.5369871496270218e-13
2024-03-12 15:15:11,396:INFO:Inc_Learning:390: Epoch: 270/300, MA loss: 5.375625608915863e-14
2024-03-12 15:15:11,407:INFO:Inc_Learning:390: Epoch: 280/300, MA loss: 1.867570113838504e-14
2024-03-12 15:15:11,419:INFO:Inc_Learning:390: Epoch: 290/300, MA loss: 6.853544746559517e-15
2024-03-12 15:15:11,430:INFO:Inc_Learning:390: Epoch: 299/300, MA loss: 3.0901250999758148e-15
2024-03-12 15:15:11,430:INFO:Inc_Learning:504: Statistics for task identification ...
2024-03-12 15:15:11,562:INFO:Inc_Learning:420: Evaluating the test set after task 2 ...
2024-03-12 15:16:03,487:INFO:Inc_Learning:472: Evaluation Accuracy (oracle) after task 2:  78.17%
2024-03-12 15:16:03,488:INFO:Inc_Learning:483: Evaluation Accuracy after task 2:  69.34%
2024-03-12 15:16:03,488:INFO:Inc_Learning:484: Accuracy of task-id detection after task 2:  86.56%
2024-03-12 15:16:03,489:INFO:Inc_Learning:490: Accuracy (Oracle) for task 0 =  80.07%
2024-03-12 15:16:03,489:INFO:Inc_Learning:494: Accuracy of task 0 =  79.73%
2024-03-12 15:16:03,489:INFO:Inc_Learning:490: Accuracy (Oracle) for task 1 =  58.80%
2024-03-12 15:16:03,489:INFO:Inc_Learning:494: Accuracy of task 1 =  4.00%
2024-03-12 15:16:03,490:INFO:Inc_Learning:490: Accuracy (Oracle) for task 2 =  74.80%
2024-03-12 15:16:03,490:INFO:Inc_Learning:494: Accuracy of task 2 =  10.00%
2024-03-12 15:16:03,502:INFO:Inc_Learning:595: The incremental learning phase for task 2 is finished!
2024-03-12 15:16:03,502:INFO:Inc_Learning:507: Estimated remaining time: 20 minutes and 53 seconds
2024-03-12 15:16:03,503:INFO:Inc_Learning:584: The incremental learning phase for task 3 is started ...
2024-03-12 15:16:03,503:INFO:Inc_Learning:272: Prefixes are copied from task 2.
2024-03-12 15:16:03,503:INFO:Inc_Learning:222: The PredictionNet is copied from the previous task.
2024-03-12 15:16:03,592:INFO:Inc_Learning:143: The session file "data/index_list/mini_imagenet/num_base_classes=60,num_tasks=9,num_shots=5,seed=1/train_samples_for_task=4.txt" is loaded!
2024-03-12 15:16:03,617:INFO:Inc_Learning:143: The session file "data/index_list/mini_imagenet/num_base_classes=60,num_tasks=9,num_shots=5,seed=1/test_samples_for_task=4.txt" is loaded!
2024-03-12 15:16:04,483:INFO:Inc_Learning:174: Epoch: 1/15
2024-03-12 15:16:05,396:INFO:Inc_Learning:215: Epoch 1/15 Train Accuracy:  96.00%
2024-03-12 15:16:05,396:INFO:Inc_Learning:216: Epoch 1/15 Average Loss: 0.14242199063301086 / MA Loss: 0.14242199063301086
2024-03-12 15:16:05,397:INFO:Inc_Learning:174: Epoch: 2/15
2024-03-12 15:16:06,366:INFO:Inc_Learning:215: Epoch 2/15 Train Accuracy:  96.00%
2024-03-12 15:16:06,366:INFO:Inc_Learning:216: Epoch 2/15 Average Loss: 0.1147606149315834 / MA Loss: 0.12859130278229713
2024-03-12 15:16:06,367:INFO:Inc_Learning:174: Epoch: 3/15
2024-03-12 15:16:07,312:INFO:Inc_Learning:215: Epoch 3/15 Train Accuracy:  96.00%
2024-03-12 15:16:07,312:INFO:Inc_Learning:216: Epoch 3/15 Average Loss: 0.10493318736553192 / MA Loss: 0.12070526431004207
2024-03-12 15:16:07,312:INFO:Inc_Learning:174: Epoch: 4/15
2024-03-12 15:16:08,253:INFO:Inc_Learning:215: Epoch 4/15 Train Accuracy:  100.00%
2024-03-12 15:16:08,253:INFO:Inc_Learning:216: Epoch 4/15 Average Loss: 0.06576599925756454 / MA Loss: 0.10697044804692268
2024-03-12 15:16:08,254:INFO:Inc_Learning:174: Epoch: 5/15
2024-03-12 15:16:09,164:INFO:Inc_Learning:215: Epoch 5/15 Train Accuracy:  96.00%
2024-03-12 15:16:09,164:INFO:Inc_Learning:216: Epoch 5/15 Average Loss: 0.19373606145381927 / MA Loss: 0.124323570728302
2024-03-12 15:16:09,165:INFO:Inc_Learning:174: Epoch: 6/15
2024-03-12 15:16:10,146:INFO:Inc_Learning:215: Epoch 6/15 Train Accuracy:  100.00%
2024-03-12 15:16:10,147:INFO:Inc_Learning:216: Epoch 6/15 Average Loss: 0.11021242290735245 / MA Loss: 0.12197171275814374
2024-03-12 15:16:10,147:INFO:Inc_Learning:174: Epoch: 7/15
2024-03-12 15:16:11,065:INFO:Inc_Learning:215: Epoch 7/15 Train Accuracy:  100.00%
2024-03-12 15:16:11,065:INFO:Inc_Learning:216: Epoch 7/15 Average Loss: 0.08653327077627182 / MA Loss: 0.11690907818930489
2024-03-12 15:16:11,065:INFO:Inc_Learning:174: Epoch: 8/15
2024-03-12 15:16:12,019:INFO:Inc_Learning:215: Epoch 8/15 Train Accuracy:  96.00%
2024-03-12 15:16:12,020:INFO:Inc_Learning:216: Epoch 8/15 Average Loss: 0.0705728754401207 / MA Loss: 0.11111705284565687
2024-03-12 15:16:12,020:INFO:Inc_Learning:174: Epoch: 9/15
2024-03-12 15:16:12,986:INFO:Inc_Learning:215: Epoch 9/15 Train Accuracy:  100.00%
2024-03-12 15:16:12,986:INFO:Inc_Learning:216: Epoch 9/15 Average Loss: 0.06238069385290146 / MA Loss: 0.10570190184646183
2024-03-12 15:16:12,987:INFO:Inc_Learning:174: Epoch: 10/15
2024-03-12 15:16:13,933:INFO:Inc_Learning:215: Epoch 10/15 Train Accuracy:  100.00%
2024-03-12 15:16:13,933:INFO:Inc_Learning:216: Epoch 10/15 Average Loss: 0.06515075266361237 / MA Loss: 0.10164678692817689
2024-03-12 15:16:13,933:INFO:Inc_Learning:174: Epoch: 11/15
2024-03-12 15:16:14,884:INFO:Inc_Learning:215: Epoch 11/15 Train Accuracy:  100.00%
2024-03-12 15:16:14,884:INFO:Inc_Learning:216: Epoch 11/15 Average Loss: 0.08392748981714249 / MA Loss: 0.09579733684659004
2024-03-12 15:16:14,884:INFO:Inc_Learning:174: Epoch: 12/15
2024-03-12 15:16:15,844:INFO:Inc_Learning:215: Epoch 12/15 Train Accuracy:  100.00%
2024-03-12 15:16:15,844:INFO:Inc_Learning:216: Epoch 12/15 Average Loss: 0.11069872230291367 / MA Loss: 0.09539114758372307
2024-03-12 15:16:15,844:INFO:Inc_Learning:174: Epoch: 13/15
2024-03-12 15:16:17,029:INFO:Inc_Learning:215: Epoch 13/15 Train Accuracy:  100.00%
2024-03-12 15:16:17,029:INFO:Inc_Learning:216: Epoch 13/15 Average Loss: 0.08800316601991653 / MA Loss: 0.09369814544916152
2024-03-12 15:16:17,030:INFO:Inc_Learning:174: Epoch: 14/15
2024-03-12 15:16:18,003:INFO:Inc_Learning:215: Epoch 14/15 Train Accuracy:  100.00%
2024-03-12 15:16:18,003:INFO:Inc_Learning:216: Epoch 14/15 Average Loss: 0.07657848298549652 / MA Loss: 0.09477939382195473
2024-03-12 15:16:18,004:INFO:Inc_Learning:174: Epoch: 15/15
2024-03-12 15:16:18,995:INFO:Inc_Learning:215: Epoch 15/15 Train Accuracy:  100.00%
2024-03-12 15:16:18,995:INFO:Inc_Learning:216: Epoch 15/15 Average Loss: 0.10484974086284637 / MA Loss: 0.08589076176285744
2024-03-12 15:16:19,022:INFO:Inc_Learning:504: Statistics for task identification ...
2024-03-12 15:16:20,020:INFO:Inc_Learning:223: The pseudo-labeling phase is started ...
2024-03-12 15:17:15,248:INFO:Inc_Learning:297: The training of the PredictionNet is started.
2024-03-12 15:17:15,380:INFO:Inc_Learning:390: Epoch: 000/300, MA loss: 0.23314130306243896
2024-03-12 15:17:15,392:INFO:Inc_Learning:390: Epoch: 010/300, MA loss: 0.07240611145442183
2024-03-12 15:17:15,404:INFO:Inc_Learning:390: Epoch: 020/300, MA loss: 0.03171032347017899
2024-03-12 15:17:15,415:INFO:Inc_Learning:390: Epoch: 030/300, MA loss: 0.004842857946641743
2024-03-12 15:17:15,426:INFO:Inc_Learning:390: Epoch: 040/300, MA loss: 0.0017203466733917594
2024-03-12 15:17:15,438:INFO:Inc_Learning:390: Epoch: 050/300, MA loss: 0.0005736177183280234
2024-03-12 15:17:15,449:INFO:Inc_Learning:390: Epoch: 060/300, MA loss: 0.00020700995228253304
2024-03-12 15:17:15,461:INFO:Inc_Learning:390: Epoch: 070/300, MA loss: 7.481693664885824e-05
2024-03-12 15:17:15,472:INFO:Inc_Learning:390: Epoch: 080/300, MA loss: 2.6988882882506005e-05
2024-03-12 15:17:15,484:INFO:Inc_Learning:390: Epoch: 090/300, MA loss: 9.661518174652883e-06
2024-03-12 15:17:15,495:INFO:Inc_Learning:390: Epoch: 100/300, MA loss: 3.482712355662443e-06
2024-03-12 15:17:15,506:INFO:Inc_Learning:390: Epoch: 110/300, MA loss: 1.2338057658212164e-06
2024-03-12 15:17:15,518:INFO:Inc_Learning:390: Epoch: 120/300, MA loss: 4.494729701320921e-07
2024-03-12 15:17:15,529:INFO:Inc_Learning:390: Epoch: 130/300, MA loss: 1.5903346000101238e-07
2024-03-12 15:17:15,541:INFO:Inc_Learning:390: Epoch: 140/300, MA loss: 5.659052391138175e-08
2024-03-12 15:17:15,552:INFO:Inc_Learning:390: Epoch: 150/300, MA loss: 1.9980359211579923e-08
2024-03-12 15:17:15,564:INFO:Inc_Learning:390: Epoch: 160/300, MA loss: 7.221713682614706e-09
2024-03-12 15:17:15,575:INFO:Inc_Learning:390: Epoch: 170/300, MA loss: 2.5473814918575145e-09
2024-03-12 15:17:15,587:INFO:Inc_Learning:390: Epoch: 180/300, MA loss: 8.949868221530544e-10
2024-03-12 15:17:15,598:INFO:Inc_Learning:390: Epoch: 190/300, MA loss: 3.2015818676733863e-10
2024-03-12 15:17:15,610:INFO:Inc_Learning:390: Epoch: 200/300, MA loss: 1.1199188815896877e-10
2024-03-12 15:17:15,621:INFO:Inc_Learning:390: Epoch: 210/300, MA loss: 3.9974558775982e-11
2024-03-12 15:17:15,633:INFO:Inc_Learning:390: Epoch: 220/300, MA loss: 1.4091524735276862e-11
2024-03-12 15:17:15,644:INFO:Inc_Learning:390: Epoch: 230/300, MA loss: 4.967884431736e-12
2024-03-12 15:17:15,656:INFO:Inc_Learning:390: Epoch: 240/300, MA loss: 1.758694283412153e-12
2024-03-12 15:17:15,667:INFO:Inc_Learning:390: Epoch: 250/300, MA loss: 6.192331505417217e-13
2024-03-12 15:17:15,679:INFO:Inc_Learning:390: Epoch: 260/300, MA loss: 2.1843795049408376e-13
2024-03-12 15:17:15,690:INFO:Inc_Learning:390: Epoch: 270/300, MA loss: 7.658105920238522e-14
2024-03-12 15:17:15,702:INFO:Inc_Learning:390: Epoch: 280/300, MA loss: 2.6598347471683768e-14
2024-03-12 15:17:15,714:INFO:Inc_Learning:390: Epoch: 290/300, MA loss: 9.361847743154152e-15
2024-03-12 15:17:15,724:INFO:Inc_Learning:390: Epoch: 299/300, MA loss: 3.945382244810054e-15
2024-03-12 15:17:15,724:INFO:Inc_Learning:504: Statistics for task identification ...
2024-03-12 15:17:15,899:INFO:Inc_Learning:420: Evaluating the test set after task 3 ...
2024-03-12 15:18:22,785:INFO:Inc_Learning:472: Evaluation Accuracy (oracle) after task 3:  78.03%
2024-03-12 15:18:22,786:INFO:Inc_Learning:483: Evaluation Accuracy after task 3:  66.31%
2024-03-12 15:18:22,786:INFO:Inc_Learning:484: Accuracy of task-id detection after task 3:  82.04%
2024-03-12 15:18:22,787:INFO:Inc_Learning:490: Accuracy (Oracle) for task 0 =  80.08%
2024-03-12 15:18:22,787:INFO:Inc_Learning:494: Accuracy of task 0 =  79.07%
2024-03-12 15:18:22,787:INFO:Inc_Learning:490: Accuracy (Oracle) for task 1 =  58.60%
2024-03-12 15:18:22,787:INFO:Inc_Learning:494: Accuracy of task 1 =  4.20%
2024-03-12 15:18:22,787:INFO:Inc_Learning:490: Accuracy (Oracle) for task 2 =  75.00%
2024-03-12 15:18:22,788:INFO:Inc_Learning:494: Accuracy of task 2 =  11.40%
2024-03-12 15:18:22,788:INFO:Inc_Learning:490: Accuracy (Oracle) for task 3 =  75.80%
2024-03-12 15:18:22,788:INFO:Inc_Learning:494: Accuracy of task 3 =  30.20%
2024-03-12 15:18:22,801:INFO:Inc_Learning:595: The incremental learning phase for task 3 is finished!
2024-03-12 15:18:22,801:INFO:Inc_Learning:507: Estimated remaining time: 16 minutes and 15 seconds
2024-03-12 15:18:22,802:INFO:Inc_Learning:584: The incremental learning phase for task 4 is started ...
2024-03-12 15:18:22,802:INFO:Inc_Learning:272: Prefixes are copied from task 3.
2024-03-12 15:18:22,802:INFO:Inc_Learning:222: The PredictionNet is copied from the previous task.
2024-03-12 15:18:22,891:INFO:Inc_Learning:143: The session file "data/index_list/mini_imagenet/num_base_classes=60,num_tasks=9,num_shots=5,seed=1/train_samples_for_task=5.txt" is loaded!
2024-03-12 15:18:22,917:INFO:Inc_Learning:143: The session file "data/index_list/mini_imagenet/num_base_classes=60,num_tasks=9,num_shots=5,seed=1/test_samples_for_task=5.txt" is loaded!
2024-03-12 15:18:23,844:INFO:Inc_Learning:174: Epoch: 1/15
2024-03-12 15:18:24,818:INFO:Inc_Learning:215: Epoch 1/15 Train Accuracy:  92.00%
2024-03-12 15:18:24,819:INFO:Inc_Learning:216: Epoch 1/15 Average Loss: 0.1941998302936554 / MA Loss: 0.1941998302936554
2024-03-12 15:18:24,819:INFO:Inc_Learning:174: Epoch: 2/15
2024-03-12 15:18:25,767:INFO:Inc_Learning:215: Epoch 2/15 Train Accuracy:  96.00%
2024-03-12 15:18:25,768:INFO:Inc_Learning:216: Epoch 2/15 Average Loss: 0.1382429003715515 / MA Loss: 0.16622136533260345
2024-03-12 15:18:25,768:INFO:Inc_Learning:174: Epoch: 3/15
2024-03-12 15:18:26,726:INFO:Inc_Learning:215: Epoch 3/15 Train Accuracy:  92.00%
2024-03-12 15:18:26,727:INFO:Inc_Learning:216: Epoch 3/15 Average Loss: 0.20710019767284393 / MA Loss: 0.17984764277935028
2024-03-12 15:18:26,727:INFO:Inc_Learning:174: Epoch: 4/15
2024-03-12 15:18:27,645:INFO:Inc_Learning:215: Epoch 4/15 Train Accuracy:  96.00%
2024-03-12 15:18:27,645:INFO:Inc_Learning:216: Epoch 4/15 Average Loss: 0.1309656947851181 / MA Loss: 0.16762715578079224
2024-03-12 15:18:27,645:INFO:Inc_Learning:174: Epoch: 5/15
2024-03-12 15:18:28,601:INFO:Inc_Learning:215: Epoch 5/15 Train Accuracy:  88.00%
2024-03-12 15:18:28,601:INFO:Inc_Learning:216: Epoch 5/15 Average Loss: 0.2773110270500183 / MA Loss: 0.18956393003463745
2024-03-12 15:18:28,601:INFO:Inc_Learning:174: Epoch: 6/15
2024-03-12 15:18:29,522:INFO:Inc_Learning:215: Epoch 6/15 Train Accuracy:  96.00%
2024-03-12 15:18:29,522:INFO:Inc_Learning:216: Epoch 6/15 Average Loss: 0.3260852098464966 / MA Loss: 0.2123174766699473
2024-03-12 15:18:29,523:INFO:Inc_Learning:174: Epoch: 7/15
2024-03-12 15:18:30,486:INFO:Inc_Learning:215: Epoch 7/15 Train Accuracy:  88.00%
2024-03-12 15:18:30,487:INFO:Inc_Learning:216: Epoch 7/15 Average Loss: 0.22550639510154724 / MA Loss: 0.21420160787446157
2024-03-12 15:18:30,487:INFO:Inc_Learning:174: Epoch: 8/15
2024-03-12 15:18:31,400:INFO:Inc_Learning:215: Epoch 8/15 Train Accuracy:  96.00%
2024-03-12 15:18:31,400:INFO:Inc_Learning:216: Epoch 8/15 Average Loss: 0.18397782742977142 / MA Loss: 0.2104236353188753
2024-03-12 15:18:31,401:INFO:Inc_Learning:174: Epoch: 9/15
2024-03-12 15:18:32,327:INFO:Inc_Learning:215: Epoch 9/15 Train Accuracy:  100.00%
2024-03-12 15:18:32,328:INFO:Inc_Learning:216: Epoch 9/15 Average Loss: 0.10558564960956573 / MA Loss: 0.19877497024006313
2024-03-12 15:18:32,328:INFO:Inc_Learning:174: Epoch: 10/15
2024-03-12 15:18:33,296:INFO:Inc_Learning:215: Epoch 10/15 Train Accuracy:  88.00%
2024-03-12 15:18:33,296:INFO:Inc_Learning:216: Epoch 10/15 Average Loss: 0.2617650032043457 / MA Loss: 0.2050739735364914
2024-03-12 15:18:33,296:INFO:Inc_Learning:174: Epoch: 11/15
2024-03-12 15:18:34,245:INFO:Inc_Learning:215: Epoch 11/15 Train Accuracy:  100.00%
2024-03-12 15:18:34,245:INFO:Inc_Learning:216: Epoch 11/15 Average Loss: 0.0825200080871582 / MA Loss: 0.19390599131584169
2024-03-12 15:18:34,245:INFO:Inc_Learning:174: Epoch: 12/15
2024-03-12 15:18:35,072:INFO:Inc_Learning:215: Epoch 12/15 Train Accuracy:  100.00%
2024-03-12 15:18:35,072:INFO:Inc_Learning:216: Epoch 12/15 Average Loss: 0.12637995183467865 / MA Loss: 0.1927196964621544
2024-03-12 15:18:35,073:INFO:Inc_Learning:174: Epoch: 13/15
2024-03-12 15:18:36,070:INFO:Inc_Learning:215: Epoch 13/15 Train Accuracy:  92.00%
2024-03-12 15:18:36,071:INFO:Inc_Learning:216: Epoch 13/15 Average Loss: 0.3031103014945984 / MA Loss: 0.20232070684432985
2024-03-12 15:18:36,071:INFO:Inc_Learning:174: Epoch: 14/15
2024-03-12 15:18:37,072:INFO:Inc_Learning:215: Epoch 14/15 Train Accuracy:  88.00%
2024-03-12 15:18:37,072:INFO:Inc_Learning:216: Epoch 14/15 Average Loss: 0.2705719470977783 / MA Loss: 0.21628133207559586
2024-03-12 15:18:37,072:INFO:Inc_Learning:174: Epoch: 15/15
2024-03-12 15:18:38,006:INFO:Inc_Learning:215: Epoch 15/15 Train Accuracy:  92.00%
2024-03-12 15:18:38,007:INFO:Inc_Learning:216: Epoch 15/15 Average Loss: 0.36752793192863464 / MA Loss: 0.2253030225634575
2024-03-12 15:18:38,041:INFO:Inc_Learning:504: Statistics for task identification ...
2024-03-12 15:18:38,982:INFO:Inc_Learning:223: The pseudo-labeling phase is started ...
2024-03-12 15:19:48,537:INFO:Inc_Learning:297: The training of the PredictionNet is started.
2024-03-12 15:19:48,667:INFO:Inc_Learning:390: Epoch: 000/300, MA loss: 0.3219289183616638
2024-03-12 15:19:48,679:INFO:Inc_Learning:390: Epoch: 010/300, MA loss: 0.08316579071635549
2024-03-12 15:19:48,691:INFO:Inc_Learning:390: Epoch: 020/300, MA loss: 0.03387629000935703
2024-03-12 15:19:48,703:INFO:Inc_Learning:390: Epoch: 030/300, MA loss: 0.005635759659344331
2024-03-12 15:19:48,714:INFO:Inc_Learning:390: Epoch: 040/300, MA loss: 0.0018800166668370365
2024-03-12 15:19:48,726:INFO:Inc_Learning:390: Epoch: 050/300, MA loss: 0.0006348445967887528
2024-03-12 15:19:48,737:INFO:Inc_Learning:390: Epoch: 060/300, MA loss: 0.00021945943080936559
2024-03-12 15:19:48,749:INFO:Inc_Learning:390: Epoch: 070/300, MA loss: 8.164666178345215e-05
2024-03-12 15:19:48,761:INFO:Inc_Learning:390: Epoch: 080/300, MA loss: 2.9016076086918475e-05
2024-03-12 15:19:48,772:INFO:Inc_Learning:390: Epoch: 090/300, MA loss: 1.0546370810970985e-05
2024-03-12 15:19:48,784:INFO:Inc_Learning:390: Epoch: 100/300, MA loss: 3.7562588317996417e-06
2024-03-12 15:19:48,796:INFO:Inc_Learning:390: Epoch: 110/300, MA loss: 1.356662089335714e-06
2024-03-12 15:19:48,807:INFO:Inc_Learning:390: Epoch: 120/300, MA loss: 4.806280031743881e-07
2024-03-12 15:19:48,819:INFO:Inc_Learning:390: Epoch: 130/300, MA loss: 1.711126763837001e-07
2024-03-12 15:19:48,830:INFO:Inc_Learning:390: Epoch: 140/300, MA loss: 6.124261924256302e-08
2024-03-12 15:19:48,842:INFO:Inc_Learning:390: Epoch: 150/300, MA loss: 2.190527468304282e-08
2024-03-12 15:19:48,854:INFO:Inc_Learning:390: Epoch: 160/300, MA loss: 7.649104150075914e-09
2024-03-12 15:19:48,865:INFO:Inc_Learning:390: Epoch: 170/300, MA loss: 2.7338888014538655e-09
2024-03-12 15:19:48,877:INFO:Inc_Learning:390: Epoch: 180/300, MA loss: 9.714571022612084e-10
2024-03-12 15:19:48,888:INFO:Inc_Learning:390: Epoch: 190/300, MA loss: 3.4421935406203643e-10
2024-03-12 15:19:48,900:INFO:Inc_Learning:390: Epoch: 200/300, MA loss: 1.2125534690904383e-10
2024-03-12 15:19:48,912:INFO:Inc_Learning:390: Epoch: 210/300, MA loss: 4.2900776897961124e-11
2024-03-12 15:19:48,923:INFO:Inc_Learning:390: Epoch: 220/300, MA loss: 1.5246268635603356e-11
2024-03-12 15:19:48,935:INFO:Inc_Learning:390: Epoch: 230/300, MA loss: 5.3315385635001325e-12
2024-03-12 15:19:48,946:INFO:Inc_Learning:390: Epoch: 240/300, MA loss: 1.9042853448628105e-12
2024-03-12 15:19:48,958:INFO:Inc_Learning:390: Epoch: 250/300, MA loss: 6.612698242984289e-13
2024-03-12 15:19:48,970:INFO:Inc_Learning:390: Epoch: 260/300, MA loss: 2.312635526195662e-13
2024-03-12 15:19:48,981:INFO:Inc_Learning:390: Epoch: 270/300, MA loss: 8.114475413757878e-14
2024-03-12 15:19:48,993:INFO:Inc_Learning:390: Epoch: 280/300, MA loss: 2.719510649287001e-14
2024-03-12 15:19:49,005:INFO:Inc_Learning:390: Epoch: 290/300, MA loss: 9.628235147554745e-15
2024-03-12 15:19:49,028:INFO:Inc_Learning:390: Epoch: 299/300, MA loss: 3.9973343700612304e-15
2024-03-12 15:19:49,029:INFO:Inc_Learning:504: Statistics for task identification ...
2024-03-12 15:19:49,210:INFO:Inc_Learning:420: Evaluating the test set after task 4 ...
2024-03-12 15:21:11,677:INFO:Inc_Learning:472: Evaluation Accuracy (oracle) after task 4:  77.92%
2024-03-12 15:21:11,678:INFO:Inc_Learning:483: Evaluation Accuracy after task 4:  63.25%
2024-03-12 15:21:11,678:INFO:Inc_Learning:484: Accuracy of task-id detection after task 4:  77.74%
2024-03-12 15:21:11,678:INFO:Inc_Learning:490: Accuracy (Oracle) for task 0 =  79.98%
2024-03-12 15:21:11,678:INFO:Inc_Learning:494: Accuracy of task 0 =  77.98%
2024-03-12 15:21:11,678:INFO:Inc_Learning:490: Accuracy (Oracle) for task 1 =  59.00%
2024-03-12 15:21:11,678:INFO:Inc_Learning:494: Accuracy of task 1 =  4.80%
2024-03-12 15:21:11,679:INFO:Inc_Learning:490: Accuracy (Oracle) for task 2 =  75.00%
2024-03-12 15:21:11,679:INFO:Inc_Learning:494: Accuracy of task 2 =  13.80%
2024-03-12 15:21:11,679:INFO:Inc_Learning:490: Accuracy (Oracle) for task 3 =  76.00%
2024-03-12 15:21:11,679:INFO:Inc_Learning:494: Accuracy of task 3 =  33.20%
2024-03-12 15:21:11,679:INFO:Inc_Learning:490: Accuracy (Oracle) for task 4 =  77.00%
2024-03-12 15:21:11,679:INFO:Inc_Learning:494: Accuracy of task 4 =  24.40%
2024-03-12 15:21:11,692:INFO:Inc_Learning:595: The incremental learning phase for task 4 is finished!
2024-03-12 15:21:11,692:INFO:Inc_Learning:507: Estimated remaining time: 12 minutes and 42 seconds
2024-03-12 15:21:11,692:INFO:Inc_Learning:584: The incremental learning phase for task 5 is started ...
2024-03-12 15:21:11,693:INFO:Inc_Learning:272: Prefixes are copied from task 4.
2024-03-12 15:21:11,693:INFO:Inc_Learning:222: The PredictionNet is copied from the previous task.
2024-03-12 15:21:11,782:INFO:Inc_Learning:143: The session file "data/index_list/mini_imagenet/num_base_classes=60,num_tasks=9,num_shots=5,seed=1/train_samples_for_task=6.txt" is loaded!
2024-03-12 15:21:11,809:INFO:Inc_Learning:143: The session file "data/index_list/mini_imagenet/num_base_classes=60,num_tasks=9,num_shots=5,seed=1/test_samples_for_task=6.txt" is loaded!
2024-03-12 15:21:12,788:INFO:Inc_Learning:174: Epoch: 1/15
2024-03-12 15:21:13,750:INFO:Inc_Learning:215: Epoch 1/15 Train Accuracy:  96.00%
2024-03-12 15:21:13,751:INFO:Inc_Learning:216: Epoch 1/15 Average Loss: 0.12025002390146255 / MA Loss: 0.12025002390146255
2024-03-12 15:21:13,751:INFO:Inc_Learning:174: Epoch: 2/15
2024-03-12 15:21:14,766:INFO:Inc_Learning:215: Epoch 2/15 Train Accuracy:  96.00%
2024-03-12 15:21:14,766:INFO:Inc_Learning:216: Epoch 2/15 Average Loss: 0.09845796227455139 / MA Loss: 0.10935399308800697
2024-03-12 15:21:14,766:INFO:Inc_Learning:174: Epoch: 3/15
2024-03-12 15:21:15,795:INFO:Inc_Learning:215: Epoch 3/15 Train Accuracy:  92.00%
2024-03-12 15:21:15,796:INFO:Inc_Learning:216: Epoch 3/15 Average Loss: 0.13186132907867432 / MA Loss: 0.11685643841822942
2024-03-12 15:21:15,796:INFO:Inc_Learning:174: Epoch: 4/15
2024-03-12 15:21:16,786:INFO:Inc_Learning:215: Epoch 4/15 Train Accuracy:  100.00%
2024-03-12 15:21:16,786:INFO:Inc_Learning:216: Epoch 4/15 Average Loss: 0.07997961342334747 / MA Loss: 0.10763723216950893
2024-03-12 15:21:16,786:INFO:Inc_Learning:174: Epoch: 5/15
2024-03-12 15:21:17,777:INFO:Inc_Learning:215: Epoch 5/15 Train Accuracy:  92.00%
2024-03-12 15:21:17,777:INFO:Inc_Learning:216: Epoch 5/15 Average Loss: 0.28762519359588623 / MA Loss: 0.1436348244547844
2024-03-12 15:21:17,778:INFO:Inc_Learning:174: Epoch: 6/15
2024-03-12 15:21:18,765:INFO:Inc_Learning:215: Epoch 6/15 Train Accuracy:  96.00%
2024-03-12 15:21:18,765:INFO:Inc_Learning:216: Epoch 6/15 Average Loss: 0.2014562487602234 / MA Loss: 0.1532717285056909
2024-03-12 15:21:18,765:INFO:Inc_Learning:174: Epoch: 7/15
2024-03-12 15:21:19,696:INFO:Inc_Learning:215: Epoch 7/15 Train Accuracy:  88.00%
2024-03-12 15:21:19,697:INFO:Inc_Learning:216: Epoch 7/15 Average Loss: 0.18475905060768127 / MA Loss: 0.1577699173774038
2024-03-12 15:21:19,697:INFO:Inc_Learning:174: Epoch: 8/15
2024-03-12 15:21:20,702:INFO:Inc_Learning:215: Epoch 8/15 Train Accuracy:  84.00%
2024-03-12 15:21:20,702:INFO:Inc_Learning:216: Epoch 8/15 Average Loss: 0.22751449048519135 / MA Loss: 0.16648798901587725
2024-03-12 15:21:20,702:INFO:Inc_Learning:174: Epoch: 9/15
2024-03-12 15:21:21,670:INFO:Inc_Learning:215: Epoch 9/15 Train Accuracy:  96.00%
2024-03-12 15:21:21,670:INFO:Inc_Learning:216: Epoch 9/15 Average Loss: 0.1438930630683899 / MA Loss: 0.16397744168837866
2024-03-12 15:21:21,670:INFO:Inc_Learning:174: Epoch: 10/15
2024-03-12 15:21:22,613:INFO:Inc_Learning:215: Epoch 10/15 Train Accuracy:  96.00%
2024-03-12 15:21:22,614:INFO:Inc_Learning:216: Epoch 10/15 Average Loss: 0.14530006051063538 / MA Loss: 0.16210970357060434
2024-03-12 15:21:22,614:INFO:Inc_Learning:174: Epoch: 11/15
2024-03-12 15:21:23,552:INFO:Inc_Learning:215: Epoch 11/15 Train Accuracy:  92.00%
2024-03-12 15:21:23,552:INFO:Inc_Learning:216: Epoch 11/15 Average Loss: 0.20710578560829163 / MA Loss: 0.17079527974128722
2024-03-12 15:21:23,552:INFO:Inc_Learning:174: Epoch: 12/15
2024-03-12 15:21:24,524:INFO:Inc_Learning:215: Epoch 12/15 Train Accuracy:  96.00%
2024-03-12 15:21:24,525:INFO:Inc_Learning:216: Epoch 12/15 Average Loss: 0.11956313252449036 / MA Loss: 0.17290579676628112
2024-03-12 15:21:24,525:INFO:Inc_Learning:174: Epoch: 13/15
2024-03-12 15:21:25,564:INFO:Inc_Learning:215: Epoch 13/15 Train Accuracy:  88.00%
2024-03-12 15:21:25,565:INFO:Inc_Learning:216: Epoch 13/15 Average Loss: 0.23332689702510834 / MA Loss: 0.18305235356092453
2024-03-12 15:21:25,565:INFO:Inc_Learning:174: Epoch: 14/15
2024-03-12 15:21:26,532:INFO:Inc_Learning:215: Epoch 14/15 Train Accuracy:  96.00%
2024-03-12 15:21:26,533:INFO:Inc_Learning:216: Epoch 14/15 Average Loss: 0.17784181237220764 / MA Loss: 0.19283857345581054
2024-03-12 15:21:26,533:INFO:Inc_Learning:174: Epoch: 15/15
2024-03-12 15:21:27,536:INFO:Inc_Learning:215: Epoch 15/15 Train Accuracy:  92.00%
2024-03-12 15:21:27,536:INFO:Inc_Learning:216: Epoch 15/15 Average Loss: 0.20057719945907593 / MA Loss: 0.18413377404212952
2024-03-12 15:21:27,573:INFO:Inc_Learning:504: Statistics for task identification ...
2024-03-12 15:21:28,581:INFO:Inc_Learning:223: The pseudo-labeling phase is started ...
2024-03-12 15:22:54,207:INFO:Inc_Learning:297: The training of the PredictionNet is started.
2024-03-12 15:22:54,337:INFO:Inc_Learning:390: Epoch: 000/300, MA loss: 0.2099175900220871
2024-03-12 15:22:54,349:INFO:Inc_Learning:390: Epoch: 010/300, MA loss: 0.06696404821493408
2024-03-12 15:22:54,361:INFO:Inc_Learning:390: Epoch: 020/300, MA loss: 0.032622771826572715
2024-03-12 15:22:54,372:INFO:Inc_Learning:390: Epoch: 030/300, MA loss: 0.008363158663269133
2024-03-12 15:22:54,384:INFO:Inc_Learning:390: Epoch: 040/300, MA loss: 0.0027384943969082087
2024-03-12 15:22:54,396:INFO:Inc_Learning:390: Epoch: 050/300, MA loss: 0.0008730332570848987
2024-03-12 15:22:54,407:INFO:Inc_Learning:390: Epoch: 060/300, MA loss: 0.0002820153247739654
2024-03-12 15:22:54,419:INFO:Inc_Learning:390: Epoch: 070/300, MA loss: 9.916616672853707e-05
2024-03-12 15:22:54,430:INFO:Inc_Learning:390: Epoch: 080/300, MA loss: 3.5277918050269365e-05
2024-03-12 15:22:54,442:INFO:Inc_Learning:390: Epoch: 090/300, MA loss: 1.1998386048617249e-05
2024-03-12 15:22:54,453:INFO:Inc_Learning:390: Epoch: 100/300, MA loss: 4.258555111391615e-06
2024-03-12 15:22:54,465:INFO:Inc_Learning:390: Epoch: 110/300, MA loss: 1.5511749694496756e-06
2024-03-12 15:22:54,476:INFO:Inc_Learning:390: Epoch: 120/300, MA loss: 5.89395516925606e-07
2024-03-12 15:22:54,488:INFO:Inc_Learning:390: Epoch: 130/300, MA loss: 2.038846638185987e-07
2024-03-12 15:22:54,499:INFO:Inc_Learning:390: Epoch: 140/300, MA loss: 6.955962748023125e-08
2024-03-12 15:22:54,511:INFO:Inc_Learning:390: Epoch: 150/300, MA loss: 2.4824704603076954e-08
2024-03-12 15:22:54,522:INFO:Inc_Learning:390: Epoch: 160/300, MA loss: 8.836468035067213e-09
2024-03-12 15:22:54,534:INFO:Inc_Learning:390: Epoch: 170/300, MA loss: 3.2848712250288513e-09
2024-03-12 15:22:54,546:INFO:Inc_Learning:390: Epoch: 180/300, MA loss: 1.1304569072501104e-09
2024-03-12 15:22:54,557:INFO:Inc_Learning:390: Epoch: 190/300, MA loss: 3.8533879767599364e-10
2024-03-12 15:22:54,569:INFO:Inc_Learning:390: Epoch: 200/300, MA loss: 1.3871867890480338e-10
2024-03-12 15:22:54,580:INFO:Inc_Learning:390: Epoch: 210/300, MA loss: 5.060560095970779e-11
2024-03-12 15:22:54,592:INFO:Inc_Learning:390: Epoch: 220/300, MA loss: 1.7568706992682205e-11
2024-03-12 15:22:54,603:INFO:Inc_Learning:390: Epoch: 230/300, MA loss: 6.0323371514972576e-12
2024-03-12 15:22:54,615:INFO:Inc_Learning:390: Epoch: 240/300, MA loss: 2.204516479304211e-12
2024-03-12 15:22:54,627:INFO:Inc_Learning:390: Epoch: 250/300, MA loss: 7.581202877385459e-13
2024-03-12 15:22:54,638:INFO:Inc_Learning:390: Epoch: 260/300, MA loss: 2.7576120064461055e-13
2024-03-12 15:22:54,650:INFO:Inc_Learning:390: Epoch: 270/300, MA loss: 9.313420599511326e-14
2024-03-12 15:22:54,661:INFO:Inc_Learning:390: Epoch: 280/300, MA loss: 3.270905283618239e-14
2024-03-12 15:22:54,673:INFO:Inc_Learning:390: Epoch: 290/300, MA loss: 1.18534245071943e-14
2024-03-12 15:22:54,683:INFO:Inc_Learning:390: Epoch: 299/300, MA loss: 4.98000091380226e-15
2024-03-12 15:22:54,684:INFO:Inc_Learning:504: Statistics for task identification ...
2024-03-12 15:22:54,859:INFO:Inc_Learning:420: Evaluating the test set after task 5 ...
2024-03-12 15:24:34,474:INFO:Inc_Learning:472: Evaluation Accuracy (oracle) after task 5:  77.89%
2024-03-12 15:24:34,475:INFO:Inc_Learning:483: Evaluation Accuracy after task 5:  60.20%
2024-03-12 15:24:34,475:INFO:Inc_Learning:484: Accuracy of task-id detection after task 5:  73.54%
2024-03-12 15:24:34,475:INFO:Inc_Learning:490: Accuracy (Oracle) for task 0 =  80.10%
2024-03-12 15:24:34,476:INFO:Inc_Learning:494: Accuracy of task 0 =  76.73%
2024-03-12 15:24:34,476:INFO:Inc_Learning:490: Accuracy (Oracle) for task 1 =  58.60%
2024-03-12 15:24:34,476:INFO:Inc_Learning:494: Accuracy of task 1 =  5.00%
2024-03-12 15:24:34,476:INFO:Inc_Learning:490: Accuracy (Oracle) for task 2 =  74.80%
2024-03-12 15:24:34,476:INFO:Inc_Learning:494: Accuracy of task 2 =  13.00%
2024-03-12 15:24:34,476:INFO:Inc_Learning:490: Accuracy (Oracle) for task 3 =  75.80%
2024-03-12 15:24:34,477:INFO:Inc_Learning:494: Accuracy of task 3 =  35.20%
2024-03-12 15:24:34,477:INFO:Inc_Learning:490: Accuracy (Oracle) for task 4 =  77.00%
2024-03-12 15:24:34,477:INFO:Inc_Learning:494: Accuracy of task 4 =  26.60%
2024-03-12 15:24:34,477:INFO:Inc_Learning:490: Accuracy (Oracle) for task 5 =  76.80%
2024-03-12 15:24:34,477:INFO:Inc_Learning:494: Accuracy of task 5 =  22.80%
2024-03-12 15:24:34,491:INFO:Inc_Learning:595: The incremental learning phase for task 5 is finished!
2024-03-12 15:24:34,491:INFO:Inc_Learning:507: Estimated remaining time: 9 minutes and 37 seconds
2024-03-12 15:24:34,491:INFO:Inc_Learning:584: The incremental learning phase for task 6 is started ...
2024-03-12 15:24:34,491:INFO:Inc_Learning:272: Prefixes are copied from task 5.
2024-03-12 15:24:34,492:INFO:Inc_Learning:222: The PredictionNet is copied from the previous task.
2024-03-12 15:24:34,582:INFO:Inc_Learning:143: The session file "data/index_list/mini_imagenet/num_base_classes=60,num_tasks=9,num_shots=5,seed=1/train_samples_for_task=7.txt" is loaded!
2024-03-12 15:24:34,610:INFO:Inc_Learning:143: The session file "data/index_list/mini_imagenet/num_base_classes=60,num_tasks=9,num_shots=5,seed=1/test_samples_for_task=7.txt" is loaded!
2024-03-12 15:24:35,612:INFO:Inc_Learning:174: Epoch: 1/15
2024-03-12 15:24:36,567:INFO:Inc_Learning:215: Epoch 1/15 Train Accuracy:  96.00%
2024-03-12 15:24:36,567:INFO:Inc_Learning:216: Epoch 1/15 Average Loss: 0.1577681452035904 / MA Loss: 0.1577681452035904
2024-03-12 15:24:36,567:INFO:Inc_Learning:174: Epoch: 2/15
2024-03-12 15:24:37,717:INFO:Inc_Learning:215: Epoch 2/15 Train Accuracy:  100.00%
2024-03-12 15:24:37,717:INFO:Inc_Learning:216: Epoch 2/15 Average Loss: 0.08068051189184189 / MA Loss: 0.11922432854771614
2024-03-12 15:24:37,718:INFO:Inc_Learning:174: Epoch: 3/15
2024-03-12 15:24:38,677:INFO:Inc_Learning:215: Epoch 3/15 Train Accuracy:  100.00%
2024-03-12 15:24:38,677:INFO:Inc_Learning:216: Epoch 3/15 Average Loss: 0.05003375932574272 / MA Loss: 0.096160805473725
2024-03-12 15:24:38,677:INFO:Inc_Learning:174: Epoch: 4/15
2024-03-12 15:24:39,672:INFO:Inc_Learning:215: Epoch 4/15 Train Accuracy:  96.00%
2024-03-12 15:24:39,672:INFO:Inc_Learning:216: Epoch 4/15 Average Loss: 0.12253852188587189 / MA Loss: 0.10275523457676172
2024-03-12 15:24:39,672:INFO:Inc_Learning:174: Epoch: 5/15
2024-03-12 15:24:40,636:INFO:Inc_Learning:215: Epoch 5/15 Train Accuracy:  96.00%
2024-03-12 15:24:40,636:INFO:Inc_Learning:216: Epoch 5/15 Average Loss: 0.10737988352775574 / MA Loss: 0.10368016436696052
2024-03-12 15:24:40,636:INFO:Inc_Learning:174: Epoch: 6/15
2024-03-12 15:24:41,646:INFO:Inc_Learning:215: Epoch 6/15 Train Accuracy:  96.00%
2024-03-12 15:24:41,646:INFO:Inc_Learning:216: Epoch 6/15 Average Loss: 0.09067568182945251 / MA Loss: 0.10151275061070919
2024-03-12 15:24:41,646:INFO:Inc_Learning:174: Epoch: 7/15
2024-03-12 15:24:42,478:INFO:Inc_Learning:215: Epoch 7/15 Train Accuracy:  96.00%
2024-03-12 15:24:42,479:INFO:Inc_Learning:216: Epoch 7/15 Average Loss: 0.12379249930381775 / MA Loss: 0.10469557185258184
2024-03-12 15:24:42,479:INFO:Inc_Learning:174: Epoch: 8/15
2024-03-12 15:24:43,291:INFO:Inc_Learning:215: Epoch 8/15 Train Accuracy:  100.00%
2024-03-12 15:24:43,291:INFO:Inc_Learning:216: Epoch 8/15 Average Loss: 0.07913277298212051 / MA Loss: 0.10150022199377418
2024-03-12 15:24:43,292:INFO:Inc_Learning:174: Epoch: 9/15
2024-03-12 15:24:44,262:INFO:Inc_Learning:215: Epoch 9/15 Train Accuracy:  100.00%
2024-03-12 15:24:44,262:INFO:Inc_Learning:216: Epoch 9/15 Average Loss: 0.045958295464515686 / MA Loss: 0.09532889682385656
2024-03-12 15:24:44,263:INFO:Inc_Learning:174: Epoch: 10/15
2024-03-12 15:24:45,190:INFO:Inc_Learning:215: Epoch 10/15 Train Accuracy:  96.00%
2024-03-12 15:24:45,190:INFO:Inc_Learning:216: Epoch 10/15 Average Loss: 0.07118687778711319 / MA Loss: 0.09291469492018223
2024-03-12 15:24:45,190:INFO:Inc_Learning:174: Epoch: 11/15
2024-03-12 15:24:46,265:INFO:Inc_Learning:215: Epoch 11/15 Train Accuracy:  96.00%
2024-03-12 15:24:46,266:INFO:Inc_Learning:216: Epoch 11/15 Average Loss: 0.13960520923137665 / MA Loss: 0.09109840132296085
2024-03-12 15:24:46,266:INFO:Inc_Learning:174: Epoch: 12/15
2024-03-12 15:24:47,244:INFO:Inc_Learning:215: Epoch 12/15 Train Accuracy:  100.00%
2024-03-12 15:24:47,245:INFO:Inc_Learning:216: Epoch 12/15 Average Loss: 0.046572230756282806 / MA Loss: 0.08768757320940494
2024-03-12 15:24:47,245:INFO:Inc_Learning:174: Epoch: 13/15
2024-03-12 15:24:48,332:INFO:Inc_Learning:215: Epoch 13/15 Train Accuracy:  100.00%
2024-03-12 15:24:48,332:INFO:Inc_Learning:216: Epoch 13/15 Average Loss: 0.10139188915491104 / MA Loss: 0.09282338619232178
2024-03-12 15:24:48,332:INFO:Inc_Learning:174: Epoch: 14/15
2024-03-12 15:24:49,315:INFO:Inc_Learning:215: Epoch 14/15 Train Accuracy:  100.00%
2024-03-12 15:24:49,316:INFO:Inc_Learning:216: Epoch 14/15 Average Loss: 0.03242058306932449 / MA Loss: 0.08381159231066704
2024-03-12 15:24:49,316:INFO:Inc_Learning:174: Epoch: 15/15
2024-03-12 15:24:50,330:INFO:Inc_Learning:215: Epoch 15/15 Train Accuracy:  96.00%
2024-03-12 15:24:50,330:INFO:Inc_Learning:216: Epoch 15/15 Average Loss: 0.08148591965436935 / MA Loss: 0.0812221959233284
2024-03-12 15:24:50,369:INFO:Inc_Learning:504: Statistics for task identification ...
2024-03-12 15:24:51,420:INFO:Inc_Learning:223: The pseudo-labeling phase is started ...
2024-03-12 15:26:33,948:INFO:Inc_Learning:297: The training of the PredictionNet is started.
2024-03-12 15:26:34,061:INFO:Inc_Learning:390: Epoch: 000/300, MA loss: 0.22224435210227966
2024-03-12 15:26:34,071:INFO:Inc_Learning:390: Epoch: 010/300, MA loss: 0.06541162949394096
2024-03-12 15:26:34,081:INFO:Inc_Learning:390: Epoch: 020/300, MA loss: 0.02897554754745215
2024-03-12 15:26:34,093:INFO:Inc_Learning:390: Epoch: 030/300, MA loss: 0.005213613022351638
2024-03-12 15:26:34,104:INFO:Inc_Learning:390: Epoch: 040/300, MA loss: 0.0015103733690921216
2024-03-12 15:26:34,116:INFO:Inc_Learning:390: Epoch: 050/300, MA loss: 0.000544630567310378
2024-03-12 15:26:34,127:INFO:Inc_Learning:390: Epoch: 060/300, MA loss: 0.00018706288556131768
2024-03-12 15:26:34,139:INFO:Inc_Learning:390: Epoch: 070/300, MA loss: 6.892809960845625e-05
2024-03-12 15:26:34,151:INFO:Inc_Learning:390: Epoch: 080/300, MA loss: 2.501662852409936e-05
2024-03-12 15:26:34,162:INFO:Inc_Learning:390: Epoch: 090/300, MA loss: 8.907497726795554e-06
2024-03-12 15:26:34,174:INFO:Inc_Learning:390: Epoch: 100/300, MA loss: 3.1226887131197144e-06
2024-03-12 15:26:34,186:INFO:Inc_Learning:390: Epoch: 110/300, MA loss: 1.1551978431612042e-06
2024-03-12 15:26:34,197:INFO:Inc_Learning:390: Epoch: 120/300, MA loss: 3.9798859958750653e-07
2024-03-12 15:26:34,209:INFO:Inc_Learning:390: Epoch: 130/300, MA loss: 1.467720579739762e-07
2024-03-12 15:26:34,220:INFO:Inc_Learning:390: Epoch: 140/300, MA loss: 5.1956673008390905e-08
2024-03-12 15:26:34,232:INFO:Inc_Learning:390: Epoch: 150/300, MA loss: 1.8013725799903568e-08
2024-03-12 15:26:34,243:INFO:Inc_Learning:390: Epoch: 160/300, MA loss: 6.479094871725266e-09
2024-03-12 15:26:34,255:INFO:Inc_Learning:390: Epoch: 170/300, MA loss: 2.3494257983536216e-09
2024-03-12 15:26:34,267:INFO:Inc_Learning:390: Epoch: 180/300, MA loss: 8.029683168375712e-10
2024-03-12 15:26:34,278:INFO:Inc_Learning:390: Epoch: 190/300, MA loss: 2.871608777155199e-10
2024-03-12 15:26:34,290:INFO:Inc_Learning:390: Epoch: 200/300, MA loss: 1.0367752160261867e-10
2024-03-12 15:26:34,302:INFO:Inc_Learning:390: Epoch: 210/300, MA loss: 3.604251046923634e-11
2024-03-12 15:26:34,313:INFO:Inc_Learning:390: Epoch: 220/300, MA loss: 1.2757465656793032e-11
2024-03-12 15:26:34,325:INFO:Inc_Learning:390: Epoch: 230/300, MA loss: 4.5104907385028896e-12
2024-03-12 15:26:34,336:INFO:Inc_Learning:390: Epoch: 240/300, MA loss: 1.6083158459537228e-12
2024-03-12 15:26:34,348:INFO:Inc_Learning:390: Epoch: 250/300, MA loss: 5.488144403449809e-13
2024-03-12 15:26:34,360:INFO:Inc_Learning:390: Epoch: 260/300, MA loss: 1.9650333199809285e-13
2024-03-12 15:26:34,371:INFO:Inc_Learning:390: Epoch: 270/300, MA loss: 6.962492529808936e-14
2024-03-12 15:26:34,383:INFO:Inc_Learning:390: Epoch: 280/300, MA loss: 2.381813101715274e-14
2024-03-12 15:26:34,395:INFO:Inc_Learning:390: Epoch: 290/300, MA loss: 8.754390272327617e-15
2024-03-12 15:26:34,405:INFO:Inc_Learning:390: Epoch: 299/300, MA loss: 3.782166815047045e-15
2024-03-12 15:26:34,406:INFO:Inc_Learning:504: Statistics for task identification ...
2024-03-12 15:26:34,561:INFO:Inc_Learning:420: Evaluating the test set after task 6 ...
2024-03-12 15:28:33,130:INFO:Inc_Learning:472: Evaluation Accuracy (oracle) after task 6:  77.60%
2024-03-12 15:28:33,131:INFO:Inc_Learning:483: Evaluation Accuracy after task 6:  56.38%
2024-03-12 15:28:33,132:INFO:Inc_Learning:484: Accuracy of task-id detection after task 6:  68.00%
2024-03-12 15:28:33,132:INFO:Inc_Learning:490: Accuracy (Oracle) for task 0 =  80.03%
2024-03-12 15:28:33,132:INFO:Inc_Learning:494: Accuracy of task 0 =  74.63%
2024-03-12 15:28:33,132:INFO:Inc_Learning:490: Accuracy (Oracle) for task 1 =  59.00%
2024-03-12 15:28:33,133:INFO:Inc_Learning:494: Accuracy of task 1 =  3.00%
2024-03-12 15:28:33,133:INFO:Inc_Learning:490: Accuracy (Oracle) for task 2 =  74.40%
2024-03-12 15:28:33,133:INFO:Inc_Learning:494: Accuracy of task 2 =  11.40%
2024-03-12 15:28:33,133:INFO:Inc_Learning:490: Accuracy (Oracle) for task 3 =  75.80%
2024-03-12 15:28:33,133:INFO:Inc_Learning:494: Accuracy of task 3 =  31.60%
2024-03-12 15:28:33,134:INFO:Inc_Learning:490: Accuracy (Oracle) for task 4 =  77.60%
2024-03-12 15:28:33,134:INFO:Inc_Learning:494: Accuracy of task 4 =  26.00%
2024-03-12 15:28:33,134:INFO:Inc_Learning:490: Accuracy (Oracle) for task 5 =  76.80%
2024-03-12 15:28:33,134:INFO:Inc_Learning:494: Accuracy of task 5 =  24.00%
2024-03-12 15:28:33,134:INFO:Inc_Learning:490: Accuracy (Oracle) for task 6 =  72.80%
2024-03-12 15:28:33,135:INFO:Inc_Learning:494: Accuracy of task 6 =  23.20%
2024-03-12 15:28:33,149:INFO:Inc_Learning:595: The incremental learning phase for task 6 is finished!
2024-03-12 15:28:33,149:INFO:Inc_Learning:507: Estimated remaining time: 6 minutes and 36 seconds
2024-03-12 15:28:33,149:INFO:Inc_Learning:584: The incremental learning phase for task 7 is started ...
2024-03-12 15:28:33,149:INFO:Inc_Learning:272: Prefixes are copied from task 6.
2024-03-12 15:28:33,150:INFO:Inc_Learning:222: The PredictionNet is copied from the previous task.
2024-03-12 15:28:33,240:INFO:Inc_Learning:143: The session file "data/index_list/mini_imagenet/num_base_classes=60,num_tasks=9,num_shots=5,seed=1/train_samples_for_task=8.txt" is loaded!
2024-03-12 15:28:33,269:INFO:Inc_Learning:143: The session file "data/index_list/mini_imagenet/num_base_classes=60,num_tasks=9,num_shots=5,seed=1/test_samples_for_task=8.txt" is loaded!
2024-03-12 15:28:34,275:INFO:Inc_Learning:174: Epoch: 1/15
2024-03-12 15:28:35,218:INFO:Inc_Learning:215: Epoch 1/15 Train Accuracy:  92.00%
2024-03-12 15:28:35,219:INFO:Inc_Learning:216: Epoch 1/15 Average Loss: 0.18624916672706604 / MA Loss: 0.18624916672706604
2024-03-12 15:28:35,219:INFO:Inc_Learning:174: Epoch: 2/15
2024-03-12 15:28:36,157:INFO:Inc_Learning:215: Epoch 2/15 Train Accuracy:  88.00%
2024-03-12 15:28:36,157:INFO:Inc_Learning:216: Epoch 2/15 Average Loss: 0.22185494005680084 / MA Loss: 0.20405205339193344
2024-03-12 15:28:36,157:INFO:Inc_Learning:174: Epoch: 3/15
2024-03-12 15:28:37,118:INFO:Inc_Learning:215: Epoch 3/15 Train Accuracy:  92.00%
2024-03-12 15:28:37,118:INFO:Inc_Learning:216: Epoch 3/15 Average Loss: 0.17446477711200714 / MA Loss: 0.19418962796529135
2024-03-12 15:28:37,119:INFO:Inc_Learning:174: Epoch: 4/15
2024-03-12 15:28:38,060:INFO:Inc_Learning:215: Epoch 4/15 Train Accuracy:  96.00%
2024-03-12 15:28:38,061:INFO:Inc_Learning:216: Epoch 4/15 Average Loss: 0.2299056053161621 / MA Loss: 0.20311862230300903
2024-03-12 15:28:38,061:INFO:Inc_Learning:174: Epoch: 5/15
2024-03-12 15:28:39,004:INFO:Inc_Learning:215: Epoch 5/15 Train Accuracy:  96.00%
2024-03-12 15:28:39,004:INFO:Inc_Learning:216: Epoch 5/15 Average Loss: 0.14161385595798492 / MA Loss: 0.1908176690340042
2024-03-12 15:28:39,004:INFO:Inc_Learning:174: Epoch: 6/15
2024-03-12 15:28:39,946:INFO:Inc_Learning:215: Epoch 6/15 Train Accuracy:  92.00%
2024-03-12 15:28:39,946:INFO:Inc_Learning:216: Epoch 6/15 Average Loss: 0.18314599990844727 / MA Loss: 0.18953905751307806
2024-03-12 15:28:39,946:INFO:Inc_Learning:174: Epoch: 7/15
2024-03-12 15:28:40,903:INFO:Inc_Learning:215: Epoch 7/15 Train Accuracy:  96.00%
2024-03-12 15:28:40,903:INFO:Inc_Learning:216: Epoch 7/15 Average Loss: 0.13348223268985748 / MA Loss: 0.1815309396811894
2024-03-12 15:28:40,904:INFO:Inc_Learning:174: Epoch: 8/15
2024-03-12 15:28:41,871:INFO:Inc_Learning:215: Epoch 8/15 Train Accuracy:  92.00%
2024-03-12 15:28:41,871:INFO:Inc_Learning:216: Epoch 8/15 Average Loss: 0.1356968730688095 / MA Loss: 0.17580168135464191
2024-03-12 15:28:41,872:INFO:Inc_Learning:174: Epoch: 9/15
2024-03-12 15:28:42,789:INFO:Inc_Learning:215: Epoch 9/15 Train Accuracy:  96.00%
2024-03-12 15:28:42,789:INFO:Inc_Learning:216: Epoch 9/15 Average Loss: 0.1761326789855957 / MA Loss: 0.17583845886919233
2024-03-12 15:28:42,790:INFO:Inc_Learning:174: Epoch: 10/15
2024-03-12 15:28:43,816:INFO:Inc_Learning:215: Epoch 10/15 Train Accuracy:  84.00%
2024-03-12 15:28:43,816:INFO:Inc_Learning:216: Epoch 10/15 Average Loss: 0.30957016348838806 / MA Loss: 0.1892116293311119
2024-03-12 15:28:43,816:INFO:Inc_Learning:174: Epoch: 11/15
2024-03-12 15:28:44,734:INFO:Inc_Learning:215: Epoch 11/15 Train Accuracy:  96.00%
2024-03-12 15:28:44,734:INFO:Inc_Learning:216: Epoch 11/15 Average Loss: 0.18594646453857422 / MA Loss: 0.18918135911226272
2024-03-12 15:28:44,734:INFO:Inc_Learning:174: Epoch: 12/15
2024-03-12 15:28:45,759:INFO:Inc_Learning:215: Epoch 12/15 Train Accuracy:  96.00%
2024-03-12 15:28:45,759:INFO:Inc_Learning:216: Epoch 12/15 Average Loss: 0.2999016046524048 / MA Loss: 0.19698602557182313
2024-03-12 15:28:45,760:INFO:Inc_Learning:174: Epoch: 13/15
2024-03-12 15:28:46,735:INFO:Inc_Learning:215: Epoch 13/15 Train Accuracy:  96.00%
2024-03-12 15:28:46,735:INFO:Inc_Learning:216: Epoch 13/15 Average Loss: 0.3135693073272705 / MA Loss: 0.21089647859334945
2024-03-12 15:28:46,735:INFO:Inc_Learning:174: Epoch: 14/15
2024-03-12 15:28:47,673:INFO:Inc_Learning:215: Epoch 14/15 Train Accuracy:  100.00%
2024-03-12 15:28:47,674:INFO:Inc_Learning:216: Epoch 14/15 Average Loss: 0.10662046074867249 / MA Loss: 0.1985679641366005
2024-03-12 15:28:47,674:INFO:Inc_Learning:174: Epoch: 15/15
2024-03-12 15:28:48,647:INFO:Inc_Learning:215: Epoch 15/15 Train Accuracy:  92.00%
2024-03-12 15:28:48,647:INFO:Inc_Learning:216: Epoch 15/15 Average Loss: 0.2055029273033142 / MA Loss: 0.20495687127113343
2024-03-12 15:28:48,684:INFO:Inc_Learning:504: Statistics for task identification ...
2024-03-12 15:28:49,564:INFO:Inc_Learning:223: The pseudo-labeling phase is started ...
2024-03-12 15:30:51,215:INFO:Inc_Learning:297: The training of the PredictionNet is started.
2024-03-12 15:30:51,362:INFO:Inc_Learning:390: Epoch: 000/300, MA loss: 0.16352762281894684
2024-03-12 15:30:51,372:INFO:Inc_Learning:390: Epoch: 010/300, MA loss: 0.058981642465699806
2024-03-12 15:30:51,383:INFO:Inc_Learning:390: Epoch: 020/300, MA loss: 0.028684193175286053
2024-03-12 15:30:51,394:INFO:Inc_Learning:390: Epoch: 030/300, MA loss: 0.005441012763185427
2024-03-12 15:30:51,405:INFO:Inc_Learning:390: Epoch: 040/300, MA loss: 0.0014006440513185225
2024-03-12 15:30:51,417:INFO:Inc_Learning:390: Epoch: 050/300, MA loss: 0.0005190932475670707
2024-03-12 15:30:51,428:INFO:Inc_Learning:390: Epoch: 060/300, MA loss: 0.00018551088596723274
2024-03-12 15:30:51,440:INFO:Inc_Learning:390: Epoch: 070/300, MA loss: 6.353508242682438e-05
2024-03-12 15:30:51,452:INFO:Inc_Learning:390: Epoch: 080/300, MA loss: 2.3200320902105888e-05
2024-03-12 15:30:51,463:INFO:Inc_Learning:390: Epoch: 090/300, MA loss: 8.57892123349302e-06
2024-03-12 15:30:51,475:INFO:Inc_Learning:390: Epoch: 100/300, MA loss: 2.960884046387946e-06
2024-03-12 15:30:51,486:INFO:Inc_Learning:390: Epoch: 110/300, MA loss: 1.0618039254950417e-06
2024-03-12 15:30:51,498:INFO:Inc_Learning:390: Epoch: 120/300, MA loss: 3.9415004096099435e-07
2024-03-12 15:30:51,509:INFO:Inc_Learning:390: Epoch: 130/300, MA loss: 1.3492694730388167e-07
2024-03-12 15:30:51,521:INFO:Inc_Learning:390: Epoch: 140/300, MA loss: 4.841657066378957e-08
2024-03-12 15:30:51,532:INFO:Inc_Learning:390: Epoch: 150/300, MA loss: 1.7463458457100955e-08
2024-03-12 15:30:51,544:INFO:Inc_Learning:390: Epoch: 160/300, MA loss: 6.136264463219021e-09
2024-03-12 15:30:51,555:INFO:Inc_Learning:390: Epoch: 170/300, MA loss: 2.163847484526471e-09
2024-03-12 15:30:51,567:INFO:Inc_Learning:390: Epoch: 180/300, MA loss: 7.712983016161523e-10
2024-03-12 15:30:51,579:INFO:Inc_Learning:390: Epoch: 190/300, MA loss: 2.7491319463945896e-10
2024-03-12 15:30:51,590:INFO:Inc_Learning:390: Epoch: 200/300, MA loss: 9.593464963403297e-11
2024-03-12 15:30:51,602:INFO:Inc_Learning:390: Epoch: 210/300, MA loss: 3.395189047440683e-11
2024-03-12 15:30:51,613:INFO:Inc_Learning:390: Epoch: 220/300, MA loss: 1.2112644567907616e-11
2024-03-12 15:30:51,625:INFO:Inc_Learning:390: Epoch: 230/300, MA loss: 4.223980562025054e-12
2024-03-12 15:30:51,636:INFO:Inc_Learning:390: Epoch: 240/300, MA loss: 1.5180907475109001e-12
2024-03-12 15:30:51,648:INFO:Inc_Learning:390: Epoch: 250/300, MA loss: 5.287799339289291e-13
2024-03-12 15:30:51,659:INFO:Inc_Learning:390: Epoch: 260/300, MA loss: 1.8605130728144987e-13
2024-03-12 15:30:51,671:INFO:Inc_Learning:390: Epoch: 270/300, MA loss: 6.582229226121252e-14
2024-03-12 15:30:51,682:INFO:Inc_Learning:390: Epoch: 280/300, MA loss: 2.2707344207397894e-14
2024-03-12 15:30:51,694:INFO:Inc_Learning:390: Epoch: 290/300, MA loss: 8.178086514482415e-15
2024-03-12 15:30:51,704:INFO:Inc_Learning:390: Epoch: 299/300, MA loss: 3.294511132593403e-15
2024-03-12 15:30:51,705:INFO:Inc_Learning:504: Statistics for task identification ...
2024-03-12 15:30:51,898:INFO:Inc_Learning:420: Evaluating the test set after task 7 ...
2024-03-12 15:33:10,352:INFO:Inc_Learning:472: Evaluation Accuracy (oracle) after task 7:  77.32%
2024-03-12 15:33:10,353:INFO:Inc_Learning:483: Evaluation Accuracy after task 7:  54.09%
2024-03-12 15:33:10,353:INFO:Inc_Learning:484: Accuracy of task-id detection after task 7:  64.98%
2024-03-12 15:33:10,353:INFO:Inc_Learning:490: Accuracy (Oracle) for task 0 =  80.02%
2024-03-12 15:33:10,354:INFO:Inc_Learning:494: Accuracy of task 0 =  72.93%
2024-03-12 15:33:10,354:INFO:Inc_Learning:490: Accuracy (Oracle) for task 1 =  59.00%
2024-03-12 15:33:10,354:INFO:Inc_Learning:494: Accuracy of task 1 =  2.20%
2024-03-12 15:33:10,354:INFO:Inc_Learning:490: Accuracy (Oracle) for task 2 =  73.80%
2024-03-12 15:33:10,354:INFO:Inc_Learning:494: Accuracy of task 2 =  11.00%
2024-03-12 15:33:10,355:INFO:Inc_Learning:490: Accuracy (Oracle) for task 3 =  75.80%
2024-03-12 15:33:10,355:INFO:Inc_Learning:494: Accuracy of task 3 =  29.40%
2024-03-12 15:33:10,355:INFO:Inc_Learning:490: Accuracy (Oracle) for task 4 =  76.60%
2024-03-12 15:33:10,355:INFO:Inc_Learning:494: Accuracy of task 4 =  24.60%
2024-03-12 15:33:10,356:INFO:Inc_Learning:490: Accuracy (Oracle) for task 5 =  77.20%
2024-03-12 15:33:10,356:INFO:Inc_Learning:494: Accuracy of task 5 =  21.80%
2024-03-12 15:33:10,356:INFO:Inc_Learning:490: Accuracy (Oracle) for task 6 =  73.60%
2024-03-12 15:33:10,356:INFO:Inc_Learning:494: Accuracy of task 6 =  23.20%
2024-03-12 15:33:10,356:INFO:Inc_Learning:490: Accuracy (Oracle) for task 7 =  72.80%
2024-03-12 15:33:10,357:INFO:Inc_Learning:494: Accuracy of task 7 =  40.40%
2024-03-12 15:33:10,370:INFO:Inc_Learning:595: The incremental learning phase for task 7 is finished!
2024-03-12 15:33:10,371:INFO:Inc_Learning:507: Estimated remaining time: 3 minutes and 26 seconds
2024-03-12 15:33:10,371:INFO:Inc_Learning:584: The incremental learning phase for task 8 is started ...
2024-03-12 15:33:10,371:INFO:Inc_Learning:272: Prefixes are copied from task 7.
2024-03-12 15:33:10,372:INFO:Inc_Learning:222: The PredictionNet is copied from the previous task.
2024-03-12 15:33:10,463:INFO:Inc_Learning:143: The session file "data/index_list/mini_imagenet/num_base_classes=60,num_tasks=9,num_shots=5,seed=1/train_samples_for_task=9.txt" is loaded!
2024-03-12 15:33:10,493:INFO:Inc_Learning:143: The session file "data/index_list/mini_imagenet/num_base_classes=60,num_tasks=9,num_shots=5,seed=1/test_samples_for_task=9.txt" is loaded!
2024-03-12 15:33:11,434:INFO:Inc_Learning:174: Epoch: 1/15
2024-03-12 15:33:12,424:INFO:Inc_Learning:215: Epoch 1/15 Train Accuracy:  80.00%
2024-03-12 15:33:12,424:INFO:Inc_Learning:216: Epoch 1/15 Average Loss: 0.4514560401439667 / MA Loss: 0.4514560401439667
2024-03-12 15:33:12,424:INFO:Inc_Learning:174: Epoch: 2/15
2024-03-12 15:33:13,290:INFO:Inc_Learning:215: Epoch 2/15 Train Accuracy:  88.00%
2024-03-12 15:33:13,291:INFO:Inc_Learning:216: Epoch 2/15 Average Loss: 0.3019542098045349 / MA Loss: 0.3767051249742508
2024-03-12 15:33:13,291:INFO:Inc_Learning:174: Epoch: 3/15
2024-03-12 15:33:14,240:INFO:Inc_Learning:215: Epoch 3/15 Train Accuracy:  92.00%
2024-03-12 15:33:14,241:INFO:Inc_Learning:216: Epoch 3/15 Average Loss: 0.217966690659523 / MA Loss: 0.3237923135360082
2024-03-12 15:33:14,241:INFO:Inc_Learning:174: Epoch: 4/15
2024-03-12 15:33:15,243:INFO:Inc_Learning:215: Epoch 4/15 Train Accuracy:  92.00%
2024-03-12 15:33:15,243:INFO:Inc_Learning:216: Epoch 4/15 Average Loss: 0.3453313708305359 / MA Loss: 0.3291770778596401
2024-03-12 15:33:15,244:INFO:Inc_Learning:174: Epoch: 5/15
2024-03-12 15:33:16,279:INFO:Inc_Learning:215: Epoch 5/15 Train Accuracy:  88.00%
2024-03-12 15:33:16,279:INFO:Inc_Learning:216: Epoch 5/15 Average Loss: 0.5184990167617798 / MA Loss: 0.36704146564006807
2024-03-12 15:33:16,279:INFO:Inc_Learning:174: Epoch: 6/15
2024-03-12 15:33:17,395:INFO:Inc_Learning:215: Epoch 6/15 Train Accuracy:  92.00%
2024-03-12 15:33:17,396:INFO:Inc_Learning:216: Epoch 6/15 Average Loss: 0.32102131843566895 / MA Loss: 0.35937144110600155
2024-03-12 15:33:17,396:INFO:Inc_Learning:174: Epoch: 7/15
2024-03-12 15:33:18,379:INFO:Inc_Learning:215: Epoch 7/15 Train Accuracy:  92.00%
2024-03-12 15:33:18,380:INFO:Inc_Learning:216: Epoch 7/15 Average Loss: 0.24359261989593506 / MA Loss: 0.3428316095045635
2024-03-12 15:33:18,380:INFO:Inc_Learning:174: Epoch: 8/15
2024-03-12 15:33:19,318:INFO:Inc_Learning:215: Epoch 8/15 Train Accuracy:  88.00%
2024-03-12 15:33:19,318:INFO:Inc_Learning:216: Epoch 8/15 Average Loss: 0.37691810727119446 / MA Loss: 0.34709242172539234
2024-03-12 15:33:19,319:INFO:Inc_Learning:174: Epoch: 9/15
2024-03-12 15:33:20,291:INFO:Inc_Learning:215: Epoch 9/15 Train Accuracy:  92.00%
2024-03-12 15:33:20,291:INFO:Inc_Learning:216: Epoch 9/15 Average Loss: 0.2742782533168793 / MA Loss: 0.33900195856889087
2024-03-12 15:33:20,292:INFO:Inc_Learning:174: Epoch: 10/15
2024-03-12 15:33:21,240:INFO:Inc_Learning:215: Epoch 10/15 Train Accuracy:  84.00%
2024-03-12 15:33:21,241:INFO:Inc_Learning:216: Epoch 10/15 Average Loss: 0.47996631264686584 / MA Loss: 0.3530983939766884
2024-03-12 15:33:21,241:INFO:Inc_Learning:174: Epoch: 11/15
2024-03-12 15:33:22,191:INFO:Inc_Learning:215: Epoch 11/15 Train Accuracy:  96.00%
2024-03-12 15:33:22,191:INFO:Inc_Learning:216: Epoch 11/15 Average Loss: 0.17118847370147705 / MA Loss: 0.32507163733243943
2024-03-12 15:33:22,191:INFO:Inc_Learning:174: Epoch: 12/15
2024-03-12 15:33:23,081:INFO:Inc_Learning:215: Epoch 12/15 Train Accuracy:  84.00%
2024-03-12 15:33:23,081:INFO:Inc_Learning:216: Epoch 12/15 Average Loss: 0.3135739266872406 / MA Loss: 0.32623360902070997
2024-03-12 15:33:23,082:INFO:Inc_Learning:174: Epoch: 13/15
2024-03-12 15:33:24,062:INFO:Inc_Learning:215: Epoch 13/15 Train Accuracy:  92.00%
2024-03-12 15:33:24,063:INFO:Inc_Learning:216: Epoch 13/15 Average Loss: 0.2655773460865021 / MA Loss: 0.3309946745634079
2024-03-12 15:33:24,063:INFO:Inc_Learning:174: Epoch: 14/15
2024-03-12 15:33:24,881:INFO:Inc_Learning:215: Epoch 14/15 Train Accuracy:  84.00%
2024-03-12 15:33:24,882:INFO:Inc_Learning:216: Epoch 14/15 Average Loss: 0.3028569221496582 / MA Loss: 0.3267472296953201
2024-03-12 15:33:24,882:INFO:Inc_Learning:174: Epoch: 15/15
2024-03-12 15:33:25,874:INFO:Inc_Learning:215: Epoch 15/15 Train Accuracy:  96.00%
2024-03-12 15:33:25,875:INFO:Inc_Learning:216: Epoch 15/15 Average Loss: 0.2372785061597824 / MA Loss: 0.2986251786351204
2024-03-12 15:33:25,912:INFO:Inc_Learning:504: Statistics for task identification ...
2024-03-12 15:33:26,878:INFO:Inc_Learning:223: The pseudo-labeling phase is started ...
2024-03-12 15:35:48,595:INFO:Inc_Learning:297: The training of the PredictionNet is started.
2024-03-12 15:35:48,828:INFO:Inc_Learning:390: Epoch: 000/300, MA loss: 0.2751902937889099
2024-03-12 15:35:48,838:INFO:Inc_Learning:390: Epoch: 010/300, MA loss: 0.07908110540698875
2024-03-12 15:35:48,848:INFO:Inc_Learning:390: Epoch: 020/300, MA loss: 0.03561669536866248
2024-03-12 15:35:48,859:INFO:Inc_Learning:390: Epoch: 030/300, MA loss: 0.007234558620257303
2024-03-12 15:35:48,871:INFO:Inc_Learning:390: Epoch: 040/300, MA loss: 0.0018243613914819435
2024-03-12 15:35:48,883:INFO:Inc_Learning:390: Epoch: 050/300, MA loss: 0.0006480539188487456
2024-03-12 15:35:48,894:INFO:Inc_Learning:390: Epoch: 060/300, MA loss: 0.00023714855014986825
2024-03-12 15:35:48,906:INFO:Inc_Learning:390: Epoch: 070/300, MA loss: 8.16984328594117e-05
2024-03-12 15:35:48,917:INFO:Inc_Learning:390: Epoch: 080/300, MA loss: 2.9274763119246926e-05
2024-03-12 15:35:48,929:INFO:Inc_Learning:390: Epoch: 090/300, MA loss: 1.0827982384853385e-05
2024-03-12 15:35:48,941:INFO:Inc_Learning:390: Epoch: 100/300, MA loss: 3.7649456430699503e-06
2024-03-12 15:35:48,952:INFO:Inc_Learning:390: Epoch: 110/300, MA loss: 1.3692719946334364e-06
2024-03-12 15:35:48,964:INFO:Inc_Learning:390: Epoch: 120/300, MA loss: 4.84546087164972e-07
2024-03-12 15:35:48,975:INFO:Inc_Learning:390: Epoch: 130/300, MA loss: 1.7393431814838322e-07
2024-03-12 15:35:48,987:INFO:Inc_Learning:390: Epoch: 140/300, MA loss: 6.194220345534517e-08
2024-03-12 15:35:48,999:INFO:Inc_Learning:390: Epoch: 150/300, MA loss: 2.1819338047457393e-08
2024-03-12 15:35:49,010:INFO:Inc_Learning:390: Epoch: 160/300, MA loss: 7.781959321384591e-09
2024-03-12 15:35:49,022:INFO:Inc_Learning:390: Epoch: 170/300, MA loss: 2.7514943795603486e-09
2024-03-12 15:35:49,033:INFO:Inc_Learning:390: Epoch: 180/300, MA loss: 9.788671040400488e-10
2024-03-12 15:35:49,045:INFO:Inc_Learning:390: Epoch: 190/300, MA loss: 3.4442569213366524e-10
2024-03-12 15:35:49,057:INFO:Inc_Learning:390: Epoch: 200/300, MA loss: 1.235465223181631e-10
2024-03-12 15:35:49,068:INFO:Inc_Learning:390: Epoch: 210/300, MA loss: 4.2830428917048355e-11
2024-03-12 15:35:49,080:INFO:Inc_Learning:390: Epoch: 220/300, MA loss: 1.5372129675943202e-11
2024-03-12 15:35:49,091:INFO:Inc_Learning:390: Epoch: 230/300, MA loss: 5.371630164329247e-12
2024-03-12 15:35:49,103:INFO:Inc_Learning:390: Epoch: 240/300, MA loss: 1.9206961704692356e-12
2024-03-12 15:35:49,114:INFO:Inc_Learning:390: Epoch: 250/300, MA loss: 6.663299760860299e-13
2024-03-12 15:35:49,126:INFO:Inc_Learning:390: Epoch: 260/300, MA loss: 2.3468130752244113e-13
2024-03-12 15:35:49,138:INFO:Inc_Learning:390: Epoch: 270/300, MA loss: 8.091721415229855e-14
2024-03-12 15:35:49,149:INFO:Inc_Learning:390: Epoch: 280/300, MA loss: 2.839779972318209e-14
2024-03-12 15:35:49,161:INFO:Inc_Learning:390: Epoch: 290/300, MA loss: 9.805647680664816e-15
2024-03-12 15:35:49,171:INFO:Inc_Learning:390: Epoch: 299/300, MA loss: 3.9743906086244516e-15
2024-03-12 15:35:49,171:INFO:Inc_Learning:504: Statistics for task identification ...
2024-03-12 15:35:49,448:INFO:Inc_Learning:420: Evaluating the test set after task 8 ...
2024-03-12 15:38:29,538:INFO:Inc_Learning:472: Evaluation Accuracy (oracle) after task 8:  77.09%
2024-03-12 15:38:29,539:INFO:Inc_Learning:483: Evaluation Accuracy after task 8:  52.42%
2024-03-12 15:38:29,539:INFO:Inc_Learning:484: Accuracy of task-id detection after task 8:  62.78%
2024-03-12 15:38:29,539:INFO:Inc_Learning:490: Accuracy (Oracle) for task 0 =  80.03%
2024-03-12 15:38:29,540:INFO:Inc_Learning:494: Accuracy of task 0 =  70.85%
2024-03-12 15:38:29,540:INFO:Inc_Learning:490: Accuracy (Oracle) for task 1 =  58.40%
2024-03-12 15:38:29,540:INFO:Inc_Learning:494: Accuracy of task 1 =  2.00%
2024-03-12 15:38:29,540:INFO:Inc_Learning:490: Accuracy (Oracle) for task 2 =  74.60%
2024-03-12 15:38:29,540:INFO:Inc_Learning:494: Accuracy of task 2 =  9.00%
2024-03-12 15:38:29,541:INFO:Inc_Learning:490: Accuracy (Oracle) for task 3 =  76.00%
2024-03-12 15:38:29,541:INFO:Inc_Learning:494: Accuracy of task 3 =  28.20%
2024-03-12 15:38:29,541:INFO:Inc_Learning:490: Accuracy (Oracle) for task 4 =  76.80%
2024-03-12 15:38:29,541:INFO:Inc_Learning:494: Accuracy of task 4 =  22.80%
2024-03-12 15:38:29,541:INFO:Inc_Learning:490: Accuracy (Oracle) for task 5 =  76.60%
2024-03-12 15:38:29,542:INFO:Inc_Learning:494: Accuracy of task 5 =  23.00%
2024-03-12 15:38:29,542:INFO:Inc_Learning:490: Accuracy (Oracle) for task 6 =  73.80%
2024-03-12 15:38:29,542:INFO:Inc_Learning:494: Accuracy of task 6 =  23.80%
2024-03-12 15:38:29,542:INFO:Inc_Learning:490: Accuracy (Oracle) for task 7 =  72.40%
2024-03-12 15:38:29,542:INFO:Inc_Learning:494: Accuracy of task 7 =  43.20%
2024-03-12 15:38:29,542:INFO:Inc_Learning:490: Accuracy (Oracle) for task 8 =  72.80%
2024-03-12 15:38:29,543:INFO:Inc_Learning:494: Accuracy of task 8 =  46.20%
2024-03-12 15:38:29,556:INFO:Inc_Learning:595: The incremental learning phase for task 8 is finished!
2024-03-12 15:38:29,556:INFO:Inc_Learning:507: Estimated remaining time: 0 seconds
2024-03-12 15:38:29,557:INFO:Inc_Learning:602: Final accuracies after each incremental task:
2024-03-12 15:38:29,557:INFO:Inc_Learning:610: Task 0: 80.03
2024-03-12 15:38:29,557:INFO:Inc_Learning:610: Task 1: 74.08
2024-03-12 15:38:29,557:INFO:Inc_Learning:610: Task 2: 69.34
2024-03-12 15:38:29,557:INFO:Inc_Learning:610: Task 3: 66.31
2024-03-12 15:38:29,557:INFO:Inc_Learning:610: Task 4: 63.25
2024-03-12 15:38:29,557:INFO:Inc_Learning:610: Task 5: 60.20
2024-03-12 15:38:29,557:INFO:Inc_Learning:610: Task 6: 56.38
2024-03-12 15:38:29,557:INFO:Inc_Learning:610: Task 7: 54.09
2024-03-12 15:38:29,557:INFO:Inc_Learning:610: Task 8: 52.42
2024-03-12 15:38:29,557:INFO:Inc_Learning:612: The incremental learning phase is finished!
2024-03-12 15:38:29,557:INFO:Inc_Learning:613: The whole process took 36 minutes and 21 seconds
