2024-03-12 15:02:20,109:INFO:Inc_Learning:291: ('\nVersion Information: \n\tPyTorch: %s\n\tTorchVision: %s', '2.0.1+cu117', '0.15.2+cu117')
2024-03-12 15:02:20,125:INFO:Inc_Learning:323: class_permutation is loaded from the permutation file "data/index_list/mini_imagenet/num_base_classes=60,num_tasks=9,num_shots=5,seed=1/class_permutation.txt".
2024-03-12 15:02:21,912:INFO:Inc_Learning:512: The network was trained for 101 epochs, 0 iterations in phase supervised_learning
2024-03-12 15:02:21,938:INFO:Inc_Learning:573: We have loaded the head parameters from the saved file.
2024-03-12 15:02:21,938:INFO:Inc_Learning:581: We start from epoch 0, iteration 0
2024-03-12 15:02:21,938:INFO:Inc_Learning:593: File "/scratch/gx83/np9254/ROBUSTA-Saves/Mini-ImageNet/Phase_2,60_classes/P1P2,start_time=Date_2024-01-21,Time_10-03-18,seed=1-Best_Model.pt" is loaded
2024-03-12 15:02:21,985:INFO:Inc_Learning:244: --------------------------------------------------------------------- The given arguments ---------------------------------------------------------------------
2024-03-12 15:02:21,985:INFO:Inc_Learning:265: experiment_description = "Phase 3,Inc. learning"
2024-03-12 15:02:21,985:INFO:Inc_Learning:265: phase = "incremental_learning"
2024-03-12 15:02:21,985:INFO:Inc_Learning:259: Device = "cuda:0"
2024-03-12 15:02:21,985:INFO:Inc_Learning:263: seed = 1
2024-03-12 15:02:21,985:INFO:Inc_Learning:263: is_incremental = True
2024-03-12 15:02:21,985:INFO:Inc_Learning:263: tqdm_enabled = True
2024-03-12 15:02:21,985:INFO:Inc_Learning:263: resume = False
2024-03-12 15:02:21,985:INFO:Inc_Learning:265: time_str = "Date_2024-03-12,Time_15-02-20"
2024-03-12 15:02:21,985:INFO:Inc_Learning:263: image_size = 224
2024-03-12 15:02:21,985:INFO:Inc_Learning:263: in_channels = 3
2024-03-12 15:02:21,985:INFO:Inc_Learning:263: batch_size_base = 200
2024-03-12 15:02:21,985:INFO:Inc_Learning:263: batch_size_test = 100
2024-03-12 15:02:21,985:INFO:Inc_Learning:263: batch_size_new = 0
2024-03-12 15:02:21,985:INFO:Inc_Learning:263: batch_size_fine_tuning = 0
2024-03-12 15:02:21,985:INFO:Inc_Learning:265: settings_file = "Experiments/sensitivity Analysis/Adam/phase=3,seed=1,lr1=1e-3,lr2=1e-4.toml"
2024-03-12 15:02:21,985:INFO:Inc_Learning:265: directory_permutation_files = "data/index_list/mini_imagenet/num_base_classes=60,num_tasks=9,num_shots=5,seed=1"
2024-03-12 15:02:21,985:INFO:Inc_Learning:255: The network was previously trained for 0 epochs.
2024-03-12 15:02:21,985:INFO:Inc_Learning:257: The network was previously trained for 0 iterations.
2024-03-12 15:02:21,985:INFO:Inc_Learning:263: dino = False
2024-03-12 15:02:21,985:INFO:Inc_Learning:265: model_type = "CCT-14/7x2"
2024-03-12 15:02:21,985:INFO:Inc_Learning:263: prediction_net_list = []
2024-03-12 15:02:21,985:INFO:Inc_Learning:270: 
configs_arch:  {
  model_type = "CCT-14/7x2"
  use_BatchNorm = True
  use_BatchNorm_for_patch_embeddings = True
  temperature_stochastic_classifier = 16.0
  temperature_cosine_classifier = 10.0
  PositionalEmbeddingType = "Learnable"
  dropout_rate_classifier_head = 0.0
  number_of_the_first_layers_to_be_frozen = 0
  classifer_head_type = "Stochastic"
}
2024-03-12 15:02:21,985:INFO:Inc_Learning:270: 
configs_dataset:  {
  dataroot = "/scratch/gx83/np9254/Datasets/FSCIL/CEC/"
  dataset_name = "mini_imagenet"
  num_workers = 10
  total_classes = 100
  num_base_classes = 60
  num_tasks = 9
  num_shots = 5
  drop_last_base = True
  num_ways = 5
}
2024-03-12 15:02:21,985:INFO:Inc_Learning:270: 
configs_logger:  {
  display_interval = 0.5
  display_freq = 50
  moving_average_capacity = 50
  log_file = "/scratch/gx83/np9254/ROBUSTA-Saves/Mini-ImageNet/Phase_3,60_classes/5-shot/Sensitivity analysis/Adam/Time=Date_2024-03-12,Time_15-02-20,Desc=Phase 3,Inc. learning,seed=1.log"
}
2024-03-12 15:02:21,986:INFO:Inc_Learning:270: 
configs_save:  {
  save_freq_epoch = 10
  save_freq_iter = 2000
  time_interval_to_save = 60
  root = "/scratch/gx83/np9254/ROBUSTA-Saves/Mini-ImageNet/Phase_3,60_classes/5-shot/Sensitivity analysis/Adam"
  input_file = "/scratch/gx83/np9254/ROBUSTA-Saves/Mini-ImageNet/Phase_2,60_classes/P1P2,start_time=Date_2024-01-21,Time_10-03-18,seed=1-Best_Model.pt"
  output_file = "P1P2P3,start_time=Date_2024-03-12,Time_15-02-20"
}
2024-03-12 15:02:21,986:INFO:Inc_Learning:270: 
configs_FSCIL:  {
  num_epochs = [4, 15, 15, 15, 15, 15, 15, 15, 15]
  update_mu = True
  fine_tune = True
  freeze_backbone = True
  use_delta_parameters_for_base_task = True
  use_prefixes_for_distance_calculations = True
  use_shared_covariance = True
  start_from_task = 0
  randomize_selected_classes = False
  tasks_or_classes_for_Mahalanobis_distance_calculations = "classes"
  enable_Mahalanobis_distance = True
  use_pseudo_labeled_samples_for_task_identification = [True, True, True, True, True, True, True, True, True]
  configs_PEFT = {
    prefix_seq_length = [16, 16, 16, 16, 16, 16, 16, 16, 16]
    number_of_layers_for_prefixes = [-1, -1, -1, -1, -1, -1, -1, -1, -1]
    fusion_mode = "last"
    prefix_or_prompt = "prefix"
  }  
  optimizer = {
    optimizer_name = "Adam"
    lr_head = [0.001, 0.001, 0.001, 0.001, 0.001, 0.001, 0.001, 0.001, 0.001]
    lr_prefixes_or_prompts = [0.001, 0.001, 0.001, 0.001, 0.001, 0.001, 0.001, 0.001, 0.001]
    lr = [0.001, 0.001, 0.001, 0.001, 0.001, 0.001, 0.001, 0.001, 0.001]
    lr_backbone = [0.001, 0.001, 0.001, 0.001, 0.001, 0.001, 0.001, 0.001, 0.001]
    momentum = 0.9
    momentum2 = 0.999
    dampening = 0
    nesterov = True
    weight_decay = [0.0, 0.0, 0.0, 0.0, 0.0, 0.0, 0.0, 0.0, 0.0]
  }  
  scheduler = {
    name = "ReduceLROnPlateau"
    mode = "min"
    factor = 0.25
    patience = 5
    cooldown = 0
    min_lr = 0
    verbose = True
    moving_average_capacity = 10
  }  
  evaluation = {
    ignore_logits_for_other_tasks = True
    stochastic = True
  }  
  PredictionNet = {
    enabled = True
    num_epochs = [300, 300, 300, 300, 300, 300, 300, 300, 300]
    separate_PredictionNet_for_each_task = True
    use_PredictionNet_for_this_task = [True, True, True, True, True, True, True, True, True]
    use_pseudo_labeled_test_samples = [False, True, True, True, True, True, True, True, True]
    batch_size_for_Pseudo_labelling = 100
    batch_size_for_PredictionNet = 100
    n_layers = 2
    size_hidden_layer = 384
    use_real_residual_connections = False
    dropout_rate = 0.0
    bias = True
    num_outliers = [5, 1, 1, 1, 1, 1, 1, 1, 1]
    display_freq = 10
    remember_from_previous_task = True
    use_the_best_model = False
    loss = "MSE"
    optimizer = {
      optimizer_name = "Adam"
      lr = [0.0001, 0.0001, 0.0001, 0.0001, 0.0001, 0.0001, 0.0001, 0.0001, 0.0001]
      momentum = 0.9
      momentum2 = 0.999
      nesterov = True
      weight_decay = [0.0, 0.0, 0.0, 0.0, 0.0, 0.0, 0.0, 0.0, 0.0]
    }    
    scheduler = {
      name = "ReduceLROnPlateau"
      mode = "min"
      factor = 0.25
      patience = 10000
      cooldown = 0
      min_lr = 0
      verbose = True
      moving_average_capacity = 20
    }    
  }  
}
2024-03-12 15:02:21,986:INFO:Inc_Learning:272: --------------------------------------------------------------------------------
2024-03-12 15:02:22,158:INFO:Inc_Learning:143: The session file "data/index_list/mini_imagenet/num_base_classes=60,num_tasks=9,num_shots=5,seed=1/train_samples_for_task=1.txt" is loaded!
2024-03-12 15:02:22,184:INFO:Inc_Learning:143: The session file "data/index_list/mini_imagenet/num_base_classes=60,num_tasks=9,num_shots=5,seed=1/test_samples_for_task=1.txt" is loaded!
2024-03-12 15:02:22,254:INFO:Inc_Learning:584: The incremental learning phase for task 0 is started ...
2024-03-12 15:02:22,254:INFO:Inc_Learning:269: Prefixes are randomly initialized for task 0.
2024-03-12 15:02:22,366:INFO:Inc_Learning:143: The session file "data/index_list/mini_imagenet/num_base_classes=60,num_tasks=9,num_shots=5,seed=1/train_samples_for_task=1.txt" is loaded!
2024-03-12 15:02:22,388:INFO:Inc_Learning:143: The session file "data/index_list/mini_imagenet/num_base_classes=60,num_tasks=9,num_shots=5,seed=1/test_samples_for_task=1.txt" is loaded!
2024-03-12 15:03:12,249:INFO:Inc_Learning:174: Epoch: 1/4
2024-03-12 15:04:41,729:INFO:Inc_Learning:215: Epoch 1/4 Train Accuracy:  86.79%
2024-03-12 15:04:41,732:INFO:Inc_Learning:216: Epoch 1/4 Average Loss: 0.48973199804623924 / MA Loss: 0.48206786811351776
2024-03-12 15:04:41,734:INFO:Inc_Learning:174: Epoch: 2/4
2024-03-12 15:06:10,597:INFO:Inc_Learning:215: Epoch 2/4 Train Accuracy:  87.28%
2024-03-12 15:06:10,600:INFO:Inc_Learning:216: Epoch 2/4 Average Loss: 0.477055865128835 / MA Loss: 0.5114359527826309
2024-03-12 15:06:10,601:INFO:Inc_Learning:174: Epoch: 3/4
2024-03-12 15:07:39,172:INFO:Inc_Learning:215: Epoch 3/4 Train Accuracy:  87.55%
2024-03-12 15:07:39,173:INFO:Inc_Learning:216: Epoch 3/4 Average Loss: 0.46206475456555685 / MA Loss: 0.4651794046163559
2024-03-12 15:07:39,174:INFO:Inc_Learning:174: Epoch: 4/4
2024-03-12 15:09:07,519:INFO:Inc_Learning:215: Epoch 4/4 Train Accuracy:  87.62%
2024-03-12 15:09:07,519:INFO:Inc_Learning:216: Epoch 4/4 Average Loss: 0.46016624907652537 / MA Loss: 0.4822159856557846
2024-03-12 15:09:07,571:INFO:Inc_Learning:504: Statistics for task identification ...
2024-03-12 15:09:56,625:INFO:Inc_Learning:223: The pseudo-labeling phase is started ...
2024-03-12 15:10:57,294:INFO:Inc_Learning:297: The training of the PredictionNet is started.
2024-03-12 15:11:48,819:INFO:Inc_Learning:390: Epoch: 000/300, MA loss: 0.42459870378176373
2024-03-12 15:11:48,891:INFO:Inc_Learning:390: Epoch: 010/300, MA loss: 0.3426661387085915
2024-03-12 15:11:48,956:INFO:Inc_Learning:390: Epoch: 020/300, MA loss: 0.2927411913871765
2024-03-12 15:11:49,021:INFO:Inc_Learning:390: Epoch: 030/300, MA loss: 0.2570817694067955
2024-03-12 15:11:49,085:INFO:Inc_Learning:390: Epoch: 040/300, MA loss: 0.22539744451642035
2024-03-12 15:11:49,150:INFO:Inc_Learning:390: Epoch: 050/300, MA loss: 0.200137647241354
2024-03-12 15:11:49,215:INFO:Inc_Learning:390: Epoch: 060/300, MA loss: 0.18011262863874436
2024-03-12 15:11:49,279:INFO:Inc_Learning:390: Epoch: 070/300, MA loss: 0.16492802724242211
2024-03-12 15:11:49,344:INFO:Inc_Learning:390: Epoch: 080/300, MA loss: 0.15026615858078002
2024-03-12 15:11:49,408:INFO:Inc_Learning:390: Epoch: 090/300, MA loss: 0.1384702928364277
2024-03-12 15:11:49,473:INFO:Inc_Learning:390: Epoch: 100/300, MA loss: 0.1275468610227108
2024-03-12 15:11:49,538:INFO:Inc_Learning:390: Epoch: 110/300, MA loss: 0.11922754384577275
2024-03-12 15:11:49,602:INFO:Inc_Learning:390: Epoch: 120/300, MA loss: 0.10991576835513114
2024-03-12 15:11:49,667:INFO:Inc_Learning:390: Epoch: 130/300, MA loss: 0.10172894485294819
2024-03-12 15:11:49,731:INFO:Inc_Learning:390: Epoch: 140/300, MA loss: 0.09409587644040585
2024-03-12 15:11:49,795:INFO:Inc_Learning:390: Epoch: 150/300, MA loss: 0.08801723457872868
2024-03-12 15:11:49,860:INFO:Inc_Learning:390: Epoch: 160/300, MA loss: 0.08124044984579086
2024-03-12 15:11:49,924:INFO:Inc_Learning:390: Epoch: 170/300, MA loss: 0.07567554526031017
2024-03-12 15:11:49,992:INFO:Inc_Learning:390: Epoch: 180/300, MA loss: 0.06959843877702951
2024-03-12 15:11:50,056:INFO:Inc_Learning:390: Epoch: 190/300, MA loss: 0.06481174975633622
2024-03-12 15:11:50,120:INFO:Inc_Learning:390: Epoch: 200/300, MA loss: 0.06032930240035057
2024-03-12 15:11:50,185:INFO:Inc_Learning:390: Epoch: 210/300, MA loss: 0.055417392030358316
2024-03-12 15:11:50,250:INFO:Inc_Learning:390: Epoch: 220/300, MA loss: 0.051252408884465694
2024-03-12 15:11:50,314:INFO:Inc_Learning:390: Epoch: 230/300, MA loss: 0.04763730838894844
2024-03-12 15:11:50,379:INFO:Inc_Learning:390: Epoch: 240/300, MA loss: 0.04420596547424793
2024-03-12 15:11:50,443:INFO:Inc_Learning:390: Epoch: 250/300, MA loss: 0.040974538773298264
2024-03-12 15:11:50,507:INFO:Inc_Learning:390: Epoch: 260/300, MA loss: 0.03808564860373735
2024-03-12 15:11:50,572:INFO:Inc_Learning:390: Epoch: 270/300, MA loss: 0.035188207775354384
2024-03-12 15:11:50,636:INFO:Inc_Learning:390: Epoch: 280/300, MA loss: 0.03263539485633373
2024-03-12 15:11:50,701:INFO:Inc_Learning:390: Epoch: 290/300, MA loss: 0.030799176916480063
2024-03-12 15:11:50,759:INFO:Inc_Learning:390: Epoch: 299/300, MA loss: 0.02871912494301796
2024-03-12 15:11:50,759:INFO:Inc_Learning:504: Statistics for task identification ...
2024-03-12 15:12:57,663:INFO:Inc_Learning:420: Evaluating the test set after task 0 ...
2024-03-12 15:13:09,071:INFO:Inc_Learning:472: Evaluation Accuracy (oracle) after task 0:  80.57%
2024-03-12 15:13:09,075:INFO:Inc_Learning:490: Accuracy (Oracle) for task 0 =  80.57%
2024-03-12 15:13:09,090:INFO:Inc_Learning:595: The incremental learning phase for task 0 is finished!
2024-03-12 15:13:09,090:INFO:Inc_Learning:507: Estimated remaining time: 43 minutes and 7 seconds
2024-03-12 15:13:09,091:INFO:Inc_Learning:584: The incremental learning phase for task 1 is started ...
2024-03-12 15:13:09,091:INFO:Inc_Learning:272: Prefixes are copied from task 0.
2024-03-12 15:13:09,094:INFO:Inc_Learning:222: The PredictionNet is copied from the previous task.
2024-03-12 15:13:09,190:INFO:Inc_Learning:143: The session file "data/index_list/mini_imagenet/num_base_classes=60,num_tasks=9,num_shots=5,seed=1/train_samples_for_task=2.txt" is loaded!
2024-03-12 15:13:09,215:INFO:Inc_Learning:143: The session file "data/index_list/mini_imagenet/num_base_classes=60,num_tasks=9,num_shots=5,seed=1/test_samples_for_task=2.txt" is loaded!
2024-03-12 15:13:10,347:INFO:Inc_Learning:174: Epoch: 1/15
2024-03-12 15:13:11,330:INFO:Inc_Learning:215: Epoch 1/15 Train Accuracy:  100.00%
2024-03-12 15:13:11,330:INFO:Inc_Learning:216: Epoch 1/15 Average Loss: 0.14874418079853058 / MA Loss: 0.14874418079853058
2024-03-12 15:13:11,330:INFO:Inc_Learning:174: Epoch: 2/15
2024-03-12 15:13:12,334:INFO:Inc_Learning:215: Epoch 2/15 Train Accuracy:  96.00%
2024-03-12 15:13:12,334:INFO:Inc_Learning:216: Epoch 2/15 Average Loss: 0.20328547060489655 / MA Loss: 0.17601482570171356
2024-03-12 15:13:12,335:INFO:Inc_Learning:174: Epoch: 3/15
2024-03-12 15:13:13,349:INFO:Inc_Learning:215: Epoch 3/15 Train Accuracy:  80.00%
2024-03-12 15:13:13,350:INFO:Inc_Learning:216: Epoch 3/15 Average Loss: 0.3287300765514374 / MA Loss: 0.22691990931828818
2024-03-12 15:13:13,350:INFO:Inc_Learning:174: Epoch: 4/15
2024-03-12 15:13:14,354:INFO:Inc_Learning:215: Epoch 4/15 Train Accuracy:  96.00%
2024-03-12 15:13:14,354:INFO:Inc_Learning:216: Epoch 4/15 Average Loss: 0.21568305790424347 / MA Loss: 0.224110696464777
2024-03-12 15:13:14,354:INFO:Inc_Learning:174: Epoch: 5/15
2024-03-12 15:13:15,344:INFO:Inc_Learning:215: Epoch 5/15 Train Accuracy:  92.00%
2024-03-12 15:13:15,345:INFO:Inc_Learning:216: Epoch 5/15 Average Loss: 0.22289451956748962 / MA Loss: 0.22386746108531952
2024-03-12 15:13:15,345:INFO:Inc_Learning:174: Epoch: 6/15
2024-03-12 15:13:16,259:INFO:Inc_Learning:215: Epoch 6/15 Train Accuracy:  100.00%
2024-03-12 15:13:16,259:INFO:Inc_Learning:216: Epoch 6/15 Average Loss: 0.16459773480892181 / MA Loss: 0.21398917337258658
2024-03-12 15:13:16,259:INFO:Inc_Learning:174: Epoch: 7/15
2024-03-12 15:13:17,218:INFO:Inc_Learning:215: Epoch 7/15 Train Accuracy:  100.00%
2024-03-12 15:13:17,219:INFO:Inc_Learning:216: Epoch 7/15 Average Loss: 0.21230439841747284 / MA Loss: 0.21374849123614176
2024-03-12 15:13:17,219:INFO:Inc_Learning:174: Epoch: 8/15
2024-03-12 15:13:18,223:INFO:Inc_Learning:215: Epoch 8/15 Train Accuracy:  92.00%
2024-03-12 15:13:18,223:INFO:Inc_Learning:216: Epoch 8/15 Average Loss: 0.2797134518623352 / MA Loss: 0.22199411131441593
2024-03-12 15:13:18,224:INFO:Inc_Learning:174: Epoch: 9/15
2024-03-12 15:13:19,151:INFO:Inc_Learning:215: Epoch 9/15 Train Accuracy:  92.00%
2024-03-12 15:13:19,152:INFO:Inc_Learning:216: Epoch 9/15 Average Loss: 0.32034003734588623 / MA Loss: 0.23292143642902374
2024-03-12 15:13:19,152:INFO:Inc_Learning:174: Epoch: 10/15
2024-03-12 15:13:20,114:INFO:Inc_Learning:215: Epoch 10/15 Train Accuracy:  88.00%
2024-03-12 15:13:20,114:INFO:Inc_Learning:216: Epoch 10/15 Average Loss: 0.25245240330696106 / MA Loss: 0.23487453311681747
2024-03-12 15:13:20,114:INFO:Inc_Learning:174: Epoch: 11/15
2024-03-12 15:13:21,127:INFO:Inc_Learning:215: Epoch 11/15 Train Accuracy:  96.00%
2024-03-12 15:13:21,127:INFO:Inc_Learning:216: Epoch 11/15 Average Loss: 0.2354259341955185 / MA Loss: 0.24354270845651627
2024-03-12 15:13:21,127:INFO:Inc_Learning:174: Epoch: 12/15
2024-03-12 15:13:22,246:INFO:Inc_Learning:215: Epoch 12/15 Train Accuracy:  92.00%
2024-03-12 15:13:22,247:INFO:Inc_Learning:216: Epoch 12/15 Average Loss: 0.2728753089904785 / MA Loss: 0.25050169229507446
2024-03-12 15:13:22,247:INFO:Inc_Learning:174: Epoch: 13/15
2024-03-12 15:13:23,204:INFO:Inc_Learning:215: Epoch 13/15 Train Accuracy:  96.00%
2024-03-12 15:13:23,204:INFO:Inc_Learning:216: Epoch 13/15 Average Loss: 0.11775283515453339 / MA Loss: 0.22940396815538405
2024-03-12 15:13:23,204:INFO:Inc_Learning:174: Epoch: 14/15
2024-03-12 15:13:24,165:INFO:Inc_Learning:215: Epoch 14/15 Train Accuracy:  100.00%
2024-03-12 15:13:24,166:INFO:Inc_Learning:216: Epoch 14/15 Average Loss: 0.11788992583751678 / MA Loss: 0.2196246549487114
2024-03-12 15:13:24,166:INFO:Inc_Learning:174: Epoch: 15/15
2024-03-12 15:13:25,139:INFO:Inc_Learning:215: Epoch 15/15 Train Accuracy:  88.00%
2024-03-12 15:13:25,140:INFO:Inc_Learning:216: Epoch 15/15 Average Loss: 0.29683545231819153 / MA Loss: 0.2270187482237816
2024-03-12 15:13:25,180:INFO:Inc_Learning:504: Statistics for task identification ...
2024-03-12 15:13:26,143:INFO:Inc_Learning:223: The pseudo-labeling phase is started ...
2024-03-12 15:13:56,176:INFO:Inc_Learning:297: The training of the PredictionNet is started.
2024-03-12 15:13:56,258:INFO:Inc_Learning:390: Epoch: 000/300, MA loss: 0.2273537814617157
2024-03-12 15:13:56,268:INFO:Inc_Learning:390: Epoch: 010/300, MA loss: 0.15647442977536807
2024-03-12 15:13:56,280:INFO:Inc_Learning:390: Epoch: 020/300, MA loss: 0.10928937550634146
2024-03-12 15:13:56,291:INFO:Inc_Learning:390: Epoch: 030/300, MA loss: 0.052913897950202224
2024-03-12 15:13:56,303:INFO:Inc_Learning:390: Epoch: 040/300, MA loss: 0.02879851246252656
2024-03-12 15:13:56,314:INFO:Inc_Learning:390: Epoch: 050/300, MA loss: 0.01637168265879154
2024-03-12 15:13:56,326:INFO:Inc_Learning:390: Epoch: 060/300, MA loss: 0.00907261346001178
2024-03-12 15:13:56,337:INFO:Inc_Learning:390: Epoch: 070/300, MA loss: 0.004825277533382177
2024-03-12 15:13:56,349:INFO:Inc_Learning:390: Epoch: 080/300, MA loss: 0.002455197932431474
2024-03-12 15:13:56,361:INFO:Inc_Learning:390: Epoch: 090/300, MA loss: 0.001199885769165121
2024-03-12 15:13:56,372:INFO:Inc_Learning:390: Epoch: 100/300, MA loss: 0.0005713921447750181
2024-03-12 15:13:56,384:INFO:Inc_Learning:390: Epoch: 110/300, MA loss: 0.000269087114429567
2024-03-12 15:13:56,395:INFO:Inc_Learning:390: Epoch: 120/300, MA loss: 0.00012646744562516687
2024-03-12 15:13:56,407:INFO:Inc_Learning:390: Epoch: 130/300, MA loss: 5.960994876659242e-05
2024-03-12 15:13:56,419:INFO:Inc_Learning:390: Epoch: 140/300, MA loss: 2.8198811423862936e-05
2024-03-12 15:13:56,430:INFO:Inc_Learning:390: Epoch: 150/300, MA loss: 1.3372481794249324e-05
2024-03-12 15:13:56,442:INFO:Inc_Learning:390: Epoch: 160/300, MA loss: 6.337686329516146e-06
2024-03-12 15:13:56,453:INFO:Inc_Learning:390: Epoch: 170/300, MA loss: 2.989111857232274e-06
2024-03-12 15:13:56,465:INFO:Inc_Learning:390: Epoch: 180/300, MA loss: 1.3962873651962583e-06
2024-03-12 15:13:56,476:INFO:Inc_Learning:390: Epoch: 190/300, MA loss: 6.425515508112767e-07
2024-03-12 15:13:56,488:INFO:Inc_Learning:390: Epoch: 200/300, MA loss: 2.8946330097312514e-07
2024-03-12 15:13:56,499:INFO:Inc_Learning:390: Epoch: 210/300, MA loss: 1.267438532792653e-07
2024-03-12 15:13:56,511:INFO:Inc_Learning:390: Epoch: 220/300, MA loss: 5.354218899356056e-08
2024-03-12 15:13:56,522:INFO:Inc_Learning:390: Epoch: 230/300, MA loss: 2.165947448062866e-08
2024-03-12 15:13:56,534:INFO:Inc_Learning:390: Epoch: 240/300, MA loss: 8.333276646510513e-09
2024-03-12 15:13:56,545:INFO:Inc_Learning:390: Epoch: 250/300, MA loss: 3.029392839359879e-09
2024-03-12 15:13:56,557:INFO:Inc_Learning:390: Epoch: 260/300, MA loss: 1.0316508536334369e-09
2024-03-12 15:13:56,568:INFO:Inc_Learning:390: Epoch: 270/300, MA loss: 3.2488028621491247e-10
2024-03-12 15:13:56,580:INFO:Inc_Learning:390: Epoch: 280/300, MA loss: 9.284079642221666e-11
2024-03-12 15:13:56,591:INFO:Inc_Learning:390: Epoch: 290/300, MA loss: 2.3482727980021766e-11
2024-03-12 15:13:56,602:INFO:Inc_Learning:390: Epoch: 299/300, MA loss: 6.021524335468424e-12
2024-03-12 15:13:56,602:INFO:Inc_Learning:504: Statistics for task identification ...
2024-03-12 15:13:56,720:INFO:Inc_Learning:420: Evaluating the test set after task 1 ...
2024-03-12 15:14:35,657:INFO:Inc_Learning:472: Evaluation Accuracy (oracle) after task 1:  78.88%
2024-03-12 15:14:35,658:INFO:Inc_Learning:483: Evaluation Accuracy after task 1:  74.71%
2024-03-12 15:14:35,658:INFO:Inc_Learning:484: Accuracy of task-id detection after task 1:  92.68%
2024-03-12 15:14:35,658:INFO:Inc_Learning:490: Accuracy (Oracle) for task 0 =  80.60%
2024-03-12 15:14:35,659:INFO:Inc_Learning:494: Accuracy of task 0 =  80.52%
2024-03-12 15:14:35,659:INFO:Inc_Learning:490: Accuracy (Oracle) for task 1 =  58.20%
2024-03-12 15:14:35,659:INFO:Inc_Learning:494: Accuracy of task 1 =  5.00%
2024-03-12 15:14:35,672:INFO:Inc_Learning:595: The incremental learning phase for task 1 is finished!
2024-03-12 15:14:35,672:INFO:Inc_Learning:507: Estimated remaining time: 28 minutes and 31 seconds
2024-03-12 15:14:35,672:INFO:Inc_Learning:584: The incremental learning phase for task 2 is started ...
2024-03-12 15:14:35,672:INFO:Inc_Learning:272: Prefixes are copied from task 1.
2024-03-12 15:14:35,673:INFO:Inc_Learning:222: The PredictionNet is copied from the previous task.
2024-03-12 15:14:35,758:INFO:Inc_Learning:143: The session file "data/index_list/mini_imagenet/num_base_classes=60,num_tasks=9,num_shots=5,seed=1/train_samples_for_task=3.txt" is loaded!
2024-03-12 15:14:35,784:INFO:Inc_Learning:143: The session file "data/index_list/mini_imagenet/num_base_classes=60,num_tasks=9,num_shots=5,seed=1/test_samples_for_task=3.txt" is loaded!
2024-03-12 15:14:36,838:INFO:Inc_Learning:174: Epoch: 1/15
2024-03-12 15:14:37,820:INFO:Inc_Learning:215: Epoch 1/15 Train Accuracy:  96.00%
2024-03-12 15:14:37,820:INFO:Inc_Learning:216: Epoch 1/15 Average Loss: 0.15261246263980865 / MA Loss: 0.15261246263980865
2024-03-12 15:14:37,820:INFO:Inc_Learning:174: Epoch: 2/15
2024-03-12 15:14:38,762:INFO:Inc_Learning:215: Epoch 2/15 Train Accuracy:  92.00%
2024-03-12 15:14:38,762:INFO:Inc_Learning:216: Epoch 2/15 Average Loss: 0.16145609319210052 / MA Loss: 0.1570342779159546
2024-03-12 15:14:38,762:INFO:Inc_Learning:174: Epoch: 3/15
2024-03-12 15:14:39,779:INFO:Inc_Learning:215: Epoch 3/15 Train Accuracy:  96.00%
2024-03-12 15:14:39,780:INFO:Inc_Learning:216: Epoch 3/15 Average Loss: 0.15975549817085266 / MA Loss: 0.15794135133425394
2024-03-12 15:14:39,780:INFO:Inc_Learning:174: Epoch: 4/15
2024-03-12 15:14:40,688:INFO:Inc_Learning:215: Epoch 4/15 Train Accuracy:  96.00%
2024-03-12 15:14:40,689:INFO:Inc_Learning:216: Epoch 4/15 Average Loss: 0.1516491174697876 / MA Loss: 0.15636829286813736
2024-03-12 15:14:40,689:INFO:Inc_Learning:174: Epoch: 5/15
2024-03-12 15:14:41,589:INFO:Inc_Learning:215: Epoch 5/15 Train Accuracy:  92.00%
2024-03-12 15:14:41,589:INFO:Inc_Learning:216: Epoch 5/15 Average Loss: 0.2633509337902069 / MA Loss: 0.17776482105255126
2024-03-12 15:14:41,590:INFO:Inc_Learning:174: Epoch: 6/15
2024-03-12 15:14:42,618:INFO:Inc_Learning:215: Epoch 6/15 Train Accuracy:  96.00%
2024-03-12 15:14:42,618:INFO:Inc_Learning:216: Epoch 6/15 Average Loss: 0.16958072781562805 / MA Loss: 0.17640080551306406
2024-03-12 15:14:42,619:INFO:Inc_Learning:174: Epoch: 7/15
2024-03-12 15:14:43,679:INFO:Inc_Learning:215: Epoch 7/15 Train Accuracy:  100.00%
2024-03-12 15:14:43,679:INFO:Inc_Learning:216: Epoch 7/15 Average Loss: 0.09783032536506653 / MA Loss: 0.16517645120620728
2024-03-12 15:14:43,679:INFO:Inc_Learning:174: Epoch: 8/15
2024-03-12 15:14:44,664:INFO:Inc_Learning:215: Epoch 8/15 Train Accuracy:  100.00%
2024-03-12 15:14:44,665:INFO:Inc_Learning:216: Epoch 8/15 Average Loss: 0.09116628021001816 / MA Loss: 0.15592517983168364
2024-03-12 15:14:44,665:INFO:Inc_Learning:174: Epoch: 9/15
2024-03-12 15:14:45,700:INFO:Inc_Learning:215: Epoch 9/15 Train Accuracy:  92.00%
2024-03-12 15:14:45,700:INFO:Inc_Learning:216: Epoch 9/15 Average Loss: 0.2314607948064804 / MA Loss: 0.1643180259399944
2024-03-12 15:14:45,701:INFO:Inc_Learning:174: Epoch: 10/15
2024-03-12 15:14:46,687:INFO:Inc_Learning:215: Epoch 10/15 Train Accuracy:  92.00%
2024-03-12 15:14:46,687:INFO:Inc_Learning:216: Epoch 10/15 Average Loss: 0.2571428120136261 / MA Loss: 0.17360050454735756
2024-03-12 15:14:46,688:INFO:Inc_Learning:174: Epoch: 11/15
2024-03-12 15:14:47,715:INFO:Inc_Learning:215: Epoch 11/15 Train Accuracy:  92.00%
2024-03-12 15:14:47,715:INFO:Inc_Learning:216: Epoch 11/15 Average Loss: 0.1903405338525772 / MA Loss: 0.1773733116686344
2024-03-12 15:14:47,716:INFO:Inc_Learning:174: Epoch: 12/15
2024-03-12 15:14:48,692:INFO:Inc_Learning:215: Epoch 12/15 Train Accuracy:  96.00%
2024-03-12 15:14:48,693:INFO:Inc_Learning:216: Epoch 12/15 Average Loss: 0.14050635695457458 / MA Loss: 0.17527833804488183
2024-03-12 15:14:48,693:INFO:Inc_Learning:174: Epoch: 13/15
2024-03-12 15:14:49,744:INFO:Inc_Learning:215: Epoch 13/15 Train Accuracy:  92.00%
2024-03-12 15:14:49,744:INFO:Inc_Learning:216: Epoch 13/15 Average Loss: 0.34585022926330566 / MA Loss: 0.19388781115412712
2024-03-12 15:14:49,744:INFO:Inc_Learning:174: Epoch: 14/15
2024-03-12 15:14:50,733:INFO:Inc_Learning:215: Epoch 14/15 Train Accuracy:  92.00%
2024-03-12 15:14:50,733:INFO:Inc_Learning:216: Epoch 14/15 Average Loss: 0.20101521909236908 / MA Loss: 0.19882442131638528
2024-03-12 15:14:50,733:INFO:Inc_Learning:174: Epoch: 15/15
2024-03-12 15:14:51,764:INFO:Inc_Learning:215: Epoch 15/15 Train Accuracy:  88.00%
2024-03-12 15:14:51,765:INFO:Inc_Learning:216: Epoch 15/15 Average Loss: 0.24793967604637146 / MA Loss: 0.19728329554200172
2024-03-12 15:14:51,802:INFO:Inc_Learning:504: Statistics for task identification ...
2024-03-12 15:14:52,776:INFO:Inc_Learning:223: The pseudo-labeling phase is started ...
2024-03-12 15:15:34,577:INFO:Inc_Learning:297: The training of the PredictionNet is started.
2024-03-12 15:15:34,694:INFO:Inc_Learning:390: Epoch: 000/300, MA loss: 0.23179364204406738
2024-03-12 15:15:34,704:INFO:Inc_Learning:390: Epoch: 010/300, MA loss: 0.16763700409369034
2024-03-12 15:15:34,715:INFO:Inc_Learning:390: Epoch: 020/300, MA loss: 0.12278673052787781
2024-03-12 15:15:34,726:INFO:Inc_Learning:390: Epoch: 030/300, MA loss: 0.06583839766681195
2024-03-12 15:15:34,737:INFO:Inc_Learning:390: Epoch: 040/300, MA loss: 0.037008727341890334
2024-03-12 15:15:34,759:INFO:Inc_Learning:390: Epoch: 050/300, MA loss: 0.020481607457622886
2024-03-12 15:15:34,780:INFO:Inc_Learning:390: Epoch: 060/300, MA loss: 0.010655970475636423
2024-03-12 15:15:34,798:INFO:Inc_Learning:390: Epoch: 070/300, MA loss: 0.005114261724520475
2024-03-12 15:15:34,812:INFO:Inc_Learning:390: Epoch: 080/300, MA loss: 0.0022593075234908612
2024-03-12 15:15:34,826:INFO:Inc_Learning:390: Epoch: 090/300, MA loss: 0.0009265392072848044
2024-03-12 15:15:34,838:INFO:Inc_Learning:390: Epoch: 100/300, MA loss: 0.00035784273968602064
2024-03-12 15:15:34,850:INFO:Inc_Learning:390: Epoch: 110/300, MA loss: 0.00013140035152900965
2024-03-12 15:15:34,862:INFO:Inc_Learning:390: Epoch: 120/300, MA loss: 4.571698823383485e-05
2024-03-12 15:15:34,873:INFO:Inc_Learning:390: Epoch: 130/300, MA loss: 1.5060843429637316e-05
2024-03-12 15:15:34,884:INFO:Inc_Learning:390: Epoch: 140/300, MA loss: 4.790029561263509e-06
2024-03-12 15:15:34,896:INFO:Inc_Learning:390: Epoch: 150/300, MA loss: 1.5110889293623586e-06
2024-03-12 15:15:34,907:INFO:Inc_Learning:390: Epoch: 160/300, MA loss: 4.773735632568332e-07
2024-03-12 15:15:34,918:INFO:Inc_Learning:390: Epoch: 170/300, MA loss: 1.520969734158939e-07
2024-03-12 15:15:34,930:INFO:Inc_Learning:390: Epoch: 180/300, MA loss: 5.112639156479304e-08
2024-03-12 15:15:34,941:INFO:Inc_Learning:390: Epoch: 190/300, MA loss: 1.8677096069730227e-08
2024-03-12 15:15:34,952:INFO:Inc_Learning:390: Epoch: 200/300, MA loss: 7.11667820230133e-09
2024-03-12 15:15:34,964:INFO:Inc_Learning:390: Epoch: 210/300, MA loss: 2.7208327674221877e-09
2024-03-12 15:15:34,975:INFO:Inc_Learning:390: Epoch: 220/300, MA loss: 1.0045714995965404e-09
2024-03-12 15:15:34,986:INFO:Inc_Learning:390: Epoch: 230/300, MA loss: 3.5030539129177197e-10
2024-03-12 15:15:34,998:INFO:Inc_Learning:390: Epoch: 240/300, MA loss: 1.141509680183117e-10
2024-03-12 15:15:35,009:INFO:Inc_Learning:390: Epoch: 250/300, MA loss: 3.575559349468238e-11
2024-03-12 15:15:35,020:INFO:Inc_Learning:390: Epoch: 260/300, MA loss: 1.1843939392609804e-11
2024-03-12 15:15:35,032:INFO:Inc_Learning:390: Epoch: 270/300, MA loss: 4.414187819521548e-12
2024-03-12 15:15:35,043:INFO:Inc_Learning:390: Epoch: 280/300, MA loss: 1.7439966327635268e-12
2024-03-12 15:15:35,054:INFO:Inc_Learning:390: Epoch: 290/300, MA loss: 6.707538617958287e-13
2024-03-12 15:15:35,064:INFO:Inc_Learning:390: Epoch: 299/300, MA loss: 2.8003060313023644e-13
2024-03-12 15:15:35,065:INFO:Inc_Learning:504: Statistics for task identification ...
2024-03-12 15:15:35,218:INFO:Inc_Learning:420: Evaluating the test set after task 2 ...
2024-03-12 15:16:27,191:INFO:Inc_Learning:472: Evaluation Accuracy (oracle) after task 2:  78.49%
2024-03-12 15:16:27,192:INFO:Inc_Learning:483: Evaluation Accuracy after task 2:  69.84%
2024-03-12 15:16:27,192:INFO:Inc_Learning:484: Accuracy of task-id detection after task 2:  86.91%
2024-03-12 15:16:27,192:INFO:Inc_Learning:490: Accuracy (Oracle) for task 0 =  80.52%
2024-03-12 15:16:27,193:INFO:Inc_Learning:494: Accuracy of task 0 =  80.25%
2024-03-12 15:16:27,193:INFO:Inc_Learning:490: Accuracy (Oracle) for task 1 =  58.60%
2024-03-12 15:16:27,193:INFO:Inc_Learning:494: Accuracy of task 1 =  3.60%
2024-03-12 15:16:27,193:INFO:Inc_Learning:490: Accuracy (Oracle) for task 2 =  74.00%
2024-03-12 15:16:27,194:INFO:Inc_Learning:494: Accuracy of task 2 =  11.20%
2024-03-12 15:16:27,205:INFO:Inc_Learning:595: The incremental learning phase for task 2 is finished!
2024-03-12 15:16:27,205:INFO:Inc_Learning:507: Estimated remaining time: 21 minutes and 7 seconds
2024-03-12 15:16:27,205:INFO:Inc_Learning:584: The incremental learning phase for task 3 is started ...
2024-03-12 15:16:27,205:INFO:Inc_Learning:272: Prefixes are copied from task 2.
2024-03-12 15:16:27,206:INFO:Inc_Learning:222: The PredictionNet is copied from the previous task.
2024-03-12 15:16:27,290:INFO:Inc_Learning:143: The session file "data/index_list/mini_imagenet/num_base_classes=60,num_tasks=9,num_shots=5,seed=1/train_samples_for_task=4.txt" is loaded!
2024-03-12 15:16:27,316:INFO:Inc_Learning:143: The session file "data/index_list/mini_imagenet/num_base_classes=60,num_tasks=9,num_shots=5,seed=1/test_samples_for_task=4.txt" is loaded!
2024-03-12 15:16:28,351:INFO:Inc_Learning:174: Epoch: 1/15
2024-03-12 15:16:29,342:INFO:Inc_Learning:215: Epoch 1/15 Train Accuracy:  96.00%
2024-03-12 15:16:29,342:INFO:Inc_Learning:216: Epoch 1/15 Average Loss: 0.14372797310352325 / MA Loss: 0.14372797310352325
2024-03-12 15:16:29,342:INFO:Inc_Learning:174: Epoch: 2/15
2024-03-12 15:16:30,272:INFO:Inc_Learning:215: Epoch 2/15 Train Accuracy:  96.00%
2024-03-12 15:16:30,273:INFO:Inc_Learning:216: Epoch 2/15 Average Loss: 0.11063749343156815 / MA Loss: 0.1271827332675457
2024-03-12 15:16:30,273:INFO:Inc_Learning:174: Epoch: 3/15
2024-03-12 15:16:31,260:INFO:Inc_Learning:215: Epoch 3/15 Train Accuracy:  96.00%
2024-03-12 15:16:31,260:INFO:Inc_Learning:216: Epoch 3/15 Average Loss: 0.106112539768219 / MA Loss: 0.1201593354344368
2024-03-12 15:16:31,260:INFO:Inc_Learning:174: Epoch: 4/15
2024-03-12 15:16:32,148:INFO:Inc_Learning:215: Epoch 4/15 Train Accuracy:  100.00%
2024-03-12 15:16:32,148:INFO:Inc_Learning:216: Epoch 4/15 Average Loss: 0.06263125687837601 / MA Loss: 0.1057773157954216
2024-03-12 15:16:32,148:INFO:Inc_Learning:174: Epoch: 5/15
2024-03-12 15:16:33,121:INFO:Inc_Learning:215: Epoch 5/15 Train Accuracy:  96.00%
2024-03-12 15:16:33,122:INFO:Inc_Learning:216: Epoch 5/15 Average Loss: 0.18633298575878143 / MA Loss: 0.12188844978809357
2024-03-12 15:16:33,122:INFO:Inc_Learning:174: Epoch: 6/15
2024-03-12 15:16:34,118:INFO:Inc_Learning:215: Epoch 6/15 Train Accuracy:  100.00%
2024-03-12 15:16:34,118:INFO:Inc_Learning:216: Epoch 6/15 Average Loss: 0.10253018140792847 / MA Loss: 0.11866207172473271
2024-03-12 15:16:34,118:INFO:Inc_Learning:174: Epoch: 7/15
2024-03-12 15:16:35,089:INFO:Inc_Learning:215: Epoch 7/15 Train Accuracy:  100.00%
2024-03-12 15:16:35,090:INFO:Inc_Learning:216: Epoch 7/15 Average Loss: 0.08298709243535995 / MA Loss: 0.11356564611196518
2024-03-12 15:16:35,090:INFO:Inc_Learning:174: Epoch: 8/15
2024-03-12 15:16:36,058:INFO:Inc_Learning:215: Epoch 8/15 Train Accuracy:  96.00%
2024-03-12 15:16:36,058:INFO:Inc_Learning:216: Epoch 8/15 Average Loss: 0.062217168509960175 / MA Loss: 0.10714708641171455
2024-03-12 15:16:36,059:INFO:Inc_Learning:174: Epoch: 9/15
2024-03-12 15:16:37,038:INFO:Inc_Learning:215: Epoch 9/15 Train Accuracy:  100.00%
2024-03-12 15:16:37,038:INFO:Inc_Learning:216: Epoch 9/15 Average Loss: 0.058838602155447006 / MA Loss: 0.10177947704990704
2024-03-12 15:16:37,038:INFO:Inc_Learning:174: Epoch: 10/15
2024-03-12 15:16:38,135:INFO:Inc_Learning:215: Epoch 10/15 Train Accuracy:  100.00%
2024-03-12 15:16:38,135:INFO:Inc_Learning:216: Epoch 10/15 Average Loss: 0.06000789254903793 / MA Loss: 0.09760231859982013
2024-03-12 15:16:38,135:INFO:Inc_Learning:174: Epoch: 11/15
2024-03-12 15:16:39,168:INFO:Inc_Learning:215: Epoch 11/15 Train Accuracy:  100.00%
2024-03-12 15:16:39,168:INFO:Inc_Learning:216: Epoch 11/15 Average Loss: 0.0764358639717102 / MA Loss: 0.09087310768663884
2024-03-12 15:16:39,168:INFO:Inc_Learning:174: Epoch: 12/15
2024-03-12 15:16:40,170:INFO:Inc_Learning:215: Epoch 12/15 Train Accuracy:  100.00%
2024-03-12 15:16:40,170:INFO:Inc_Learning:216: Epoch 12/15 Average Loss: 0.1002773642539978 / MA Loss: 0.0898370947688818
2024-03-12 15:16:40,171:INFO:Inc_Learning:174: Epoch: 13/15
2024-03-12 15:16:41,128:INFO:Inc_Learning:215: Epoch 13/15 Train Accuracy:  100.00%
2024-03-12 15:16:41,128:INFO:Inc_Learning:216: Epoch 13/15 Average Loss: 0.08582060784101486 / MA Loss: 0.08780790157616139
2024-03-12 15:16:41,129:INFO:Inc_Learning:174: Epoch: 14/15
2024-03-12 15:16:42,062:INFO:Inc_Learning:215: Epoch 14/15 Train Accuracy:  100.00%
2024-03-12 15:16:42,062:INFO:Inc_Learning:216: Epoch 14/15 Average Loss: 0.07506146281957626 / MA Loss: 0.0890509221702814
2024-03-12 15:16:42,062:INFO:Inc_Learning:174: Epoch: 15/15
2024-03-12 15:16:43,030:INFO:Inc_Learning:215: Epoch 15/15 Train Accuracy:  100.00%
2024-03-12 15:16:43,030:INFO:Inc_Learning:216: Epoch 15/15 Average Loss: 0.09750641882419586 / MA Loss: 0.08016826547682285
2024-03-12 15:16:43,068:INFO:Inc_Learning:504: Statistics for task identification ...
2024-03-12 15:16:44,044:INFO:Inc_Learning:223: The pseudo-labeling phase is started ...
2024-03-12 15:17:39,368:INFO:Inc_Learning:297: The training of the PredictionNet is started.
2024-03-12 15:17:39,514:INFO:Inc_Learning:390: Epoch: 000/300, MA loss: 0.2408188432455063
2024-03-12 15:17:39,524:INFO:Inc_Learning:390: Epoch: 010/300, MA loss: 0.1749157817526297
2024-03-12 15:17:39,535:INFO:Inc_Learning:390: Epoch: 020/300, MA loss: 0.1294345710426569
2024-03-12 15:17:39,546:INFO:Inc_Learning:390: Epoch: 030/300, MA loss: 0.07177104782313108
2024-03-12 15:17:39,558:INFO:Inc_Learning:390: Epoch: 040/300, MA loss: 0.04199792305007577
2024-03-12 15:17:39,569:INFO:Inc_Learning:390: Epoch: 050/300, MA loss: 0.024031163891777396
2024-03-12 15:17:39,580:INFO:Inc_Learning:390: Epoch: 060/300, MA loss: 0.012868518219329416
2024-03-12 15:17:39,592:INFO:Inc_Learning:390: Epoch: 070/300, MA loss: 0.006374554440844804
2024-03-12 15:17:39,603:INFO:Inc_Learning:390: Epoch: 080/300, MA loss: 0.0029320866102352738
2024-03-12 15:17:39,615:INFO:Inc_Learning:390: Epoch: 090/300, MA loss: 0.0012640468325116672
2024-03-12 15:17:39,626:INFO:Inc_Learning:390: Epoch: 100/300, MA loss: 0.0005187029550143052
2024-03-12 15:17:39,637:INFO:Inc_Learning:390: Epoch: 110/300, MA loss: 0.000207070460965042
2024-03-12 15:17:39,649:INFO:Inc_Learning:390: Epoch: 120/300, MA loss: 8.22544020593341e-05
2024-03-12 15:17:39,660:INFO:Inc_Learning:390: Epoch: 130/300, MA loss: 3.2784175027700256e-05
2024-03-12 15:17:39,671:INFO:Inc_Learning:390: Epoch: 140/300, MA loss: 1.3068062389720581e-05
2024-03-12 15:17:39,683:INFO:Inc_Learning:390: Epoch: 150/300, MA loss: 5.184235902788714e-06
2024-03-12 15:17:39,694:INFO:Inc_Learning:390: Epoch: 160/300, MA loss: 2.03707687660426e-06
2024-03-12 15:17:39,705:INFO:Inc_Learning:390: Epoch: 170/300, MA loss: 7.931549603767962e-07
2024-03-12 15:17:39,717:INFO:Inc_Learning:390: Epoch: 180/300, MA loss: 3.065072437635763e-07
2024-03-12 15:17:39,728:INFO:Inc_Learning:390: Epoch: 190/300, MA loss: 1.1746605910190056e-07
2024-03-12 15:17:39,739:INFO:Inc_Learning:390: Epoch: 200/300, MA loss: 4.4167275214945787e-08
2024-03-12 15:17:39,751:INFO:Inc_Learning:390: Epoch: 210/300, MA loss: 1.578749380115596e-08
2024-03-12 15:17:39,762:INFO:Inc_Learning:390: Epoch: 220/300, MA loss: 5.172989714363752e-09
2024-03-12 15:17:39,773:INFO:Inc_Learning:390: Epoch: 230/300, MA loss: 1.5089696756009907e-09
2024-03-12 15:17:39,785:INFO:Inc_Learning:390: Epoch: 240/300, MA loss: 3.836418956820742e-10
2024-03-12 15:17:39,796:INFO:Inc_Learning:390: Epoch: 250/300, MA loss: 8.541030833975061e-11
2024-03-12 15:17:39,807:INFO:Inc_Learning:390: Epoch: 260/300, MA loss: 1.9459485303512102e-11
2024-03-12 15:17:39,819:INFO:Inc_Learning:390: Epoch: 270/300, MA loss: 6.935901809487776e-12
2024-03-12 15:17:39,830:INFO:Inc_Learning:390: Epoch: 280/300, MA loss: 3.834037915709937e-12
2024-03-12 15:17:39,841:INFO:Inc_Learning:390: Epoch: 290/300, MA loss: 2.1661219150835576e-12
2024-03-12 15:17:39,852:INFO:Inc_Learning:390: Epoch: 299/300, MA loss: 1.1706951353425074e-12
2024-03-12 15:17:39,852:INFO:Inc_Learning:504: Statistics for task identification ...
2024-03-12 15:17:40,040:INFO:Inc_Learning:420: Evaluating the test set after task 3 ...
2024-03-12 15:18:46,580:INFO:Inc_Learning:472: Evaluation Accuracy (oracle) after task 3:  78.39%
2024-03-12 15:18:46,582:INFO:Inc_Learning:483: Evaluation Accuracy after task 3:  66.95%
2024-03-12 15:18:46,582:INFO:Inc_Learning:484: Accuracy of task-id detection after task 3:  82.67%
2024-03-12 15:18:46,582:INFO:Inc_Learning:490: Accuracy (Oracle) for task 0 =  80.55%
2024-03-12 15:18:46,582:INFO:Inc_Learning:494: Accuracy of task 0 =  80.02%
2024-03-12 15:18:46,582:INFO:Inc_Learning:490: Accuracy (Oracle) for task 1 =  58.40%
2024-03-12 15:18:46,583:INFO:Inc_Learning:494: Accuracy of task 1 =  4.40%
2024-03-12 15:18:46,583:INFO:Inc_Learning:490: Accuracy (Oracle) for task 2 =  74.20%
2024-03-12 15:18:46,583:INFO:Inc_Learning:494: Accuracy of task 2 =  11.00%
2024-03-12 15:18:46,583:INFO:Inc_Learning:490: Accuracy (Oracle) for task 3 =  76.60%
2024-03-12 15:18:46,583:INFO:Inc_Learning:494: Accuracy of task 3 =  28.60%
2024-03-12 15:18:46,595:INFO:Inc_Learning:595: The incremental learning phase for task 3 is finished!
2024-03-12 15:18:46,595:INFO:Inc_Learning:507: Estimated remaining time: 16 minutes and 24 seconds
2024-03-12 15:18:46,595:INFO:Inc_Learning:584: The incremental learning phase for task 4 is started ...
2024-03-12 15:18:46,596:INFO:Inc_Learning:272: Prefixes are copied from task 3.
2024-03-12 15:18:46,596:INFO:Inc_Learning:222: The PredictionNet is copied from the previous task.
2024-03-12 15:18:46,682:INFO:Inc_Learning:143: The session file "data/index_list/mini_imagenet/num_base_classes=60,num_tasks=9,num_shots=5,seed=1/train_samples_for_task=5.txt" is loaded!
2024-03-12 15:18:46,710:INFO:Inc_Learning:143: The session file "data/index_list/mini_imagenet/num_base_classes=60,num_tasks=9,num_shots=5,seed=1/test_samples_for_task=5.txt" is loaded!
2024-03-12 15:18:47,769:INFO:Inc_Learning:174: Epoch: 1/15
2024-03-12 15:18:48,719:INFO:Inc_Learning:215: Epoch 1/15 Train Accuracy:  92.00%
2024-03-12 15:18:48,720:INFO:Inc_Learning:216: Epoch 1/15 Average Loss: 0.1967838853597641 / MA Loss: 0.1967838853597641
2024-03-12 15:18:48,720:INFO:Inc_Learning:174: Epoch: 2/15
2024-03-12 15:18:49,659:INFO:Inc_Learning:215: Epoch 2/15 Train Accuracy:  100.00%
2024-03-12 15:18:49,660:INFO:Inc_Learning:216: Epoch 2/15 Average Loss: 0.1325616091489792 / MA Loss: 0.16467274725437164
2024-03-12 15:18:49,660:INFO:Inc_Learning:174: Epoch: 3/15
2024-03-12 15:18:50,626:INFO:Inc_Learning:215: Epoch 3/15 Train Accuracy:  92.00%
2024-03-12 15:18:50,626:INFO:Inc_Learning:216: Epoch 3/15 Average Loss: 0.20480437576770782 / MA Loss: 0.17804995675881705
2024-03-12 15:18:50,626:INFO:Inc_Learning:174: Epoch: 4/15
2024-03-12 15:18:51,610:INFO:Inc_Learning:215: Epoch 4/15 Train Accuracy:  96.00%
2024-03-12 15:18:51,610:INFO:Inc_Learning:216: Epoch 4/15 Average Loss: 0.1275326907634735 / MA Loss: 0.16542064025998116
2024-03-12 15:18:51,610:INFO:Inc_Learning:174: Epoch: 5/15
2024-03-12 15:18:52,628:INFO:Inc_Learning:215: Epoch 5/15 Train Accuracy:  88.00%
2024-03-12 15:18:52,628:INFO:Inc_Learning:216: Epoch 5/15 Average Loss: 0.26932382583618164 / MA Loss: 0.18620127737522124
2024-03-12 15:18:52,628:INFO:Inc_Learning:174: Epoch: 6/15
2024-03-12 15:18:53,607:INFO:Inc_Learning:215: Epoch 6/15 Train Accuracy:  96.00%
2024-03-12 15:18:53,608:INFO:Inc_Learning:216: Epoch 6/15 Average Loss: 0.31885653734207153 / MA Loss: 0.2083104873696963
2024-03-12 15:18:53,608:INFO:Inc_Learning:174: Epoch: 7/15
2024-03-12 15:18:54,560:INFO:Inc_Learning:215: Epoch 7/15 Train Accuracy:  88.00%
2024-03-12 15:18:54,560:INFO:Inc_Learning:216: Epoch 7/15 Average Loss: 0.21707580983638763 / MA Loss: 0.20956267629350936
2024-03-12 15:18:54,560:INFO:Inc_Learning:174: Epoch: 8/15
2024-03-12 15:18:55,501:INFO:Inc_Learning:215: Epoch 8/15 Train Accuracy:  96.00%
2024-03-12 15:18:55,502:INFO:Inc_Learning:216: Epoch 8/15 Average Loss: 0.17295658588409424 / MA Loss: 0.20498691499233246
2024-03-12 15:18:55,502:INFO:Inc_Learning:174: Epoch: 9/15
2024-03-12 15:18:56,474:INFO:Inc_Learning:215: Epoch 9/15 Train Accuracy:  100.00%
2024-03-12 15:18:56,474:INFO:Inc_Learning:216: Epoch 9/15 Average Loss: 0.09818676859140396 / MA Loss: 0.19312023205889595
2024-03-12 15:18:56,474:INFO:Inc_Learning:174: Epoch: 10/15
2024-03-12 15:18:57,384:INFO:Inc_Learning:215: Epoch 10/15 Train Accuracy:  92.00%
2024-03-12 15:18:57,385:INFO:Inc_Learning:216: Epoch 10/15 Average Loss: 0.24970148503780365 / MA Loss: 0.19877835735678673
2024-03-12 15:18:57,385:INFO:Inc_Learning:174: Epoch: 11/15
2024-03-12 15:18:58,580:INFO:Inc_Learning:215: Epoch 11/15 Train Accuracy:  100.00%
2024-03-12 15:18:58,580:INFO:Inc_Learning:216: Epoch 11/15 Average Loss: 0.07842827588319778 / MA Loss: 0.18694279640913009
2024-03-12 15:18:58,580:INFO:Inc_Learning:174: Epoch: 12/15
2024-03-12 15:18:59,492:INFO:Inc_Learning:215: Epoch 12/15 Train Accuracy:  100.00%
2024-03-12 15:18:59,492:INFO:Inc_Learning:216: Epoch 12/15 Average Loss: 0.11880887299776077 / MA Loss: 0.18556752279400826
2024-03-12 15:18:59,492:INFO:Inc_Learning:174: Epoch: 13/15
2024-03-12 15:19:00,466:INFO:Inc_Learning:215: Epoch 13/15 Train Accuracy:  92.00%
2024-03-12 15:19:00,467:INFO:Inc_Learning:216: Epoch 13/15 Average Loss: 0.29309049248695374 / MA Loss: 0.19439613446593285
2024-03-12 15:19:00,467:INFO:Inc_Learning:174: Epoch: 14/15
2024-03-12 15:19:01,462:INFO:Inc_Learning:215: Epoch 14/15 Train Accuracy:  96.00%
2024-03-12 15:19:01,462:INFO:Inc_Learning:216: Epoch 14/15 Average Loss: 0.2581886947154999 / MA Loss: 0.20746173486113548
2024-03-12 15:19:01,462:INFO:Inc_Learning:174: Epoch: 15/15
2024-03-12 15:19:02,410:INFO:Inc_Learning:215: Epoch 15/15 Train Accuracy:  92.00%
2024-03-12 15:19:02,410:INFO:Inc_Learning:216: Epoch 15/15 Average Loss: 0.3557887375354767 / MA Loss: 0.216108226031065
2024-03-12 15:19:02,433:INFO:Inc_Learning:504: Statistics for task identification ...
2024-03-12 15:19:03,429:INFO:Inc_Learning:223: The pseudo-labeling phase is started ...
2024-03-12 15:20:13,241:INFO:Inc_Learning:297: The training of the PredictionNet is started.
2024-03-12 15:20:13,412:INFO:Inc_Learning:390: Epoch: 000/300, MA loss: 0.21526233851909637
2024-03-12 15:20:13,422:INFO:Inc_Learning:390: Epoch: 010/300, MA loss: 0.14965051818977704
2024-03-12 15:20:13,433:INFO:Inc_Learning:390: Epoch: 020/300, MA loss: 0.10589056517928838
2024-03-12 15:20:13,445:INFO:Inc_Learning:390: Epoch: 030/300, MA loss: 0.05238855145871639
2024-03-12 15:20:13,456:INFO:Inc_Learning:390: Epoch: 040/300, MA loss: 0.02807272458449006
2024-03-12 15:20:13,468:INFO:Inc_Learning:390: Epoch: 050/300, MA loss: 0.015596748841926456
2024-03-12 15:20:13,479:INFO:Inc_Learning:390: Epoch: 060/300, MA loss: 0.00857688409741968
2024-03-12 15:20:13,491:INFO:Inc_Learning:390: Epoch: 070/300, MA loss: 0.004599481890909374
2024-03-12 15:20:13,502:INFO:Inc_Learning:390: Epoch: 080/300, MA loss: 0.0024079906928818674
2024-03-12 15:20:13,514:INFO:Inc_Learning:390: Epoch: 090/300, MA loss: 0.0012325529183726757
2024-03-12 15:20:13,525:INFO:Inc_Learning:390: Epoch: 100/300, MA loss: 0.000622441379528027
2024-03-12 15:20:13,536:INFO:Inc_Learning:390: Epoch: 110/300, MA loss: 0.00031439927843166513
2024-03-12 15:20:13,548:INFO:Inc_Learning:390: Epoch: 120/300, MA loss: 0.0001598403789103031
2024-03-12 15:20:13,559:INFO:Inc_Learning:390: Epoch: 130/300, MA loss: 8.172349025699077e-05
2024-03-12 15:20:13,571:INFO:Inc_Learning:390: Epoch: 140/300, MA loss: 4.180823152637459e-05
2024-03-12 15:20:13,582:INFO:Inc_Learning:390: Epoch: 150/300, MA loss: 2.129719050572021e-05
2024-03-12 15:20:13,594:INFO:Inc_Learning:390: Epoch: 160/300, MA loss: 1.0781554897221212e-05
2024-03-12 15:20:13,605:INFO:Inc_Learning:390: Epoch: 170/300, MA loss: 5.417960244358255e-06
2024-03-12 15:20:13,617:INFO:Inc_Learning:390: Epoch: 180/300, MA loss: 2.6957584168485483e-06
2024-03-12 15:20:13,628:INFO:Inc_Learning:390: Epoch: 190/300, MA loss: 1.3232115435357627e-06
2024-03-12 15:20:13,639:INFO:Inc_Learning:390: Epoch: 200/300, MA loss: 6.385899240513027e-07
2024-03-12 15:20:13,651:INFO:Inc_Learning:390: Epoch: 210/300, MA loss: 3.024066131729342e-07
2024-03-12 15:20:13,662:INFO:Inc_Learning:390: Epoch: 220/300, MA loss: 1.4032810184971823e-07
2024-03-12 15:20:13,673:INFO:Inc_Learning:390: Epoch: 230/300, MA loss: 6.37685834803392e-08
2024-03-12 15:20:13,685:INFO:Inc_Learning:390: Epoch: 240/300, MA loss: 2.836479531254099e-08
2024-03-12 15:20:13,696:INFO:Inc_Learning:390: Epoch: 250/300, MA loss: 1.2359013923379791e-08
2024-03-12 15:20:13,708:INFO:Inc_Learning:390: Epoch: 260/300, MA loss: 5.277785963819781e-09
2024-03-12 15:20:13,719:INFO:Inc_Learning:390: Epoch: 270/300, MA loss: 2.211402030938281e-09
2024-03-12 15:20:13,731:INFO:Inc_Learning:390: Epoch: 280/300, MA loss: 9.09506066293364e-10
2024-03-12 15:20:13,742:INFO:Inc_Learning:390: Epoch: 290/300, MA loss: 3.668823092550788e-10
2024-03-12 15:20:13,752:INFO:Inc_Learning:390: Epoch: 299/300, MA loss: 1.5914900872854298e-10
2024-03-12 15:20:13,753:INFO:Inc_Learning:504: Statistics for task identification ...
2024-03-12 15:20:13,968:INFO:Inc_Learning:420: Evaluating the test set after task 4 ...
2024-03-12 15:21:35,991:INFO:Inc_Learning:472: Evaluation Accuracy (oracle) after task 4:  78.33%
2024-03-12 15:21:35,992:INFO:Inc_Learning:483: Evaluation Accuracy after task 4:  64.33%
2024-03-12 15:21:35,992:INFO:Inc_Learning:484: Accuracy of task-id detection after task 4:  78.90%
2024-03-12 15:21:35,993:INFO:Inc_Learning:490: Accuracy (Oracle) for task 0 =  80.53%
2024-03-12 15:21:35,993:INFO:Inc_Learning:494: Accuracy of task 0 =  79.08%
2024-03-12 15:21:35,993:INFO:Inc_Learning:490: Accuracy (Oracle) for task 1 =  58.40%
2024-03-12 15:21:35,993:INFO:Inc_Learning:494: Accuracy of task 1 =  3.80%
2024-03-12 15:21:35,994:INFO:Inc_Learning:490: Accuracy (Oracle) for task 2 =  74.00%
2024-03-12 15:21:35,994:INFO:Inc_Learning:494: Accuracy of task 2 =  14.20%
2024-03-12 15:21:35,994:INFO:Inc_Learning:490: Accuracy (Oracle) for task 3 =  76.60%
2024-03-12 15:21:35,994:INFO:Inc_Learning:494: Accuracy of task 3 =  29.20%
2024-03-12 15:21:35,994:INFO:Inc_Learning:490: Accuracy (Oracle) for task 4 =  77.80%
2024-03-12 15:21:35,995:INFO:Inc_Learning:494: Accuracy of task 4 =  33.00%
2024-03-12 15:21:36,007:INFO:Inc_Learning:595: The incremental learning phase for task 4 is finished!
2024-03-12 15:21:36,007:INFO:Inc_Learning:507: Estimated remaining time: 12 minutes and 49 seconds
2024-03-12 15:21:36,008:INFO:Inc_Learning:584: The incremental learning phase for task 5 is started ...
2024-03-12 15:21:36,008:INFO:Inc_Learning:272: Prefixes are copied from task 4.
2024-03-12 15:21:36,008:INFO:Inc_Learning:222: The PredictionNet is copied from the previous task.
2024-03-12 15:21:36,093:INFO:Inc_Learning:143: The session file "data/index_list/mini_imagenet/num_base_classes=60,num_tasks=9,num_shots=5,seed=1/train_samples_for_task=6.txt" is loaded!
2024-03-12 15:21:36,122:INFO:Inc_Learning:143: The session file "data/index_list/mini_imagenet/num_base_classes=60,num_tasks=9,num_shots=5,seed=1/test_samples_for_task=6.txt" is loaded!
2024-03-12 15:21:37,183:INFO:Inc_Learning:174: Epoch: 1/15
2024-03-12 15:21:38,067:INFO:Inc_Learning:215: Epoch 1/15 Train Accuracy:  100.00%
2024-03-12 15:21:38,068:INFO:Inc_Learning:216: Epoch 1/15 Average Loss: 0.11804468184709549 / MA Loss: 0.11804468184709549
2024-03-12 15:21:38,068:INFO:Inc_Learning:174: Epoch: 2/15
2024-03-12 15:21:39,049:INFO:Inc_Learning:215: Epoch 2/15 Train Accuracy:  96.00%
2024-03-12 15:21:39,050:INFO:Inc_Learning:216: Epoch 2/15 Average Loss: 0.09362128376960754 / MA Loss: 0.10583298280835152
2024-03-12 15:21:39,050:INFO:Inc_Learning:174: Epoch: 3/15
2024-03-12 15:21:40,080:INFO:Inc_Learning:215: Epoch 3/15 Train Accuracy:  92.00%
2024-03-12 15:21:40,080:INFO:Inc_Learning:216: Epoch 3/15 Average Loss: 0.12473456561565399 / MA Loss: 0.11213351041078568
2024-03-12 15:21:40,081:INFO:Inc_Learning:174: Epoch: 4/15
2024-03-12 15:21:41,114:INFO:Inc_Learning:215: Epoch 4/15 Train Accuracy:  100.00%
2024-03-12 15:21:41,115:INFO:Inc_Learning:216: Epoch 4/15 Average Loss: 0.07684806734323502 / MA Loss: 0.10331214964389801
2024-03-12 15:21:41,115:INFO:Inc_Learning:174: Epoch: 5/15
2024-03-12 15:21:42,182:INFO:Inc_Learning:215: Epoch 5/15 Train Accuracy:  92.00%
2024-03-12 15:21:42,183:INFO:Inc_Learning:216: Epoch 5/15 Average Loss: 0.2755785286426544 / MA Loss: 0.13776542544364928
2024-03-12 15:21:42,183:INFO:Inc_Learning:174: Epoch: 6/15
2024-03-12 15:21:43,136:INFO:Inc_Learning:215: Epoch 6/15 Train Accuracy:  96.00%
2024-03-12 15:21:43,137:INFO:Inc_Learning:216: Epoch 6/15 Average Loss: 0.19078120589256287 / MA Loss: 0.14660138885180155
2024-03-12 15:21:43,137:INFO:Inc_Learning:174: Epoch: 7/15
2024-03-12 15:21:44,151:INFO:Inc_Learning:215: Epoch 7/15 Train Accuracy:  92.00%
2024-03-12 15:21:44,152:INFO:Inc_Learning:216: Epoch 7/15 Average Loss: 0.17078642547130585 / MA Loss: 0.15005639408315932
2024-03-12 15:21:44,152:INFO:Inc_Learning:174: Epoch: 8/15
2024-03-12 15:21:45,223:INFO:Inc_Learning:215: Epoch 8/15 Train Accuracy:  84.00%
2024-03-12 15:21:45,223:INFO:Inc_Learning:216: Epoch 8/15 Average Loss: 0.21900762617588043 / MA Loss: 0.15867529809474945
2024-03-12 15:21:45,223:INFO:Inc_Learning:174: Epoch: 9/15
2024-03-12 15:21:46,181:INFO:Inc_Learning:215: Epoch 9/15 Train Accuracy:  96.00%
2024-03-12 15:21:46,181:INFO:Inc_Learning:216: Epoch 9/15 Average Loss: 0.1326846033334732 / MA Loss: 0.15578744312127432
2024-03-12 15:21:46,181:INFO:Inc_Learning:174: Epoch: 10/15
2024-03-12 15:21:47,189:INFO:Inc_Learning:215: Epoch 10/15 Train Accuracy:  96.00%
2024-03-12 15:21:47,189:INFO:Inc_Learning:216: Epoch 10/15 Average Loss: 0.12586987018585205 / MA Loss: 0.1527956858277321
2024-03-12 15:21:47,189:INFO:Inc_Learning:174: Epoch: 11/15
2024-03-12 15:21:48,247:INFO:Inc_Learning:215: Epoch 11/15 Train Accuracy:  92.00%
2024-03-12 15:21:48,248:INFO:Inc_Learning:216: Epoch 11/15 Average Loss: 0.18709133565425873 / MA Loss: 0.15970035120844842
2024-03-12 15:21:48,248:INFO:Inc_Learning:174: Epoch: 12/15
2024-03-12 15:21:49,172:INFO:Inc_Learning:215: Epoch 12/15 Train Accuracy:  96.00%
2024-03-12 15:21:49,173:INFO:Inc_Learning:216: Epoch 12/15 Average Loss: 0.10268862545490265 / MA Loss: 0.16060708537697793
2024-03-12 15:21:49,173:INFO:Inc_Learning:174: Epoch: 13/15
2024-03-12 15:21:50,180:INFO:Inc_Learning:215: Epoch 13/15 Train Accuracy:  88.00%
2024-03-12 15:21:50,181:INFO:Inc_Learning:216: Epoch 13/15 Average Loss: 0.20899705588817596 / MA Loss: 0.16903333440423013
2024-03-12 15:21:50,181:INFO:Inc_Learning:174: Epoch: 14/15
2024-03-12 15:21:51,201:INFO:Inc_Learning:215: Epoch 14/15 Train Accuracy:  96.00%
2024-03-12 15:21:51,201:INFO:Inc_Learning:216: Epoch 14/15 Average Loss: 0.157365620136261 / MA Loss: 0.1770850896835327
2024-03-12 15:21:51,201:INFO:Inc_Learning:174: Epoch: 15/15
2024-03-12 15:21:52,179:INFO:Inc_Learning:215: Epoch 15/15 Train Accuracy:  100.00%
2024-03-12 15:21:52,180:INFO:Inc_Learning:216: Epoch 15/15 Average Loss: 0.17643065750598907 / MA Loss: 0.16717030256986617
2024-03-12 15:21:52,211:INFO:Inc_Learning:504: Statistics for task identification ...
2024-03-12 15:21:53,110:INFO:Inc_Learning:223: The pseudo-labeling phase is started ...
2024-03-12 15:23:18,599:INFO:Inc_Learning:297: The training of the PredictionNet is started.
2024-03-12 15:23:18,745:INFO:Inc_Learning:390: Epoch: 000/300, MA loss: 0.19802406430244446
2024-03-12 15:23:18,756:INFO:Inc_Learning:390: Epoch: 010/300, MA loss: 0.1363559134981849
2024-03-12 15:23:18,768:INFO:Inc_Learning:390: Epoch: 020/300, MA loss: 0.0964933818206191
2024-03-12 15:23:18,779:INFO:Inc_Learning:390: Epoch: 030/300, MA loss: 0.04824461536481976
2024-03-12 15:23:18,791:INFO:Inc_Learning:390: Epoch: 040/300, MA loss: 0.026078285928815604
2024-03-12 15:23:18,802:INFO:Inc_Learning:390: Epoch: 050/300, MA loss: 0.01419704060535878
2024-03-12 15:23:18,813:INFO:Inc_Learning:390: Epoch: 060/300, MA loss: 0.007516480574849993
2024-03-12 15:23:18,825:INFO:Inc_Learning:390: Epoch: 070/300, MA loss: 0.0038009085459634663
2024-03-12 15:23:18,836:INFO:Inc_Learning:390: Epoch: 080/300, MA loss: 0.001837104617152363
2024-03-12 15:23:18,847:INFO:Inc_Learning:390: Epoch: 090/300, MA loss: 0.0008564281975850463
2024-03-12 15:23:18,859:INFO:Inc_Learning:390: Epoch: 100/300, MA loss: 0.0003874122441629879
2024-03-12 15:23:18,870:INFO:Inc_Learning:390: Epoch: 110/300, MA loss: 0.00017078051168937237
2024-03-12 15:23:18,881:INFO:Inc_Learning:390: Epoch: 120/300, MA loss: 7.369732829829446e-05
2024-03-12 15:23:18,893:INFO:Inc_Learning:390: Epoch: 130/300, MA loss: 3.135261454190186e-05
2024-03-12 15:23:18,904:INFO:Inc_Learning:390: Epoch: 140/300, MA loss: 1.3211242389843392e-05
2024-03-12 15:23:18,915:INFO:Inc_Learning:390: Epoch: 150/300, MA loss: 5.508195874881494e-06
2024-03-12 15:23:18,927:INFO:Inc_Learning:390: Epoch: 160/300, MA loss: 2.258950266309512e-06
2024-03-12 15:23:18,938:INFO:Inc_Learning:390: Epoch: 170/300, MA loss: 9.038099761937701e-07
2024-03-12 15:23:18,949:INFO:Inc_Learning:390: Epoch: 180/300, MA loss: 3.501578920150905e-07
2024-03-12 15:23:18,961:INFO:Inc_Learning:390: Epoch: 190/300, MA loss: 1.301862534219822e-07
2024-03-12 15:23:18,972:INFO:Inc_Learning:390: Epoch: 200/300, MA loss: 4.6030855305190246e-08
2024-03-12 15:23:18,983:INFO:Inc_Learning:390: Epoch: 210/300, MA loss: 1.5374091555386826e-08
2024-03-12 15:23:18,995:INFO:Inc_Learning:390: Epoch: 220/300, MA loss: 4.832667255261214e-09
2024-03-12 15:23:19,006:INFO:Inc_Learning:390: Epoch: 230/300, MA loss: 1.42422133531106e-09
2024-03-12 15:23:19,017:INFO:Inc_Learning:390: Epoch: 240/300, MA loss: 3.9513629417065045e-10
2024-03-12 15:23:19,029:INFO:Inc_Learning:390: Epoch: 250/300, MA loss: 1.0759401824350646e-10
2024-03-12 15:23:19,040:INFO:Inc_Learning:390: Epoch: 260/300, MA loss: 3.1682303742314175e-11
2024-03-12 15:23:19,051:INFO:Inc_Learning:390: Epoch: 270/300, MA loss: 1.1228294227554059e-11
2024-03-12 15:23:19,063:INFO:Inc_Learning:390: Epoch: 280/300, MA loss: 4.8136791970000705e-12
2024-03-12 15:23:19,074:INFO:Inc_Learning:390: Epoch: 290/300, MA loss: 2.2151522640918158e-12
2024-03-12 15:23:19,084:INFO:Inc_Learning:390: Epoch: 299/300, MA loss: 1.072914271261962e-12
2024-03-12 15:23:19,085:INFO:Inc_Learning:504: Statistics for task identification ...
2024-03-12 15:23:19,272:INFO:Inc_Learning:420: Evaluating the test set after task 5 ...
2024-03-12 15:24:58,592:INFO:Inc_Learning:472: Evaluation Accuracy (oracle) after task 5:  78.19%
2024-03-12 15:24:58,593:INFO:Inc_Learning:483: Evaluation Accuracy after task 5:  61.09%
2024-03-12 15:24:58,593:INFO:Inc_Learning:484: Accuracy of task-id detection after task 5:  74.34%
2024-03-12 15:24:58,593:INFO:Inc_Learning:490: Accuracy (Oracle) for task 0 =  80.50%
2024-03-12 15:24:58,593:INFO:Inc_Learning:494: Accuracy of task 0 =  78.10%
2024-03-12 15:24:58,594:INFO:Inc_Learning:490: Accuracy (Oracle) for task 1 =  58.00%
2024-03-12 15:24:58,594:INFO:Inc_Learning:494: Accuracy of task 1 =  5.40%
2024-03-12 15:24:58,594:INFO:Inc_Learning:490: Accuracy (Oracle) for task 2 =  74.00%
2024-03-12 15:24:58,594:INFO:Inc_Learning:494: Accuracy of task 2 =  15.00%
2024-03-12 15:24:58,594:INFO:Inc_Learning:490: Accuracy (Oracle) for task 3 =  76.60%
2024-03-12 15:24:58,595:INFO:Inc_Learning:494: Accuracy of task 3 =  28.40%
2024-03-12 15:24:58,595:INFO:Inc_Learning:490: Accuracy (Oracle) for task 4 =  77.80%
2024-03-12 15:24:58,595:INFO:Inc_Learning:494: Accuracy of task 4 =  34.40%
2024-03-12 15:24:58,595:INFO:Inc_Learning:490: Accuracy (Oracle) for task 5 =  76.80%
2024-03-12 15:24:58,595:INFO:Inc_Learning:494: Accuracy of task 5 =  18.20%
2024-03-12 15:24:58,607:INFO:Inc_Learning:595: The incremental learning phase for task 5 is finished!
2024-03-12 15:24:58,607:INFO:Inc_Learning:507: Estimated remaining time: 9 minutes and 41 seconds
2024-03-12 15:24:58,608:INFO:Inc_Learning:584: The incremental learning phase for task 6 is started ...
2024-03-12 15:24:58,608:INFO:Inc_Learning:272: Prefixes are copied from task 5.
2024-03-12 15:24:58,608:INFO:Inc_Learning:222: The PredictionNet is copied from the previous task.
2024-03-12 15:24:58,692:INFO:Inc_Learning:143: The session file "data/index_list/mini_imagenet/num_base_classes=60,num_tasks=9,num_shots=5,seed=1/train_samples_for_task=7.txt" is loaded!
2024-03-12 15:24:58,720:INFO:Inc_Learning:143: The session file "data/index_list/mini_imagenet/num_base_classes=60,num_tasks=9,num_shots=5,seed=1/test_samples_for_task=7.txt" is loaded!
2024-03-12 15:24:59,776:INFO:Inc_Learning:174: Epoch: 1/15
2024-03-12 15:25:00,802:INFO:Inc_Learning:215: Epoch 1/15 Train Accuracy:  96.00%
2024-03-12 15:25:00,803:INFO:Inc_Learning:216: Epoch 1/15 Average Loss: 0.15992040932178497 / MA Loss: 0.15992040932178497
2024-03-12 15:25:00,803:INFO:Inc_Learning:174: Epoch: 2/15
2024-03-12 15:25:01,942:INFO:Inc_Learning:215: Epoch 2/15 Train Accuracy:  100.00%
2024-03-12 15:25:01,943:INFO:Inc_Learning:216: Epoch 2/15 Average Loss: 0.08074430376291275 / MA Loss: 0.12033235654234886
2024-03-12 15:25:01,943:INFO:Inc_Learning:174: Epoch: 3/15
2024-03-12 15:25:02,875:INFO:Inc_Learning:215: Epoch 3/15 Train Accuracy:  100.00%
2024-03-12 15:25:02,875:INFO:Inc_Learning:216: Epoch 3/15 Average Loss: 0.05026344209909439 / MA Loss: 0.09697605172793071
2024-03-12 15:25:02,875:INFO:Inc_Learning:174: Epoch: 4/15
2024-03-12 15:25:03,791:INFO:Inc_Learning:215: Epoch 4/15 Train Accuracy:  96.00%
2024-03-12 15:25:03,791:INFO:Inc_Learning:216: Epoch 4/15 Average Loss: 0.13211680948734283 / MA Loss: 0.10576124116778374
2024-03-12 15:25:03,791:INFO:Inc_Learning:174: Epoch: 5/15
2024-03-12 15:25:04,703:INFO:Inc_Learning:215: Epoch 5/15 Train Accuracy:  96.00%
2024-03-12 15:25:04,704:INFO:Inc_Learning:216: Epoch 5/15 Average Loss: 0.11002864688634872 / MA Loss: 0.10661472231149674
2024-03-12 15:25:04,704:INFO:Inc_Learning:174: Epoch: 6/15
2024-03-12 15:25:05,730:INFO:Inc_Learning:215: Epoch 6/15 Train Accuracy:  96.00%
2024-03-12 15:25:05,731:INFO:Inc_Learning:216: Epoch 6/15 Average Loss: 0.08864549547433853 / MA Loss: 0.10361985117197037
2024-03-12 15:25:05,731:INFO:Inc_Learning:174: Epoch: 7/15
2024-03-12 15:25:06,655:INFO:Inc_Learning:215: Epoch 7/15 Train Accuracy:  96.00%
2024-03-12 15:25:06,656:INFO:Inc_Learning:216: Epoch 7/15 Average Loss: 0.12043751031160355 / MA Loss: 0.10602237390620368
2024-03-12 15:25:06,656:INFO:Inc_Learning:174: Epoch: 8/15
2024-03-12 15:25:07,648:INFO:Inc_Learning:215: Epoch 8/15 Train Accuracy:  100.00%
2024-03-12 15:25:07,648:INFO:Inc_Learning:216: Epoch 8/15 Average Loss: 0.07520696520805359 / MA Loss: 0.10217044781893492
2024-03-12 15:25:07,649:INFO:Inc_Learning:174: Epoch: 9/15
2024-03-12 15:25:08,593:INFO:Inc_Learning:215: Epoch 9/15 Train Accuracy:  100.00%
2024-03-12 15:25:08,594:INFO:Inc_Learning:216: Epoch 9/15 Average Loss: 0.04523134231567383 / MA Loss: 0.09584388054079479
2024-03-12 15:25:08,594:INFO:Inc_Learning:174: Epoch: 10/15
2024-03-12 15:25:09,595:INFO:Inc_Learning:215: Epoch 10/15 Train Accuracy:  96.00%
2024-03-12 15:25:09,595:INFO:Inc_Learning:216: Epoch 10/15 Average Loss: 0.06637681275606155 / MA Loss: 0.09289717376232147
2024-03-12 15:25:09,595:INFO:Inc_Learning:174: Epoch: 11/15
2024-03-12 15:25:10,613:INFO:Inc_Learning:215: Epoch 11/15 Train Accuracy:  96.00%
2024-03-12 15:25:10,614:INFO:Inc_Learning:216: Epoch 11/15 Average Loss: 0.1351197361946106 / MA Loss: 0.09041710644960403
2024-03-12 15:25:10,614:INFO:Inc_Learning:174: Epoch: 12/15
2024-03-12 15:25:11,486:INFO:Inc_Learning:215: Epoch 12/15 Train Accuracy:  100.00%
2024-03-12 15:25:11,487:INFO:Inc_Learning:216: Epoch 12/15 Average Loss: 0.043135903775691986 / MA Loss: 0.08665626645088195
2024-03-12 15:25:11,487:INFO:Inc_Learning:174: Epoch: 13/15
2024-03-12 15:25:12,465:INFO:Inc_Learning:215: Epoch 13/15 Train Accuracy:  100.00%
2024-03-12 15:25:12,465:INFO:Inc_Learning:216: Epoch 13/15 Average Loss: 0.09529286623001099 / MA Loss: 0.09115920886397362
2024-03-12 15:25:12,465:INFO:Inc_Learning:174: Epoch: 14/15
2024-03-12 15:25:13,516:INFO:Inc_Learning:215: Epoch 14/15 Train Accuracy:  100.00%
2024-03-12 15:25:13,516:INFO:Inc_Learning:216: Epoch 14/15 Average Loss: 0.030438771471381187 / MA Loss: 0.08099140506237745
2024-03-12 15:25:13,516:INFO:Inc_Learning:174: Epoch: 15/15
2024-03-12 15:25:14,522:INFO:Inc_Learning:215: Epoch 15/15 Train Accuracy:  96.00%
2024-03-12 15:25:14,522:INFO:Inc_Learning:216: Epoch 15/15 Average Loss: 0.07279575616121292 / MA Loss: 0.07726811598986387
2024-03-12 15:25:14,558:INFO:Inc_Learning:504: Statistics for task identification ...
2024-03-12 15:25:15,469:INFO:Inc_Learning:223: The pseudo-labeling phase is started ...
2024-03-12 15:26:58,031:INFO:Inc_Learning:297: The training of the PredictionNet is started.
2024-03-12 15:26:58,146:INFO:Inc_Learning:390: Epoch: 000/300, MA loss: 0.20390674471855164
2024-03-12 15:26:58,156:INFO:Inc_Learning:390: Epoch: 010/300, MA loss: 0.14756438474763522
2024-03-12 15:26:58,167:INFO:Inc_Learning:390: Epoch: 020/300, MA loss: 0.10720156319439411
2024-03-12 15:26:58,178:INFO:Inc_Learning:390: Epoch: 030/300, MA loss: 0.05569039713591337
2024-03-12 15:26:58,190:INFO:Inc_Learning:390: Epoch: 040/300, MA loss: 0.030025236681103705
2024-03-12 15:26:58,201:INFO:Inc_Learning:390: Epoch: 050/300, MA loss: 0.01610557297244668
2024-03-12 15:26:58,212:INFO:Inc_Learning:390: Epoch: 060/300, MA loss: 0.008280134736560285
2024-03-12 15:26:58,224:INFO:Inc_Learning:390: Epoch: 070/300, MA loss: 0.004031132347881794
2024-03-12 15:26:58,235:INFO:Inc_Learning:390: Epoch: 080/300, MA loss: 0.0018556204333435744
2024-03-12 15:26:58,246:INFO:Inc_Learning:390: Epoch: 090/300, MA loss: 0.0008126828950480558
2024-03-12 15:26:58,258:INFO:Inc_Learning:390: Epoch: 100/300, MA loss: 0.00034119949777959845
2024-03-12 15:26:58,269:INFO:Inc_Learning:390: Epoch: 110/300, MA loss: 0.00013744464777118993
2024-03-12 15:26:58,280:INFO:Inc_Learning:390: Epoch: 120/300, MA loss: 5.281030153128086e-05
2024-03-12 15:26:58,291:INFO:Inc_Learning:390: Epoch: 130/300, MA loss: 1.920354970934568e-05
2024-03-12 15:26:58,303:INFO:Inc_Learning:390: Epoch: 140/300, MA loss: 6.5501872313689095e-06
2024-03-12 15:26:58,314:INFO:Inc_Learning:390: Epoch: 150/300, MA loss: 2.100448566011437e-06
2024-03-12 15:26:58,325:INFO:Inc_Learning:390: Epoch: 160/300, MA loss: 6.380915380077568e-07
2024-03-12 15:26:58,336:INFO:Inc_Learning:390: Epoch: 170/300, MA loss: 1.8619134305453145e-07
2024-03-12 15:26:58,348:INFO:Inc_Learning:390: Epoch: 180/300, MA loss: 5.382537455744796e-08
2024-03-12 15:26:58,359:INFO:Inc_Learning:390: Epoch: 190/300, MA loss: 1.682645840439534e-08
2024-03-12 15:26:58,371:INFO:Inc_Learning:390: Epoch: 200/300, MA loss: 6.303552646524935e-09
2024-03-12 15:26:58,382:INFO:Inc_Learning:390: Epoch: 210/300, MA loss: 2.6447075307522993e-09
2024-03-12 15:26:58,393:INFO:Inc_Learning:390: Epoch: 220/300, MA loss: 1.083857494033058e-09
2024-03-12 15:26:58,405:INFO:Inc_Learning:390: Epoch: 230/300, MA loss: 4.052006674637454e-10
2024-03-12 15:26:58,416:INFO:Inc_Learning:390: Epoch: 240/300, MA loss: 1.3706881012154338e-10
2024-03-12 15:26:58,427:INFO:Inc_Learning:390: Epoch: 250/300, MA loss: 4.325720896931895e-11
2024-03-12 15:26:58,439:INFO:Inc_Learning:390: Epoch: 260/300, MA loss: 1.3553967865599648e-11
2024-03-12 15:26:58,450:INFO:Inc_Learning:390: Epoch: 270/300, MA loss: 4.468641954949795e-12
2024-03-12 15:26:58,461:INFO:Inc_Learning:390: Epoch: 280/300, MA loss: 1.5903435144314082e-12
2024-03-12 15:26:58,473:INFO:Inc_Learning:390: Epoch: 290/300, MA loss: 6.138933111854428e-13
2024-03-12 15:26:58,483:INFO:Inc_Learning:390: Epoch: 299/300, MA loss: 2.7954827783670774e-13
2024-03-12 15:26:58,484:INFO:Inc_Learning:504: Statistics for task identification ...
2024-03-12 15:26:58,637:INFO:Inc_Learning:420: Evaluating the test set after task 6 ...
2024-03-12 15:28:56,623:INFO:Inc_Learning:472: Evaluation Accuracy (oracle) after task 6:  78.03%
2024-03-12 15:28:56,625:INFO:Inc_Learning:483: Evaluation Accuracy after task 6:  58.12%
2024-03-12 15:28:56,625:INFO:Inc_Learning:484: Accuracy of task-id detection after task 6:  70.54%
2024-03-12 15:28:56,625:INFO:Inc_Learning:490: Accuracy (Oracle) for task 0 =  80.55%
2024-03-12 15:28:56,625:INFO:Inc_Learning:494: Accuracy of task 0 =  77.67%
2024-03-12 15:28:56,626:INFO:Inc_Learning:490: Accuracy (Oracle) for task 1 =  58.40%
2024-03-12 15:28:56,626:INFO:Inc_Learning:494: Accuracy of task 1 =  5.00%
2024-03-12 15:28:56,626:INFO:Inc_Learning:490: Accuracy (Oracle) for task 2 =  74.20%
2024-03-12 15:28:56,626:INFO:Inc_Learning:494: Accuracy of task 2 =  13.20%
2024-03-12 15:28:56,627:INFO:Inc_Learning:490: Accuracy (Oracle) for task 3 =  76.60%
2024-03-12 15:28:56,627:INFO:Inc_Learning:494: Accuracy of task 3 =  27.80%
2024-03-12 15:28:56,627:INFO:Inc_Learning:490: Accuracy (Oracle) for task 4 =  78.40%
2024-03-12 15:28:56,627:INFO:Inc_Learning:494: Accuracy of task 4 =  34.60%
2024-03-12 15:28:56,627:INFO:Inc_Learning:490: Accuracy (Oracle) for task 5 =  77.00%
2024-03-12 15:28:56,627:INFO:Inc_Learning:494: Accuracy of task 5 =  20.60%
2024-03-12 15:28:56,628:INFO:Inc_Learning:490: Accuracy (Oracle) for task 6 =  73.40%
2024-03-12 15:28:56,628:INFO:Inc_Learning:494: Accuracy of task 6 =  13.00%
2024-03-12 15:28:56,641:INFO:Inc_Learning:595: The incremental learning phase for task 6 is finished!
2024-03-12 15:28:56,641:INFO:Inc_Learning:507: Estimated remaining time: 6 minutes and 38 seconds
2024-03-12 15:28:56,641:INFO:Inc_Learning:584: The incremental learning phase for task 7 is started ...
2024-03-12 15:28:56,641:INFO:Inc_Learning:272: Prefixes are copied from task 6.
2024-03-12 15:28:56,642:INFO:Inc_Learning:222: The PredictionNet is copied from the previous task.
2024-03-12 15:28:56,726:INFO:Inc_Learning:143: The session file "data/index_list/mini_imagenet/num_base_classes=60,num_tasks=9,num_shots=5,seed=1/train_samples_for_task=8.txt" is loaded!
2024-03-12 15:28:56,755:INFO:Inc_Learning:143: The session file "data/index_list/mini_imagenet/num_base_classes=60,num_tasks=9,num_shots=5,seed=1/test_samples_for_task=8.txt" is loaded!
2024-03-12 15:28:57,821:INFO:Inc_Learning:174: Epoch: 1/15
2024-03-12 15:28:58,768:INFO:Inc_Learning:215: Epoch 1/15 Train Accuracy:  88.00%
2024-03-12 15:28:58,768:INFO:Inc_Learning:216: Epoch 1/15 Average Loss: 0.1894858181476593 / MA Loss: 0.1894858181476593
2024-03-12 15:28:58,769:INFO:Inc_Learning:174: Epoch: 2/15
2024-03-12 15:28:59,660:INFO:Inc_Learning:215: Epoch 2/15 Train Accuracy:  88.00%
2024-03-12 15:28:59,661:INFO:Inc_Learning:216: Epoch 2/15 Average Loss: 0.22418330609798431 / MA Loss: 0.2068345621228218
2024-03-12 15:28:59,661:INFO:Inc_Learning:174: Epoch: 3/15
2024-03-12 15:29:00,645:INFO:Inc_Learning:215: Epoch 3/15 Train Accuracy:  92.00%
2024-03-12 15:29:00,645:INFO:Inc_Learning:216: Epoch 3/15 Average Loss: 0.17520129680633545 / MA Loss: 0.1962901403506597
2024-03-12 15:29:00,645:INFO:Inc_Learning:174: Epoch: 4/15
2024-03-12 15:29:01,596:INFO:Inc_Learning:215: Epoch 4/15 Train Accuracy:  96.00%
2024-03-12 15:29:01,597:INFO:Inc_Learning:216: Epoch 4/15 Average Loss: 0.2322312891483307 / MA Loss: 0.20527542755007744
2024-03-12 15:29:01,597:INFO:Inc_Learning:174: Epoch: 5/15
2024-03-12 15:29:02,520:INFO:Inc_Learning:215: Epoch 5/15 Train Accuracy:  96.00%
2024-03-12 15:29:02,520:INFO:Inc_Learning:216: Epoch 5/15 Average Loss: 0.13735519349575043 / MA Loss: 0.19169138073921205
2024-03-12 15:29:02,520:INFO:Inc_Learning:174: Epoch: 6/15
2024-03-12 15:29:03,454:INFO:Inc_Learning:215: Epoch 6/15 Train Accuracy:  92.00%
2024-03-12 15:29:03,454:INFO:Inc_Learning:216: Epoch 6/15 Average Loss: 0.18219482898712158 / MA Loss: 0.19010862211386362
2024-03-12 15:29:03,455:INFO:Inc_Learning:174: Epoch: 7/15
2024-03-12 15:29:04,432:INFO:Inc_Learning:215: Epoch 7/15 Train Accuracy:  96.00%
2024-03-12 15:29:04,433:INFO:Inc_Learning:216: Epoch 7/15 Average Loss: 0.1282089650630951 / MA Loss: 0.18126581396375382
2024-03-12 15:29:04,433:INFO:Inc_Learning:174: Epoch: 8/15
2024-03-12 15:29:05,491:INFO:Inc_Learning:215: Epoch 8/15 Train Accuracy:  92.00%
2024-03-12 15:29:05,491:INFO:Inc_Learning:216: Epoch 8/15 Average Loss: 0.1314699500799179 / MA Loss: 0.17504133097827435
2024-03-12 15:29:05,491:INFO:Inc_Learning:174: Epoch: 9/15
2024-03-12 15:29:06,466:INFO:Inc_Learning:215: Epoch 9/15 Train Accuracy:  96.00%
2024-03-12 15:29:06,466:INFO:Inc_Learning:216: Epoch 9/15 Average Loss: 0.16453291475772858 / MA Loss: 0.17387372917599148
2024-03-12 15:29:06,466:INFO:Inc_Learning:174: Epoch: 10/15
2024-03-12 15:29:07,509:INFO:Inc_Learning:215: Epoch 10/15 Train Accuracy:  84.00%
2024-03-12 15:29:07,510:INFO:Inc_Learning:216: Epoch 10/15 Average Loss: 0.293202668428421 / MA Loss: 0.18580662310123444
2024-03-12 15:29:07,510:INFO:Inc_Learning:174: Epoch: 11/15
2024-03-12 15:29:08,505:INFO:Inc_Learning:215: Epoch 11/15 Train Accuracy:  96.00%
2024-03-12 15:29:08,505:INFO:Inc_Learning:216: Epoch 11/15 Average Loss: 0.1787836253643036 / MA Loss: 0.18473640382289885
2024-03-12 15:29:08,506:INFO:Inc_Learning:174: Epoch: 12/15
2024-03-12 15:29:09,523:INFO:Inc_Learning:215: Epoch 12/15 Train Accuracy:  96.00%
2024-03-12 15:29:09,523:INFO:Inc_Learning:216: Epoch 12/15 Average Loss: 0.28768378496170044 / MA Loss: 0.19108645170927047
2024-03-12 15:29:09,524:INFO:Inc_Learning:174: Epoch: 13/15
2024-03-12 15:29:10,320:INFO:Inc_Learning:215: Epoch 13/15 Train Accuracy:  96.00%
2024-03-12 15:29:10,320:INFO:Inc_Learning:216: Epoch 13/15 Average Loss: 0.2894381880760193 / MA Loss: 0.20251014083623886
2024-03-12 15:29:10,321:INFO:Inc_Learning:174: Epoch: 14/15
2024-03-12 15:29:11,288:INFO:Inc_Learning:215: Epoch 14/15 Train Accuracy:  100.00%
2024-03-12 15:29:11,288:INFO:Inc_Learning:216: Epoch 14/15 Average Loss: 0.095337875187397 / MA Loss: 0.1888207994401455
2024-03-12 15:29:11,288:INFO:Inc_Learning:174: Epoch: 15/15
2024-03-12 15:29:12,166:INFO:Inc_Learning:215: Epoch 15/15 Train Accuracy:  92.00%
2024-03-12 15:29:12,167:INFO:Inc_Learning:216: Epoch 15/15 Average Loss: 0.18597003817558289 / MA Loss: 0.19368228390812875
2024-03-12 15:29:12,191:INFO:Inc_Learning:504: Statistics for task identification ...
2024-03-12 15:29:13,158:INFO:Inc_Learning:223: The pseudo-labeling phase is started ...
2024-03-12 15:31:14,551:INFO:Inc_Learning:297: The training of the PredictionNet is started.
2024-03-12 15:31:14,751:INFO:Inc_Learning:390: Epoch: 000/300, MA loss: 13.413434982299805
2024-03-12 15:31:14,763:INFO:Inc_Learning:390: Epoch: 010/300, MA loss: 7.263300288807262
2024-03-12 15:31:14,774:INFO:Inc_Learning:390: Epoch: 020/300, MA loss: 4.227688020467758
2024-03-12 15:31:14,785:INFO:Inc_Learning:390: Epoch: 030/300, MA loss: 1.2307293087244033
2024-03-12 15:31:14,797:INFO:Inc_Learning:390: Epoch: 040/300, MA loss: 0.46424905210733414
2024-03-12 15:31:14,808:INFO:Inc_Learning:390: Epoch: 050/300, MA loss: 0.19783779419958591
2024-03-12 15:31:14,819:INFO:Inc_Learning:390: Epoch: 060/300, MA loss: 0.0897291611880064
2024-03-12 15:31:14,830:INFO:Inc_Learning:390: Epoch: 070/300, MA loss: 0.04380911802873015
2024-03-12 15:31:14,842:INFO:Inc_Learning:390: Epoch: 080/300, MA loss: 0.0226290887221694
2024-03-12 15:31:14,853:INFO:Inc_Learning:390: Epoch: 090/300, MA loss: 0.011992167006246746
2024-03-12 15:31:14,864:INFO:Inc_Learning:390: Epoch: 100/300, MA loss: 0.006575791165232658
2024-03-12 15:31:14,875:INFO:Inc_Learning:390: Epoch: 110/300, MA loss: 0.0037205789005383847
2024-03-12 15:31:14,887:INFO:Inc_Learning:390: Epoch: 120/300, MA loss: 0.0021890145377255975
2024-03-12 15:31:14,898:INFO:Inc_Learning:390: Epoch: 130/300, MA loss: 0.0013576429104432465
2024-03-12 15:31:14,909:INFO:Inc_Learning:390: Epoch: 140/300, MA loss: 0.0008866719173965976
2024-03-12 15:31:14,920:INFO:Inc_Learning:390: Epoch: 150/300, MA loss: 0.0006067665090085939
2024-03-12 15:31:14,931:INFO:Inc_Learning:390: Epoch: 160/300, MA loss: 0.00043013209506170824
2024-03-12 15:31:14,942:INFO:Inc_Learning:390: Epoch: 170/300, MA loss: 0.000312230565759819
2024-03-12 15:31:14,954:INFO:Inc_Learning:390: Epoch: 180/300, MA loss: 0.00022973538289079444
2024-03-12 15:31:14,965:INFO:Inc_Learning:390: Epoch: 190/300, MA loss: 0.00017004698602249846
2024-03-12 15:31:14,976:INFO:Inc_Learning:390: Epoch: 200/300, MA loss: 0.00012605104238900823
2024-03-12 15:31:14,987:INFO:Inc_Learning:390: Epoch: 210/300, MA loss: 9.33281728066504e-05
2024-03-12 15:31:14,999:INFO:Inc_Learning:390: Epoch: 220/300, MA loss: 6.891046195960371e-05
2024-03-12 15:31:15,010:INFO:Inc_Learning:390: Epoch: 230/300, MA loss: 5.070301722298609e-05
2024-03-12 15:31:15,021:INFO:Inc_Learning:390: Epoch: 240/300, MA loss: 3.716327310030465e-05
2024-03-12 15:31:15,032:INFO:Inc_Learning:390: Epoch: 250/300, MA loss: 2.7133312596561154e-05
2024-03-12 15:31:15,043:INFO:Inc_Learning:390: Epoch: 260/300, MA loss: 1.973374851331755e-05
2024-03-12 15:31:15,055:INFO:Inc_Learning:390: Epoch: 270/300, MA loss: 1.4295941446107463e-05
2024-03-12 15:31:15,066:INFO:Inc_Learning:390: Epoch: 280/300, MA loss: 1.0316411930944014e-05
2024-03-12 15:31:15,077:INFO:Inc_Learning:390: Epoch: 290/300, MA loss: 7.416116613967461e-06
2024-03-12 15:31:15,087:INFO:Inc_Learning:390: Epoch: 299/300, MA loss: 5.4923225661696055e-06
2024-03-12 15:31:15,088:INFO:Inc_Learning:504: Statistics for task identification ...
2024-03-12 15:31:15,327:INFO:Inc_Learning:420: Evaluating the test set after task 7 ...
2024-03-12 15:33:33,324:INFO:Inc_Learning:472: Evaluation Accuracy (oracle) after task 7:  77.67%
2024-03-12 15:33:33,325:INFO:Inc_Learning:483: Evaluation Accuracy after task 7:  56.02%
2024-03-12 15:33:33,325:INFO:Inc_Learning:484: Accuracy of task-id detection after task 7:  67.56%
2024-03-12 15:33:33,325:INFO:Inc_Learning:490: Accuracy (Oracle) for task 0 =  80.57%
2024-03-12 15:33:33,325:INFO:Inc_Learning:494: Accuracy of task 0 =  76.28%
2024-03-12 15:33:33,326:INFO:Inc_Learning:490: Accuracy (Oracle) for task 1 =  58.80%
2024-03-12 15:33:33,326:INFO:Inc_Learning:494: Accuracy of task 1 =  4.60%
2024-03-12 15:33:33,326:INFO:Inc_Learning:490: Accuracy (Oracle) for task 2 =  73.20%
2024-03-12 15:33:33,326:INFO:Inc_Learning:494: Accuracy of task 2 =  14.60%
2024-03-12 15:33:33,327:INFO:Inc_Learning:490: Accuracy (Oracle) for task 3 =  76.40%
2024-03-12 15:33:33,327:INFO:Inc_Learning:494: Accuracy of task 3 =  27.80%
2024-03-12 15:33:33,327:INFO:Inc_Learning:490: Accuracy (Oracle) for task 4 =  76.80%
2024-03-12 15:33:33,327:INFO:Inc_Learning:494: Accuracy of task 4 =  37.40%
2024-03-12 15:33:33,327:INFO:Inc_Learning:490: Accuracy (Oracle) for task 5 =  77.40%
2024-03-12 15:33:33,328:INFO:Inc_Learning:494: Accuracy of task 5 =  19.60%
2024-03-12 15:33:33,328:INFO:Inc_Learning:490: Accuracy (Oracle) for task 6 =  74.00%
2024-03-12 15:33:33,328:INFO:Inc_Learning:494: Accuracy of task 6 =  14.00%
2024-03-12 15:33:33,328:INFO:Inc_Learning:490: Accuracy (Oracle) for task 7 =  72.40%
2024-03-12 15:33:33,328:INFO:Inc_Learning:494: Accuracy of task 7 =  31.00%
2024-03-12 15:33:33,340:INFO:Inc_Learning:595: The incremental learning phase for task 7 is finished!
2024-03-12 15:33:33,340:INFO:Inc_Learning:507: Estimated remaining time: 3 minutes and 27 seconds
2024-03-12 15:33:33,340:INFO:Inc_Learning:584: The incremental learning phase for task 8 is started ...
2024-03-12 15:33:33,341:INFO:Inc_Learning:272: Prefixes are copied from task 7.
2024-03-12 15:33:33,341:INFO:Inc_Learning:222: The PredictionNet is copied from the previous task.
2024-03-12 15:33:33,427:INFO:Inc_Learning:143: The session file "data/index_list/mini_imagenet/num_base_classes=60,num_tasks=9,num_shots=5,seed=1/train_samples_for_task=9.txt" is loaded!
2024-03-12 15:33:33,457:INFO:Inc_Learning:143: The session file "data/index_list/mini_imagenet/num_base_classes=60,num_tasks=9,num_shots=5,seed=1/test_samples_for_task=9.txt" is loaded!
2024-03-12 15:33:34,501:INFO:Inc_Learning:174: Epoch: 1/15
2024-03-12 15:33:35,526:INFO:Inc_Learning:215: Epoch 1/15 Train Accuracy:  80.00%
2024-03-12 15:33:35,526:INFO:Inc_Learning:216: Epoch 1/15 Average Loss: 0.4611614942550659 / MA Loss: 0.4611614942550659
2024-03-12 15:33:35,526:INFO:Inc_Learning:174: Epoch: 2/15
2024-03-12 15:33:36,559:INFO:Inc_Learning:215: Epoch 2/15 Train Accuracy:  88.00%
2024-03-12 15:33:36,559:INFO:Inc_Learning:216: Epoch 2/15 Average Loss: 0.30252957344055176 / MA Loss: 0.38184553384780884
2024-03-12 15:33:36,560:INFO:Inc_Learning:174: Epoch: 3/15
2024-03-12 15:33:37,536:INFO:Inc_Learning:215: Epoch 3/15 Train Accuracy:  92.00%
2024-03-12 15:33:37,537:INFO:Inc_Learning:216: Epoch 3/15 Average Loss: 0.21758536994457245 / MA Loss: 0.32709214588006336
2024-03-12 15:33:37,537:INFO:Inc_Learning:174: Epoch: 4/15
2024-03-12 15:33:38,551:INFO:Inc_Learning:215: Epoch 4/15 Train Accuracy:  92.00%
2024-03-12 15:33:38,551:INFO:Inc_Learning:216: Epoch 4/15 Average Loss: 0.33970460295677185 / MA Loss: 0.3302452601492405
2024-03-12 15:33:38,551:INFO:Inc_Learning:174: Epoch: 5/15
2024-03-12 15:33:39,510:INFO:Inc_Learning:215: Epoch 5/15 Train Accuracy:  88.00%
2024-03-12 15:33:39,511:INFO:Inc_Learning:216: Epoch 5/15 Average Loss: 0.5142225027084351 / MA Loss: 0.3670407086610794
2024-03-12 15:33:39,511:INFO:Inc_Learning:174: Epoch: 6/15
2024-03-12 15:33:40,450:INFO:Inc_Learning:215: Epoch 6/15 Train Accuracy:  92.00%
2024-03-12 15:33:40,450:INFO:Inc_Learning:216: Epoch 6/15 Average Loss: 0.32056647539138794 / MA Loss: 0.35929500311613083
2024-03-12 15:33:40,451:INFO:Inc_Learning:174: Epoch: 7/15
2024-03-12 15:33:41,382:INFO:Inc_Learning:215: Epoch 7/15 Train Accuracy:  92.00%
2024-03-12 15:33:41,382:INFO:Inc_Learning:216: Epoch 7/15 Average Loss: 0.23315301537513733 / MA Loss: 0.34127471915313173
2024-03-12 15:33:41,383:INFO:Inc_Learning:174: Epoch: 8/15
2024-03-12 15:33:42,338:INFO:Inc_Learning:215: Epoch 8/15 Train Accuracy:  88.00%
2024-03-12 15:33:42,338:INFO:Inc_Learning:216: Epoch 8/15 Average Loss: 0.359536737203598 / MA Loss: 0.34355747140944004
2024-03-12 15:33:42,338:INFO:Inc_Learning:174: Epoch: 9/15
2024-03-12 15:33:43,308:INFO:Inc_Learning:215: Epoch 9/15 Train Accuracy:  92.00%
2024-03-12 15:33:43,308:INFO:Inc_Learning:216: Epoch 9/15 Average Loss: 0.25283366441726685 / MA Loss: 0.3334770484103097
2024-03-12 15:33:43,309:INFO:Inc_Learning:174: Epoch: 10/15
2024-03-12 15:33:44,361:INFO:Inc_Learning:215: Epoch 10/15 Train Accuracy:  84.00%
2024-03-12 15:33:44,362:INFO:Inc_Learning:216: Epoch 10/15 Average Loss: 0.4577379524707794 / MA Loss: 0.34590313881635665
2024-03-12 15:33:44,362:INFO:Inc_Learning:174: Epoch: 11/15
2024-03-12 15:33:45,286:INFO:Inc_Learning:215: Epoch 11/15 Train Accuracy:  96.00%
2024-03-12 15:33:45,287:INFO:Inc_Learning:216: Epoch 11/15 Average Loss: 0.15471546351909637 / MA Loss: 0.3152585357427597
2024-03-12 15:33:45,287:INFO:Inc_Learning:174: Epoch: 12/15
2024-03-12 15:33:46,301:INFO:Inc_Learning:215: Epoch 12/15 Train Accuracy:  88.00%
2024-03-12 15:33:46,302:INFO:Inc_Learning:216: Epoch 12/15 Average Loss: 0.2905219495296478 / MA Loss: 0.3140577733516693
2024-03-12 15:33:46,302:INFO:Inc_Learning:174: Epoch: 13/15
2024-03-12 15:33:47,281:INFO:Inc_Learning:215: Epoch 13/15 Train Accuracy:  92.00%
2024-03-12 15:33:47,281:INFO:Inc_Learning:216: Epoch 13/15 Average Loss: 0.2452109456062317 / MA Loss: 0.31682033091783524
2024-03-12 15:33:47,281:INFO:Inc_Learning:174: Epoch: 14/15
2024-03-12 15:33:48,323:INFO:Inc_Learning:215: Epoch 14/15 Train Accuracy:  84.00%
2024-03-12 15:33:48,324:INFO:Inc_Learning:216: Epoch 14/15 Average Loss: 0.27830544114112854 / MA Loss: 0.3106804147362709
2024-03-12 15:33:48,324:INFO:Inc_Learning:174: Epoch: 15/15
2024-03-12 15:33:49,364:INFO:Inc_Learning:215: Epoch 15/15 Train Accuracy:  96.00%
2024-03-12 15:33:49,365:INFO:Inc_Learning:216: Epoch 15/15 Average Loss: 0.2203388810157776 / MA Loss: 0.2812920525670052
2024-03-12 15:33:49,399:INFO:Inc_Learning:504: Statistics for task identification ...
2024-03-12 15:33:50,339:INFO:Inc_Learning:223: The pseudo-labeling phase is started ...
2024-03-12 15:36:11,752:INFO:Inc_Learning:297: The training of the PredictionNet is started.
2024-03-12 15:36:12,024:INFO:Inc_Learning:390: Epoch: 000/300, MA loss: 0.28604477643966675
2024-03-12 15:36:12,034:INFO:Inc_Learning:390: Epoch: 010/300, MA loss: 0.19353024593808435
2024-03-12 15:36:12,046:INFO:Inc_Learning:390: Epoch: 020/300, MA loss: 0.13277518320828677
2024-03-12 15:36:12,057:INFO:Inc_Learning:390: Epoch: 030/300, MA loss: 0.061288968473672864
2024-03-12 15:36:12,068:INFO:Inc_Learning:390: Epoch: 040/300, MA loss: 0.032259706407785416
2024-03-12 15:36:12,079:INFO:Inc_Learning:390: Epoch: 050/300, MA loss: 0.01832780078984797
2024-03-12 15:36:12,091:INFO:Inc_Learning:390: Epoch: 060/300, MA loss: 0.01067552852910012
2024-03-12 15:36:12,102:INFO:Inc_Learning:390: Epoch: 070/300, MA loss: 0.006281072786077857
2024-03-12 15:36:12,113:INFO:Inc_Learning:390: Epoch: 080/300, MA loss: 0.0036850013537332417
2024-03-12 15:36:12,125:INFO:Inc_Learning:390: Epoch: 090/300, MA loss: 0.00214382036938332
2024-03-12 15:36:12,136:INFO:Inc_Learning:390: Epoch: 100/300, MA loss: 0.0012347937474260107
2024-03-12 15:36:12,147:INFO:Inc_Learning:390: Epoch: 110/300, MA loss: 0.0007052059794659726
2024-03-12 15:36:12,158:INFO:Inc_Learning:390: Epoch: 120/300, MA loss: 0.0004028814313642215
2024-03-12 15:36:12,170:INFO:Inc_Learning:390: Epoch: 130/300, MA loss: 0.0002321090032637585
2024-03-12 15:36:12,181:INFO:Inc_Learning:390: Epoch: 140/300, MA loss: 0.00013562844251282513
2024-03-12 15:36:12,192:INFO:Inc_Learning:390: Epoch: 150/300, MA loss: 8.05789410151192e-05
2024-03-12 15:36:12,204:INFO:Inc_Learning:390: Epoch: 160/300, MA loss: 4.861614834226202e-05
2024-03-12 15:36:12,215:INFO:Inc_Learning:390: Epoch: 170/300, MA loss: 2.96750888992392e-05
2024-03-12 15:36:12,226:INFO:Inc_Learning:390: Epoch: 180/300, MA loss: 1.825765712055727e-05
2024-03-12 15:36:12,237:INFO:Inc_Learning:390: Epoch: 190/300, MA loss: 1.1276430541329319e-05
2024-03-12 15:36:12,249:INFO:Inc_Learning:390: Epoch: 200/300, MA loss: 6.963834493944887e-06
2024-03-12 15:36:12,260:INFO:Inc_Learning:390: Epoch: 210/300, MA loss: 4.286730154490215e-06
2024-03-12 15:36:12,271:INFO:Inc_Learning:390: Epoch: 220/300, MA loss: 2.623810178192798e-06
2024-03-12 15:36:12,282:INFO:Inc_Learning:390: Epoch: 230/300, MA loss: 1.5941110376616052e-06
2024-03-12 15:36:12,294:INFO:Inc_Learning:390: Epoch: 240/300, MA loss: 9.601670825531982e-07
2024-03-12 15:36:12,305:INFO:Inc_Learning:390: Epoch: 250/300, MA loss: 5.72547715194105e-07
2024-03-12 15:36:12,316:INFO:Inc_Learning:390: Epoch: 260/300, MA loss: 3.3755861110762454e-07
2024-03-12 15:36:12,328:INFO:Inc_Learning:390: Epoch: 270/300, MA loss: 1.9656784360222447e-07
2024-03-12 15:36:12,339:INFO:Inc_Learning:390: Epoch: 280/300, MA loss: 1.1296563364737722e-07
2024-03-12 15:36:12,350:INFO:Inc_Learning:390: Epoch: 290/300, MA loss: 6.402207333167099e-08
2024-03-12 15:36:12,360:INFO:Inc_Learning:390: Epoch: 299/300, MA loss: 3.792943994440634e-08
2024-03-12 15:36:12,361:INFO:Inc_Learning:504: Statistics for task identification ...
2024-03-12 15:36:12,677:INFO:Inc_Learning:420: Evaluating the test set after task 8 ...
2024-03-12 15:38:51,979:INFO:Inc_Learning:472: Evaluation Accuracy (oracle) after task 8:  77.37%
2024-03-12 15:38:51,980:INFO:Inc_Learning:483: Evaluation Accuracy after task 8:  54.63%
2024-03-12 15:38:51,980:INFO:Inc_Learning:484: Accuracy of task-id detection after task 8:  65.69%
2024-03-12 15:38:51,980:INFO:Inc_Learning:490: Accuracy (Oracle) for task 0 =  80.50%
2024-03-12 15:38:51,980:INFO:Inc_Learning:494: Accuracy of task 0 =  75.10%
2024-03-12 15:38:51,981:INFO:Inc_Learning:490: Accuracy (Oracle) for task 1 =  58.40%
2024-03-12 15:38:51,981:INFO:Inc_Learning:494: Accuracy of task 1 =  4.00%
2024-03-12 15:38:51,981:INFO:Inc_Learning:490: Accuracy (Oracle) for task 2 =  74.00%
2024-03-12 15:38:51,981:INFO:Inc_Learning:494: Accuracy of task 2 =  11.40%
2024-03-12 15:38:51,982:INFO:Inc_Learning:490: Accuracy (Oracle) for task 3 =  76.20%
2024-03-12 15:38:51,982:INFO:Inc_Learning:494: Accuracy of task 3 =  28.20%
2024-03-12 15:38:51,982:INFO:Inc_Learning:490: Accuracy (Oracle) for task 4 =  77.40%
2024-03-12 15:38:51,982:INFO:Inc_Learning:494: Accuracy of task 4 =  33.20%
2024-03-12 15:38:51,982:INFO:Inc_Learning:490: Accuracy (Oracle) for task 5 =  76.60%
2024-03-12 15:38:51,982:INFO:Inc_Learning:494: Accuracy of task 5 =  21.40%
2024-03-12 15:38:51,983:INFO:Inc_Learning:490: Accuracy (Oracle) for task 6 =  73.80%
2024-03-12 15:38:51,983:INFO:Inc_Learning:494: Accuracy of task 6 =  15.40%
2024-03-12 15:38:51,983:INFO:Inc_Learning:490: Accuracy (Oracle) for task 7 =  72.60%
2024-03-12 15:38:51,983:INFO:Inc_Learning:494: Accuracy of task 7 =  30.80%
2024-03-12 15:38:51,983:INFO:Inc_Learning:490: Accuracy (Oracle) for task 8 =  72.40%
2024-03-12 15:38:51,984:INFO:Inc_Learning:494: Accuracy of task 8 =  47.00%
2024-03-12 15:38:51,995:INFO:Inc_Learning:595: The incremental learning phase for task 8 is finished!
2024-03-12 15:38:51,996:INFO:Inc_Learning:507: Estimated remaining time: 0 seconds
2024-03-12 15:38:51,996:INFO:Inc_Learning:602: Final accuracies after each incremental task:
2024-03-12 15:38:51,998:INFO:Inc_Learning:610: Task 0: 80.57
2024-03-12 15:38:51,998:INFO:Inc_Learning:610: Task 1: 74.71
2024-03-12 15:38:51,998:INFO:Inc_Learning:610: Task 2: 69.84
2024-03-12 15:38:51,998:INFO:Inc_Learning:610: Task 3: 66.95
2024-03-12 15:38:51,998:INFO:Inc_Learning:610: Task 4: 64.33
2024-03-12 15:38:51,999:INFO:Inc_Learning:610: Task 5: 61.09
2024-03-12 15:38:51,999:INFO:Inc_Learning:610: Task 6: 58.12
2024-03-12 15:38:51,999:INFO:Inc_Learning:610: Task 7: 56.02
2024-03-12 15:38:51,999:INFO:Inc_Learning:610: Task 8: 54.63
2024-03-12 15:38:51,999:INFO:Inc_Learning:612: The incremental learning phase is finished!
2024-03-12 15:38:51,999:INFO:Inc_Learning:613: The whole process took 36 minutes and 29 seconds
